ARM GAS  C:\Users\Sam\AppData\Local\Temp\ccvA4cr3.s 			page 1


   1              		.cpu cortex-m0
   2              		.fpu softvfp
   3              		.eabi_attribute 20, 1
   4              		.eabi_attribute 21, 1
   5              		.eabi_attribute 23, 3
   6              		.eabi_attribute 24, 1
   7              		.eabi_attribute 25, 1
   8              		.eabi_attribute 26, 1
   9              		.eabi_attribute 30, 6
  10              		.eabi_attribute 34, 0
  11              		.eabi_attribute 18, 4
  12              		.code	16
  13              		.file	"I2C_MPU6050_I2C.c"
  14              		.text
  15              	.Ltext0:
  16              		.cfi_sections	.debug_frame
  17              		.comm	I2C_MPU6050_state,1,1
  18              		.section	.text.I2C_MPU6050_I2CInit,"ax",%progbits
  19              		.align	2
  20              		.global	I2C_MPU6050_I2CInit
  21              		.code	16
  22              		.thumb_func
  23              		.type	I2C_MPU6050_I2CInit, %function
  24              	I2C_MPU6050_I2CInit:
  25              	.LFB0:
  26              		.file 1 ".\\Generated_Source\\PSoC4\\I2C_MPU6050_I2C.c"
   1:.\Generated_Source\PSoC4/I2C_MPU6050_I2C.c **** /*******************************************************************************
   2:.\Generated_Source\PSoC4/I2C_MPU6050_I2C.c **** * File Name: I2C_MPU6050_I2C.c
   3:.\Generated_Source\PSoC4/I2C_MPU6050_I2C.c **** * Version 1.20
   4:.\Generated_Source\PSoC4/I2C_MPU6050_I2C.c **** *
   5:.\Generated_Source\PSoC4/I2C_MPU6050_I2C.c **** * Description:
   6:.\Generated_Source\PSoC4/I2C_MPU6050_I2C.c **** *  This file provides the source code to the API for the SCB Component in
   7:.\Generated_Source\PSoC4/I2C_MPU6050_I2C.c **** *  I2C mode.
   8:.\Generated_Source\PSoC4/I2C_MPU6050_I2C.c **** *
   9:.\Generated_Source\PSoC4/I2C_MPU6050_I2C.c **** * Note:
  10:.\Generated_Source\PSoC4/I2C_MPU6050_I2C.c **** *
  11:.\Generated_Source\PSoC4/I2C_MPU6050_I2C.c **** *******************************************************************************
  12:.\Generated_Source\PSoC4/I2C_MPU6050_I2C.c **** * Copyright 2013-2014, Cypress Semiconductor Corporation.  All rights reserved.
  13:.\Generated_Source\PSoC4/I2C_MPU6050_I2C.c **** * You may use this file only in accordance with the license, terms, conditions,
  14:.\Generated_Source\PSoC4/I2C_MPU6050_I2C.c **** * disclaimers, and limitations in the end user license agreement accompanying
  15:.\Generated_Source\PSoC4/I2C_MPU6050_I2C.c **** * the software package with which this file was provided.
  16:.\Generated_Source\PSoC4/I2C_MPU6050_I2C.c **** *******************************************************************************/
  17:.\Generated_Source\PSoC4/I2C_MPU6050_I2C.c **** 
  18:.\Generated_Source\PSoC4/I2C_MPU6050_I2C.c **** #include "I2C_MPU6050_PVT.h"
  19:.\Generated_Source\PSoC4/I2C_MPU6050_I2C.c **** #include "I2C_MPU6050_I2C_PVT.h"
  20:.\Generated_Source\PSoC4/I2C_MPU6050_I2C.c **** 
  21:.\Generated_Source\PSoC4/I2C_MPU6050_I2C.c **** 
  22:.\Generated_Source\PSoC4/I2C_MPU6050_I2C.c **** /***************************************
  23:.\Generated_Source\PSoC4/I2C_MPU6050_I2C.c **** *      I2C Private Vars
  24:.\Generated_Source\PSoC4/I2C_MPU6050_I2C.c **** ***************************************/
  25:.\Generated_Source\PSoC4/I2C_MPU6050_I2C.c **** 
  26:.\Generated_Source\PSoC4/I2C_MPU6050_I2C.c **** volatile uint8 I2C_MPU6050_state;  /* Current state of I2C FSM */
  27:.\Generated_Source\PSoC4/I2C_MPU6050_I2C.c **** 
  28:.\Generated_Source\PSoC4/I2C_MPU6050_I2C.c **** 
  29:.\Generated_Source\PSoC4/I2C_MPU6050_I2C.c **** #if(I2C_MPU6050_SCB_MODE_UNCONFIG_CONST_CFG)
  30:.\Generated_Source\PSoC4/I2C_MPU6050_I2C.c **** 
  31:.\Generated_Source\PSoC4/I2C_MPU6050_I2C.c ****     /***************************************
ARM GAS  C:\Users\Sam\AppData\Local\Temp\ccvA4cr3.s 			page 2


  32:.\Generated_Source\PSoC4/I2C_MPU6050_I2C.c ****     *  Config Structure Initialization
  33:.\Generated_Source\PSoC4/I2C_MPU6050_I2C.c ****     ***************************************/
  34:.\Generated_Source\PSoC4/I2C_MPU6050_I2C.c **** 
  35:.\Generated_Source\PSoC4/I2C_MPU6050_I2C.c ****     /* Constant configuration of I2C */
  36:.\Generated_Source\PSoC4/I2C_MPU6050_I2C.c ****     const I2C_MPU6050_I2C_INIT_STRUCT I2C_MPU6050_configI2C =
  37:.\Generated_Source\PSoC4/I2C_MPU6050_I2C.c ****     {
  38:.\Generated_Source\PSoC4/I2C_MPU6050_I2C.c ****         I2C_MPU6050_I2C_MODE,
  39:.\Generated_Source\PSoC4/I2C_MPU6050_I2C.c ****         I2C_MPU6050_I2C_OVS_FACTOR_LOW,
  40:.\Generated_Source\PSoC4/I2C_MPU6050_I2C.c ****         I2C_MPU6050_I2C_OVS_FACTOR_HIGH,
  41:.\Generated_Source\PSoC4/I2C_MPU6050_I2C.c ****         I2C_MPU6050_I2C_MEDIAN_FILTER_ENABLE,
  42:.\Generated_Source\PSoC4/I2C_MPU6050_I2C.c ****         I2C_MPU6050_I2C_SLAVE_ADDRESS,
  43:.\Generated_Source\PSoC4/I2C_MPU6050_I2C.c ****         I2C_MPU6050_I2C_SLAVE_ADDRESS_MASK,
  44:.\Generated_Source\PSoC4/I2C_MPU6050_I2C.c ****         I2C_MPU6050_I2C_ACCEPT_ADDRESS,
  45:.\Generated_Source\PSoC4/I2C_MPU6050_I2C.c ****         I2C_MPU6050_I2C_WAKE_ENABLE
  46:.\Generated_Source\PSoC4/I2C_MPU6050_I2C.c ****     };
  47:.\Generated_Source\PSoC4/I2C_MPU6050_I2C.c **** 
  48:.\Generated_Source\PSoC4/I2C_MPU6050_I2C.c ****     /*******************************************************************************
  49:.\Generated_Source\PSoC4/I2C_MPU6050_I2C.c ****     * Function Name: I2C_MPU6050_I2CInit
  50:.\Generated_Source\PSoC4/I2C_MPU6050_I2C.c ****     ********************************************************************************
  51:.\Generated_Source\PSoC4/I2C_MPU6050_I2C.c ****     *
  52:.\Generated_Source\PSoC4/I2C_MPU6050_I2C.c ****     * Summary:
  53:.\Generated_Source\PSoC4/I2C_MPU6050_I2C.c ****     *  Configures the SCB for I2C operation.
  54:.\Generated_Source\PSoC4/I2C_MPU6050_I2C.c ****     *
  55:.\Generated_Source\PSoC4/I2C_MPU6050_I2C.c ****     * Parameters:
  56:.\Generated_Source\PSoC4/I2C_MPU6050_I2C.c ****     *  config:  Pointer to a structure that contains the following ordered list of
  57:.\Generated_Source\PSoC4/I2C_MPU6050_I2C.c ****     *           fields. These fields match the selections available in the
  58:.\Generated_Source\PSoC4/I2C_MPU6050_I2C.c ****     *           customizer.
  59:.\Generated_Source\PSoC4/I2C_MPU6050_I2C.c ****     *
  60:.\Generated_Source\PSoC4/I2C_MPU6050_I2C.c ****     * Return:
  61:.\Generated_Source\PSoC4/I2C_MPU6050_I2C.c ****     *  None
  62:.\Generated_Source\PSoC4/I2C_MPU6050_I2C.c ****     *
  63:.\Generated_Source\PSoC4/I2C_MPU6050_I2C.c ****     *******************************************************************************/
  64:.\Generated_Source\PSoC4/I2C_MPU6050_I2C.c ****     void I2C_MPU6050_I2CInit(const I2C_MPU6050_I2C_INIT_STRUCT *config)
  65:.\Generated_Source\PSoC4/I2C_MPU6050_I2C.c ****     {
  66:.\Generated_Source\PSoC4/I2C_MPU6050_I2C.c ****         if(NULL == config)
  67:.\Generated_Source\PSoC4/I2C_MPU6050_I2C.c ****         {
  68:.\Generated_Source\PSoC4/I2C_MPU6050_I2C.c ****             CYASSERT(0u != 0u); /* Halt execution due bad function parameter */
  69:.\Generated_Source\PSoC4/I2C_MPU6050_I2C.c ****         }
  70:.\Generated_Source\PSoC4/I2C_MPU6050_I2C.c ****         else
  71:.\Generated_Source\PSoC4/I2C_MPU6050_I2C.c ****         {
  72:.\Generated_Source\PSoC4/I2C_MPU6050_I2C.c ****             /* Configure pins */
  73:.\Generated_Source\PSoC4/I2C_MPU6050_I2C.c ****             I2C_MPU6050_SetPins(I2C_MPU6050_SCB_MODE_I2C, I2C_MPU6050_DUMMY_PARAM,
  74:.\Generated_Source\PSoC4/I2C_MPU6050_I2C.c ****                                                                     I2C_MPU6050_DUMMY_PARAM);
  75:.\Generated_Source\PSoC4/I2C_MPU6050_I2C.c **** 
  76:.\Generated_Source\PSoC4/I2C_MPU6050_I2C.c ****             /* Store internal configuration */
  77:.\Generated_Source\PSoC4/I2C_MPU6050_I2C.c ****             I2C_MPU6050_scbMode       = (uint8) I2C_MPU6050_SCB_MODE_I2C;
  78:.\Generated_Source\PSoC4/I2C_MPU6050_I2C.c ****             I2C_MPU6050_scbEnableWake = (uint8) config->enableWake;
  79:.\Generated_Source\PSoC4/I2C_MPU6050_I2C.c ****             I2C_MPU6050_scbEnableIntr = (uint8) I2C_MPU6050_SCB_IRQ_INTERNAL;
  80:.\Generated_Source\PSoC4/I2C_MPU6050_I2C.c **** 
  81:.\Generated_Source\PSoC4/I2C_MPU6050_I2C.c ****             I2C_MPU6050_mode          = (uint8) config->mode;
  82:.\Generated_Source\PSoC4/I2C_MPU6050_I2C.c ****             I2C_MPU6050_acceptAddr    = (uint8) config->acceptAddr;
  83:.\Generated_Source\PSoC4/I2C_MPU6050_I2C.c **** 
  84:.\Generated_Source\PSoC4/I2C_MPU6050_I2C.c ****             /* Configure I2C interface */
  85:.\Generated_Source\PSoC4/I2C_MPU6050_I2C.c ****             I2C_MPU6050_CTRL_REG     = I2C_MPU6050_GET_CTRL_ADDR_ACCEPT(config->acceptAddr) |
  86:.\Generated_Source\PSoC4/I2C_MPU6050_I2C.c ****                                             I2C_MPU6050_GET_CTRL_EC_AM_MODE (config->enableWake);
  87:.\Generated_Source\PSoC4/I2C_MPU6050_I2C.c **** 
  88:.\Generated_Source\PSoC4/I2C_MPU6050_I2C.c ****             I2C_MPU6050_I2C_CTRL_REG = I2C_MPU6050_GET_I2C_CTRL_HIGH_PHASE_OVS(config->oversampleHi
ARM GAS  C:\Users\Sam\AppData\Local\Temp\ccvA4cr3.s 			page 3


  89:.\Generated_Source\PSoC4/I2C_MPU6050_I2C.c ****                                             I2C_MPU6050_GET_I2C_CTRL_LOW_PHASE_OVS (config->oversam
  90:.\Generated_Source\PSoC4/I2C_MPU6050_I2C.c ****                                             I2C_MPU6050_GET_I2C_CTRL_SL_MSTR_MODE  (config->mode)  
  91:.\Generated_Source\PSoC4/I2C_MPU6050_I2C.c ****                                             I2C_MPU6050_I2C_CTRL;
  92:.\Generated_Source\PSoC4/I2C_MPU6050_I2C.c **** 
  93:.\Generated_Source\PSoC4/I2C_MPU6050_I2C.c ****         #if(I2C_MPU6050_CY_SCBIP_V0)
  94:.\Generated_Source\PSoC4/I2C_MPU6050_I2C.c ****             /* Adjust SDA filter settings. Ticket ID#150521 */
  95:.\Generated_Source\PSoC4/I2C_MPU6050_I2C.c ****             I2C_MPU6050_SET_I2C_CFG_SDA_FILT_TRIM(I2C_MPU6050_EC_AM_I2C_CFG_SDA_FILT_TRIM);
  96:.\Generated_Source\PSoC4/I2C_MPU6050_I2C.c ****         #endif /* (I2C_MPU6050_CY_SCBIP_V0) */
  97:.\Generated_Source\PSoC4/I2C_MPU6050_I2C.c **** 
  98:.\Generated_Source\PSoC4/I2C_MPU6050_I2C.c ****             /* Configure RX direction */
  99:.\Generated_Source\PSoC4/I2C_MPU6050_I2C.c ****             I2C_MPU6050_RX_CTRL_REG      = I2C_MPU6050_GET_RX_CTRL_MEDIAN(config->enableMedianFilte
 100:.\Generated_Source\PSoC4/I2C_MPU6050_I2C.c ****                                                 I2C_MPU6050_I2C_RX_CTRL;
 101:.\Generated_Source\PSoC4/I2C_MPU6050_I2C.c ****             I2C_MPU6050_RX_FIFO_CTRL_REG = I2C_MPU6050_CLEAR_REG;
 102:.\Generated_Source\PSoC4/I2C_MPU6050_I2C.c **** 
 103:.\Generated_Source\PSoC4/I2C_MPU6050_I2C.c ****             /* Set default address and mask */
 104:.\Generated_Source\PSoC4/I2C_MPU6050_I2C.c ****             I2C_MPU6050_RX_MATCH_REG    = ((I2C_MPU6050_I2C_SLAVE) ?
 105:.\Generated_Source\PSoC4/I2C_MPU6050_I2C.c ****                                                 (I2C_MPU6050_GET_I2C_8BIT_ADDRESS(config->slaveAddr
 106:.\Generated_Source\PSoC4/I2C_MPU6050_I2C.c ****                                                  I2C_MPU6050_GET_RX_MATCH_MASK(config->slaveAddrMas
 107:.\Generated_Source\PSoC4/I2C_MPU6050_I2C.c ****                                                 (I2C_MPU6050_CLEAR_REG));
 108:.\Generated_Source\PSoC4/I2C_MPU6050_I2C.c **** 
 109:.\Generated_Source\PSoC4/I2C_MPU6050_I2C.c **** 
 110:.\Generated_Source\PSoC4/I2C_MPU6050_I2C.c ****             /* Configure TX direction */
 111:.\Generated_Source\PSoC4/I2C_MPU6050_I2C.c ****             I2C_MPU6050_TX_CTRL_REG      = I2C_MPU6050_I2C_TX_CTRL;
 112:.\Generated_Source\PSoC4/I2C_MPU6050_I2C.c ****             I2C_MPU6050_TX_FIFO_CTRL_REG = I2C_MPU6050_CLEAR_REG;
 113:.\Generated_Source\PSoC4/I2C_MPU6050_I2C.c **** 
 114:.\Generated_Source\PSoC4/I2C_MPU6050_I2C.c ****             /* Configure interrupt with I2C handler but do not enable it */
 115:.\Generated_Source\PSoC4/I2C_MPU6050_I2C.c ****             CyIntDisable    (I2C_MPU6050_ISR_NUMBER);
 116:.\Generated_Source\PSoC4/I2C_MPU6050_I2C.c ****             CyIntSetPriority(I2C_MPU6050_ISR_NUMBER, I2C_MPU6050_ISR_PRIORITY);
 117:.\Generated_Source\PSoC4/I2C_MPU6050_I2C.c ****             (void) CyIntSetVector(I2C_MPU6050_ISR_NUMBER, &I2C_MPU6050_I2C_ISR);
 118:.\Generated_Source\PSoC4/I2C_MPU6050_I2C.c **** 
 119:.\Generated_Source\PSoC4/I2C_MPU6050_I2C.c ****             /* Configure interrupt sources */
 120:.\Generated_Source\PSoC4/I2C_MPU6050_I2C.c ****         #if(!I2C_MPU6050_CY_SCBIP_V1_I2C_ONLY)
 121:.\Generated_Source\PSoC4/I2C_MPU6050_I2C.c ****             I2C_MPU6050_INTR_SPI_EC_MASK_REG = I2C_MPU6050_NO_INTR_SOURCES;
 122:.\Generated_Source\PSoC4/I2C_MPU6050_I2C.c ****         #endif /* (!I2C_MPU6050_CY_SCBIP_V1_I2C_ONLY) */
 123:.\Generated_Source\PSoC4/I2C_MPU6050_I2C.c **** 
 124:.\Generated_Source\PSoC4/I2C_MPU6050_I2C.c ****             I2C_MPU6050_INTR_I2C_EC_MASK_REG = I2C_MPU6050_NO_INTR_SOURCES;
 125:.\Generated_Source\PSoC4/I2C_MPU6050_I2C.c ****             I2C_MPU6050_INTR_RX_MASK_REG     = I2C_MPU6050_NO_INTR_SOURCES;
 126:.\Generated_Source\PSoC4/I2C_MPU6050_I2C.c ****             I2C_MPU6050_INTR_TX_MASK_REG     = I2C_MPU6050_NO_INTR_SOURCES;
 127:.\Generated_Source\PSoC4/I2C_MPU6050_I2C.c **** 
 128:.\Generated_Source\PSoC4/I2C_MPU6050_I2C.c ****             I2C_MPU6050_INTR_SLAVE_MASK_REG  = ((I2C_MPU6050_I2C_SLAVE) ?
 129:.\Generated_Source\PSoC4/I2C_MPU6050_I2C.c ****                                                      (I2C_MPU6050_I2C_INTR_SLAVE_MASK) :
 130:.\Generated_Source\PSoC4/I2C_MPU6050_I2C.c ****                                                      (I2C_MPU6050_CLEAR_REG));
 131:.\Generated_Source\PSoC4/I2C_MPU6050_I2C.c **** 
 132:.\Generated_Source\PSoC4/I2C_MPU6050_I2C.c ****             I2C_MPU6050_INTR_MASTER_MASK_REG = ((I2C_MPU6050_I2C_MASTER) ?
 133:.\Generated_Source\PSoC4/I2C_MPU6050_I2C.c ****                                                      (I2C_MPU6050_I2C_INTR_MASTER_MASK) :
 134:.\Generated_Source\PSoC4/I2C_MPU6050_I2C.c ****                                                      (I2C_MPU6050_CLEAR_REG));
 135:.\Generated_Source\PSoC4/I2C_MPU6050_I2C.c **** 
 136:.\Generated_Source\PSoC4/I2C_MPU6050_I2C.c ****             /* Configure global variables */
 137:.\Generated_Source\PSoC4/I2C_MPU6050_I2C.c ****             I2C_MPU6050_state = I2C_MPU6050_I2C_FSM_IDLE;
 138:.\Generated_Source\PSoC4/I2C_MPU6050_I2C.c **** 
 139:.\Generated_Source\PSoC4/I2C_MPU6050_I2C.c ****             /* Internal slave variables */
 140:.\Generated_Source\PSoC4/I2C_MPU6050_I2C.c ****             I2C_MPU6050_slStatus        = 0u;
 141:.\Generated_Source\PSoC4/I2C_MPU6050_I2C.c ****             I2C_MPU6050_slRdBufIndex    = 0u;
 142:.\Generated_Source\PSoC4/I2C_MPU6050_I2C.c ****             I2C_MPU6050_slWrBufIndex    = 0u;
 143:.\Generated_Source\PSoC4/I2C_MPU6050_I2C.c ****             I2C_MPU6050_slOverFlowCount = 0u;
 144:.\Generated_Source\PSoC4/I2C_MPU6050_I2C.c **** 
 145:.\Generated_Source\PSoC4/I2C_MPU6050_I2C.c ****             /* Internal master variables */
ARM GAS  C:\Users\Sam\AppData\Local\Temp\ccvA4cr3.s 			page 4


 146:.\Generated_Source\PSoC4/I2C_MPU6050_I2C.c ****             I2C_MPU6050_mstrStatus     = 0u;
 147:.\Generated_Source\PSoC4/I2C_MPU6050_I2C.c ****             I2C_MPU6050_mstrRdBufIndex = 0u;
 148:.\Generated_Source\PSoC4/I2C_MPU6050_I2C.c ****             I2C_MPU6050_mstrWrBufIndex = 0u;
 149:.\Generated_Source\PSoC4/I2C_MPU6050_I2C.c ****         }
 150:.\Generated_Source\PSoC4/I2C_MPU6050_I2C.c ****     }
 151:.\Generated_Source\PSoC4/I2C_MPU6050_I2C.c **** 
 152:.\Generated_Source\PSoC4/I2C_MPU6050_I2C.c **** #else
 153:.\Generated_Source\PSoC4/I2C_MPU6050_I2C.c **** 
 154:.\Generated_Source\PSoC4/I2C_MPU6050_I2C.c ****     /*******************************************************************************
 155:.\Generated_Source\PSoC4/I2C_MPU6050_I2C.c ****     * Function Name: I2C_MPU6050_I2CInit
 156:.\Generated_Source\PSoC4/I2C_MPU6050_I2C.c ****     ********************************************************************************
 157:.\Generated_Source\PSoC4/I2C_MPU6050_I2C.c ****     *
 158:.\Generated_Source\PSoC4/I2C_MPU6050_I2C.c ****     * Summary:
 159:.\Generated_Source\PSoC4/I2C_MPU6050_I2C.c ****     *  Configures the SCB for the I2C operation.
 160:.\Generated_Source\PSoC4/I2C_MPU6050_I2C.c ****     *
 161:.\Generated_Source\PSoC4/I2C_MPU6050_I2C.c ****     * Parameters:
 162:.\Generated_Source\PSoC4/I2C_MPU6050_I2C.c ****     *  None
 163:.\Generated_Source\PSoC4/I2C_MPU6050_I2C.c ****     *
 164:.\Generated_Source\PSoC4/I2C_MPU6050_I2C.c ****     * Return:
 165:.\Generated_Source\PSoC4/I2C_MPU6050_I2C.c ****     *  None
 166:.\Generated_Source\PSoC4/I2C_MPU6050_I2C.c ****     *
 167:.\Generated_Source\PSoC4/I2C_MPU6050_I2C.c ****     *******************************************************************************/
 168:.\Generated_Source\PSoC4/I2C_MPU6050_I2C.c ****     void I2C_MPU6050_I2CInit(void)
 169:.\Generated_Source\PSoC4/I2C_MPU6050_I2C.c ****     {
  27              		.loc 1 169 0
  28              		.cfi_startproc
  29 0000 80B5     		push	{r7, lr}
  30              	.LCFI0:
  31              		.cfi_def_cfa_offset 8
  32              		.cfi_offset 7, -8
  33              		.cfi_offset 14, -4
  34 0002 00AF     		add	r7, sp, #0
  35              	.LCFI1:
  36              		.cfi_def_cfa_register 7
 170:.\Generated_Source\PSoC4/I2C_MPU6050_I2C.c ****         /* Configure I2C interface */
 171:.\Generated_Source\PSoC4/I2C_MPU6050_I2C.c ****         I2C_MPU6050_CTRL_REG     = I2C_MPU6050_I2C_DEFAULT_CTRL;
  37              		.loc 1 171 0
  38 0004 234B     		ldr	r3, .L2
  39 0006 0022     		mov	r2, #0
  40 0008 1A60     		str	r2, [r3]
 172:.\Generated_Source\PSoC4/I2C_MPU6050_I2C.c ****         I2C_MPU6050_I2C_CTRL_REG = I2C_MPU6050_I2C_DEFAULT_I2C_CTRL;
  41              		.loc 1 172 0
  42 000a 234B     		ldr	r3, .L2+4
  43 000c 234A     		ldr	r2, .L2+8
  44 000e 1A60     		str	r2, [r3]
 173:.\Generated_Source\PSoC4/I2C_MPU6050_I2C.c **** 
 174:.\Generated_Source\PSoC4/I2C_MPU6050_I2C.c ****     #if(I2C_MPU6050_CY_SCBIP_V0)
 175:.\Generated_Source\PSoC4/I2C_MPU6050_I2C.c ****         /* Adjust SDA filter settings. Ticket ID#150521 */
 176:.\Generated_Source\PSoC4/I2C_MPU6050_I2C.c ****         I2C_MPU6050_SET_I2C_CFG_SDA_FILT_TRIM(I2C_MPU6050_EC_AM_I2C_CFG_SDA_FILT_TRIM);
  45              		.loc 1 176 0
  46 0010 234B     		ldr	r3, .L2+12
  47 0012 234A     		ldr	r2, .L2+12
  48 0014 1268     		ldr	r2, [r2]
  49 0016 0C21     		mov	r1, #12
  50 0018 0A43     		orr	r2, r1
  51 001a 1A60     		str	r2, [r3]
 177:.\Generated_Source\PSoC4/I2C_MPU6050_I2C.c ****     #endif /* (I2C_MPU6050_CY_SCBIP_V0) */
ARM GAS  C:\Users\Sam\AppData\Local\Temp\ccvA4cr3.s 			page 5


 178:.\Generated_Source\PSoC4/I2C_MPU6050_I2C.c **** 
 179:.\Generated_Source\PSoC4/I2C_MPU6050_I2C.c ****         /* Configure RX direction */
 180:.\Generated_Source\PSoC4/I2C_MPU6050_I2C.c ****         I2C_MPU6050_RX_CTRL_REG      = I2C_MPU6050_I2C_DEFAULT_RX_CTRL;
  52              		.loc 1 180 0
  53 001c 214B     		ldr	r3, .L2+16
  54 001e 224A     		ldr	r2, .L2+20
  55 0020 1A60     		str	r2, [r3]
 181:.\Generated_Source\PSoC4/I2C_MPU6050_I2C.c ****         I2C_MPU6050_RX_FIFO_CTRL_REG = I2C_MPU6050_I2C_DEFAULT_RX_FIFO_CTRL;
  56              		.loc 1 181 0
  57 0022 224B     		ldr	r3, .L2+24
  58 0024 0022     		mov	r2, #0
  59 0026 1A60     		str	r2, [r3]
 182:.\Generated_Source\PSoC4/I2C_MPU6050_I2C.c **** 
 183:.\Generated_Source\PSoC4/I2C_MPU6050_I2C.c ****         /* Set default address and mask */
 184:.\Generated_Source\PSoC4/I2C_MPU6050_I2C.c ****         I2C_MPU6050_RX_MATCH_REG     = I2C_MPU6050_I2C_DEFAULT_RX_MATCH;
  60              		.loc 1 184 0
  61 0028 214B     		ldr	r3, .L2+28
  62 002a 0022     		mov	r2, #0
  63 002c 1A60     		str	r2, [r3]
 185:.\Generated_Source\PSoC4/I2C_MPU6050_I2C.c **** 
 186:.\Generated_Source\PSoC4/I2C_MPU6050_I2C.c ****         /* Configure TX direction */
 187:.\Generated_Source\PSoC4/I2C_MPU6050_I2C.c ****         I2C_MPU6050_TX_CTRL_REG      = I2C_MPU6050_I2C_DEFAULT_TX_CTRL;
  64              		.loc 1 187 0
  65 002e 214B     		ldr	r3, .L2+32
  66 0030 214A     		ldr	r2, .L2+36
  67 0032 1A60     		str	r2, [r3]
 188:.\Generated_Source\PSoC4/I2C_MPU6050_I2C.c ****         I2C_MPU6050_TX_FIFO_CTRL_REG = I2C_MPU6050_I2C_DEFAULT_TX_FIFO_CTRL;
  68              		.loc 1 188 0
  69 0034 214B     		ldr	r3, .L2+40
  70 0036 0022     		mov	r2, #0
  71 0038 1A60     		str	r2, [r3]
 189:.\Generated_Source\PSoC4/I2C_MPU6050_I2C.c **** 
 190:.\Generated_Source\PSoC4/I2C_MPU6050_I2C.c ****         /* Configure interrupt with I2C handler but do not enable it */
 191:.\Generated_Source\PSoC4/I2C_MPU6050_I2C.c ****         CyIntDisable    (I2C_MPU6050_ISR_NUMBER);
  72              		.loc 1 191 0
  73 003a 0B20     		mov	r0, #11
  74 003c FFF7FEFF 		bl	CyIntDisable
 192:.\Generated_Source\PSoC4/I2C_MPU6050_I2C.c ****         CyIntSetPriority(I2C_MPU6050_ISR_NUMBER, I2C_MPU6050_ISR_PRIORITY);
  75              		.loc 1 192 0
  76 0040 0B20     		mov	r0, #11
  77 0042 0321     		mov	r1, #3
  78 0044 FFF7FEFF 		bl	CyIntSetPriority
 193:.\Generated_Source\PSoC4/I2C_MPU6050_I2C.c ****     #if(!I2C_MPU6050_I2C_EXTERN_INTR_HANDLER)
 194:.\Generated_Source\PSoC4/I2C_MPU6050_I2C.c ****         (void) CyIntSetVector(I2C_MPU6050_ISR_NUMBER, &I2C_MPU6050_I2C_ISR);
  79              		.loc 1 194 0
  80 0048 1D4B     		ldr	r3, .L2+44
  81 004a 0B20     		mov	r0, #11
  82 004c 191C     		mov	r1, r3
  83 004e FFF7FEFF 		bl	CyIntSetVector
 195:.\Generated_Source\PSoC4/I2C_MPU6050_I2C.c ****     #endif /* (I2C_MPU6050_I2C_EXTERN_INTR_HANDLER) */
 196:.\Generated_Source\PSoC4/I2C_MPU6050_I2C.c **** 
 197:.\Generated_Source\PSoC4/I2C_MPU6050_I2C.c ****         /* Configure interrupt sources */
 198:.\Generated_Source\PSoC4/I2C_MPU6050_I2C.c ****     #if(!I2C_MPU6050_CY_SCBIP_V1_I2C_ONLY)
 199:.\Generated_Source\PSoC4/I2C_MPU6050_I2C.c ****         I2C_MPU6050_INTR_SPI_EC_MASK_REG = I2C_MPU6050_I2C_DEFAULT_INTR_SPI_EC_MASK;
  84              		.loc 1 199 0
  85 0052 1C4B     		ldr	r3, .L2+48
  86 0054 0022     		mov	r2, #0
ARM GAS  C:\Users\Sam\AppData\Local\Temp\ccvA4cr3.s 			page 6


  87 0056 1A60     		str	r2, [r3]
 200:.\Generated_Source\PSoC4/I2C_MPU6050_I2C.c ****     #endif /* (!I2C_MPU6050_CY_SCBIP_V1_I2C_ONLY) */
 201:.\Generated_Source\PSoC4/I2C_MPU6050_I2C.c **** 
 202:.\Generated_Source\PSoC4/I2C_MPU6050_I2C.c ****         I2C_MPU6050_INTR_I2C_EC_MASK_REG = I2C_MPU6050_I2C_DEFAULT_INTR_I2C_EC_MASK;
  88              		.loc 1 202 0
  89 0058 1B4B     		ldr	r3, .L2+52
  90 005a 0022     		mov	r2, #0
  91 005c 1A60     		str	r2, [r3]
 203:.\Generated_Source\PSoC4/I2C_MPU6050_I2C.c ****         I2C_MPU6050_INTR_SLAVE_MASK_REG  = I2C_MPU6050_I2C_DEFAULT_INTR_SLAVE_MASK;
  92              		.loc 1 203 0
  93 005e 1B4B     		ldr	r3, .L2+56
  94 0060 0022     		mov	r2, #0
  95 0062 1A60     		str	r2, [r3]
 204:.\Generated_Source\PSoC4/I2C_MPU6050_I2C.c ****         I2C_MPU6050_INTR_MASTER_MASK_REG = I2C_MPU6050_I2C_DEFAULT_INTR_MASTER_MASK;
  96              		.loc 1 204 0
  97 0064 1A4B     		ldr	r3, .L2+60
  98 0066 1B4A     		ldr	r2, .L2+64
  99 0068 1A60     		str	r2, [r3]
 205:.\Generated_Source\PSoC4/I2C_MPU6050_I2C.c ****         I2C_MPU6050_INTR_RX_MASK_REG     = I2C_MPU6050_I2C_DEFAULT_INTR_RX_MASK;
 100              		.loc 1 205 0
 101 006a 1B4B     		ldr	r3, .L2+68
 102 006c 0022     		mov	r2, #0
 103 006e 1A60     		str	r2, [r3]
 206:.\Generated_Source\PSoC4/I2C_MPU6050_I2C.c ****         I2C_MPU6050_INTR_TX_MASK_REG     = I2C_MPU6050_I2C_DEFAULT_INTR_TX_MASK;
 104              		.loc 1 206 0
 105 0070 1A4B     		ldr	r3, .L2+72
 106 0072 0022     		mov	r2, #0
 107 0074 1A60     		str	r2, [r3]
 207:.\Generated_Source\PSoC4/I2C_MPU6050_I2C.c **** 
 208:.\Generated_Source\PSoC4/I2C_MPU6050_I2C.c ****         /* Configure global variables */
 209:.\Generated_Source\PSoC4/I2C_MPU6050_I2C.c ****         I2C_MPU6050_state = I2C_MPU6050_I2C_FSM_IDLE;
 108              		.loc 1 209 0
 109 0076 1A4B     		ldr	r3, .L2+76
 110 0078 1022     		mov	r2, #16
 111 007a 1A70     		strb	r2, [r3]
 210:.\Generated_Source\PSoC4/I2C_MPU6050_I2C.c **** 
 211:.\Generated_Source\PSoC4/I2C_MPU6050_I2C.c ****     #if(I2C_MPU6050_I2C_SLAVE)
 212:.\Generated_Source\PSoC4/I2C_MPU6050_I2C.c ****         /* Internal slave variable */
 213:.\Generated_Source\PSoC4/I2C_MPU6050_I2C.c ****         I2C_MPU6050_slStatus        = 0u;
 214:.\Generated_Source\PSoC4/I2C_MPU6050_I2C.c ****         I2C_MPU6050_slRdBufIndex    = 0u;
 215:.\Generated_Source\PSoC4/I2C_MPU6050_I2C.c ****         I2C_MPU6050_slWrBufIndex    = 0u;
 216:.\Generated_Source\PSoC4/I2C_MPU6050_I2C.c ****         I2C_MPU6050_slOverFlowCount = 0u;
 217:.\Generated_Source\PSoC4/I2C_MPU6050_I2C.c ****     #endif /* (I2C_MPU6050_I2C_SLAVE) */
 218:.\Generated_Source\PSoC4/I2C_MPU6050_I2C.c **** 
 219:.\Generated_Source\PSoC4/I2C_MPU6050_I2C.c ****     #if(I2C_MPU6050_I2C_MASTER)
 220:.\Generated_Source\PSoC4/I2C_MPU6050_I2C.c ****     /* Internal master variable */
 221:.\Generated_Source\PSoC4/I2C_MPU6050_I2C.c ****         I2C_MPU6050_mstrStatus     = 0u;
 112              		.loc 1 221 0
 113 007c 194B     		ldr	r3, .L2+80
 114 007e 0022     		mov	r2, #0
 115 0080 1A80     		strh	r2, [r3]
 222:.\Generated_Source\PSoC4/I2C_MPU6050_I2C.c ****         I2C_MPU6050_mstrRdBufIndex = 0u;
 116              		.loc 1 222 0
 117 0082 194B     		ldr	r3, .L2+84
 118 0084 0022     		mov	r2, #0
 119 0086 1A60     		str	r2, [r3]
 223:.\Generated_Source\PSoC4/I2C_MPU6050_I2C.c ****         I2C_MPU6050_mstrWrBufIndex = 0u;
ARM GAS  C:\Users\Sam\AppData\Local\Temp\ccvA4cr3.s 			page 7


 120              		.loc 1 223 0
 121 0088 184B     		ldr	r3, .L2+88
 122 008a 0022     		mov	r2, #0
 123 008c 1A60     		str	r2, [r3]
 224:.\Generated_Source\PSoC4/I2C_MPU6050_I2C.c ****     #endif /* (I2C_MPU6050_I2C_MASTER) */
 225:.\Generated_Source\PSoC4/I2C_MPU6050_I2C.c ****     }
 124              		.loc 1 225 0
 125 008e BD46     		mov	sp, r7
 126              		@ sp needed for prologue
 127 0090 80BD     		pop	{r7, pc}
 128              	.L3:
 129 0092 C046     		.align	2
 130              	.L2:
 131 0094 00000740 		.word	1074200576
 132 0098 60000740 		.word	1074200672
 133 009c 77080080 		.word	-2147481481
 134 00a0 70000740 		.word	1074200688
 135 00a4 00030740 		.word	1074201344
 136 00a8 07030080 		.word	-2147482873
 137 00ac 04030740 		.word	1074201348
 138 00b0 10030740 		.word	1074201360
 139 00b4 00020740 		.word	1074201088
 140 00b8 07010080 		.word	-2147483385
 141 00bc 04020740 		.word	1074201092
 142 00c0 00000000 		.word	I2C_MPU6050_I2C_ISR
 143 00c4 C80E0740 		.word	1074204360
 144 00c8 880E0740 		.word	1074204296
 145 00cc 480F0740 		.word	1074204488
 146 00d0 080F0740 		.word	1074204424
 147 00d4 13010000 		.word	275
 148 00d8 C80F0740 		.word	1074204616
 149 00dc 880F0740 		.word	1074204552
 150 00e0 00000000 		.word	I2C_MPU6050_state
 151 00e4 00000000 		.word	I2C_MPU6050_mstrStatus
 152 00e8 00000000 		.word	I2C_MPU6050_mstrRdBufIndex
 153 00ec 00000000 		.word	I2C_MPU6050_mstrWrBufIndex
 154              		.cfi_endproc
 155              	.LFE0:
 156              		.size	I2C_MPU6050_I2CInit, .-I2C_MPU6050_I2CInit
 157              		.section	.text.I2C_MPU6050_I2CStop,"ax",%progbits
 158              		.align	2
 159              		.global	I2C_MPU6050_I2CStop
 160              		.code	16
 161              		.thumb_func
 162              		.type	I2C_MPU6050_I2CStop, %function
 163              	I2C_MPU6050_I2CStop:
 164              	.LFB1:
 226:.\Generated_Source\PSoC4/I2C_MPU6050_I2C.c **** #endif /* (I2C_MPU6050_SCB_MODE_UNCONFIG_CONST_CFG) */
 227:.\Generated_Source\PSoC4/I2C_MPU6050_I2C.c **** 
 228:.\Generated_Source\PSoC4/I2C_MPU6050_I2C.c **** 
 229:.\Generated_Source\PSoC4/I2C_MPU6050_I2C.c **** /*******************************************************************************
 230:.\Generated_Source\PSoC4/I2C_MPU6050_I2C.c **** * Function Name: I2C_MPU6050_I2CStop
 231:.\Generated_Source\PSoC4/I2C_MPU6050_I2C.c **** ********************************************************************************
 232:.\Generated_Source\PSoC4/I2C_MPU6050_I2C.c **** *
 233:.\Generated_Source\PSoC4/I2C_MPU6050_I2C.c **** * Summary:
 234:.\Generated_Source\PSoC4/I2C_MPU6050_I2C.c **** *  Resets the I2C FSM into the default state and disables TX interrupt sources.
 235:.\Generated_Source\PSoC4/I2C_MPU6050_I2C.c **** *
ARM GAS  C:\Users\Sam\AppData\Local\Temp\ccvA4cr3.s 			page 8


 236:.\Generated_Source\PSoC4/I2C_MPU6050_I2C.c **** * Parameters:
 237:.\Generated_Source\PSoC4/I2C_MPU6050_I2C.c **** *  None
 238:.\Generated_Source\PSoC4/I2C_MPU6050_I2C.c **** *
 239:.\Generated_Source\PSoC4/I2C_MPU6050_I2C.c **** * Return:
 240:.\Generated_Source\PSoC4/I2C_MPU6050_I2C.c **** *  None
 241:.\Generated_Source\PSoC4/I2C_MPU6050_I2C.c **** *
 242:.\Generated_Source\PSoC4/I2C_MPU6050_I2C.c **** * Global variables:
 243:.\Generated_Source\PSoC4/I2C_MPU6050_I2C.c **** *
 244:.\Generated_Source\PSoC4/I2C_MPU6050_I2C.c **** *
 245:.\Generated_Source\PSoC4/I2C_MPU6050_I2C.c **** *******************************************************************************/
 246:.\Generated_Source\PSoC4/I2C_MPU6050_I2C.c **** void I2C_MPU6050_I2CStop(void)
 247:.\Generated_Source\PSoC4/I2C_MPU6050_I2C.c **** {
 165              		.loc 1 247 0
 166              		.cfi_startproc
 167 0000 80B5     		push	{r7, lr}
 168              	.LCFI2:
 169              		.cfi_def_cfa_offset 8
 170              		.cfi_offset 7, -8
 171              		.cfi_offset 14, -4
 172 0002 00AF     		add	r7, sp, #0
 173              	.LCFI3:
 174              		.cfi_def_cfa_register 7
 248:.\Generated_Source\PSoC4/I2C_MPU6050_I2C.c ****     /* Disable TX interrupt sources in order not to cause a false trigger.
 249:.\Generated_Source\PSoC4/I2C_MPU6050_I2C.c ****     * The incoming transaction will enable an appropriate TX interrupt.
 250:.\Generated_Source\PSoC4/I2C_MPU6050_I2C.c ****     */
 251:.\Generated_Source\PSoC4/I2C_MPU6050_I2C.c ****     I2C_MPU6050_SetTxInterruptMode(I2C_MPU6050_NO_INTR_SOURCES);
 175              		.loc 1 251 0
 176 0004 054B     		ldr	r3, .L5
 177 0006 0022     		mov	r2, #0
 178 0008 1A60     		str	r2, [r3]
 252:.\Generated_Source\PSoC4/I2C_MPU6050_I2C.c **** 
 253:.\Generated_Source\PSoC4/I2C_MPU6050_I2C.c **** #if(I2C_MPU6050_CY_SCBIP_V0)
 254:.\Generated_Source\PSoC4/I2C_MPU6050_I2C.c ****     /* Clear pending interrupt as TX FIFO becomes empty and block does not gate interrupt trigger w
 255:.\Generated_Source\PSoC4/I2C_MPU6050_I2C.c ****     I2C_MPU6050_ClearPendingInt();
 179              		.loc 1 255 0
 180 000a 0B20     		mov	r0, #11
 181 000c FFF7FEFF 		bl	CyIntClearPending
 256:.\Generated_Source\PSoC4/I2C_MPU6050_I2C.c **** #endif /* (I2C_MPU6050_CY_SCBIP_V0) */
 257:.\Generated_Source\PSoC4/I2C_MPU6050_I2C.c **** 
 258:.\Generated_Source\PSoC4/I2C_MPU6050_I2C.c ****     I2C_MPU6050_state = I2C_MPU6050_I2C_FSM_IDLE;
 182              		.loc 1 258 0
 183 0010 034B     		ldr	r3, .L5+4
 184 0012 1022     		mov	r2, #16
 185 0014 1A70     		strb	r2, [r3]
 259:.\Generated_Source\PSoC4/I2C_MPU6050_I2C.c **** }
 186              		.loc 1 259 0
 187 0016 BD46     		mov	sp, r7
 188              		@ sp needed for prologue
 189 0018 80BD     		pop	{r7, pc}
 190              	.L6:
 191 001a C046     		.align	2
 192              	.L5:
 193 001c 880F0740 		.word	1074204552
 194 0020 00000000 		.word	I2C_MPU6050_state
 195              		.cfi_endproc
 196              	.LFE1:
 197              		.size	I2C_MPU6050_I2CStop, .-I2C_MPU6050_I2CStop
ARM GAS  C:\Users\Sam\AppData\Local\Temp\ccvA4cr3.s 			page 9


 198              		.text
 199              	.Letext0:
 200              		.file 2 "./Generated_Source/PSoC4/cytypes.h"
 201              		.file 3 ".\\Generated_Source\\PSoC4\\I2C_MPU6050_I2C_PVT.h"
 202              		.section	.debug_info,"",%progbits
 203              	.Ldebug_info0:
 204 0000 28010000 		.4byte	0x128
 205 0004 0200     		.2byte	0x2
 206 0006 00000000 		.4byte	.Ldebug_abbrev0
 207 000a 04       		.byte	0x4
 208 000b 01       		.uleb128 0x1
 209 000c 4D000000 		.4byte	.LASF23
 210 0010 01       		.byte	0x1
 211 0011 22000000 		.4byte	.LASF24
 212 0015 97010000 		.4byte	.LASF25
 213 0019 00000000 		.4byte	.Ldebug_ranges0+0
 214 001d 00000000 		.4byte	0
 215 0021 00000000 		.4byte	0
 216 0025 00000000 		.4byte	.Ldebug_line0
 217 0029 02       		.uleb128 0x2
 218 002a 01       		.byte	0x1
 219 002b 06       		.byte	0x6
 220 002c 74010000 		.4byte	.LASF0
 221 0030 02       		.uleb128 0x2
 222 0031 01       		.byte	0x1
 223 0032 08       		.byte	0x8
 224 0033 F2000000 		.4byte	.LASF1
 225 0037 02       		.uleb128 0x2
 226 0038 02       		.byte	0x2
 227 0039 05       		.byte	0x5
 228 003a 86010000 		.4byte	.LASF2
 229 003e 02       		.uleb128 0x2
 230 003f 02       		.byte	0x2
 231 0040 07       		.byte	0x7
 232 0041 61010000 		.4byte	.LASF3
 233 0045 02       		.uleb128 0x2
 234 0046 04       		.byte	0x4
 235 0047 05       		.byte	0x5
 236 0048 19010000 		.4byte	.LASF4
 237 004c 02       		.uleb128 0x2
 238 004d 04       		.byte	0x4
 239 004e 07       		.byte	0x7
 240 004f 9C000000 		.4byte	.LASF5
 241 0053 02       		.uleb128 0x2
 242 0054 08       		.byte	0x8
 243 0055 05       		.byte	0x5
 244 0056 00000000 		.4byte	.LASF6
 245 005a 02       		.uleb128 0x2
 246 005b 08       		.byte	0x8
 247 005c 07       		.byte	0x7
 248 005d AE000000 		.4byte	.LASF7
 249 0061 03       		.uleb128 0x3
 250 0062 04       		.byte	0x4
 251 0063 05       		.byte	0x5
 252 0064 696E7400 		.ascii	"int\000"
 253 0068 02       		.uleb128 0x2
 254 0069 04       		.byte	0x4
ARM GAS  C:\Users\Sam\AppData\Local\Temp\ccvA4cr3.s 			page 10


 255 006a 07       		.byte	0x7
 256 006b 15000000 		.4byte	.LASF8
 257 006f 04       		.uleb128 0x4
 258 0070 96000000 		.4byte	.LASF9
 259 0074 02       		.byte	0x2
 260 0075 5B       		.byte	0x5b
 261 0076 30000000 		.4byte	0x30
 262 007a 04       		.uleb128 0x4
 263 007b 90010000 		.4byte	.LASF10
 264 007f 02       		.byte	0x2
 265 0080 5C       		.byte	0x5c
 266 0081 3E000000 		.4byte	0x3e
 267 0085 04       		.uleb128 0x4
 268 0086 0E000000 		.4byte	.LASF11
 269 008a 02       		.byte	0x2
 270 008b 5D       		.byte	0x5d
 271 008c 4C000000 		.4byte	0x4c
 272 0090 02       		.uleb128 0x2
 273 0091 04       		.byte	0x4
 274 0092 04       		.byte	0x4
 275 0093 80010000 		.4byte	.LASF12
 276 0097 02       		.uleb128 0x2
 277 0098 08       		.byte	0x8
 278 0099 04       		.byte	0x4
 279 009a 3D010000 		.4byte	.LASF13
 280 009e 02       		.uleb128 0x2
 281 009f 01       		.byte	0x1
 282 00a0 08       		.byte	0x8
 283 00a1 00010000 		.4byte	.LASF14
 284 00a5 05       		.uleb128 0x5
 285 00a6 6F000000 		.4byte	0x6f
 286 00aa 05       		.uleb128 0x5
 287 00ab 7A000000 		.4byte	0x7a
 288 00af 04       		.uleb128 0x4
 289 00b0 5B010000 		.4byte	.LASF15
 290 00b4 02       		.byte	0x2
 291 00b5 F2       		.byte	0xf2
 292 00b6 BA000000 		.4byte	0xba
 293 00ba 05       		.uleb128 0x5
 294 00bb 85000000 		.4byte	0x85
 295 00bf 02       		.uleb128 0x2
 296 00c0 04       		.byte	0x4
 297 00c1 07       		.byte	0x7
 298 00c2 F3010000 		.4byte	.LASF16
 299 00c6 06       		.uleb128 0x6
 300 00c7 01       		.byte	0x1
 301 00c8 FC010000 		.4byte	.LASF17
 302 00cc 01       		.byte	0x1
 303 00cd A8       		.byte	0xa8
 304 00ce 01       		.byte	0x1
 305 00cf 00000000 		.4byte	.LFB0
 306 00d3 F0000000 		.4byte	.LFE0
 307 00d7 00000000 		.4byte	.LLST0
 308 00db 01       		.byte	0x1
 309 00dc 06       		.uleb128 0x6
 310 00dd 01       		.byte	0x1
 311 00de 05010000 		.4byte	.LASF18
ARM GAS  C:\Users\Sam\AppData\Local\Temp\ccvA4cr3.s 			page 11


 312 00e2 01       		.byte	0x1
 313 00e3 F6       		.byte	0xf6
 314 00e4 01       		.byte	0x1
 315 00e5 00000000 		.4byte	.LFB1
 316 00e9 24000000 		.4byte	.LFE1
 317 00ed 2C000000 		.4byte	.LLST1
 318 00f1 01       		.byte	0x1
 319 00f2 07       		.uleb128 0x7
 320 00f3 C5000000 		.4byte	.LASF19
 321 00f7 01       		.byte	0x1
 322 00f8 1A       		.byte	0x1a
 323 00f9 A5000000 		.4byte	0xa5
 324 00fd 01       		.byte	0x1
 325 00fe 05       		.byte	0x5
 326 00ff 03       		.byte	0x3
 327 0100 00000000 		.4byte	I2C_MPU6050_state
 328 0104 08       		.uleb128 0x8
 329 0105 44010000 		.4byte	.LASF20
 330 0109 03       		.byte	0x3
 331 010a 30       		.byte	0x30
 332 010b AA000000 		.4byte	0xaa
 333 010f 01       		.byte	0x1
 334 0110 01       		.byte	0x1
 335 0111 08       		.uleb128 0x8
 336 0112 22010000 		.4byte	.LASF21
 337 0116 03       		.byte	0x3
 338 0117 36       		.byte	0x36
 339 0118 BA000000 		.4byte	0xba
 340 011c 01       		.byte	0x1
 341 011d 01       		.byte	0x1
 342 011e 08       		.uleb128 0x8
 343 011f D7000000 		.4byte	.LASF22
 344 0123 03       		.byte	0x3
 345 0124 3B       		.byte	0x3b
 346 0125 BA000000 		.4byte	0xba
 347 0129 01       		.byte	0x1
 348 012a 01       		.byte	0x1
 349 012b 00       		.byte	0
 350              		.section	.debug_abbrev,"",%progbits
 351              	.Ldebug_abbrev0:
 352 0000 01       		.uleb128 0x1
 353 0001 11       		.uleb128 0x11
 354 0002 01       		.byte	0x1
 355 0003 25       		.uleb128 0x25
 356 0004 0E       		.uleb128 0xe
 357 0005 13       		.uleb128 0x13
 358 0006 0B       		.uleb128 0xb
 359 0007 03       		.uleb128 0x3
 360 0008 0E       		.uleb128 0xe
 361 0009 1B       		.uleb128 0x1b
 362 000a 0E       		.uleb128 0xe
 363 000b 55       		.uleb128 0x55
 364 000c 06       		.uleb128 0x6
 365 000d 11       		.uleb128 0x11
 366 000e 01       		.uleb128 0x1
 367 000f 52       		.uleb128 0x52
 368 0010 01       		.uleb128 0x1
ARM GAS  C:\Users\Sam\AppData\Local\Temp\ccvA4cr3.s 			page 12


 369 0011 10       		.uleb128 0x10
 370 0012 06       		.uleb128 0x6
 371 0013 00       		.byte	0
 372 0014 00       		.byte	0
 373 0015 02       		.uleb128 0x2
 374 0016 24       		.uleb128 0x24
 375 0017 00       		.byte	0
 376 0018 0B       		.uleb128 0xb
 377 0019 0B       		.uleb128 0xb
 378 001a 3E       		.uleb128 0x3e
 379 001b 0B       		.uleb128 0xb
 380 001c 03       		.uleb128 0x3
 381 001d 0E       		.uleb128 0xe
 382 001e 00       		.byte	0
 383 001f 00       		.byte	0
 384 0020 03       		.uleb128 0x3
 385 0021 24       		.uleb128 0x24
 386 0022 00       		.byte	0
 387 0023 0B       		.uleb128 0xb
 388 0024 0B       		.uleb128 0xb
 389 0025 3E       		.uleb128 0x3e
 390 0026 0B       		.uleb128 0xb
 391 0027 03       		.uleb128 0x3
 392 0028 08       		.uleb128 0x8
 393 0029 00       		.byte	0
 394 002a 00       		.byte	0
 395 002b 04       		.uleb128 0x4
 396 002c 16       		.uleb128 0x16
 397 002d 00       		.byte	0
 398 002e 03       		.uleb128 0x3
 399 002f 0E       		.uleb128 0xe
 400 0030 3A       		.uleb128 0x3a
 401 0031 0B       		.uleb128 0xb
 402 0032 3B       		.uleb128 0x3b
 403 0033 0B       		.uleb128 0xb
 404 0034 49       		.uleb128 0x49
 405 0035 13       		.uleb128 0x13
 406 0036 00       		.byte	0
 407 0037 00       		.byte	0
 408 0038 05       		.uleb128 0x5
 409 0039 35       		.uleb128 0x35
 410 003a 00       		.byte	0
 411 003b 49       		.uleb128 0x49
 412 003c 13       		.uleb128 0x13
 413 003d 00       		.byte	0
 414 003e 00       		.byte	0
 415 003f 06       		.uleb128 0x6
 416 0040 2E       		.uleb128 0x2e
 417 0041 00       		.byte	0
 418 0042 3F       		.uleb128 0x3f
 419 0043 0C       		.uleb128 0xc
 420 0044 03       		.uleb128 0x3
 421 0045 0E       		.uleb128 0xe
 422 0046 3A       		.uleb128 0x3a
 423 0047 0B       		.uleb128 0xb
 424 0048 3B       		.uleb128 0x3b
 425 0049 0B       		.uleb128 0xb
ARM GAS  C:\Users\Sam\AppData\Local\Temp\ccvA4cr3.s 			page 13


 426 004a 27       		.uleb128 0x27
 427 004b 0C       		.uleb128 0xc
 428 004c 11       		.uleb128 0x11
 429 004d 01       		.uleb128 0x1
 430 004e 12       		.uleb128 0x12
 431 004f 01       		.uleb128 0x1
 432 0050 40       		.uleb128 0x40
 433 0051 06       		.uleb128 0x6
 434 0052 9642     		.uleb128 0x2116
 435 0054 0C       		.uleb128 0xc
 436 0055 00       		.byte	0
 437 0056 00       		.byte	0
 438 0057 07       		.uleb128 0x7
 439 0058 34       		.uleb128 0x34
 440 0059 00       		.byte	0
 441 005a 03       		.uleb128 0x3
 442 005b 0E       		.uleb128 0xe
 443 005c 3A       		.uleb128 0x3a
 444 005d 0B       		.uleb128 0xb
 445 005e 3B       		.uleb128 0x3b
 446 005f 0B       		.uleb128 0xb
 447 0060 49       		.uleb128 0x49
 448 0061 13       		.uleb128 0x13
 449 0062 3F       		.uleb128 0x3f
 450 0063 0C       		.uleb128 0xc
 451 0064 02       		.uleb128 0x2
 452 0065 0A       		.uleb128 0xa
 453 0066 00       		.byte	0
 454 0067 00       		.byte	0
 455 0068 08       		.uleb128 0x8
 456 0069 34       		.uleb128 0x34
 457 006a 00       		.byte	0
 458 006b 03       		.uleb128 0x3
 459 006c 0E       		.uleb128 0xe
 460 006d 3A       		.uleb128 0x3a
 461 006e 0B       		.uleb128 0xb
 462 006f 3B       		.uleb128 0x3b
 463 0070 0B       		.uleb128 0xb
 464 0071 49       		.uleb128 0x49
 465 0072 13       		.uleb128 0x13
 466 0073 3F       		.uleb128 0x3f
 467 0074 0C       		.uleb128 0xc
 468 0075 3C       		.uleb128 0x3c
 469 0076 0C       		.uleb128 0xc
 470 0077 00       		.byte	0
 471 0078 00       		.byte	0
 472 0079 00       		.byte	0
 473              		.section	.debug_loc,"",%progbits
 474              	.Ldebug_loc0:
 475              	.LLST0:
 476 0000 00000000 		.4byte	.LFB0
 477 0004 02000000 		.4byte	.LCFI0
 478 0008 0200     		.2byte	0x2
 479 000a 7D       		.byte	0x7d
 480 000b 00       		.sleb128 0
 481 000c 02000000 		.4byte	.LCFI0
 482 0010 04000000 		.4byte	.LCFI1
ARM GAS  C:\Users\Sam\AppData\Local\Temp\ccvA4cr3.s 			page 14


 483 0014 0200     		.2byte	0x2
 484 0016 7D       		.byte	0x7d
 485 0017 08       		.sleb128 8
 486 0018 04000000 		.4byte	.LCFI1
 487 001c F0000000 		.4byte	.LFE0
 488 0020 0200     		.2byte	0x2
 489 0022 77       		.byte	0x77
 490 0023 08       		.sleb128 8
 491 0024 00000000 		.4byte	0
 492 0028 00000000 		.4byte	0
 493              	.LLST1:
 494 002c 00000000 		.4byte	.LFB1
 495 0030 02000000 		.4byte	.LCFI2
 496 0034 0200     		.2byte	0x2
 497 0036 7D       		.byte	0x7d
 498 0037 00       		.sleb128 0
 499 0038 02000000 		.4byte	.LCFI2
 500 003c 04000000 		.4byte	.LCFI3
 501 0040 0200     		.2byte	0x2
 502 0042 7D       		.byte	0x7d
 503 0043 08       		.sleb128 8
 504 0044 04000000 		.4byte	.LCFI3
 505 0048 24000000 		.4byte	.LFE1
 506 004c 0200     		.2byte	0x2
 507 004e 77       		.byte	0x77
 508 004f 08       		.sleb128 8
 509 0050 00000000 		.4byte	0
 510 0054 00000000 		.4byte	0
 511              		.section	.debug_aranges,"",%progbits
 512 0000 24000000 		.4byte	0x24
 513 0004 0200     		.2byte	0x2
 514 0006 00000000 		.4byte	.Ldebug_info0
 515 000a 04       		.byte	0x4
 516 000b 00       		.byte	0
 517 000c 0000     		.2byte	0
 518 000e 0000     		.2byte	0
 519 0010 00000000 		.4byte	.LFB0
 520 0014 F0000000 		.4byte	.LFE0-.LFB0
 521 0018 00000000 		.4byte	.LFB1
 522 001c 24000000 		.4byte	.LFE1-.LFB1
 523 0020 00000000 		.4byte	0
 524 0024 00000000 		.4byte	0
 525              		.section	.debug_ranges,"",%progbits
 526              	.Ldebug_ranges0:
 527 0000 00000000 		.4byte	.LFB0
 528 0004 F0000000 		.4byte	.LFE0
 529 0008 00000000 		.4byte	.LFB1
 530 000c 24000000 		.4byte	.LFE1
 531 0010 00000000 		.4byte	0
 532 0014 00000000 		.4byte	0
 533              		.section	.debug_line,"",%progbits
 534              	.Ldebug_line0:
 535 0000 A9000000 		.section	.debug_str,"MS",%progbits,1
 535      02006700 
 535      00000201 
 535      FB0E0D00 
 535      01010101 
ARM GAS  C:\Users\Sam\AppData\Local\Temp\ccvA4cr3.s 			page 15


 536              	.LASF6:
 537 0000 6C6F6E67 		.ascii	"long long int\000"
 537      206C6F6E 
 537      6720696E 
 537      7400
 538              	.LASF11:
 539 000e 75696E74 		.ascii	"uint32\000"
 539      333200
 540              	.LASF8:
 541 0015 756E7369 		.ascii	"unsigned int\000"
 541      676E6564 
 541      20696E74 
 541      00
 542              	.LASF24:
 543 0022 2E5C4765 		.ascii	".\\Generated_Source\\PSoC4\\I2C_MPU6050_I2C.c\000"
 543      6E657261 
 543      7465645F 
 543      536F7572 
 543      63655C50 
 544              	.LASF23:
 545 004d 474E5520 		.ascii	"GNU C 4.7.3 20130312 (release) [ARM/embedded-4_7-br"
 545      4320342E 
 545      372E3320 
 545      32303133 
 545      30333132 
 546 0080 616E6368 		.ascii	"anch revision 196615]\000"
 546      20726576 
 546      6973696F 
 546      6E203139 
 546      36363135 
 547              	.LASF9:
 548 0096 75696E74 		.ascii	"uint8\000"
 548      3800
 549              	.LASF5:
 550 009c 6C6F6E67 		.ascii	"long unsigned int\000"
 550      20756E73 
 550      69676E65 
 550      6420696E 
 550      7400
 551              	.LASF7:
 552 00ae 6C6F6E67 		.ascii	"long long unsigned int\000"
 552      206C6F6E 
 552      6720756E 
 552      7369676E 
 552      65642069 
 553              	.LASF19:
 554 00c5 4932435F 		.ascii	"I2C_MPU6050_state\000"
 554      4D505536 
 554      3035305F 
 554      73746174 
 554      6500
 555              	.LASF22:
 556 00d7 4932435F 		.ascii	"I2C_MPU6050_mstrWrBufIndex\000"
 556      4D505536 
 556      3035305F 
 556      6D737472 
 556      57724275 
ARM GAS  C:\Users\Sam\AppData\Local\Temp\ccvA4cr3.s 			page 16


 557              	.LASF1:
 558 00f2 756E7369 		.ascii	"unsigned char\000"
 558      676E6564 
 558      20636861 
 558      7200
 559              	.LASF14:
 560 0100 63686172 		.ascii	"char\000"
 560      00
 561              	.LASF18:
 562 0105 4932435F 		.ascii	"I2C_MPU6050_I2CStop\000"
 562      4D505536 
 562      3035305F 
 562      49324353 
 562      746F7000 
 563              	.LASF4:
 564 0119 6C6F6E67 		.ascii	"long int\000"
 564      20696E74 
 564      00
 565              	.LASF21:
 566 0122 4932435F 		.ascii	"I2C_MPU6050_mstrRdBufIndex\000"
 566      4D505536 
 566      3035305F 
 566      6D737472 
 566      52644275 
 567              	.LASF13:
 568 013d 646F7562 		.ascii	"double\000"
 568      6C6500
 569              	.LASF20:
 570 0144 4932435F 		.ascii	"I2C_MPU6050_mstrStatus\000"
 570      4D505536 
 570      3035305F 
 570      6D737472 
 570      53746174 
 571              	.LASF15:
 572 015b 72656733 		.ascii	"reg32\000"
 572      3200
 573              	.LASF3:
 574 0161 73686F72 		.ascii	"short unsigned int\000"
 574      7420756E 
 574      7369676E 
 574      65642069 
 574      6E7400
 575              	.LASF0:
 576 0174 7369676E 		.ascii	"signed char\000"
 576      65642063 
 576      68617200 
 577              	.LASF12:
 578 0180 666C6F61 		.ascii	"float\000"
 578      7400
 579              	.LASF2:
 580 0186 73686F72 		.ascii	"short int\000"
 580      7420696E 
 580      7400
 581              	.LASF10:
 582 0190 75696E74 		.ascii	"uint16\000"
 582      313600
 583              	.LASF25:
ARM GAS  C:\Users\Sam\AppData\Local\Temp\ccvA4cr3.s 			page 17


 584 0197 433A5C55 		.ascii	"C:\\Users\\Sam\\Dropbox\\Work\\2014\\MATLAB PSoC Se"
 584      73657273 
 584      5C53616D 
 584      5C44726F 
 584      70626F78 
 585 01c4 7269616C 		.ascii	"rial comms\\Simple UART Receive Interrupt.cydsn\000"
 585      20636F6D 
 585      6D735C53 
 585      696D706C 
 585      65205541 
 586              	.LASF16:
 587 01f3 73697A65 		.ascii	"sizetype\000"
 587      74797065 
 587      00
 588              	.LASF17:
 589 01fc 4932435F 		.ascii	"I2C_MPU6050_I2CInit\000"
 589      4D505536 
 589      3035305F 
 589      49324349 
 589      6E697400 
 590              		.ident	"GCC: (GNU Tools for ARM Embedded Processors) 4.7.3 20130312 (release) [ARM/embedded-4_7-br
