--------------- Build Started: 07/23/2014 17:57:41 Project: PSoC 4 Pioneer Modbus Slave, Configuration: ARM GCC 4.7.3 Debug ---------------
The code generation step is up to date.
arm-none-eabi-gcc.exe -I. -I./Generated_Source/PSoC4 -Wno-main -mcpu=cortex-m0 -mthumb -Wall -g -D DEBUG -Wa,-alh=.\ARM_GCC_473\Debug\main.lst -ffunction-sections -c .\main.c -o .\ARM_GCC_473\Debug\main.o
arm-none-eabi-gcc.exe -I. -I./Generated_Source/PSoC4 -Wno-main -mcpu=cortex-m0 -mthumb -Wall -g -D DEBUG -Wa,-alh=.\ARM_GCC_473\Debug\interrupts.lst -ffunction-sections -c .\interrupts.c -o .\ARM_GCC_473\Debug\interrupts.o
arm-none-eabi-gcc.exe -I. -I./Generated_Source/PSoC4 -Wno-main -mcpu=cortex-m0 -mthumb -Wall -g -D DEBUG -Wa,-alh=.\ARM_GCC_473\Debug\cyfitter_cfg.lst -ffunction-sections -c .\Generated_Source\PSoC4\cyfitter_cfg.c -o .\ARM_GCC_473\Debug\cyfitter_cfg.o
arm-none-eabi-gcc.exe -I. -I./Generated_Source/PSoC4 -Wno-main -mcpu=cortex-m0 -mthumb -Wall -g -D DEBUG -Wa,-alh=.\ARM_GCC_473\Debug\cymetadata.lst -ffunction-sections -c .\Generated_Source\PSoC4\cymetadata.c -o .\ARM_GCC_473\Debug\cymetadata.o
arm-none-eabi-gcc.exe -I. -I./Generated_Source/PSoC4 -Wno-main -mcpu=cortex-m0 -mthumb -Wall -g -D DEBUG -Wa,-alh=.\ARM_GCC_473\Debug\UART.lst -ffunction-sections -c .\Generated_Source\PSoC4\UART.c -o .\ARM_GCC_473\Debug\UART.o
arm-none-eabi-gcc.exe -I. -I./Generated_Source/PSoC4 -Wno-main -mcpu=cortex-m0 -mthumb -Wall -g -D DEBUG -Wa,-alh=.\ARM_GCC_473\Debug\UART_SPI_UART.lst -ffunction-sections -c .\Generated_Source\PSoC4\UART_SPI_UART.c -o .\ARM_GCC_473\Debug\UART_SPI_UART.o
arm-none-eabi-gcc.exe -I. -I./Generated_Source/PSoC4 -Wno-main -mcpu=cortex-m0 -mthumb -Wall -g -D DEBUG -Wa,-alh=.\ARM_GCC_473\Debug\UART_SPI_UART_INT.lst -ffunction-sections -c .\Generated_Source\PSoC4\UART_SPI_UART_INT.c -o .\ARM_GCC_473\Debug\UART_SPI_UART_INT.o
arm-none-eabi-gcc.exe -I. -I./Generated_Source/PSoC4 -Wno-main -mcpu=cortex-m0 -mthumb -Wall -g -D DEBUG -Wa,-alh=.\ARM_GCC_473\Debug\UART_PM.lst -ffunction-sections -c .\Generated_Source\PSoC4\UART_PM.c -o .\ARM_GCC_473\Debug\UART_PM.o
arm-none-eabi-gcc.exe -I. -I./Generated_Source/PSoC4 -Wno-main -mcpu=cortex-m0 -mthumb -Wall -g -D DEBUG -Wa,-alh=.\ARM_GCC_473\Debug\UART_UART.lst -ffunction-sections -c .\Generated_Source\PSoC4\UART_UART.c -o .\ARM_GCC_473\Debug\UART_UART.o
arm-none-eabi-gcc.exe -I. -I./Generated_Source/PSoC4 -Wno-main -mcpu=cortex-m0 -mthumb -Wall -g -D DEBUG -Wa,-alh=.\ARM_GCC_473\Debug\UART_BOOT.lst -ffunction-sections -c .\Generated_Source\PSoC4\UART_BOOT.c -o .\ARM_GCC_473\Debug\UART_BOOT.o
arm-none-eabi-gcc.exe -I. -I./Generated_Source/PSoC4 -Wno-main -mcpu=cortex-m0 -mthumb -Wall -g -D DEBUG -Wa,-alh=.\ARM_GCC_473\Debug\UART_UART_BOOT.lst -ffunction-sections -c .\Generated_Source\PSoC4\UART_UART_BOOT.c -o .\ARM_GCC_473\Debug\UART_UART_BOOT.o
arm-none-eabi-gcc.exe -I. -I./Generated_Source/PSoC4 -Wno-main -mcpu=cortex-m0 -mthumb -Wall -g -D DEBUG -Wa,-alh=.\ARM_GCC_473\Debug\UART_rx.lst -ffunction-sections -c .\Generated_Source\PSoC4\UART_rx.c -o .\ARM_GCC_473\Debug\UART_rx.o
arm-none-eabi-gcc.exe -I. -I./Generated_Source/PSoC4 -Wno-main -mcpu=cortex-m0 -mthumb -Wall -g -D DEBUG -Wa,-alh=.\ARM_GCC_473\Debug\UART_tx.lst -ffunction-sections -c .\Generated_Source\PSoC4\UART_tx.c -o .\ARM_GCC_473\Debug\UART_tx.o
arm-none-eabi-gcc.exe -I. -I./Generated_Source/PSoC4 -Wno-main -mcpu=cortex-m0 -mthumb -Wall -g -D DEBUG -Wa,-alh=.\ARM_GCC_473\Debug\Cm0Start.lst -ffunction-sections -c .\Generated_Source\PSoC4\Cm0Start.c -o .\ARM_GCC_473\Debug\Cm0Start.o
arm-none-eabi-as.exe -I. -I./Generated_Source/PSoC4 -mcpu=cortex-m0 -mthumb -g -alh=.\ARM_GCC_473\Debug/CyBootAsmGnu.lst -o .\ARM_GCC_473\Debug\CyBootAsmGnu.o .\Generated_Source\PSoC4\CyBootAsmGnu.s
arm-none-eabi-gcc.exe -I. -I./Generated_Source/PSoC4 -Wno-main -mcpu=cortex-m0 -mthumb -Wall -g -D DEBUG -Wa,-alh=.\ARM_GCC_473\Debug\CyFlash.lst -ffunction-sections -c .\Generated_Source\PSoC4\CyFlash.c -o .\ARM_GCC_473\Debug\CyFlash.o
arm-none-eabi-gcc.exe -I. -I./Generated_Source/PSoC4 -Wno-main -mcpu=cortex-m0 -mthumb -Wall -g -D DEBUG -Wa,-alh=.\ARM_GCC_473\Debug\CyLib.lst -ffunction-sections -c .\Generated_Source\PSoC4\CyLib.c -o .\ARM_GCC_473\Debug\CyLib.o
arm-none-eabi-gcc.exe -I. -I./Generated_Source/PSoC4 -Wno-main -mcpu=cortex-m0 -mthumb -Wall -g -D DEBUG -Wa,-alh=.\ARM_GCC_473\Debug\cyPm.lst -ffunction-sections -c .\Generated_Source\PSoC4\cyPm.c -o .\ARM_GCC_473\Debug\cyPm.o
arm-none-eabi-gcc.exe -I. -I./Generated_Source/PSoC4 -Wno-main -mcpu=cortex-m0 -mthumb -Wall -g -D DEBUG -Wa,-alh=.\ARM_GCC_473\Debug\cyutils.lst -ffunction-sections -c .\Generated_Source\PSoC4\cyutils.c -o .\ARM_GCC_473\Debug\cyutils.o
arm-none-eabi-gcc.exe -I. -I./Generated_Source/PSoC4 -Wno-main -mcpu=cortex-m0 -mthumb -Wall -g -D DEBUG -Wa,-alh=.\ARM_GCC_473\Debug\TX_LED.lst -ffunction-sections -c .\Generated_Source\PSoC4\TX_LED.c -o .\ARM_GCC_473\Debug\TX_LED.o
arm-none-eabi-gcc.exe -I. -I./Generated_Source/PSoC4 -Wno-main -mcpu=cortex-m0 -mthumb -Wall -g -D DEBUG -Wa,-alh=.\ARM_GCC_473\Debug\RX_LED.lst -ffunction-sections -c .\Generated_Source\PSoC4\RX_LED.c -o .\ARM_GCC_473\Debug\RX_LED.o
arm-none-eabi-gcc.exe -I. -I./Generated_Source/PSoC4 -Wno-main -mcpu=cortex-m0 -mthumb -Wall -g -D DEBUG -Wa,-alh=.\ARM_GCC_473\Debug\UART_RX_ISR.lst -ffunction-sections -c .\Generated_Source\PSoC4\UART_RX_ISR.c -o .\ARM_GCC_473\Debug\UART_RX_ISR.o
arm-none-eabi-ar.exe -rs ".\ARM_GCC_473\Debug\PSoC 4 Pioneer Modbus Slave.a" .\ARM_GCC_473\Debug\cyfitter_cfg.o .\ARM_GCC_473\Debug\UART.o .\ARM_GCC_473\Debug\UART_SPI_UART.o .\ARM_GCC_473\Debug\UART_SPI_UART_INT.o .\ARM_GCC_473\Debug\UART_PM.o .\ARM_GCC_473\Debug\UART_UART.o .\ARM_GCC_473\Debug\UART_BOOT.o .\ARM_GCC_473\Debug\UART_UART_BOOT.o .\ARM_GCC_473\Debug\UART_rx.o .\ARM_GCC_473\Debug\UART_tx.o .\ARM_GCC_473\Debug\CyBootAsmGnu.o .\ARM_GCC_473\Debug\CyFlash.o .\ARM_GCC_473\Debug\CyLib.o .\ARM_GCC_473\Debug\cyPm.o .\ARM_GCC_473\Debug\cyutils.o .\ARM_GCC_473\Debug\TX_LED.o .\ARM_GCC_473\Debug\RX_LED.o .\ARM_GCC_473\Debug\UART_RX_ISR.o
arm-none-eabi-ar.exe: creating .\ARM_GCC_473\Debug\PSoC 4 Pioneer Modbus Slave.a
arm-none-eabi-gcc.exe -mthumb -march=armv6-m -T .\Generated_Source\PSoC4\cm0gcc.ld -g "-Wl,-Map,.\ARM_GCC_473\Debug\PSoC 4 Pioneer Modbus Slave.map" -specs=nano.specs -Wl,--gc-sections -Wl,--start-group -o ".\ARM_GCC_473\Debug\PSoC 4 Pioneer Modbus Slave.elf" .\ARM_GCC_473\Debug\main.o .\ARM_GCC_473\Debug\interrupts.o .\ARM_GCC_473\Debug\cymetadata.o .\ARM_GCC_473\Debug\Cm0Start.o ".\ARM_GCC_473\Debug\PSoC 4 Pioneer Modbus Slave.a" "C:\Program Files (x86)\Cypress\PSoC Creator\3.0\PSoC Creator\psoc\content\cycomponentlibrary\CyComponentLibrary.cylib\CortexM0\ARM_GCC_473\Debug\CyComponentLibrary.a" -Wl,--end-group
cyelftool.exe -C "C:\Users\Sam\AppData\Local\Evernote\Evernote\Databases\Attachments\Working UART with interrupts\Working UART with interrupts\PSoC 4 Pioneer Modbus Slave.cydsn\ARM_GCC_473\Debug\PSoC 4 Pioneer Modbus Slave.elf" --flash_size 32768 --flash_row_size 128
cyelftool.exe -S "C:\Users\Sam\AppData\Local\Evernote\Evernote\Databases\Attachments\Working UART with interrupts\Working UART with interrupts\PSoC 4 Pioneer Modbus Slave.cydsn\ARM_GCC_473\Debug\PSoC 4 Pioneer Modbus Slave.elf"
Flash used: 2198 of 32768 bytes (6.7 %).
SRAM used: 1540 of 4096 bytes (37.6 %).
--------------- Build Succeeded: 07/23/2014 17:57:46 ---------------
