ARM GAS  C:\Users\Sam\AppData\Local\Temp\ccq1cFOG.s 			page 1


   1              		.cpu cortex-m0
   2              		.fpu softvfp
   3              		.eabi_attribute 20, 1
   4              		.eabi_attribute 21, 1
   5              		.eabi_attribute 23, 3
   6              		.eabi_attribute 24, 1
   7              		.eabi_attribute 25, 1
   8              		.eabi_attribute 26, 1
   9              		.eabi_attribute 30, 6
  10              		.eabi_attribute 34, 0
  11              		.eabi_attribute 18, 4
  12              		.code	16
  13              		.file	"I2C_MPU6050.c"
  14              		.text
  15              	.Ltext0:
  16              		.cfi_sections	.debug_frame
  17              		.global	I2C_MPU6050_initVar
  18              		.bss
  19              		.type	I2C_MPU6050_initVar, %object
  20              		.size	I2C_MPU6050_initVar, 1
  21              	I2C_MPU6050_initVar:
  22 0000 00       		.space	1
  23              		.global	I2C_MPU6050_customIntrHandler
  24 0001 000000   		.align	2
  25              		.type	I2C_MPU6050_customIntrHandler, %object
  26              		.size	I2C_MPU6050_customIntrHandler, 4
  27              	I2C_MPU6050_customIntrHandler:
  28 0004 00000000 		.space	4
  29              		.section	.text.I2C_MPU6050_Init,"ax",%progbits
  30              		.align	2
  31              		.global	I2C_MPU6050_Init
  32              		.code	16
  33              		.thumb_func
  34              		.type	I2C_MPU6050_Init, %function
  35              	I2C_MPU6050_Init:
  36              	.LFB0:
  37              		.file 1 ".\\Generated_Source\\PSoC4\\I2C_MPU6050.c"
   1:.\Generated_Source\PSoC4/I2C_MPU6050.c **** /*******************************************************************************
   2:.\Generated_Source\PSoC4/I2C_MPU6050.c **** * File Name: I2C_MPU6050.c
   3:.\Generated_Source\PSoC4/I2C_MPU6050.c **** * Version 1.20
   4:.\Generated_Source\PSoC4/I2C_MPU6050.c **** *
   5:.\Generated_Source\PSoC4/I2C_MPU6050.c **** * Description:
   6:.\Generated_Source\PSoC4/I2C_MPU6050.c **** *  This file provides the source code to the API for the SCB Component.
   7:.\Generated_Source\PSoC4/I2C_MPU6050.c **** *
   8:.\Generated_Source\PSoC4/I2C_MPU6050.c **** * Note:
   9:.\Generated_Source\PSoC4/I2C_MPU6050.c **** *
  10:.\Generated_Source\PSoC4/I2C_MPU6050.c **** *******************************************************************************
  11:.\Generated_Source\PSoC4/I2C_MPU6050.c **** * Copyright 2013-2014, Cypress Semiconductor Corporation.  All rights reserved.
  12:.\Generated_Source\PSoC4/I2C_MPU6050.c **** * You may use this file only in accordance with the license, terms, conditions,
  13:.\Generated_Source\PSoC4/I2C_MPU6050.c **** * disclaimers, and limitations in the end user license agreement accompanying
  14:.\Generated_Source\PSoC4/I2C_MPU6050.c **** * the software package with which this file was provided.
  15:.\Generated_Source\PSoC4/I2C_MPU6050.c **** *******************************************************************************/
  16:.\Generated_Source\PSoC4/I2C_MPU6050.c **** 
  17:.\Generated_Source\PSoC4/I2C_MPU6050.c **** #include "I2C_MPU6050_PVT.h"
  18:.\Generated_Source\PSoC4/I2C_MPU6050.c **** 
  19:.\Generated_Source\PSoC4/I2C_MPU6050.c **** #if(I2C_MPU6050_SCB_MODE_I2C_INC)
  20:.\Generated_Source\PSoC4/I2C_MPU6050.c ****     #include "I2C_MPU6050_I2C_PVT.h"
ARM GAS  C:\Users\Sam\AppData\Local\Temp\ccq1cFOG.s 			page 2


  21:.\Generated_Source\PSoC4/I2C_MPU6050.c **** #endif /* (I2C_MPU6050_SCB_MODE_I2C_INC) */
  22:.\Generated_Source\PSoC4/I2C_MPU6050.c **** 
  23:.\Generated_Source\PSoC4/I2C_MPU6050.c **** #if(I2C_MPU6050_SCB_MODE_EZI2C_INC)
  24:.\Generated_Source\PSoC4/I2C_MPU6050.c ****     #include "I2C_MPU6050_EZI2C_PVT.h"
  25:.\Generated_Source\PSoC4/I2C_MPU6050.c **** #endif /* (I2C_MPU6050_SCB_MODE_EZI2C_INC) */
  26:.\Generated_Source\PSoC4/I2C_MPU6050.c **** 
  27:.\Generated_Source\PSoC4/I2C_MPU6050.c **** #if(I2C_MPU6050_SCB_MODE_SPI_INC || I2C_MPU6050_SCB_MODE_UART_INC)
  28:.\Generated_Source\PSoC4/I2C_MPU6050.c ****     #include "I2C_MPU6050_SPI_UART_PVT.h"
  29:.\Generated_Source\PSoC4/I2C_MPU6050.c **** #endif /* (I2C_MPU6050_SCB_MODE_SPI_INC || I2C_MPU6050_SCB_MODE_UART_INC) */
  30:.\Generated_Source\PSoC4/I2C_MPU6050.c **** 
  31:.\Generated_Source\PSoC4/I2C_MPU6050.c **** 
  32:.\Generated_Source\PSoC4/I2C_MPU6050.c **** /***************************************
  33:.\Generated_Source\PSoC4/I2C_MPU6050.c **** *    Run Time Configuration Vars
  34:.\Generated_Source\PSoC4/I2C_MPU6050.c **** ***************************************/
  35:.\Generated_Source\PSoC4/I2C_MPU6050.c **** 
  36:.\Generated_Source\PSoC4/I2C_MPU6050.c **** /* Stores internal component configuration for unconfigured mode */
  37:.\Generated_Source\PSoC4/I2C_MPU6050.c **** #if(I2C_MPU6050_SCB_MODE_UNCONFIG_CONST_CFG)
  38:.\Generated_Source\PSoC4/I2C_MPU6050.c ****     /* Common config vars */
  39:.\Generated_Source\PSoC4/I2C_MPU6050.c ****     uint8 I2C_MPU6050_scbMode = I2C_MPU6050_SCB_MODE_UNCONFIG;
  40:.\Generated_Source\PSoC4/I2C_MPU6050.c ****     uint8 I2C_MPU6050_scbEnableWake;
  41:.\Generated_Source\PSoC4/I2C_MPU6050.c ****     uint8 I2C_MPU6050_scbEnableIntr;
  42:.\Generated_Source\PSoC4/I2C_MPU6050.c **** 
  43:.\Generated_Source\PSoC4/I2C_MPU6050.c ****     /* I2C config vars */
  44:.\Generated_Source\PSoC4/I2C_MPU6050.c ****     uint8 I2C_MPU6050_mode;
  45:.\Generated_Source\PSoC4/I2C_MPU6050.c ****     uint8 I2C_MPU6050_acceptAddr;
  46:.\Generated_Source\PSoC4/I2C_MPU6050.c **** 
  47:.\Generated_Source\PSoC4/I2C_MPU6050.c ****     /* SPI/UART config vars */
  48:.\Generated_Source\PSoC4/I2C_MPU6050.c ****     volatile uint8 * I2C_MPU6050_rxBuffer;
  49:.\Generated_Source\PSoC4/I2C_MPU6050.c ****     uint8  I2C_MPU6050_rxDataBits;
  50:.\Generated_Source\PSoC4/I2C_MPU6050.c ****     uint32 I2C_MPU6050_rxBufferSize;
  51:.\Generated_Source\PSoC4/I2C_MPU6050.c **** 
  52:.\Generated_Source\PSoC4/I2C_MPU6050.c ****     volatile uint8 * I2C_MPU6050_txBuffer;
  53:.\Generated_Source\PSoC4/I2C_MPU6050.c ****     uint8  I2C_MPU6050_txDataBits;
  54:.\Generated_Source\PSoC4/I2C_MPU6050.c ****     uint32 I2C_MPU6050_txBufferSize;
  55:.\Generated_Source\PSoC4/I2C_MPU6050.c **** 
  56:.\Generated_Source\PSoC4/I2C_MPU6050.c ****     /* EZI2C config vars */
  57:.\Generated_Source\PSoC4/I2C_MPU6050.c ****     uint8 I2C_MPU6050_numberOfAddr;
  58:.\Generated_Source\PSoC4/I2C_MPU6050.c ****     uint8 I2C_MPU6050_subAddrSize;
  59:.\Generated_Source\PSoC4/I2C_MPU6050.c **** #endif /* (I2C_MPU6050_SCB_MODE_UNCONFIG_CONST_CFG) */
  60:.\Generated_Source\PSoC4/I2C_MPU6050.c **** 
  61:.\Generated_Source\PSoC4/I2C_MPU6050.c **** 
  62:.\Generated_Source\PSoC4/I2C_MPU6050.c **** /***************************************
  63:.\Generated_Source\PSoC4/I2C_MPU6050.c **** *     Common SCB Vars
  64:.\Generated_Source\PSoC4/I2C_MPU6050.c **** ***************************************/
  65:.\Generated_Source\PSoC4/I2C_MPU6050.c **** 
  66:.\Generated_Source\PSoC4/I2C_MPU6050.c **** uint8 I2C_MPU6050_initVar = 0u;
  67:.\Generated_Source\PSoC4/I2C_MPU6050.c **** 
  68:.\Generated_Source\PSoC4/I2C_MPU6050.c **** #if !defined (CY_REMOVE_I2C_MPU6050_CUSTOM_INTR_HANDLER)
  69:.\Generated_Source\PSoC4/I2C_MPU6050.c ****     cyisraddress I2C_MPU6050_customIntrHandler = NULL;
  70:.\Generated_Source\PSoC4/I2C_MPU6050.c **** #endif /* !defined (CY_REMOVE_I2C_MPU6050_CUSTOM_INTR_HANDLER) */
  71:.\Generated_Source\PSoC4/I2C_MPU6050.c **** 
  72:.\Generated_Source\PSoC4/I2C_MPU6050.c **** 
  73:.\Generated_Source\PSoC4/I2C_MPU6050.c **** /***************************************
  74:.\Generated_Source\PSoC4/I2C_MPU6050.c **** *    Private Function Prototypes
  75:.\Generated_Source\PSoC4/I2C_MPU6050.c **** ***************************************/
  76:.\Generated_Source\PSoC4/I2C_MPU6050.c **** 
  77:.\Generated_Source\PSoC4/I2C_MPU6050.c **** static void I2C_MPU6050_ScbEnableIntr(void);
ARM GAS  C:\Users\Sam\AppData\Local\Temp\ccq1cFOG.s 			page 3


  78:.\Generated_Source\PSoC4/I2C_MPU6050.c **** static void I2C_MPU6050_ScbModeStop(void);
  79:.\Generated_Source\PSoC4/I2C_MPU6050.c **** 
  80:.\Generated_Source\PSoC4/I2C_MPU6050.c **** 
  81:.\Generated_Source\PSoC4/I2C_MPU6050.c **** /*******************************************************************************
  82:.\Generated_Source\PSoC4/I2C_MPU6050.c **** * Function Name: I2C_MPU6050_Init
  83:.\Generated_Source\PSoC4/I2C_MPU6050.c **** ********************************************************************************
  84:.\Generated_Source\PSoC4/I2C_MPU6050.c **** *
  85:.\Generated_Source\PSoC4/I2C_MPU6050.c **** * Summary:
  86:.\Generated_Source\PSoC4/I2C_MPU6050.c **** *  Initializes the SCB component to operate in one of the selected configurations:
  87:.\Generated_Source\PSoC4/I2C_MPU6050.c **** *  I2C, SPI, UART or EZ I2C.
  88:.\Generated_Source\PSoC4/I2C_MPU6050.c **** *  When the configuration is set to “Unconfigured SCB”, this function does
  89:.\Generated_Source\PSoC4/I2C_MPU6050.c **** *  not do any initialization. Use mode-specific initialization APIs instead:
  90:.\Generated_Source\PSoC4/I2C_MPU6050.c **** *  SCB_I2CInit, SCB_SpiInit, SCB_UartInit or SCB_EzI2CInit.
  91:.\Generated_Source\PSoC4/I2C_MPU6050.c **** *
  92:.\Generated_Source\PSoC4/I2C_MPU6050.c **** * Parameters:
  93:.\Generated_Source\PSoC4/I2C_MPU6050.c **** *  None
  94:.\Generated_Source\PSoC4/I2C_MPU6050.c **** *
  95:.\Generated_Source\PSoC4/I2C_MPU6050.c **** * Return:
  96:.\Generated_Source\PSoC4/I2C_MPU6050.c **** *  None
  97:.\Generated_Source\PSoC4/I2C_MPU6050.c **** *
  98:.\Generated_Source\PSoC4/I2C_MPU6050.c **** *******************************************************************************/
  99:.\Generated_Source\PSoC4/I2C_MPU6050.c **** void I2C_MPU6050_Init(void)
 100:.\Generated_Source\PSoC4/I2C_MPU6050.c **** {
  38              		.loc 1 100 0
  39              		.cfi_startproc
  40 0000 80B5     		push	{r7, lr}
  41              	.LCFI0:
  42              		.cfi_def_cfa_offset 8
  43              		.cfi_offset 7, -8
  44              		.cfi_offset 14, -4
  45 0002 00AF     		add	r7, sp, #0
  46              	.LCFI1:
  47              		.cfi_def_cfa_register 7
 101:.\Generated_Source\PSoC4/I2C_MPU6050.c **** #if(I2C_MPU6050_SCB_MODE_UNCONFIG_CONST_CFG)
 102:.\Generated_Source\PSoC4/I2C_MPU6050.c ****     if(I2C_MPU6050_SCB_MODE_UNCONFIG_RUNTM_CFG)
 103:.\Generated_Source\PSoC4/I2C_MPU6050.c ****     {
 104:.\Generated_Source\PSoC4/I2C_MPU6050.c ****         I2C_MPU6050_initVar = 0u; /* Clear init var */
 105:.\Generated_Source\PSoC4/I2C_MPU6050.c ****     }
 106:.\Generated_Source\PSoC4/I2C_MPU6050.c ****     else
 107:.\Generated_Source\PSoC4/I2C_MPU6050.c ****     {
 108:.\Generated_Source\PSoC4/I2C_MPU6050.c ****         /* Initialization was done before call */
 109:.\Generated_Source\PSoC4/I2C_MPU6050.c ****     }
 110:.\Generated_Source\PSoC4/I2C_MPU6050.c **** 
 111:.\Generated_Source\PSoC4/I2C_MPU6050.c **** #elif(I2C_MPU6050_SCB_MODE_I2C_CONST_CFG)
 112:.\Generated_Source\PSoC4/I2C_MPU6050.c ****     I2C_MPU6050_I2CInit();
  48              		.loc 1 112 0
  49 0004 FFF7FEFF 		bl	I2C_MPU6050_I2CInit
 113:.\Generated_Source\PSoC4/I2C_MPU6050.c **** 
 114:.\Generated_Source\PSoC4/I2C_MPU6050.c **** #elif(I2C_MPU6050_SCB_MODE_SPI_CONST_CFG)
 115:.\Generated_Source\PSoC4/I2C_MPU6050.c ****     I2C_MPU6050_SpiInit();
 116:.\Generated_Source\PSoC4/I2C_MPU6050.c **** 
 117:.\Generated_Source\PSoC4/I2C_MPU6050.c **** #elif(I2C_MPU6050_SCB_MODE_UART_CONST_CFG)
 118:.\Generated_Source\PSoC4/I2C_MPU6050.c ****     I2C_MPU6050_UartInit();
 119:.\Generated_Source\PSoC4/I2C_MPU6050.c **** 
 120:.\Generated_Source\PSoC4/I2C_MPU6050.c **** #elif(I2C_MPU6050_SCB_MODE_EZI2C_CONST_CFG)
 121:.\Generated_Source\PSoC4/I2C_MPU6050.c ****     I2C_MPU6050_EzI2CInit();
 122:.\Generated_Source\PSoC4/I2C_MPU6050.c **** 
ARM GAS  C:\Users\Sam\AppData\Local\Temp\ccq1cFOG.s 			page 4


 123:.\Generated_Source\PSoC4/I2C_MPU6050.c **** #endif /* (I2C_MPU6050_SCB_MODE_UNCONFIG_CONST_CFG) */
 124:.\Generated_Source\PSoC4/I2C_MPU6050.c **** }
  50              		.loc 1 124 0
  51 0008 BD46     		mov	sp, r7
  52              		@ sp needed for prologue
  53 000a 80BD     		pop	{r7, pc}
  54              		.cfi_endproc
  55              	.LFE0:
  56              		.size	I2C_MPU6050_Init, .-I2C_MPU6050_Init
  57              		.section	.text.I2C_MPU6050_Enable,"ax",%progbits
  58              		.align	2
  59              		.global	I2C_MPU6050_Enable
  60              		.code	16
  61              		.thumb_func
  62              		.type	I2C_MPU6050_Enable, %function
  63              	I2C_MPU6050_Enable:
  64              	.LFB1:
 125:.\Generated_Source\PSoC4/I2C_MPU6050.c **** 
 126:.\Generated_Source\PSoC4/I2C_MPU6050.c **** 
 127:.\Generated_Source\PSoC4/I2C_MPU6050.c **** /*******************************************************************************
 128:.\Generated_Source\PSoC4/I2C_MPU6050.c **** * Function Name: I2C_MPU6050_Enable
 129:.\Generated_Source\PSoC4/I2C_MPU6050.c **** ********************************************************************************
 130:.\Generated_Source\PSoC4/I2C_MPU6050.c **** *
 131:.\Generated_Source\PSoC4/I2C_MPU6050.c **** * Summary:
 132:.\Generated_Source\PSoC4/I2C_MPU6050.c **** *  Enables the SCB component operation.
 133:.\Generated_Source\PSoC4/I2C_MPU6050.c **** *  The SCB configuration should be not changed when the component is enabled.
 134:.\Generated_Source\PSoC4/I2C_MPU6050.c **** *  Any configuration changes should be made after disabling the component.
 135:.\Generated_Source\PSoC4/I2C_MPU6050.c **** *
 136:.\Generated_Source\PSoC4/I2C_MPU6050.c **** * Parameters:
 137:.\Generated_Source\PSoC4/I2C_MPU6050.c **** *  None
 138:.\Generated_Source\PSoC4/I2C_MPU6050.c **** *
 139:.\Generated_Source\PSoC4/I2C_MPU6050.c **** * Return:
 140:.\Generated_Source\PSoC4/I2C_MPU6050.c **** *  None
 141:.\Generated_Source\PSoC4/I2C_MPU6050.c **** *
 142:.\Generated_Source\PSoC4/I2C_MPU6050.c **** *******************************************************************************/
 143:.\Generated_Source\PSoC4/I2C_MPU6050.c **** void I2C_MPU6050_Enable(void)
 144:.\Generated_Source\PSoC4/I2C_MPU6050.c **** {
  65              		.loc 1 144 0
  66              		.cfi_startproc
  67 0000 80B5     		push	{r7, lr}
  68              	.LCFI2:
  69              		.cfi_def_cfa_offset 8
  70              		.cfi_offset 7, -8
  71              		.cfi_offset 14, -4
  72 0002 00AF     		add	r7, sp, #0
  73              	.LCFI3:
  74              		.cfi_def_cfa_register 7
 145:.\Generated_Source\PSoC4/I2C_MPU6050.c **** #if(I2C_MPU6050_SCB_MODE_UNCONFIG_CONST_CFG)
 146:.\Generated_Source\PSoC4/I2C_MPU6050.c ****     /* Enable SCB block, only if it is already configured */
 147:.\Generated_Source\PSoC4/I2C_MPU6050.c ****     if(!I2C_MPU6050_SCB_MODE_UNCONFIG_RUNTM_CFG)
 148:.\Generated_Source\PSoC4/I2C_MPU6050.c ****     {
 149:.\Generated_Source\PSoC4/I2C_MPU6050.c ****         I2C_MPU6050_CTRL_REG |= I2C_MPU6050_CTRL_ENABLED;
 150:.\Generated_Source\PSoC4/I2C_MPU6050.c **** 
 151:.\Generated_Source\PSoC4/I2C_MPU6050.c ****         I2C_MPU6050_ScbEnableIntr();
 152:.\Generated_Source\PSoC4/I2C_MPU6050.c ****     }
 153:.\Generated_Source\PSoC4/I2C_MPU6050.c **** #else
 154:.\Generated_Source\PSoC4/I2C_MPU6050.c ****     I2C_MPU6050_CTRL_REG |= I2C_MPU6050_CTRL_ENABLED;
ARM GAS  C:\Users\Sam\AppData\Local\Temp\ccq1cFOG.s 			page 5


  75              		.loc 1 154 0
  76 0004 054B     		ldr	r3, .L3
  77 0006 054A     		ldr	r2, .L3
  78 0008 1268     		ldr	r2, [r2]
  79 000a 8021     		mov	r1, #128
  80 000c 0906     		lsl	r1, r1, #24
  81 000e 0A43     		orr	r2, r1
  82 0010 1A60     		str	r2, [r3]
 155:.\Generated_Source\PSoC4/I2C_MPU6050.c **** 
 156:.\Generated_Source\PSoC4/I2C_MPU6050.c ****     I2C_MPU6050_ScbEnableIntr();
  83              		.loc 1 156 0
  84 0012 FFF7FEFF 		bl	I2C_MPU6050_ScbEnableIntr
 157:.\Generated_Source\PSoC4/I2C_MPU6050.c **** #endif /* (I2C_MPU6050_SCB_MODE_UNCONFIG_CONST_CFG) */
 158:.\Generated_Source\PSoC4/I2C_MPU6050.c **** }
  85              		.loc 1 158 0
  86 0016 BD46     		mov	sp, r7
  87              		@ sp needed for prologue
  88 0018 80BD     		pop	{r7, pc}
  89              	.L4:
  90 001a C046     		.align	2
  91              	.L3:
  92 001c 00000740 		.word	1074200576
  93              		.cfi_endproc
  94              	.LFE1:
  95              		.size	I2C_MPU6050_Enable, .-I2C_MPU6050_Enable
  96              		.section	.text.I2C_MPU6050_Start,"ax",%progbits
  97              		.align	2
  98              		.global	I2C_MPU6050_Start
  99              		.code	16
 100              		.thumb_func
 101              		.type	I2C_MPU6050_Start, %function
 102              	I2C_MPU6050_Start:
 103              	.LFB2:
 159:.\Generated_Source\PSoC4/I2C_MPU6050.c **** 
 160:.\Generated_Source\PSoC4/I2C_MPU6050.c **** 
 161:.\Generated_Source\PSoC4/I2C_MPU6050.c **** /*******************************************************************************
 162:.\Generated_Source\PSoC4/I2C_MPU6050.c **** * Function Name: I2C_MPU6050_Start
 163:.\Generated_Source\PSoC4/I2C_MPU6050.c **** ********************************************************************************
 164:.\Generated_Source\PSoC4/I2C_MPU6050.c **** *
 165:.\Generated_Source\PSoC4/I2C_MPU6050.c **** * Summary:
 166:.\Generated_Source\PSoC4/I2C_MPU6050.c **** *  Invokes SCB_Init() and SCB_Enable().
 167:.\Generated_Source\PSoC4/I2C_MPU6050.c **** *  After this function call, the component is enabled and ready for operation.
 168:.\Generated_Source\PSoC4/I2C_MPU6050.c **** *  When configuration is set to “Unconfigured SCB”, the component must first be
 169:.\Generated_Source\PSoC4/I2C_MPU6050.c **** *  initialized to operate in one of the following configurations: I2C, SPI, UART
 170:.\Generated_Source\PSoC4/I2C_MPU6050.c **** *  or EZ I2C. Otherwise this function does not enable the component.
 171:.\Generated_Source\PSoC4/I2C_MPU6050.c **** *
 172:.\Generated_Source\PSoC4/I2C_MPU6050.c **** * Parameters:
 173:.\Generated_Source\PSoC4/I2C_MPU6050.c **** *  None
 174:.\Generated_Source\PSoC4/I2C_MPU6050.c **** *
 175:.\Generated_Source\PSoC4/I2C_MPU6050.c **** * Return:
 176:.\Generated_Source\PSoC4/I2C_MPU6050.c **** *  None
 177:.\Generated_Source\PSoC4/I2C_MPU6050.c **** *
 178:.\Generated_Source\PSoC4/I2C_MPU6050.c **** * Global variables:
 179:.\Generated_Source\PSoC4/I2C_MPU6050.c **** *  I2C_MPU6050_initVar - used to check initial configuration, modified
 180:.\Generated_Source\PSoC4/I2C_MPU6050.c **** *  on first function call.
 181:.\Generated_Source\PSoC4/I2C_MPU6050.c **** *
 182:.\Generated_Source\PSoC4/I2C_MPU6050.c **** *******************************************************************************/
ARM GAS  C:\Users\Sam\AppData\Local\Temp\ccq1cFOG.s 			page 6


 183:.\Generated_Source\PSoC4/I2C_MPU6050.c **** void I2C_MPU6050_Start(void)
 184:.\Generated_Source\PSoC4/I2C_MPU6050.c **** {
 104              		.loc 1 184 0
 105              		.cfi_startproc
 106 0000 80B5     		push	{r7, lr}
 107              	.LCFI4:
 108              		.cfi_def_cfa_offset 8
 109              		.cfi_offset 7, -8
 110              		.cfi_offset 14, -4
 111 0002 00AF     		add	r7, sp, #0
 112              	.LCFI5:
 113              		.cfi_def_cfa_register 7
 185:.\Generated_Source\PSoC4/I2C_MPU6050.c ****     if(0u == I2C_MPU6050_initVar)
 114              		.loc 1 185 0
 115 0004 064B     		ldr	r3, .L7
 116 0006 1B78     		ldrb	r3, [r3]
 117 0008 002B     		cmp	r3, #0
 118 000a 04D1     		bne	.L6
 186:.\Generated_Source\PSoC4/I2C_MPU6050.c ****     {
 187:.\Generated_Source\PSoC4/I2C_MPU6050.c ****         I2C_MPU6050_Init();
 119              		.loc 1 187 0
 120 000c FFF7FEFF 		bl	I2C_MPU6050_Init
 188:.\Generated_Source\PSoC4/I2C_MPU6050.c ****         I2C_MPU6050_initVar = 1u; /* Component was initialized */
 121              		.loc 1 188 0
 122 0010 034B     		ldr	r3, .L7
 123 0012 0122     		mov	r2, #1
 124 0014 1A70     		strb	r2, [r3]
 125              	.L6:
 189:.\Generated_Source\PSoC4/I2C_MPU6050.c ****     }
 190:.\Generated_Source\PSoC4/I2C_MPU6050.c **** 
 191:.\Generated_Source\PSoC4/I2C_MPU6050.c ****     I2C_MPU6050_Enable();
 126              		.loc 1 191 0
 127 0016 FFF7FEFF 		bl	I2C_MPU6050_Enable
 192:.\Generated_Source\PSoC4/I2C_MPU6050.c **** }
 128              		.loc 1 192 0
 129 001a BD46     		mov	sp, r7
 130              		@ sp needed for prologue
 131 001c 80BD     		pop	{r7, pc}
 132              	.L8:
 133 001e C046     		.align	2
 134              	.L7:
 135 0020 00000000 		.word	I2C_MPU6050_initVar
 136              		.cfi_endproc
 137              	.LFE2:
 138              		.size	I2C_MPU6050_Start, .-I2C_MPU6050_Start
 139              		.section	.text.I2C_MPU6050_Stop,"ax",%progbits
 140              		.align	2
 141              		.global	I2C_MPU6050_Stop
 142              		.code	16
 143              		.thumb_func
 144              		.type	I2C_MPU6050_Stop, %function
 145              	I2C_MPU6050_Stop:
 146              	.LFB3:
 193:.\Generated_Source\PSoC4/I2C_MPU6050.c **** 
 194:.\Generated_Source\PSoC4/I2C_MPU6050.c **** 
 195:.\Generated_Source\PSoC4/I2C_MPU6050.c **** /*******************************************************************************
 196:.\Generated_Source\PSoC4/I2C_MPU6050.c **** * Function Name: I2C_MPU6050_Stop
ARM GAS  C:\Users\Sam\AppData\Local\Temp\ccq1cFOG.s 			page 7


 197:.\Generated_Source\PSoC4/I2C_MPU6050.c **** ********************************************************************************
 198:.\Generated_Source\PSoC4/I2C_MPU6050.c **** *
 199:.\Generated_Source\PSoC4/I2C_MPU6050.c **** * Summary:
 200:.\Generated_Source\PSoC4/I2C_MPU6050.c **** *  Disables the SCB component and its interrupt.
 201:.\Generated_Source\PSoC4/I2C_MPU6050.c **** *
 202:.\Generated_Source\PSoC4/I2C_MPU6050.c **** * Parameters:
 203:.\Generated_Source\PSoC4/I2C_MPU6050.c **** *  None
 204:.\Generated_Source\PSoC4/I2C_MPU6050.c **** *
 205:.\Generated_Source\PSoC4/I2C_MPU6050.c **** * Return:
 206:.\Generated_Source\PSoC4/I2C_MPU6050.c **** *  None
 207:.\Generated_Source\PSoC4/I2C_MPU6050.c **** *
 208:.\Generated_Source\PSoC4/I2C_MPU6050.c **** *******************************************************************************/
 209:.\Generated_Source\PSoC4/I2C_MPU6050.c **** void I2C_MPU6050_Stop(void)
 210:.\Generated_Source\PSoC4/I2C_MPU6050.c **** {
 147              		.loc 1 210 0
 148              		.cfi_startproc
 149 0000 80B5     		push	{r7, lr}
 150              	.LCFI6:
 151              		.cfi_def_cfa_offset 8
 152              		.cfi_offset 7, -8
 153              		.cfi_offset 14, -4
 154 0002 00AF     		add	r7, sp, #0
 155              	.LCFI7:
 156              		.cfi_def_cfa_register 7
 211:.\Generated_Source\PSoC4/I2C_MPU6050.c **** #if(I2C_MPU6050_SCB_IRQ_INTERNAL)
 212:.\Generated_Source\PSoC4/I2C_MPU6050.c ****     I2C_MPU6050_DisableInt();
 157              		.loc 1 212 0
 158 0004 0B20     		mov	r0, #11
 159 0006 FFF7FEFF 		bl	CyIntDisable
 213:.\Generated_Source\PSoC4/I2C_MPU6050.c **** #endif /* (I2C_MPU6050_SCB_IRQ_INTERNAL) */
 214:.\Generated_Source\PSoC4/I2C_MPU6050.c **** 
 215:.\Generated_Source\PSoC4/I2C_MPU6050.c ****     I2C_MPU6050_CTRL_REG &= (uint32) ~I2C_MPU6050_CTRL_ENABLED;  /* Disable SCB block */
 160              		.loc 1 215 0
 161 000a 064B     		ldr	r3, .L10
 162 000c 054A     		ldr	r2, .L10
 163 000e 1268     		ldr	r2, [r2]
 164 0010 5200     		lsl	r2, r2, #1
 165 0012 5208     		lsr	r2, r2, #1
 166 0014 1A60     		str	r2, [r3]
 216:.\Generated_Source\PSoC4/I2C_MPU6050.c **** 
 217:.\Generated_Source\PSoC4/I2C_MPU6050.c **** #if(I2C_MPU6050_SCB_IRQ_INTERNAL)
 218:.\Generated_Source\PSoC4/I2C_MPU6050.c ****     I2C_MPU6050_ClearPendingInt();
 167              		.loc 1 218 0
 168 0016 0B20     		mov	r0, #11
 169 0018 FFF7FEFF 		bl	CyIntClearPending
 219:.\Generated_Source\PSoC4/I2C_MPU6050.c **** #endif /* (I2C_MPU6050_SCB_IRQ_INTERNAL) */
 220:.\Generated_Source\PSoC4/I2C_MPU6050.c **** 
 221:.\Generated_Source\PSoC4/I2C_MPU6050.c ****     I2C_MPU6050_ScbModeStop(); /* Calls scbMode specific Stop function */
 170              		.loc 1 221 0
 171 001c FFF7FEFF 		bl	I2C_MPU6050_ScbModeStop
 222:.\Generated_Source\PSoC4/I2C_MPU6050.c **** }
 172              		.loc 1 222 0
 173 0020 BD46     		mov	sp, r7
 174              		@ sp needed for prologue
 175 0022 80BD     		pop	{r7, pc}
 176              	.L11:
 177              		.align	2
ARM GAS  C:\Users\Sam\AppData\Local\Temp\ccq1cFOG.s 			page 8


 178              	.L10:
 179 0024 00000740 		.word	1074200576
 180              		.cfi_endproc
 181              	.LFE3:
 182              		.size	I2C_MPU6050_Stop, .-I2C_MPU6050_Stop
 183              		.section	.text.I2C_MPU6050_SetCustomInterruptHandler,"ax",%progbits
 184              		.align	2
 185              		.global	I2C_MPU6050_SetCustomInterruptHandler
 186              		.code	16
 187              		.thumb_func
 188              		.type	I2C_MPU6050_SetCustomInterruptHandler, %function
 189              	I2C_MPU6050_SetCustomInterruptHandler:
 190              	.LFB4:
 223:.\Generated_Source\PSoC4/I2C_MPU6050.c **** 
 224:.\Generated_Source\PSoC4/I2C_MPU6050.c **** 
 225:.\Generated_Source\PSoC4/I2C_MPU6050.c **** /*******************************************************************************
 226:.\Generated_Source\PSoC4/I2C_MPU6050.c **** * Function Name: I2C_MPU6050_SetCustomInterruptHandler
 227:.\Generated_Source\PSoC4/I2C_MPU6050.c **** ********************************************************************************
 228:.\Generated_Source\PSoC4/I2C_MPU6050.c **** *
 229:.\Generated_Source\PSoC4/I2C_MPU6050.c **** * Summary:
 230:.\Generated_Source\PSoC4/I2C_MPU6050.c **** *  Registers a function to be called by the internal interrupt handler.
 231:.\Generated_Source\PSoC4/I2C_MPU6050.c **** *  First the function that is registered is called, then the internal interrupt
 232:.\Generated_Source\PSoC4/I2C_MPU6050.c **** *  handler performs any operations such as software buffer management functions
 233:.\Generated_Source\PSoC4/I2C_MPU6050.c **** *  before the interrupt returns.  It is the user's responsibility not to break the
 234:.\Generated_Source\PSoC4/I2C_MPU6050.c **** *  software buffer operations. Only one custom handler is supported, which is
 235:.\Generated_Source\PSoC4/I2C_MPU6050.c **** *  the function provided by the most recent call.
 236:.\Generated_Source\PSoC4/I2C_MPU6050.c **** *  At initialization time no custom handler is registered.
 237:.\Generated_Source\PSoC4/I2C_MPU6050.c **** *
 238:.\Generated_Source\PSoC4/I2C_MPU6050.c **** * Parameters:
 239:.\Generated_Source\PSoC4/I2C_MPU6050.c **** *  func: Pointer to the function to register.
 240:.\Generated_Source\PSoC4/I2C_MPU6050.c **** *        The value NULL indicates to remove the current custom interrupt
 241:.\Generated_Source\PSoC4/I2C_MPU6050.c **** *        handler.
 242:.\Generated_Source\PSoC4/I2C_MPU6050.c **** *
 243:.\Generated_Source\PSoC4/I2C_MPU6050.c **** * Return:
 244:.\Generated_Source\PSoC4/I2C_MPU6050.c **** *  None
 245:.\Generated_Source\PSoC4/I2C_MPU6050.c **** *
 246:.\Generated_Source\PSoC4/I2C_MPU6050.c **** *******************************************************************************/
 247:.\Generated_Source\PSoC4/I2C_MPU6050.c **** void I2C_MPU6050_SetCustomInterruptHandler(cyisraddress func)
 248:.\Generated_Source\PSoC4/I2C_MPU6050.c **** {
 191              		.loc 1 248 0
 192              		.cfi_startproc
 193 0000 80B5     		push	{r7, lr}
 194              	.LCFI8:
 195              		.cfi_def_cfa_offset 8
 196              		.cfi_offset 7, -8
 197              		.cfi_offset 14, -4
 198 0002 82B0     		sub	sp, sp, #8
 199              	.LCFI9:
 200              		.cfi_def_cfa_offset 16
 201 0004 00AF     		add	r7, sp, #0
 202              	.LCFI10:
 203              		.cfi_def_cfa_register 7
 204 0006 7860     		str	r0, [r7, #4]
 249:.\Generated_Source\PSoC4/I2C_MPU6050.c **** #if !defined (CY_REMOVE_I2C_MPU6050_CUSTOM_INTR_HANDLER)
 250:.\Generated_Source\PSoC4/I2C_MPU6050.c ****     I2C_MPU6050_customIntrHandler = func; /* Register interrupt handler */
 205              		.loc 1 250 0
 206 0008 024B     		ldr	r3, .L13
ARM GAS  C:\Users\Sam\AppData\Local\Temp\ccq1cFOG.s 			page 9


 207 000a 7A68     		ldr	r2, [r7, #4]
 208 000c 1A60     		str	r2, [r3]
 251:.\Generated_Source\PSoC4/I2C_MPU6050.c **** #else
 252:.\Generated_Source\PSoC4/I2C_MPU6050.c ****     if(NULL != func)
 253:.\Generated_Source\PSoC4/I2C_MPU6050.c ****     {
 254:.\Generated_Source\PSoC4/I2C_MPU6050.c ****         /* Suppress compiler warning */
 255:.\Generated_Source\PSoC4/I2C_MPU6050.c ****     }
 256:.\Generated_Source\PSoC4/I2C_MPU6050.c **** #endif /* !defined (CY_REMOVE_I2C_MPU6050_CUSTOM_INTR_HANDLER) */
 257:.\Generated_Source\PSoC4/I2C_MPU6050.c **** }
 209              		.loc 1 257 0
 210 000e BD46     		mov	sp, r7
 211 0010 02B0     		add	sp, sp, #8
 212              		@ sp needed for prologue
 213 0012 80BD     		pop	{r7, pc}
 214              	.L14:
 215              		.align	2
 216              	.L13:
 217 0014 00000000 		.word	I2C_MPU6050_customIntrHandler
 218              		.cfi_endproc
 219              	.LFE4:
 220              		.size	I2C_MPU6050_SetCustomInterruptHandler, .-I2C_MPU6050_SetCustomInterruptHandler
 221              		.section	.text.I2C_MPU6050_ScbEnableIntr,"ax",%progbits
 222              		.align	2
 223              		.code	16
 224              		.thumb_func
 225              		.type	I2C_MPU6050_ScbEnableIntr, %function
 226              	I2C_MPU6050_ScbEnableIntr:
 227              	.LFB5:
 258:.\Generated_Source\PSoC4/I2C_MPU6050.c **** 
 259:.\Generated_Source\PSoC4/I2C_MPU6050.c **** 
 260:.\Generated_Source\PSoC4/I2C_MPU6050.c **** /*******************************************************************************
 261:.\Generated_Source\PSoC4/I2C_MPU6050.c **** * Function Name: I2C_MPU6050_ScbModeEnableIntr
 262:.\Generated_Source\PSoC4/I2C_MPU6050.c **** ********************************************************************************
 263:.\Generated_Source\PSoC4/I2C_MPU6050.c **** *
 264:.\Generated_Source\PSoC4/I2C_MPU6050.c **** * Summary:
 265:.\Generated_Source\PSoC4/I2C_MPU6050.c **** *  Enables an interrupt for a specific mode.
 266:.\Generated_Source\PSoC4/I2C_MPU6050.c **** *
 267:.\Generated_Source\PSoC4/I2C_MPU6050.c **** * Parameters:
 268:.\Generated_Source\PSoC4/I2C_MPU6050.c **** *  None
 269:.\Generated_Source\PSoC4/I2C_MPU6050.c **** *
 270:.\Generated_Source\PSoC4/I2C_MPU6050.c **** * Return:
 271:.\Generated_Source\PSoC4/I2C_MPU6050.c **** *  None
 272:.\Generated_Source\PSoC4/I2C_MPU6050.c **** *
 273:.\Generated_Source\PSoC4/I2C_MPU6050.c **** *******************************************************************************/
 274:.\Generated_Source\PSoC4/I2C_MPU6050.c **** static void I2C_MPU6050_ScbEnableIntr(void)
 275:.\Generated_Source\PSoC4/I2C_MPU6050.c **** {
 228              		.loc 1 275 0
 229              		.cfi_startproc
 230 0000 80B5     		push	{r7, lr}
 231              	.LCFI11:
 232              		.cfi_def_cfa_offset 8
 233              		.cfi_offset 7, -8
 234              		.cfi_offset 14, -4
 235 0002 00AF     		add	r7, sp, #0
 236              	.LCFI12:
 237              		.cfi_def_cfa_register 7
 276:.\Generated_Source\PSoC4/I2C_MPU6050.c **** #if(I2C_MPU6050_SCB_IRQ_INTERNAL)
ARM GAS  C:\Users\Sam\AppData\Local\Temp\ccq1cFOG.s 			page 10


 277:.\Generated_Source\PSoC4/I2C_MPU6050.c ****     #if(I2C_MPU6050_SCB_MODE_UNCONFIG_CONST_CFG)
 278:.\Generated_Source\PSoC4/I2C_MPU6050.c ****         /* Enable interrupt in the NVIC */
 279:.\Generated_Source\PSoC4/I2C_MPU6050.c ****         if(0u != I2C_MPU6050_scbEnableIntr)
 280:.\Generated_Source\PSoC4/I2C_MPU6050.c ****         {
 281:.\Generated_Source\PSoC4/I2C_MPU6050.c ****             I2C_MPU6050_EnableInt();
 282:.\Generated_Source\PSoC4/I2C_MPU6050.c ****         }
 283:.\Generated_Source\PSoC4/I2C_MPU6050.c ****     #else
 284:.\Generated_Source\PSoC4/I2C_MPU6050.c ****         I2C_MPU6050_EnableInt();
 238              		.loc 1 284 0
 239 0004 0B20     		mov	r0, #11
 240 0006 FFF7FEFF 		bl	CyIntEnable
 285:.\Generated_Source\PSoC4/I2C_MPU6050.c **** 
 286:.\Generated_Source\PSoC4/I2C_MPU6050.c ****     #endif /* (I2C_MPU6050_SCB_MODE_UNCONFIG_CONST_CFG) */
 287:.\Generated_Source\PSoC4/I2C_MPU6050.c **** #endif /* (I2C_MPU6050_SCB_IRQ_INTERNAL) */
 288:.\Generated_Source\PSoC4/I2C_MPU6050.c **** }
 241              		.loc 1 288 0
 242 000a BD46     		mov	sp, r7
 243              		@ sp needed for prologue
 244 000c 80BD     		pop	{r7, pc}
 245              		.cfi_endproc
 246              	.LFE5:
 247              		.size	I2C_MPU6050_ScbEnableIntr, .-I2C_MPU6050_ScbEnableIntr
 248 000e C046     		.section	.text.I2C_MPU6050_ScbModeStop,"ax",%progbits
 249              		.align	2
 250              		.code	16
 251              		.thumb_func
 252              		.type	I2C_MPU6050_ScbModeStop, %function
 253              	I2C_MPU6050_ScbModeStop:
 254              	.LFB6:
 289:.\Generated_Source\PSoC4/I2C_MPU6050.c **** 
 290:.\Generated_Source\PSoC4/I2C_MPU6050.c **** 
 291:.\Generated_Source\PSoC4/I2C_MPU6050.c **** /*******************************************************************************
 292:.\Generated_Source\PSoC4/I2C_MPU6050.c **** * Function Name: I2C_MPU6050_ScbModeStop
 293:.\Generated_Source\PSoC4/I2C_MPU6050.c **** ********************************************************************************
 294:.\Generated_Source\PSoC4/I2C_MPU6050.c **** *
 295:.\Generated_Source\PSoC4/I2C_MPU6050.c **** * Summary:
 296:.\Generated_Source\PSoC4/I2C_MPU6050.c **** *  Calls the Stop function for a specific operation mode.
 297:.\Generated_Source\PSoC4/I2C_MPU6050.c **** *
 298:.\Generated_Source\PSoC4/I2C_MPU6050.c **** * Parameters:
 299:.\Generated_Source\PSoC4/I2C_MPU6050.c **** *  None
 300:.\Generated_Source\PSoC4/I2C_MPU6050.c **** *
 301:.\Generated_Source\PSoC4/I2C_MPU6050.c **** * Return:
 302:.\Generated_Source\PSoC4/I2C_MPU6050.c **** *  None
 303:.\Generated_Source\PSoC4/I2C_MPU6050.c **** *
 304:.\Generated_Source\PSoC4/I2C_MPU6050.c **** *******************************************************************************/
 305:.\Generated_Source\PSoC4/I2C_MPU6050.c **** static void I2C_MPU6050_ScbModeStop(void)
 306:.\Generated_Source\PSoC4/I2C_MPU6050.c **** {
 255              		.loc 1 306 0
 256              		.cfi_startproc
 257 0000 80B5     		push	{r7, lr}
 258              	.LCFI13:
 259              		.cfi_def_cfa_offset 8
 260              		.cfi_offset 7, -8
 261              		.cfi_offset 14, -4
 262 0002 00AF     		add	r7, sp, #0
 263              	.LCFI14:
 264              		.cfi_def_cfa_register 7
ARM GAS  C:\Users\Sam\AppData\Local\Temp\ccq1cFOG.s 			page 11


 307:.\Generated_Source\PSoC4/I2C_MPU6050.c **** #if(I2C_MPU6050_SCB_MODE_UNCONFIG_CONST_CFG)
 308:.\Generated_Source\PSoC4/I2C_MPU6050.c ****     if(I2C_MPU6050_SCB_MODE_I2C_RUNTM_CFG)
 309:.\Generated_Source\PSoC4/I2C_MPU6050.c ****     {
 310:.\Generated_Source\PSoC4/I2C_MPU6050.c ****         I2C_MPU6050_I2CStop();
 311:.\Generated_Source\PSoC4/I2C_MPU6050.c ****     }
 312:.\Generated_Source\PSoC4/I2C_MPU6050.c ****     else if(I2C_MPU6050_SCB_MODE_EZI2C_RUNTM_CFG)
 313:.\Generated_Source\PSoC4/I2C_MPU6050.c ****     {
 314:.\Generated_Source\PSoC4/I2C_MPU6050.c ****         I2C_MPU6050_EzI2CStop();
 315:.\Generated_Source\PSoC4/I2C_MPU6050.c ****     }
 316:.\Generated_Source\PSoC4/I2C_MPU6050.c ****     else
 317:.\Generated_Source\PSoC4/I2C_MPU6050.c ****     {
 318:.\Generated_Source\PSoC4/I2C_MPU6050.c ****         /* Do nohing for other modes */
 319:.\Generated_Source\PSoC4/I2C_MPU6050.c ****     }
 320:.\Generated_Source\PSoC4/I2C_MPU6050.c **** #elif(I2C_MPU6050_SCB_MODE_I2C_CONST_CFG)
 321:.\Generated_Source\PSoC4/I2C_MPU6050.c ****     I2C_MPU6050_I2CStop();
 265              		.loc 1 321 0
 266 0004 FFF7FEFF 		bl	I2C_MPU6050_I2CStop
 322:.\Generated_Source\PSoC4/I2C_MPU6050.c **** 
 323:.\Generated_Source\PSoC4/I2C_MPU6050.c **** #elif(I2C_MPU6050_SCB_MODE_EZI2C_CONST_CFG)
 324:.\Generated_Source\PSoC4/I2C_MPU6050.c ****     I2C_MPU6050_EzI2CStop();
 325:.\Generated_Source\PSoC4/I2C_MPU6050.c **** 
 326:.\Generated_Source\PSoC4/I2C_MPU6050.c **** #endif /* (I2C_MPU6050_SCB_MODE_UNCONFIG_CONST_CFG) */
 327:.\Generated_Source\PSoC4/I2C_MPU6050.c **** }
 267              		.loc 1 327 0
 268 0008 BD46     		mov	sp, r7
 269              		@ sp needed for prologue
 270 000a 80BD     		pop	{r7, pc}
 271              		.cfi_endproc
 272              	.LFE6:
 273              		.size	I2C_MPU6050_ScbModeStop, .-I2C_MPU6050_ScbModeStop
 274              		.text
 275              	.Letext0:
 276              		.file 2 "./Generated_Source/PSoC4/cytypes.h"
 277              		.section	.debug_info,"",%progbits
 278              	.Ldebug_info0:
 279 0000 93010000 		.4byte	0x193
 280 0004 0200     		.2byte	0x2
 281 0006 00000000 		.4byte	.Ldebug_abbrev0
 282 000a 04       		.byte	0x4
 283 000b 01       		.uleb128 0x1
 284 000c 7D010000 		.4byte	.LASF25
 285 0010 01       		.byte	0x1
 286 0011 0C010000 		.4byte	.LASF26
 287 0015 F3010000 		.4byte	.LASF27
 288 0019 00000000 		.4byte	.Ldebug_ranges0+0
 289 001d 00000000 		.4byte	0
 290 0021 00000000 		.4byte	0
 291 0025 00000000 		.4byte	.Ldebug_line0
 292 0029 02       		.uleb128 0x2
 293 002a 01       		.byte	0x1
 294 002b 06       		.byte	0x6
 295 002c E7010000 		.4byte	.LASF0
 296 0030 02       		.uleb128 0x2
 297 0031 01       		.byte	0x1
 298 0032 08       		.byte	0x8
 299 0033 62000000 		.4byte	.LASF1
 300 0037 02       		.uleb128 0x2
ARM GAS  C:\Users\Sam\AppData\Local\Temp\ccq1cFOG.s 			page 12


 301 0038 02       		.byte	0x2
 302 0039 05       		.byte	0x5
 303 003a 73010000 		.4byte	.LASF2
 304 003e 02       		.uleb128 0x2
 305 003f 02       		.byte	0x2
 306 0040 07       		.byte	0x7
 307 0041 1A000000 		.4byte	.LASF3
 308 0045 02       		.uleb128 0x2
 309 0046 04       		.byte	0x4
 310 0047 05       		.byte	0x5
 311 0048 DE010000 		.4byte	.LASF4
 312 004c 02       		.uleb128 0x2
 313 004d 04       		.byte	0x4
 314 004e 07       		.byte	0x7
 315 004f 70000000 		.4byte	.LASF5
 316 0053 02       		.uleb128 0x2
 317 0054 08       		.byte	0x8
 318 0055 05       		.byte	0x5
 319 0056 33010000 		.4byte	.LASF6
 320 005a 02       		.uleb128 0x2
 321 005b 08       		.byte	0x8
 322 005c 07       		.byte	0x7
 323 005d CE000000 		.4byte	.LASF7
 324 0061 03       		.uleb128 0x3
 325 0062 04       		.byte	0x4
 326 0063 05       		.byte	0x5
 327 0064 696E7400 		.ascii	"int\000"
 328 0068 02       		.uleb128 0x2
 329 0069 04       		.byte	0x4
 330 006a 07       		.byte	0x7
 331 006b C1000000 		.4byte	.LASF8
 332 006f 04       		.uleb128 0x4
 333 0070 82000000 		.4byte	.LASF9
 334 0074 02       		.byte	0x2
 335 0075 5B       		.byte	0x5b
 336 0076 30000000 		.4byte	0x30
 337 007a 04       		.uleb128 0x4
 338 007b BA000000 		.4byte	.LASF10
 339 007f 02       		.byte	0x2
 340 0080 5D       		.byte	0x5d
 341 0081 4C000000 		.4byte	0x4c
 342 0085 02       		.uleb128 0x2
 343 0086 04       		.byte	0x4
 344 0087 04       		.byte	0x4
 345 0088 2D000000 		.4byte	.LASF11
 346 008c 02       		.uleb128 0x2
 347 008d 08       		.byte	0x8
 348 008e 04       		.byte	0x4
 349 008f 88000000 		.4byte	.LASF12
 350 0093 02       		.uleb128 0x2
 351 0094 01       		.byte	0x1
 352 0095 08       		.byte	0x8
 353 0096 54010000 		.4byte	.LASF13
 354 009a 04       		.uleb128 0x4
 355 009b 00000000 		.4byte	.LASF14
 356 009f 02       		.byte	0x2
 357 00a0 F2       		.byte	0xf2
ARM GAS  C:\Users\Sam\AppData\Local\Temp\ccq1cFOG.s 			page 13


 358 00a1 A5000000 		.4byte	0xa5
 359 00a5 05       		.uleb128 0x5
 360 00a6 7A000000 		.4byte	0x7a
 361 00aa 06       		.uleb128 0x6
 362 00ab F6000000 		.4byte	.LASF15
 363 00af 02       		.byte	0x2
 364 00b0 0201     		.2byte	0x102
 365 00b2 B6000000 		.4byte	0xb6
 366 00b6 07       		.uleb128 0x7
 367 00b7 04       		.byte	0x4
 368 00b8 BC000000 		.4byte	0xbc
 369 00bc 08       		.uleb128 0x8
 370 00bd 01       		.byte	0x1
 371 00be 02       		.uleb128 0x2
 372 00bf 04       		.byte	0x4
 373 00c0 07       		.byte	0x7
 374 00c1 03010000 		.4byte	.LASF16
 375 00c5 09       		.uleb128 0x9
 376 00c6 01       		.byte	0x1
 377 00c7 33000000 		.4byte	.LASF17
 378 00cb 01       		.byte	0x1
 379 00cc 63       		.byte	0x63
 380 00cd 01       		.byte	0x1
 381 00ce 00000000 		.4byte	.LFB0
 382 00d2 0C000000 		.4byte	.LFE0
 383 00d6 00000000 		.4byte	.LLST0
 384 00da 01       		.byte	0x1
 385 00db 09       		.uleb128 0x9
 386 00dc 01       		.byte	0x1
 387 00dd 41010000 		.4byte	.LASF18
 388 00e1 01       		.byte	0x1
 389 00e2 8F       		.byte	0x8f
 390 00e3 01       		.byte	0x1
 391 00e4 00000000 		.4byte	.LFB1
 392 00e8 20000000 		.4byte	.LFE1
 393 00ec 2C000000 		.4byte	.LLST1
 394 00f0 01       		.byte	0x1
 395 00f1 09       		.uleb128 0x9
 396 00f2 01       		.byte	0x1
 397 00f3 69020000 		.4byte	.LASF19
 398 00f7 01       		.byte	0x1
 399 00f8 B7       		.byte	0xb7
 400 00f9 01       		.byte	0x1
 401 00fa 00000000 		.4byte	.LFB2
 402 00fe 24000000 		.4byte	.LFE2
 403 0102 58000000 		.4byte	.LLST2
 404 0106 01       		.byte	0x1
 405 0107 09       		.uleb128 0x9
 406 0108 01       		.byte	0x1
 407 0109 E5000000 		.4byte	.LASF20
 408 010d 01       		.byte	0x1
 409 010e D1       		.byte	0xd1
 410 010f 01       		.byte	0x1
 411 0110 00000000 		.4byte	.LFB3
 412 0114 28000000 		.4byte	.LFE3
 413 0118 84000000 		.4byte	.LLST3
 414 011c 01       		.byte	0x1
ARM GAS  C:\Users\Sam\AppData\Local\Temp\ccq1cFOG.s 			page 14


 415 011d 0A       		.uleb128 0xa
 416 011e 01       		.byte	0x1
 417 011f 94000000 		.4byte	.LASF28
 418 0123 01       		.byte	0x1
 419 0124 F7       		.byte	0xf7
 420 0125 01       		.byte	0x1
 421 0126 00000000 		.4byte	.LFB4
 422 012a 18000000 		.4byte	.LFE4
 423 012e B0000000 		.4byte	.LLST4
 424 0132 01       		.byte	0x1
 425 0133 46010000 		.4byte	0x146
 426 0137 0B       		.uleb128 0xb
 427 0138 8F000000 		.4byte	.LASF29
 428 013c 01       		.byte	0x1
 429 013d F7       		.byte	0xf7
 430 013e AA000000 		.4byte	0xaa
 431 0142 02       		.byte	0x2
 432 0143 91       		.byte	0x91
 433 0144 74       		.sleb128 -12
 434 0145 00       		.byte	0
 435 0146 0C       		.uleb128 0xc
 436 0147 59010000 		.4byte	.LASF21
 437 014b 01       		.byte	0x1
 438 014c 1201     		.2byte	0x112
 439 014e 01       		.byte	0x1
 440 014f 00000000 		.4byte	.LFB5
 441 0153 0E000000 		.4byte	.LFE5
 442 0157 E8000000 		.4byte	.LLST5
 443 015b 01       		.byte	0x1
 444 015c 0C       		.uleb128 0xc
 445 015d C6010000 		.4byte	.LASF22
 446 0161 01       		.byte	0x1
 447 0162 3101     		.2byte	0x131
 448 0164 01       		.byte	0x1
 449 0165 00000000 		.4byte	.LFB6
 450 0169 0C000000 		.4byte	.LFE6
 451 016d 14010000 		.4byte	.LLST6
 452 0171 01       		.byte	0x1
 453 0172 0D       		.uleb128 0xd
 454 0173 06000000 		.4byte	.LASF23
 455 0177 01       		.byte	0x1
 456 0178 42       		.byte	0x42
 457 0179 6F000000 		.4byte	0x6f
 458 017d 01       		.byte	0x1
 459 017e 05       		.byte	0x5
 460 017f 03       		.byte	0x3
 461 0180 00000000 		.4byte	I2C_MPU6050_initVar
 462 0184 0D       		.uleb128 0xd
 463 0185 44000000 		.4byte	.LASF24
 464 0189 01       		.byte	0x1
 465 018a 45       		.byte	0x45
 466 018b AA000000 		.4byte	0xaa
 467 018f 01       		.byte	0x1
 468 0190 05       		.byte	0x5
 469 0191 03       		.byte	0x3
 470 0192 00000000 		.4byte	I2C_MPU6050_customIntrHandler
 471 0196 00       		.byte	0
ARM GAS  C:\Users\Sam\AppData\Local\Temp\ccq1cFOG.s 			page 15


 472              		.section	.debug_abbrev,"",%progbits
 473              	.Ldebug_abbrev0:
 474 0000 01       		.uleb128 0x1
 475 0001 11       		.uleb128 0x11
 476 0002 01       		.byte	0x1
 477 0003 25       		.uleb128 0x25
 478 0004 0E       		.uleb128 0xe
 479 0005 13       		.uleb128 0x13
 480 0006 0B       		.uleb128 0xb
 481 0007 03       		.uleb128 0x3
 482 0008 0E       		.uleb128 0xe
 483 0009 1B       		.uleb128 0x1b
 484 000a 0E       		.uleb128 0xe
 485 000b 55       		.uleb128 0x55
 486 000c 06       		.uleb128 0x6
 487 000d 11       		.uleb128 0x11
 488 000e 01       		.uleb128 0x1
 489 000f 52       		.uleb128 0x52
 490 0010 01       		.uleb128 0x1
 491 0011 10       		.uleb128 0x10
 492 0012 06       		.uleb128 0x6
 493 0013 00       		.byte	0
 494 0014 00       		.byte	0
 495 0015 02       		.uleb128 0x2
 496 0016 24       		.uleb128 0x24
 497 0017 00       		.byte	0
 498 0018 0B       		.uleb128 0xb
 499 0019 0B       		.uleb128 0xb
 500 001a 3E       		.uleb128 0x3e
 501 001b 0B       		.uleb128 0xb
 502 001c 03       		.uleb128 0x3
 503 001d 0E       		.uleb128 0xe
 504 001e 00       		.byte	0
 505 001f 00       		.byte	0
 506 0020 03       		.uleb128 0x3
 507 0021 24       		.uleb128 0x24
 508 0022 00       		.byte	0
 509 0023 0B       		.uleb128 0xb
 510 0024 0B       		.uleb128 0xb
 511 0025 3E       		.uleb128 0x3e
 512 0026 0B       		.uleb128 0xb
 513 0027 03       		.uleb128 0x3
 514 0028 08       		.uleb128 0x8
 515 0029 00       		.byte	0
 516 002a 00       		.byte	0
 517 002b 04       		.uleb128 0x4
 518 002c 16       		.uleb128 0x16
 519 002d 00       		.byte	0
 520 002e 03       		.uleb128 0x3
 521 002f 0E       		.uleb128 0xe
 522 0030 3A       		.uleb128 0x3a
 523 0031 0B       		.uleb128 0xb
 524 0032 3B       		.uleb128 0x3b
 525 0033 0B       		.uleb128 0xb
 526 0034 49       		.uleb128 0x49
 527 0035 13       		.uleb128 0x13
 528 0036 00       		.byte	0
ARM GAS  C:\Users\Sam\AppData\Local\Temp\ccq1cFOG.s 			page 16


 529 0037 00       		.byte	0
 530 0038 05       		.uleb128 0x5
 531 0039 35       		.uleb128 0x35
 532 003a 00       		.byte	0
 533 003b 49       		.uleb128 0x49
 534 003c 13       		.uleb128 0x13
 535 003d 00       		.byte	0
 536 003e 00       		.byte	0
 537 003f 06       		.uleb128 0x6
 538 0040 16       		.uleb128 0x16
 539 0041 00       		.byte	0
 540 0042 03       		.uleb128 0x3
 541 0043 0E       		.uleb128 0xe
 542 0044 3A       		.uleb128 0x3a
 543 0045 0B       		.uleb128 0xb
 544 0046 3B       		.uleb128 0x3b
 545 0047 05       		.uleb128 0x5
 546 0048 49       		.uleb128 0x49
 547 0049 13       		.uleb128 0x13
 548 004a 00       		.byte	0
 549 004b 00       		.byte	0
 550 004c 07       		.uleb128 0x7
 551 004d 0F       		.uleb128 0xf
 552 004e 00       		.byte	0
 553 004f 0B       		.uleb128 0xb
 554 0050 0B       		.uleb128 0xb
 555 0051 49       		.uleb128 0x49
 556 0052 13       		.uleb128 0x13
 557 0053 00       		.byte	0
 558 0054 00       		.byte	0
 559 0055 08       		.uleb128 0x8
 560 0056 15       		.uleb128 0x15
 561 0057 00       		.byte	0
 562 0058 27       		.uleb128 0x27
 563 0059 0C       		.uleb128 0xc
 564 005a 00       		.byte	0
 565 005b 00       		.byte	0
 566 005c 09       		.uleb128 0x9
 567 005d 2E       		.uleb128 0x2e
 568 005e 00       		.byte	0
 569 005f 3F       		.uleb128 0x3f
 570 0060 0C       		.uleb128 0xc
 571 0061 03       		.uleb128 0x3
 572 0062 0E       		.uleb128 0xe
 573 0063 3A       		.uleb128 0x3a
 574 0064 0B       		.uleb128 0xb
 575 0065 3B       		.uleb128 0x3b
 576 0066 0B       		.uleb128 0xb
 577 0067 27       		.uleb128 0x27
 578 0068 0C       		.uleb128 0xc
 579 0069 11       		.uleb128 0x11
 580 006a 01       		.uleb128 0x1
 581 006b 12       		.uleb128 0x12
 582 006c 01       		.uleb128 0x1
 583 006d 40       		.uleb128 0x40
 584 006e 06       		.uleb128 0x6
 585 006f 9642     		.uleb128 0x2116
ARM GAS  C:\Users\Sam\AppData\Local\Temp\ccq1cFOG.s 			page 17


 586 0071 0C       		.uleb128 0xc
 587 0072 00       		.byte	0
 588 0073 00       		.byte	0
 589 0074 0A       		.uleb128 0xa
 590 0075 2E       		.uleb128 0x2e
 591 0076 01       		.byte	0x1
 592 0077 3F       		.uleb128 0x3f
 593 0078 0C       		.uleb128 0xc
 594 0079 03       		.uleb128 0x3
 595 007a 0E       		.uleb128 0xe
 596 007b 3A       		.uleb128 0x3a
 597 007c 0B       		.uleb128 0xb
 598 007d 3B       		.uleb128 0x3b
 599 007e 0B       		.uleb128 0xb
 600 007f 27       		.uleb128 0x27
 601 0080 0C       		.uleb128 0xc
 602 0081 11       		.uleb128 0x11
 603 0082 01       		.uleb128 0x1
 604 0083 12       		.uleb128 0x12
 605 0084 01       		.uleb128 0x1
 606 0085 40       		.uleb128 0x40
 607 0086 06       		.uleb128 0x6
 608 0087 9742     		.uleb128 0x2117
 609 0089 0C       		.uleb128 0xc
 610 008a 01       		.uleb128 0x1
 611 008b 13       		.uleb128 0x13
 612 008c 00       		.byte	0
 613 008d 00       		.byte	0
 614 008e 0B       		.uleb128 0xb
 615 008f 05       		.uleb128 0x5
 616 0090 00       		.byte	0
 617 0091 03       		.uleb128 0x3
 618 0092 0E       		.uleb128 0xe
 619 0093 3A       		.uleb128 0x3a
 620 0094 0B       		.uleb128 0xb
 621 0095 3B       		.uleb128 0x3b
 622 0096 0B       		.uleb128 0xb
 623 0097 49       		.uleb128 0x49
 624 0098 13       		.uleb128 0x13
 625 0099 02       		.uleb128 0x2
 626 009a 0A       		.uleb128 0xa
 627 009b 00       		.byte	0
 628 009c 00       		.byte	0
 629 009d 0C       		.uleb128 0xc
 630 009e 2E       		.uleb128 0x2e
 631 009f 00       		.byte	0
 632 00a0 03       		.uleb128 0x3
 633 00a1 0E       		.uleb128 0xe
 634 00a2 3A       		.uleb128 0x3a
 635 00a3 0B       		.uleb128 0xb
 636 00a4 3B       		.uleb128 0x3b
 637 00a5 05       		.uleb128 0x5
 638 00a6 27       		.uleb128 0x27
 639 00a7 0C       		.uleb128 0xc
 640 00a8 11       		.uleb128 0x11
 641 00a9 01       		.uleb128 0x1
 642 00aa 12       		.uleb128 0x12
ARM GAS  C:\Users\Sam\AppData\Local\Temp\ccq1cFOG.s 			page 18


 643 00ab 01       		.uleb128 0x1
 644 00ac 40       		.uleb128 0x40
 645 00ad 06       		.uleb128 0x6
 646 00ae 9642     		.uleb128 0x2116
 647 00b0 0C       		.uleb128 0xc
 648 00b1 00       		.byte	0
 649 00b2 00       		.byte	0
 650 00b3 0D       		.uleb128 0xd
 651 00b4 34       		.uleb128 0x34
 652 00b5 00       		.byte	0
 653 00b6 03       		.uleb128 0x3
 654 00b7 0E       		.uleb128 0xe
 655 00b8 3A       		.uleb128 0x3a
 656 00b9 0B       		.uleb128 0xb
 657 00ba 3B       		.uleb128 0x3b
 658 00bb 0B       		.uleb128 0xb
 659 00bc 49       		.uleb128 0x49
 660 00bd 13       		.uleb128 0x13
 661 00be 3F       		.uleb128 0x3f
 662 00bf 0C       		.uleb128 0xc
 663 00c0 02       		.uleb128 0x2
 664 00c1 0A       		.uleb128 0xa
 665 00c2 00       		.byte	0
 666 00c3 00       		.byte	0
 667 00c4 00       		.byte	0
 668              		.section	.debug_loc,"",%progbits
 669              	.Ldebug_loc0:
 670              	.LLST0:
 671 0000 00000000 		.4byte	.LFB0
 672 0004 02000000 		.4byte	.LCFI0
 673 0008 0200     		.2byte	0x2
 674 000a 7D       		.byte	0x7d
 675 000b 00       		.sleb128 0
 676 000c 02000000 		.4byte	.LCFI0
 677 0010 04000000 		.4byte	.LCFI1
 678 0014 0200     		.2byte	0x2
 679 0016 7D       		.byte	0x7d
 680 0017 08       		.sleb128 8
 681 0018 04000000 		.4byte	.LCFI1
 682 001c 0C000000 		.4byte	.LFE0
 683 0020 0200     		.2byte	0x2
 684 0022 77       		.byte	0x77
 685 0023 08       		.sleb128 8
 686 0024 00000000 		.4byte	0
 687 0028 00000000 		.4byte	0
 688              	.LLST1:
 689 002c 00000000 		.4byte	.LFB1
 690 0030 02000000 		.4byte	.LCFI2
 691 0034 0200     		.2byte	0x2
 692 0036 7D       		.byte	0x7d
 693 0037 00       		.sleb128 0
 694 0038 02000000 		.4byte	.LCFI2
 695 003c 04000000 		.4byte	.LCFI3
 696 0040 0200     		.2byte	0x2
 697 0042 7D       		.byte	0x7d
 698 0043 08       		.sleb128 8
 699 0044 04000000 		.4byte	.LCFI3
ARM GAS  C:\Users\Sam\AppData\Local\Temp\ccq1cFOG.s 			page 19


 700 0048 20000000 		.4byte	.LFE1
 701 004c 0200     		.2byte	0x2
 702 004e 77       		.byte	0x77
 703 004f 08       		.sleb128 8
 704 0050 00000000 		.4byte	0
 705 0054 00000000 		.4byte	0
 706              	.LLST2:
 707 0058 00000000 		.4byte	.LFB2
 708 005c 02000000 		.4byte	.LCFI4
 709 0060 0200     		.2byte	0x2
 710 0062 7D       		.byte	0x7d
 711 0063 00       		.sleb128 0
 712 0064 02000000 		.4byte	.LCFI4
 713 0068 04000000 		.4byte	.LCFI5
 714 006c 0200     		.2byte	0x2
 715 006e 7D       		.byte	0x7d
 716 006f 08       		.sleb128 8
 717 0070 04000000 		.4byte	.LCFI5
 718 0074 24000000 		.4byte	.LFE2
 719 0078 0200     		.2byte	0x2
 720 007a 77       		.byte	0x77
 721 007b 08       		.sleb128 8
 722 007c 00000000 		.4byte	0
 723 0080 00000000 		.4byte	0
 724              	.LLST3:
 725 0084 00000000 		.4byte	.LFB3
 726 0088 02000000 		.4byte	.LCFI6
 727 008c 0200     		.2byte	0x2
 728 008e 7D       		.byte	0x7d
 729 008f 00       		.sleb128 0
 730 0090 02000000 		.4byte	.LCFI6
 731 0094 04000000 		.4byte	.LCFI7
 732 0098 0200     		.2byte	0x2
 733 009a 7D       		.byte	0x7d
 734 009b 08       		.sleb128 8
 735 009c 04000000 		.4byte	.LCFI7
 736 00a0 28000000 		.4byte	.LFE3
 737 00a4 0200     		.2byte	0x2
 738 00a6 77       		.byte	0x77
 739 00a7 08       		.sleb128 8
 740 00a8 00000000 		.4byte	0
 741 00ac 00000000 		.4byte	0
 742              	.LLST4:
 743 00b0 00000000 		.4byte	.LFB4
 744 00b4 02000000 		.4byte	.LCFI8
 745 00b8 0200     		.2byte	0x2
 746 00ba 7D       		.byte	0x7d
 747 00bb 00       		.sleb128 0
 748 00bc 02000000 		.4byte	.LCFI8
 749 00c0 04000000 		.4byte	.LCFI9
 750 00c4 0200     		.2byte	0x2
 751 00c6 7D       		.byte	0x7d
 752 00c7 08       		.sleb128 8
 753 00c8 04000000 		.4byte	.LCFI9
 754 00cc 06000000 		.4byte	.LCFI10
 755 00d0 0200     		.2byte	0x2
 756 00d2 7D       		.byte	0x7d
ARM GAS  C:\Users\Sam\AppData\Local\Temp\ccq1cFOG.s 			page 20


 757 00d3 10       		.sleb128 16
 758 00d4 06000000 		.4byte	.LCFI10
 759 00d8 18000000 		.4byte	.LFE4
 760 00dc 0200     		.2byte	0x2
 761 00de 77       		.byte	0x77
 762 00df 10       		.sleb128 16
 763 00e0 00000000 		.4byte	0
 764 00e4 00000000 		.4byte	0
 765              	.LLST5:
 766 00e8 00000000 		.4byte	.LFB5
 767 00ec 02000000 		.4byte	.LCFI11
 768 00f0 0200     		.2byte	0x2
 769 00f2 7D       		.byte	0x7d
 770 00f3 00       		.sleb128 0
 771 00f4 02000000 		.4byte	.LCFI11
 772 00f8 04000000 		.4byte	.LCFI12
 773 00fc 0200     		.2byte	0x2
 774 00fe 7D       		.byte	0x7d
 775 00ff 08       		.sleb128 8
 776 0100 04000000 		.4byte	.LCFI12
 777 0104 0E000000 		.4byte	.LFE5
 778 0108 0200     		.2byte	0x2
 779 010a 77       		.byte	0x77
 780 010b 08       		.sleb128 8
 781 010c 00000000 		.4byte	0
 782 0110 00000000 		.4byte	0
 783              	.LLST6:
 784 0114 00000000 		.4byte	.LFB6
 785 0118 02000000 		.4byte	.LCFI13
 786 011c 0200     		.2byte	0x2
 787 011e 7D       		.byte	0x7d
 788 011f 00       		.sleb128 0
 789 0120 02000000 		.4byte	.LCFI13
 790 0124 04000000 		.4byte	.LCFI14
 791 0128 0200     		.2byte	0x2
 792 012a 7D       		.byte	0x7d
 793 012b 08       		.sleb128 8
 794 012c 04000000 		.4byte	.LCFI14
 795 0130 0C000000 		.4byte	.LFE6
 796 0134 0200     		.2byte	0x2
 797 0136 77       		.byte	0x77
 798 0137 08       		.sleb128 8
 799 0138 00000000 		.4byte	0
 800 013c 00000000 		.4byte	0
 801              		.section	.debug_aranges,"",%progbits
 802 0000 4C000000 		.4byte	0x4c
 803 0004 0200     		.2byte	0x2
 804 0006 00000000 		.4byte	.Ldebug_info0
 805 000a 04       		.byte	0x4
 806 000b 00       		.byte	0
 807 000c 0000     		.2byte	0
 808 000e 0000     		.2byte	0
 809 0010 00000000 		.4byte	.LFB0
 810 0014 0C000000 		.4byte	.LFE0-.LFB0
 811 0018 00000000 		.4byte	.LFB1
 812 001c 20000000 		.4byte	.LFE1-.LFB1
 813 0020 00000000 		.4byte	.LFB2
ARM GAS  C:\Users\Sam\AppData\Local\Temp\ccq1cFOG.s 			page 21


 814 0024 24000000 		.4byte	.LFE2-.LFB2
 815 0028 00000000 		.4byte	.LFB3
 816 002c 28000000 		.4byte	.LFE3-.LFB3
 817 0030 00000000 		.4byte	.LFB4
 818 0034 18000000 		.4byte	.LFE4-.LFB4
 819 0038 00000000 		.4byte	.LFB5
 820 003c 0E000000 		.4byte	.LFE5-.LFB5
 821 0040 00000000 		.4byte	.LFB6
 822 0044 0C000000 		.4byte	.LFE6-.LFB6
 823 0048 00000000 		.4byte	0
 824 004c 00000000 		.4byte	0
 825              		.section	.debug_ranges,"",%progbits
 826              	.Ldebug_ranges0:
 827 0000 00000000 		.4byte	.LFB0
 828 0004 0C000000 		.4byte	.LFE0
 829 0008 00000000 		.4byte	.LFB1
 830 000c 20000000 		.4byte	.LFE1
 831 0010 00000000 		.4byte	.LFB2
 832 0014 24000000 		.4byte	.LFE2
 833 0018 00000000 		.4byte	.LFB3
 834 001c 28000000 		.4byte	.LFE3
 835 0020 00000000 		.4byte	.LFB4
 836 0024 18000000 		.4byte	.LFE4
 837 0028 00000000 		.4byte	.LFB5
 838 002c 0E000000 		.4byte	.LFE5
 839 0030 00000000 		.4byte	.LFB6
 840 0034 0C000000 		.4byte	.LFE6
 841 0038 00000000 		.4byte	0
 842 003c 00000000 		.4byte	0
 843              		.section	.debug_line,"",%progbits
 844              	.Ldebug_line0:
 845 0000 DF000000 		.section	.debug_str,"MS",%progbits,1
 845      02004A00 
 845      00000201 
 845      FB0E0D00 
 845      01010101 
 846              	.LASF14:
 847 0000 72656733 		.ascii	"reg32\000"
 847      3200
 848              	.LASF23:
 849 0006 4932435F 		.ascii	"I2C_MPU6050_initVar\000"
 849      4D505536 
 849      3035305F 
 849      696E6974 
 849      56617200 
 850              	.LASF3:
 851 001a 73686F72 		.ascii	"short unsigned int\000"
 851      7420756E 
 851      7369676E 
 851      65642069 
 851      6E7400
 852              	.LASF11:
 853 002d 666C6F61 		.ascii	"float\000"
 853      7400
 854              	.LASF17:
 855 0033 4932435F 		.ascii	"I2C_MPU6050_Init\000"
 855      4D505536 
ARM GAS  C:\Users\Sam\AppData\Local\Temp\ccq1cFOG.s 			page 22


 855      3035305F 
 855      496E6974 
 855      00
 856              	.LASF24:
 857 0044 4932435F 		.ascii	"I2C_MPU6050_customIntrHandler\000"
 857      4D505536 
 857      3035305F 
 857      63757374 
 857      6F6D496E 
 858              	.LASF1:
 859 0062 756E7369 		.ascii	"unsigned char\000"
 859      676E6564 
 859      20636861 
 859      7200
 860              	.LASF5:
 861 0070 6C6F6E67 		.ascii	"long unsigned int\000"
 861      20756E73 
 861      69676E65 
 861      6420696E 
 861      7400
 862              	.LASF9:
 863 0082 75696E74 		.ascii	"uint8\000"
 863      3800
 864              	.LASF12:
 865 0088 646F7562 		.ascii	"double\000"
 865      6C6500
 866              	.LASF29:
 867 008f 66756E63 		.ascii	"func\000"
 867      00
 868              	.LASF28:
 869 0094 4932435F 		.ascii	"I2C_MPU6050_SetCustomInterruptHandler\000"
 869      4D505536 
 869      3035305F 
 869      53657443 
 869      7573746F 
 870              	.LASF10:
 871 00ba 75696E74 		.ascii	"uint32\000"
 871      333200
 872              	.LASF8:
 873 00c1 756E7369 		.ascii	"unsigned int\000"
 873      676E6564 
 873      20696E74 
 873      00
 874              	.LASF7:
 875 00ce 6C6F6E67 		.ascii	"long long unsigned int\000"
 875      206C6F6E 
 875      6720756E 
 875      7369676E 
 875      65642069 
 876              	.LASF20:
 877 00e5 4932435F 		.ascii	"I2C_MPU6050_Stop\000"
 877      4D505536 
 877      3035305F 
 877      53746F70 
 877      00
 878              	.LASF15:
 879 00f6 63796973 		.ascii	"cyisraddress\000"
ARM GAS  C:\Users\Sam\AppData\Local\Temp\ccq1cFOG.s 			page 23


 879      72616464 
 879      72657373 
 879      00
 880              	.LASF16:
 881 0103 73697A65 		.ascii	"sizetype\000"
 881      74797065 
 881      00
 882              	.LASF26:
 883 010c 2E5C4765 		.ascii	".\\Generated_Source\\PSoC4\\I2C_MPU6050.c\000"
 883      6E657261 
 883      7465645F 
 883      536F7572 
 883      63655C50 
 884              	.LASF6:
 885 0133 6C6F6E67 		.ascii	"long long int\000"
 885      206C6F6E 
 885      6720696E 
 885      7400
 886              	.LASF18:
 887 0141 4932435F 		.ascii	"I2C_MPU6050_Enable\000"
 887      4D505536 
 887      3035305F 
 887      456E6162 
 887      6C6500
 888              	.LASF13:
 889 0154 63686172 		.ascii	"char\000"
 889      00
 890              	.LASF21:
 891 0159 4932435F 		.ascii	"I2C_MPU6050_ScbEnableIntr\000"
 891      4D505536 
 891      3035305F 
 891      53636245 
 891      6E61626C 
 892              	.LASF2:
 893 0173 73686F72 		.ascii	"short int\000"
 893      7420696E 
 893      7400
 894              	.LASF25:
 895 017d 474E5520 		.ascii	"GNU C 4.7.3 20130312 (release) [ARM/embedded-4_7-br"
 895      4320342E 
 895      372E3320 
 895      32303133 
 895      30333132 
 896 01b0 616E6368 		.ascii	"anch revision 196615]\000"
 896      20726576 
 896      6973696F 
 896      6E203139 
 896      36363135 
 897              	.LASF22:
 898 01c6 4932435F 		.ascii	"I2C_MPU6050_ScbModeStop\000"
 898      4D505536 
 898      3035305F 
 898      5363624D 
 898      6F646553 
 899              	.LASF4:
 900 01de 6C6F6E67 		.ascii	"long int\000"
 900      20696E74 
ARM GAS  C:\Users\Sam\AppData\Local\Temp\ccq1cFOG.s 			page 24


 900      00
 901              	.LASF0:
 902 01e7 7369676E 		.ascii	"signed char\000"
 902      65642063 
 902      68617200 
 903              	.LASF27:
 904 01f3 433A5C55 		.ascii	"C:\\Users\\Sam\\Documents\\GitHub\\MPU-6050\\Exampl"
 904      73657273 
 904      5C53616D 
 904      5C446F63 
 904      756D656E 
 905 0220 65735C32 		.ascii	"es\\2 MPU-6050-PSoC-CalibrateOffsets\\MPU-6050-PSoC"
 905      204D5055 
 905      2D363035 
 905      302D5053 
 905      6F432D43 
 906 0251 2D43616C 		.ascii	"-CalibrateOffsets.cydsn\000"
 906      69627261 
 906      74654F66 
 906      66736574 
 906      732E6379 
 907              	.LASF19:
 908 0269 4932435F 		.ascii	"I2C_MPU6050_Start\000"
 908      4D505536 
 908      3035305F 
 908      53746172 
 908      7400
 909              		.ident	"GCC: (GNU Tools for ARM Embedded Processors) 4.7.3 20130312 (release) [ARM/embedded-4_7-br
