ARM GAS  C:\Users\Sam\AppData\Local\Temp\cczUG0v4.s 			page 1


   1              		.cpu cortex-m0
   2              		.fpu softvfp
   3              		.eabi_attribute 20, 1
   4              		.eabi_attribute 21, 1
   5              		.eabi_attribute 23, 3
   6              		.eabi_attribute 24, 1
   7              		.eabi_attribute 25, 1
   8              		.eabi_attribute 26, 1
   9              		.eabi_attribute 30, 6
  10              		.eabi_attribute 34, 0
  11              		.eabi_attribute 18, 4
  12              		.code	16
  13              		.file	"SERIAL_SPI_UART_INT.c"
  14              		.text
  15              	.Ltext0:
  16              		.cfi_sections	.debug_frame
  17              		.section	.text.SERIAL_SPI_UART_ISR,"ax",%progbits
  18              		.align	2
  19              		.global	SERIAL_SPI_UART_ISR
  20              		.code	16
  21              		.thumb_func
  22              		.type	SERIAL_SPI_UART_ISR, %function
  23              	SERIAL_SPI_UART_ISR:
  24              	.LFB0:
  25              		.file 1 ".\\Generated_Source\\PSoC4\\SERIAL_SPI_UART_INT.c"
   1:.\Generated_Source\PSoC4/SERIAL_SPI_UART_INT.c **** /*******************************************************************************
   2:.\Generated_Source\PSoC4/SERIAL_SPI_UART_INT.c **** * File Name: SERIAL_SPI_UART_INT.c
   3:.\Generated_Source\PSoC4/SERIAL_SPI_UART_INT.c **** * Version 1.20
   4:.\Generated_Source\PSoC4/SERIAL_SPI_UART_INT.c **** *
   5:.\Generated_Source\PSoC4/SERIAL_SPI_UART_INT.c **** * Description:
   6:.\Generated_Source\PSoC4/SERIAL_SPI_UART_INT.c **** *  This file provides the source code to the Interrupt Service Routine for
   7:.\Generated_Source\PSoC4/SERIAL_SPI_UART_INT.c **** *  the SCB Component in SPI and UART modes.
   8:.\Generated_Source\PSoC4/SERIAL_SPI_UART_INT.c **** *
   9:.\Generated_Source\PSoC4/SERIAL_SPI_UART_INT.c **** * Note:
  10:.\Generated_Source\PSoC4/SERIAL_SPI_UART_INT.c **** *
  11:.\Generated_Source\PSoC4/SERIAL_SPI_UART_INT.c **** ********************************************************************************
  12:.\Generated_Source\PSoC4/SERIAL_SPI_UART_INT.c **** * Copyright 2013-2014, Cypress Semiconductor Corporation.  All rights reserved.
  13:.\Generated_Source\PSoC4/SERIAL_SPI_UART_INT.c **** * You may use this file only in accordance with the license, terms, conditions,
  14:.\Generated_Source\PSoC4/SERIAL_SPI_UART_INT.c **** * disclaimers, and limitations in the end user license agreement accompanying
  15:.\Generated_Source\PSoC4/SERIAL_SPI_UART_INT.c **** * the software package with which this file was provided.
  16:.\Generated_Source\PSoC4/SERIAL_SPI_UART_INT.c **** *******************************************************************************/
  17:.\Generated_Source\PSoC4/SERIAL_SPI_UART_INT.c **** 
  18:.\Generated_Source\PSoC4/SERIAL_SPI_UART_INT.c **** #include "SERIAL_PVT.h"
  19:.\Generated_Source\PSoC4/SERIAL_SPI_UART_INT.c **** #include "SERIAL_SPI_UART_PVT.h"
  20:.\Generated_Source\PSoC4/SERIAL_SPI_UART_INT.c **** 
  21:.\Generated_Source\PSoC4/SERIAL_SPI_UART_INT.c **** 
  22:.\Generated_Source\PSoC4/SERIAL_SPI_UART_INT.c **** /*******************************************************************************
  23:.\Generated_Source\PSoC4/SERIAL_SPI_UART_INT.c **** * Function Name: SERIAL_SPI_UART_ISR
  24:.\Generated_Source\PSoC4/SERIAL_SPI_UART_INT.c **** ********************************************************************************
  25:.\Generated_Source\PSoC4/SERIAL_SPI_UART_INT.c **** *
  26:.\Generated_Source\PSoC4/SERIAL_SPI_UART_INT.c **** * Summary:
  27:.\Generated_Source\PSoC4/SERIAL_SPI_UART_INT.c **** *  Handles the Interrupt Service Routine for the SCB SPI or UART modes.
  28:.\Generated_Source\PSoC4/SERIAL_SPI_UART_INT.c **** *
  29:.\Generated_Source\PSoC4/SERIAL_SPI_UART_INT.c **** * Parameters:
  30:.\Generated_Source\PSoC4/SERIAL_SPI_UART_INT.c **** *  None
  31:.\Generated_Source\PSoC4/SERIAL_SPI_UART_INT.c **** *
  32:.\Generated_Source\PSoC4/SERIAL_SPI_UART_INT.c **** * Return:
ARM GAS  C:\Users\Sam\AppData\Local\Temp\cczUG0v4.s 			page 2


  33:.\Generated_Source\PSoC4/SERIAL_SPI_UART_INT.c **** *  None
  34:.\Generated_Source\PSoC4/SERIAL_SPI_UART_INT.c **** *
  35:.\Generated_Source\PSoC4/SERIAL_SPI_UART_INT.c **** *******************************************************************************/
  36:.\Generated_Source\PSoC4/SERIAL_SPI_UART_INT.c **** CY_ISR(SERIAL_SPI_UART_ISR)
  37:.\Generated_Source\PSoC4/SERIAL_SPI_UART_INT.c **** {
  26              		.loc 1 37 0
  27              		.cfi_startproc
  28 0000 80B5     		push	{r7, lr}
  29              	.LCFI0:
  30              		.cfi_def_cfa_offset 8
  31              		.cfi_offset 7, -8
  32              		.cfi_offset 14, -4
  33 0002 00AF     		add	r7, sp, #0
  34              	.LCFI1:
  35              		.cfi_def_cfa_register 7
  38:.\Generated_Source\PSoC4/SERIAL_SPI_UART_INT.c **** #if(SERIAL_INTERNAL_RX_SW_BUFFER_CONST)
  39:.\Generated_Source\PSoC4/SERIAL_SPI_UART_INT.c ****     uint32 locHead;
  40:.\Generated_Source\PSoC4/SERIAL_SPI_UART_INT.c ****     uint32 dataRx;
  41:.\Generated_Source\PSoC4/SERIAL_SPI_UART_INT.c **** #endif /* (SERIAL_INTERNAL_RX_SW_BUFFER_CONST) */
  42:.\Generated_Source\PSoC4/SERIAL_SPI_UART_INT.c **** 
  43:.\Generated_Source\PSoC4/SERIAL_SPI_UART_INT.c **** #if(SERIAL_INTERNAL_TX_SW_BUFFER_CONST)
  44:.\Generated_Source\PSoC4/SERIAL_SPI_UART_INT.c ****     uint32 locTail;
  45:.\Generated_Source\PSoC4/SERIAL_SPI_UART_INT.c **** #endif /* (SERIAL_INTERNAL_TX_SW_BUFFER_CONST) */
  46:.\Generated_Source\PSoC4/SERIAL_SPI_UART_INT.c **** 
  47:.\Generated_Source\PSoC4/SERIAL_SPI_UART_INT.c ****     if(NULL != SERIAL_customIntrHandler)
  36              		.loc 1 47 0
  37 0004 044B     		ldr	r3, .L3
  38 0006 1B68     		ldr	r3, [r3]
  39 0008 002B     		cmp	r3, #0
  40 000a 02D0     		beq	.L1
  48:.\Generated_Source\PSoC4/SERIAL_SPI_UART_INT.c ****     {
  49:.\Generated_Source\PSoC4/SERIAL_SPI_UART_INT.c ****         SERIAL_customIntrHandler();
  41              		.loc 1 49 0
  42 000c 024B     		ldr	r3, .L3
  43 000e 1B68     		ldr	r3, [r3]
  44 0010 9847     		blx	r3
  45              	.L1:
  50:.\Generated_Source\PSoC4/SERIAL_SPI_UART_INT.c ****     }
  51:.\Generated_Source\PSoC4/SERIAL_SPI_UART_INT.c **** 
  52:.\Generated_Source\PSoC4/SERIAL_SPI_UART_INT.c ****     #if(SERIAL_CHECK_SPI_WAKE_ENABLE)
  53:.\Generated_Source\PSoC4/SERIAL_SPI_UART_INT.c ****     {
  54:.\Generated_Source\PSoC4/SERIAL_SPI_UART_INT.c ****         /* Clear SPI wakeup source */
  55:.\Generated_Source\PSoC4/SERIAL_SPI_UART_INT.c ****         SERIAL_ClearSpiExtClkInterruptSource(SERIAL_INTR_SPI_EC_WAKE_UP);
  56:.\Generated_Source\PSoC4/SERIAL_SPI_UART_INT.c ****     }
  57:.\Generated_Source\PSoC4/SERIAL_SPI_UART_INT.c ****     #endif
  58:.\Generated_Source\PSoC4/SERIAL_SPI_UART_INT.c **** 
  59:.\Generated_Source\PSoC4/SERIAL_SPI_UART_INT.c ****     #if(SERIAL_CHECK_RX_SW_BUFFER)
  60:.\Generated_Source\PSoC4/SERIAL_SPI_UART_INT.c ****     {
  61:.\Generated_Source\PSoC4/SERIAL_SPI_UART_INT.c ****         if(SERIAL_CHECK_INTR_RX_MASKED(SERIAL_INTR_RX_NOT_EMPTY))
  62:.\Generated_Source\PSoC4/SERIAL_SPI_UART_INT.c ****         {
  63:.\Generated_Source\PSoC4/SERIAL_SPI_UART_INT.c ****             while(0u != SERIAL_GET_RX_FIFO_ENTRIES)
  64:.\Generated_Source\PSoC4/SERIAL_SPI_UART_INT.c ****             {
  65:.\Generated_Source\PSoC4/SERIAL_SPI_UART_INT.c ****                 /* Get data from RX FIFO */
  66:.\Generated_Source\PSoC4/SERIAL_SPI_UART_INT.c ****                 dataRx = SERIAL_RX_FIFO_RD_REG;
  67:.\Generated_Source\PSoC4/SERIAL_SPI_UART_INT.c **** 
  68:.\Generated_Source\PSoC4/SERIAL_SPI_UART_INT.c ****                 /* Move local head index */
  69:.\Generated_Source\PSoC4/SERIAL_SPI_UART_INT.c ****                 locHead = (SERIAL_rxBufferHead + 1u);
ARM GAS  C:\Users\Sam\AppData\Local\Temp\cczUG0v4.s 			page 3


  70:.\Generated_Source\PSoC4/SERIAL_SPI_UART_INT.c **** 
  71:.\Generated_Source\PSoC4/SERIAL_SPI_UART_INT.c ****                 /* Adjust local head index */
  72:.\Generated_Source\PSoC4/SERIAL_SPI_UART_INT.c ****                 if(SERIAL_RX_BUFFER_SIZE == locHead)
  73:.\Generated_Source\PSoC4/SERIAL_SPI_UART_INT.c ****                 {
  74:.\Generated_Source\PSoC4/SERIAL_SPI_UART_INT.c ****                     locHead = 0u;
  75:.\Generated_Source\PSoC4/SERIAL_SPI_UART_INT.c ****                 }
  76:.\Generated_Source\PSoC4/SERIAL_SPI_UART_INT.c **** 
  77:.\Generated_Source\PSoC4/SERIAL_SPI_UART_INT.c ****                 if(locHead == SERIAL_rxBufferTail)
  78:.\Generated_Source\PSoC4/SERIAL_SPI_UART_INT.c ****                 {
  79:.\Generated_Source\PSoC4/SERIAL_SPI_UART_INT.c ****                     /* Overflow: through away new data */
  80:.\Generated_Source\PSoC4/SERIAL_SPI_UART_INT.c ****                     SERIAL_rxBufferOverflow = (uint8) SERIAL_INTR_RX_OVERFLOW;
  81:.\Generated_Source\PSoC4/SERIAL_SPI_UART_INT.c ****                 }
  82:.\Generated_Source\PSoC4/SERIAL_SPI_UART_INT.c ****                 else
  83:.\Generated_Source\PSoC4/SERIAL_SPI_UART_INT.c ****                 {
  84:.\Generated_Source\PSoC4/SERIAL_SPI_UART_INT.c ****                     /* Store received data */
  85:.\Generated_Source\PSoC4/SERIAL_SPI_UART_INT.c ****                     SERIAL_PutWordInRxBuffer(locHead, dataRx);
  86:.\Generated_Source\PSoC4/SERIAL_SPI_UART_INT.c **** 
  87:.\Generated_Source\PSoC4/SERIAL_SPI_UART_INT.c ****                     /* Move head index */
  88:.\Generated_Source\PSoC4/SERIAL_SPI_UART_INT.c ****                     SERIAL_rxBufferHead = locHead;
  89:.\Generated_Source\PSoC4/SERIAL_SPI_UART_INT.c ****                 }
  90:.\Generated_Source\PSoC4/SERIAL_SPI_UART_INT.c ****             }
  91:.\Generated_Source\PSoC4/SERIAL_SPI_UART_INT.c **** 
  92:.\Generated_Source\PSoC4/SERIAL_SPI_UART_INT.c ****             SERIAL_ClearRxInterruptSource(SERIAL_INTR_RX_NOT_EMPTY);
  93:.\Generated_Source\PSoC4/SERIAL_SPI_UART_INT.c ****         }
  94:.\Generated_Source\PSoC4/SERIAL_SPI_UART_INT.c ****     }
  95:.\Generated_Source\PSoC4/SERIAL_SPI_UART_INT.c ****     #endif
  96:.\Generated_Source\PSoC4/SERIAL_SPI_UART_INT.c **** 
  97:.\Generated_Source\PSoC4/SERIAL_SPI_UART_INT.c **** 
  98:.\Generated_Source\PSoC4/SERIAL_SPI_UART_INT.c ****     #if(SERIAL_CHECK_TX_SW_BUFFER)
  99:.\Generated_Source\PSoC4/SERIAL_SPI_UART_INT.c ****     {
 100:.\Generated_Source\PSoC4/SERIAL_SPI_UART_INT.c ****         if(SERIAL_CHECK_INTR_TX_MASKED(SERIAL_INTR_TX_NOT_FULL))
 101:.\Generated_Source\PSoC4/SERIAL_SPI_UART_INT.c ****         {
 102:.\Generated_Source\PSoC4/SERIAL_SPI_UART_INT.c ****             /* Put data into TX FIFO */
 103:.\Generated_Source\PSoC4/SERIAL_SPI_UART_INT.c ****             while(SERIAL_FIFO_SIZE != SERIAL_GET_TX_FIFO_ENTRIES)
 104:.\Generated_Source\PSoC4/SERIAL_SPI_UART_INT.c ****             {
 105:.\Generated_Source\PSoC4/SERIAL_SPI_UART_INT.c ****                 /* Check for a room in TX software buffer */
 106:.\Generated_Source\PSoC4/SERIAL_SPI_UART_INT.c ****                 if(SERIAL_txBufferHead != SERIAL_txBufferTail)
 107:.\Generated_Source\PSoC4/SERIAL_SPI_UART_INT.c ****                 {
 108:.\Generated_Source\PSoC4/SERIAL_SPI_UART_INT.c ****                     /* Move local tail index */
 109:.\Generated_Source\PSoC4/SERIAL_SPI_UART_INT.c ****                     locTail = (SERIAL_txBufferTail + 1u);
 110:.\Generated_Source\PSoC4/SERIAL_SPI_UART_INT.c **** 
 111:.\Generated_Source\PSoC4/SERIAL_SPI_UART_INT.c ****                     /* Adjust local tail index */
 112:.\Generated_Source\PSoC4/SERIAL_SPI_UART_INT.c ****                     if(SERIAL_TX_BUFFER_SIZE == locTail)
 113:.\Generated_Source\PSoC4/SERIAL_SPI_UART_INT.c ****                     {
 114:.\Generated_Source\PSoC4/SERIAL_SPI_UART_INT.c ****                         locTail = 0u;
 115:.\Generated_Source\PSoC4/SERIAL_SPI_UART_INT.c ****                     }
 116:.\Generated_Source\PSoC4/SERIAL_SPI_UART_INT.c **** 
 117:.\Generated_Source\PSoC4/SERIAL_SPI_UART_INT.c ****                     /* Put data into TX FIFO */
 118:.\Generated_Source\PSoC4/SERIAL_SPI_UART_INT.c ****                     SERIAL_TX_FIFO_WR_REG = SERIAL_GetWordFromTxBuffer(locTail);
 119:.\Generated_Source\PSoC4/SERIAL_SPI_UART_INT.c **** 
 120:.\Generated_Source\PSoC4/SERIAL_SPI_UART_INT.c ****                     /* Move tail index */
 121:.\Generated_Source\PSoC4/SERIAL_SPI_UART_INT.c ****                     SERIAL_txBufferTail = locTail;
 122:.\Generated_Source\PSoC4/SERIAL_SPI_UART_INT.c ****                 }
 123:.\Generated_Source\PSoC4/SERIAL_SPI_UART_INT.c ****                 else
 124:.\Generated_Source\PSoC4/SERIAL_SPI_UART_INT.c ****                 {
 125:.\Generated_Source\PSoC4/SERIAL_SPI_UART_INT.c ****                     /* TX software buffer is empty: complete transmition */
 126:.\Generated_Source\PSoC4/SERIAL_SPI_UART_INT.c ****                     SERIAL_DISABLE_INTR_TX(SERIAL_INTR_TX_NOT_FULL);
ARM GAS  C:\Users\Sam\AppData\Local\Temp\cczUG0v4.s 			page 4


 127:.\Generated_Source\PSoC4/SERIAL_SPI_UART_INT.c ****                     break;
 128:.\Generated_Source\PSoC4/SERIAL_SPI_UART_INT.c ****                 }
 129:.\Generated_Source\PSoC4/SERIAL_SPI_UART_INT.c ****             }
 130:.\Generated_Source\PSoC4/SERIAL_SPI_UART_INT.c **** 
 131:.\Generated_Source\PSoC4/SERIAL_SPI_UART_INT.c ****             SERIAL_ClearTxInterruptSource(SERIAL_INTR_TX_NOT_FULL);
 132:.\Generated_Source\PSoC4/SERIAL_SPI_UART_INT.c ****         }
 133:.\Generated_Source\PSoC4/SERIAL_SPI_UART_INT.c ****     }
 134:.\Generated_Source\PSoC4/SERIAL_SPI_UART_INT.c ****     #endif
 135:.\Generated_Source\PSoC4/SERIAL_SPI_UART_INT.c **** }
  46              		.loc 1 135 0
  47 0012 BD46     		mov	sp, r7
  48              		@ sp needed for prologue
  49 0014 80BD     		pop	{r7, pc}
  50              	.L4:
  51 0016 C046     		.align	2
  52              	.L3:
  53 0018 00000000 		.word	SERIAL_customIntrHandler
  54              		.cfi_endproc
  55              	.LFE0:
  56              		.size	SERIAL_SPI_UART_ISR, .-SERIAL_SPI_UART_ISR
  57              		.text
  58              	.Letext0:
  59              		.file 2 "./Generated_Source/PSoC4/cytypes.h"
  60              		.file 3 ".\\Generated_Source\\PSoC4\\SERIAL_PVT.h"
  61              		.section	.debug_info,"",%progbits
  62              	.Ldebug_info0:
  63 0000 BF000000 		.4byte	0xbf
  64 0004 0200     		.2byte	0x2
  65 0006 00000000 		.4byte	.Ldebug_abbrev0
  66 000a 04       		.byte	0x4
  67 000b 01       		.uleb128 0x1
  68 000c 1B000000 		.4byte	.LASF13
  69 0010 01       		.byte	0x1
  70 0011 18010000 		.4byte	.LASF14
  71 0015 51010000 		.4byte	.LASF15
  72 0019 00000000 		.4byte	.Ldebug_ranges0+0
  73 001d 00000000 		.4byte	0
  74 0021 00000000 		.4byte	0
  75 0025 00000000 		.4byte	.Ldebug_line0
  76 0029 02       		.uleb128 0x2
  77 002a 01       		.byte	0x1
  78 002b 06       		.byte	0x6
  79 002c 03010000 		.4byte	.LASF0
  80 0030 02       		.uleb128 0x2
  81 0031 01       		.byte	0x1
  82 0032 08       		.byte	0x8
  83 0033 98000000 		.4byte	.LASF1
  84 0037 02       		.uleb128 0x2
  85 0038 02       		.byte	0x2
  86 0039 05       		.byte	0x5
  87 003a 47010000 		.4byte	.LASF2
  88 003e 02       		.uleb128 0x2
  89 003f 02       		.byte	0x2
  90 0040 07       		.byte	0x7
  91 0041 F0000000 		.4byte	.LASF3
  92 0045 02       		.uleb128 0x2
  93 0046 04       		.byte	0x4
ARM GAS  C:\Users\Sam\AppData\Local\Temp\cczUG0v4.s 			page 5


  94 0047 05       		.byte	0x5
  95 0048 BF000000 		.4byte	.LASF4
  96 004c 02       		.uleb128 0x2
  97 004d 04       		.byte	0x4
  98 004e 07       		.byte	0x7
  99 004f 64000000 		.4byte	.LASF5
 100 0053 02       		.uleb128 0x2
 101 0054 08       		.byte	0x8
 102 0055 05       		.byte	0x5
 103 0056 00000000 		.4byte	.LASF6
 104 005a 02       		.uleb128 0x2
 105 005b 08       		.byte	0x8
 106 005c 07       		.byte	0x7
 107 005d 76000000 		.4byte	.LASF7
 108 0061 03       		.uleb128 0x3
 109 0062 04       		.byte	0x4
 110 0063 05       		.byte	0x5
 111 0064 696E7400 		.ascii	"int\000"
 112 0068 02       		.uleb128 0x2
 113 0069 04       		.byte	0x4
 114 006a 07       		.byte	0x7
 115 006b 0E000000 		.4byte	.LASF8
 116 006f 02       		.uleb128 0x2
 117 0070 04       		.byte	0x4
 118 0071 04       		.byte	0x4
 119 0072 8D000000 		.4byte	.LASF9
 120 0076 02       		.uleb128 0x2
 121 0077 08       		.byte	0x8
 122 0078 04       		.byte	0x4
 123 0079 D5000000 		.4byte	.LASF10
 124 007d 02       		.uleb128 0x2
 125 007e 01       		.byte	0x1
 126 007f 08       		.byte	0x8
 127 0080 93000000 		.4byte	.LASF11
 128 0084 04       		.uleb128 0x4
 129 0085 C8000000 		.4byte	.LASF16
 130 0089 02       		.byte	0x2
 131 008a 0201     		.2byte	0x102
 132 008c 90000000 		.4byte	0x90
 133 0090 05       		.uleb128 0x5
 134 0091 04       		.byte	0x4
 135 0092 96000000 		.4byte	0x96
 136 0096 06       		.uleb128 0x6
 137 0097 01       		.byte	0x1
 138 0098 02       		.uleb128 0x2
 139 0099 04       		.byte	0x4
 140 009a 07       		.byte	0x7
 141 009b 0F010000 		.4byte	.LASF12
 142 009f 07       		.uleb128 0x7
 143 00a0 01       		.byte	0x1
 144 00a1 DC000000 		.4byte	.LASF17
 145 00a5 01       		.byte	0x1
 146 00a6 24       		.byte	0x24
 147 00a7 01       		.byte	0x1
 148 00a8 00000000 		.4byte	.LFB0
 149 00ac 1C000000 		.4byte	.LFE0
 150 00b0 00000000 		.4byte	.LLST0
ARM GAS  C:\Users\Sam\AppData\Local\Temp\cczUG0v4.s 			page 6


 151 00b4 01       		.byte	0x1
 152 00b5 08       		.uleb128 0x8
 153 00b6 A6000000 		.4byte	.LASF18
 154 00ba 03       		.byte	0x3
 155 00bb 37       		.byte	0x37
 156 00bc 84000000 		.4byte	0x84
 157 00c0 01       		.byte	0x1
 158 00c1 01       		.byte	0x1
 159 00c2 00       		.byte	0
 160              		.section	.debug_abbrev,"",%progbits
 161              	.Ldebug_abbrev0:
 162 0000 01       		.uleb128 0x1
 163 0001 11       		.uleb128 0x11
 164 0002 01       		.byte	0x1
 165 0003 25       		.uleb128 0x25
 166 0004 0E       		.uleb128 0xe
 167 0005 13       		.uleb128 0x13
 168 0006 0B       		.uleb128 0xb
 169 0007 03       		.uleb128 0x3
 170 0008 0E       		.uleb128 0xe
 171 0009 1B       		.uleb128 0x1b
 172 000a 0E       		.uleb128 0xe
 173 000b 55       		.uleb128 0x55
 174 000c 06       		.uleb128 0x6
 175 000d 11       		.uleb128 0x11
 176 000e 01       		.uleb128 0x1
 177 000f 52       		.uleb128 0x52
 178 0010 01       		.uleb128 0x1
 179 0011 10       		.uleb128 0x10
 180 0012 06       		.uleb128 0x6
 181 0013 00       		.byte	0
 182 0014 00       		.byte	0
 183 0015 02       		.uleb128 0x2
 184 0016 24       		.uleb128 0x24
 185 0017 00       		.byte	0
 186 0018 0B       		.uleb128 0xb
 187 0019 0B       		.uleb128 0xb
 188 001a 3E       		.uleb128 0x3e
 189 001b 0B       		.uleb128 0xb
 190 001c 03       		.uleb128 0x3
 191 001d 0E       		.uleb128 0xe
 192 001e 00       		.byte	0
 193 001f 00       		.byte	0
 194 0020 03       		.uleb128 0x3
 195 0021 24       		.uleb128 0x24
 196 0022 00       		.byte	0
 197 0023 0B       		.uleb128 0xb
 198 0024 0B       		.uleb128 0xb
 199 0025 3E       		.uleb128 0x3e
 200 0026 0B       		.uleb128 0xb
 201 0027 03       		.uleb128 0x3
 202 0028 08       		.uleb128 0x8
 203 0029 00       		.byte	0
 204 002a 00       		.byte	0
 205 002b 04       		.uleb128 0x4
 206 002c 16       		.uleb128 0x16
 207 002d 00       		.byte	0
ARM GAS  C:\Users\Sam\AppData\Local\Temp\cczUG0v4.s 			page 7


 208 002e 03       		.uleb128 0x3
 209 002f 0E       		.uleb128 0xe
 210 0030 3A       		.uleb128 0x3a
 211 0031 0B       		.uleb128 0xb
 212 0032 3B       		.uleb128 0x3b
 213 0033 05       		.uleb128 0x5
 214 0034 49       		.uleb128 0x49
 215 0035 13       		.uleb128 0x13
 216 0036 00       		.byte	0
 217 0037 00       		.byte	0
 218 0038 05       		.uleb128 0x5
 219 0039 0F       		.uleb128 0xf
 220 003a 00       		.byte	0
 221 003b 0B       		.uleb128 0xb
 222 003c 0B       		.uleb128 0xb
 223 003d 49       		.uleb128 0x49
 224 003e 13       		.uleb128 0x13
 225 003f 00       		.byte	0
 226 0040 00       		.byte	0
 227 0041 06       		.uleb128 0x6
 228 0042 15       		.uleb128 0x15
 229 0043 00       		.byte	0
 230 0044 27       		.uleb128 0x27
 231 0045 0C       		.uleb128 0xc
 232 0046 00       		.byte	0
 233 0047 00       		.byte	0
 234 0048 07       		.uleb128 0x7
 235 0049 2E       		.uleb128 0x2e
 236 004a 00       		.byte	0
 237 004b 3F       		.uleb128 0x3f
 238 004c 0C       		.uleb128 0xc
 239 004d 03       		.uleb128 0x3
 240 004e 0E       		.uleb128 0xe
 241 004f 3A       		.uleb128 0x3a
 242 0050 0B       		.uleb128 0xb
 243 0051 3B       		.uleb128 0x3b
 244 0052 0B       		.uleb128 0xb
 245 0053 27       		.uleb128 0x27
 246 0054 0C       		.uleb128 0xc
 247 0055 11       		.uleb128 0x11
 248 0056 01       		.uleb128 0x1
 249 0057 12       		.uleb128 0x12
 250 0058 01       		.uleb128 0x1
 251 0059 40       		.uleb128 0x40
 252 005a 06       		.uleb128 0x6
 253 005b 9642     		.uleb128 0x2116
 254 005d 0C       		.uleb128 0xc
 255 005e 00       		.byte	0
 256 005f 00       		.byte	0
 257 0060 08       		.uleb128 0x8
 258 0061 34       		.uleb128 0x34
 259 0062 00       		.byte	0
 260 0063 03       		.uleb128 0x3
 261 0064 0E       		.uleb128 0xe
 262 0065 3A       		.uleb128 0x3a
 263 0066 0B       		.uleb128 0xb
 264 0067 3B       		.uleb128 0x3b
ARM GAS  C:\Users\Sam\AppData\Local\Temp\cczUG0v4.s 			page 8


 265 0068 0B       		.uleb128 0xb
 266 0069 49       		.uleb128 0x49
 267 006a 13       		.uleb128 0x13
 268 006b 3F       		.uleb128 0x3f
 269 006c 0C       		.uleb128 0xc
 270 006d 3C       		.uleb128 0x3c
 271 006e 0C       		.uleb128 0xc
 272 006f 00       		.byte	0
 273 0070 00       		.byte	0
 274 0071 00       		.byte	0
 275              		.section	.debug_loc,"",%progbits
 276              	.Ldebug_loc0:
 277              	.LLST0:
 278 0000 00000000 		.4byte	.LFB0
 279 0004 02000000 		.4byte	.LCFI0
 280 0008 0200     		.2byte	0x2
 281 000a 7D       		.byte	0x7d
 282 000b 00       		.sleb128 0
 283 000c 02000000 		.4byte	.LCFI0
 284 0010 04000000 		.4byte	.LCFI1
 285 0014 0200     		.2byte	0x2
 286 0016 7D       		.byte	0x7d
 287 0017 08       		.sleb128 8
 288 0018 04000000 		.4byte	.LCFI1
 289 001c 1C000000 		.4byte	.LFE0
 290 0020 0200     		.2byte	0x2
 291 0022 77       		.byte	0x77
 292 0023 08       		.sleb128 8
 293 0024 00000000 		.4byte	0
 294 0028 00000000 		.4byte	0
 295              		.section	.debug_aranges,"",%progbits
 296 0000 1C000000 		.4byte	0x1c
 297 0004 0200     		.2byte	0x2
 298 0006 00000000 		.4byte	.Ldebug_info0
 299 000a 04       		.byte	0x4
 300 000b 00       		.byte	0
 301 000c 0000     		.2byte	0
 302 000e 0000     		.2byte	0
 303 0010 00000000 		.4byte	.LFB0
 304 0014 1C000000 		.4byte	.LFE0-.LFB0
 305 0018 00000000 		.4byte	0
 306 001c 00000000 		.4byte	0
 307              		.section	.debug_ranges,"",%progbits
 308              	.Ldebug_ranges0:
 309 0000 00000000 		.4byte	.LFB0
 310 0004 1C000000 		.4byte	.LFE0
 311 0008 00000000 		.4byte	0
 312 000c 00000000 		.4byte	0
 313              		.section	.debug_line,"",%progbits
 314              	.Ldebug_line0:
 315 0000 7F000000 		.section	.debug_str,"MS",%progbits,1
 315      02006200 
 315      00000201 
 315      FB0E0D00 
 315      01010101 
 316              	.LASF6:
 317 0000 6C6F6E67 		.ascii	"long long int\000"
ARM GAS  C:\Users\Sam\AppData\Local\Temp\cczUG0v4.s 			page 9


 317      206C6F6E 
 317      6720696E 
 317      7400
 318              	.LASF8:
 319 000e 756E7369 		.ascii	"unsigned int\000"
 319      676E6564 
 319      20696E74 
 319      00
 320              	.LASF13:
 321 001b 474E5520 		.ascii	"GNU C 4.7.3 20130312 (release) [ARM/embedded-4_7-br"
 321      4320342E 
 321      372E3320 
 321      32303133 
 321      30333132 
 322 004e 616E6368 		.ascii	"anch revision 196615]\000"
 322      20726576 
 322      6973696F 
 322      6E203139 
 322      36363135 
 323              	.LASF5:
 324 0064 6C6F6E67 		.ascii	"long unsigned int\000"
 324      20756E73 
 324      69676E65 
 324      6420696E 
 324      7400
 325              	.LASF7:
 326 0076 6C6F6E67 		.ascii	"long long unsigned int\000"
 326      206C6F6E 
 326      6720756E 
 326      7369676E 
 326      65642069 
 327              	.LASF9:
 328 008d 666C6F61 		.ascii	"float\000"
 328      7400
 329              	.LASF11:
 330 0093 63686172 		.ascii	"char\000"
 330      00
 331              	.LASF1:
 332 0098 756E7369 		.ascii	"unsigned char\000"
 332      676E6564 
 332      20636861 
 332      7200
 333              	.LASF18:
 334 00a6 53455249 		.ascii	"SERIAL_customIntrHandler\000"
 334      414C5F63 
 334      7573746F 
 334      6D496E74 
 334      7248616E 
 335              	.LASF4:
 336 00bf 6C6F6E67 		.ascii	"long int\000"
 336      20696E74 
 336      00
 337              	.LASF16:
 338 00c8 63796973 		.ascii	"cyisraddress\000"
 338      72616464 
 338      72657373 
 338      00
ARM GAS  C:\Users\Sam\AppData\Local\Temp\cczUG0v4.s 			page 10


 339              	.LASF10:
 340 00d5 646F7562 		.ascii	"double\000"
 340      6C6500
 341              	.LASF17:
 342 00dc 53455249 		.ascii	"SERIAL_SPI_UART_ISR\000"
 342      414C5F53 
 342      50495F55 
 342      4152545F 
 342      49535200 
 343              	.LASF3:
 344 00f0 73686F72 		.ascii	"short unsigned int\000"
 344      7420756E 
 344      7369676E 
 344      65642069 
 344      6E7400
 345              	.LASF0:
 346 0103 7369676E 		.ascii	"signed char\000"
 346      65642063 
 346      68617200 
 347              	.LASF12:
 348 010f 73697A65 		.ascii	"sizetype\000"
 348      74797065 
 348      00
 349              	.LASF14:
 350 0118 2E5C4765 		.ascii	".\\Generated_Source\\PSoC4\\SERIAL_SPI_UART_INT.c\000"
 350      6E657261 
 350      7465645F 
 350      536F7572 
 350      63655C50 
 351              	.LASF2:
 352 0147 73686F72 		.ascii	"short int\000"
 352      7420696E 
 352      7400
 353              	.LASF15:
 354 0151 433A5C55 		.ascii	"C:\\Users\\Sam\\Documents\\GitHub\\MPU-6050\\Exampl"
 354      73657273 
 354      5C53616D 
 354      5C446F63 
 354      756D656E 
 355 017e 65735C32 		.ascii	"es\\2 MPU-6050-PSoC-CalibrateOffsets\\MPU-6050-PSoC"
 355      204D5055 
 355      2D363035 
 355      302D5053 
 355      6F432D43 
 356 01af 2D43616C 		.ascii	"-CalibrateOffsets.cydsn\000"
 356      69627261 
 356      74654F66 
 356      66736574 
 356      732E6379 
 357              		.ident	"GCC: (GNU Tools for ARM Embedded Processors) 4.7.3 20130312 (release) [ARM/embedded-4_7-br
