ARM GAS  C:\Users\Sam\AppData\Local\Temp\cc0DAe3G.s 			page 1


   1              		.cpu cortex-m0
   2              		.fpu softvfp
   3              		.eabi_attribute 20, 1
   4              		.eabi_attribute 21, 1
   5              		.eabi_attribute 23, 3
   6              		.eabi_attribute 24, 1
   7              		.eabi_attribute 25, 1
   8              		.eabi_attribute 26, 1
   9              		.eabi_attribute 30, 6
  10              		.eabi_attribute 34, 0
  11              		.eabi_attribute 18, 4
  12              		.code	16
  13              		.file	"cyfitter_cfg.c"
  14              		.text
  15              	.Ltext0:
  16              		.cfi_sections	.debug_frame
  17              		.section	.text.CYMEMZERO,"ax",%progbits
  18              		.align	2
  19              		.code	16
  20              		.thumb_func
  21              		.type	CYMEMZERO, %function
  22              	CYMEMZERO:
  23              	.LFB0:
  24              		.file 1 ".\\Generated_Source\\PSoC4\\cyfitter_cfg.c"
   1:.\Generated_Source\PSoC4/cyfitter_cfg.c **** /*******************************************************************************
   2:.\Generated_Source\PSoC4/cyfitter_cfg.c **** * FILENAME: cyfitter_cfg.c
   3:.\Generated_Source\PSoC4/cyfitter_cfg.c **** * PSoC Creator 3.0 SP1
   4:.\Generated_Source\PSoC4/cyfitter_cfg.c **** *
   5:.\Generated_Source\PSoC4/cyfitter_cfg.c **** * Description:
   6:.\Generated_Source\PSoC4/cyfitter_cfg.c **** * This file is automatically generated by PSoC Creator with device 
   7:.\Generated_Source\PSoC4/cyfitter_cfg.c **** * initialization code.  Except for the user defined sections in
   8:.\Generated_Source\PSoC4/cyfitter_cfg.c **** * CyClockStartupError(), this file should not be modified.
   9:.\Generated_Source\PSoC4/cyfitter_cfg.c **** *
  10:.\Generated_Source\PSoC4/cyfitter_cfg.c **** ********************************************************************************
  11:.\Generated_Source\PSoC4/cyfitter_cfg.c **** * Copyright 2013, Cypress Semiconductor Corporation.  All rights reserved.
  12:.\Generated_Source\PSoC4/cyfitter_cfg.c **** * You may use this file only in accordance with the license, terms, conditions, 
  13:.\Generated_Source\PSoC4/cyfitter_cfg.c **** * disclaimers, and limitations in the end user license agreement accompanying 
  14:.\Generated_Source\PSoC4/cyfitter_cfg.c **** * the software package with which this file was provided.
  15:.\Generated_Source\PSoC4/cyfitter_cfg.c **** ********************************************************************************/
  16:.\Generated_Source\PSoC4/cyfitter_cfg.c **** 
  17:.\Generated_Source\PSoC4/cyfitter_cfg.c **** #include <string.h>
  18:.\Generated_Source\PSoC4/cyfitter_cfg.c **** #include <cytypes.h>
  19:.\Generated_Source\PSoC4/cyfitter_cfg.c **** #include <cydevice_trm.h>
  20:.\Generated_Source\PSoC4/cyfitter_cfg.c **** #include <cyfitter.h>
  21:.\Generated_Source\PSoC4/cyfitter_cfg.c **** #include <CyLib.h>
  22:.\Generated_Source\PSoC4/cyfitter_cfg.c **** #include <cyfitter_cfg.h>
  23:.\Generated_Source\PSoC4/cyfitter_cfg.c **** 
  24:.\Generated_Source\PSoC4/cyfitter_cfg.c **** 
  25:.\Generated_Source\PSoC4/cyfitter_cfg.c **** #if defined(__GNUC__) || defined(__ARMCC_VERSION)
  26:.\Generated_Source\PSoC4/cyfitter_cfg.c ****     #define CYPACKED 
  27:.\Generated_Source\PSoC4/cyfitter_cfg.c ****     #define CYPACKED_ATTR __attribute__ ((packed))
  28:.\Generated_Source\PSoC4/cyfitter_cfg.c ****     #define CYALIGNED __attribute__ ((aligned))
  29:.\Generated_Source\PSoC4/cyfitter_cfg.c ****     #define CY_CFG_UNUSED __attribute__ ((unused))
  30:.\Generated_Source\PSoC4/cyfitter_cfg.c ****     #define CY_CFG_SECTION __attribute__ ((section(".psocinit")))
  31:.\Generated_Source\PSoC4/cyfitter_cfg.c ****     
  32:.\Generated_Source\PSoC4/cyfitter_cfg.c ****     #if defined(__ARMCC_VERSION)
  33:.\Generated_Source\PSoC4/cyfitter_cfg.c ****         #define CY_CFG_MEMORY_BARRIER() __memory_changed()
ARM GAS  C:\Users\Sam\AppData\Local\Temp\cc0DAe3G.s 			page 2


  34:.\Generated_Source\PSoC4/cyfitter_cfg.c ****     #else
  35:.\Generated_Source\PSoC4/cyfitter_cfg.c ****         #define CY_CFG_MEMORY_BARRIER() __sync_synchronize()
  36:.\Generated_Source\PSoC4/cyfitter_cfg.c ****     #endif
  37:.\Generated_Source\PSoC4/cyfitter_cfg.c ****     
  38:.\Generated_Source\PSoC4/cyfitter_cfg.c **** #elif defined(__ICCARM__)
  39:.\Generated_Source\PSoC4/cyfitter_cfg.c ****     #include <intrinsics.h>
  40:.\Generated_Source\PSoC4/cyfitter_cfg.c **** 
  41:.\Generated_Source\PSoC4/cyfitter_cfg.c ****     #define CYPACKED __packed
  42:.\Generated_Source\PSoC4/cyfitter_cfg.c ****     #define CYPACKED_ATTR 
  43:.\Generated_Source\PSoC4/cyfitter_cfg.c ****     #define CYALIGNED _Pragma("data_alignment=4")
  44:.\Generated_Source\PSoC4/cyfitter_cfg.c ****     #define CY_CFG_UNUSED _Pragma("diag_suppress=Pe177")
  45:.\Generated_Source\PSoC4/cyfitter_cfg.c ****     #define CY_CFG_SECTION _Pragma("location=\".psocinit\"")
  46:.\Generated_Source\PSoC4/cyfitter_cfg.c ****     
  47:.\Generated_Source\PSoC4/cyfitter_cfg.c ****     #define CY_CFG_MEMORY_BARRIER() __DMB()
  48:.\Generated_Source\PSoC4/cyfitter_cfg.c ****     
  49:.\Generated_Source\PSoC4/cyfitter_cfg.c **** #else
  50:.\Generated_Source\PSoC4/cyfitter_cfg.c ****     #error Unsupported toolchain
  51:.\Generated_Source\PSoC4/cyfitter_cfg.c **** #endif
  52:.\Generated_Source\PSoC4/cyfitter_cfg.c **** 
  53:.\Generated_Source\PSoC4/cyfitter_cfg.c **** 
  54:.\Generated_Source\PSoC4/cyfitter_cfg.c **** CY_CFG_UNUSED
  55:.\Generated_Source\PSoC4/cyfitter_cfg.c **** static void CYMEMZERO(void *s, size_t n);
  56:.\Generated_Source\PSoC4/cyfitter_cfg.c **** CY_CFG_UNUSED
  57:.\Generated_Source\PSoC4/cyfitter_cfg.c **** static void CYMEMZERO(void *s, size_t n)
  58:.\Generated_Source\PSoC4/cyfitter_cfg.c **** {
  25              		.loc 1 58 0
  26              		.cfi_startproc
  27 0000 80B5     		push	{r7, lr}
  28              	.LCFI0:
  29              		.cfi_def_cfa_offset 8
  30              		.cfi_offset 7, -8
  31              		.cfi_offset 14, -4
  32 0002 82B0     		sub	sp, sp, #8
  33              	.LCFI1:
  34              		.cfi_def_cfa_offset 16
  35 0004 00AF     		add	r7, sp, #0
  36              	.LCFI2:
  37              		.cfi_def_cfa_register 7
  38 0006 7860     		str	r0, [r7, #4]
  39 0008 3960     		str	r1, [r7]
  59:.\Generated_Source\PSoC4/cyfitter_cfg.c **** 	(void)memset(s, 0, n);
  40              		.loc 1 59 0
  41 000a 7A68     		ldr	r2, [r7, #4]
  42 000c 3B68     		ldr	r3, [r7]
  43 000e 101C     		mov	r0, r2
  44 0010 0021     		mov	r1, #0
  45 0012 1A1C     		mov	r2, r3
  46 0014 FFF7FEFF 		bl	memset
  60:.\Generated_Source\PSoC4/cyfitter_cfg.c **** }
  47              		.loc 1 60 0
  48 0018 BD46     		mov	sp, r7
  49 001a 02B0     		add	sp, sp, #8
  50              		@ sp needed for prologue
  51 001c 80BD     		pop	{r7, pc}
  52              		.cfi_endproc
  53              	.LFE0:
  54              		.size	CYMEMZERO, .-CYMEMZERO
ARM GAS  C:\Users\Sam\AppData\Local\Temp\cc0DAe3G.s 			page 3


  55 001e C046     		.section	.text.CYCONFIGCPY,"ax",%progbits
  56              		.align	2
  57              		.code	16
  58              		.thumb_func
  59              		.type	CYCONFIGCPY, %function
  60              	CYCONFIGCPY:
  61              	.LFB1:
  61:.\Generated_Source\PSoC4/cyfitter_cfg.c **** CY_CFG_UNUSED
  62:.\Generated_Source\PSoC4/cyfitter_cfg.c **** static void CYCONFIGCPY(void *dest, const void *src, size_t n);
  63:.\Generated_Source\PSoC4/cyfitter_cfg.c **** CY_CFG_UNUSED
  64:.\Generated_Source\PSoC4/cyfitter_cfg.c **** static void CYCONFIGCPY(void *dest, const void *src, size_t n)
  65:.\Generated_Source\PSoC4/cyfitter_cfg.c **** {
  62              		.loc 1 65 0
  63              		.cfi_startproc
  64 0000 80B5     		push	{r7, lr}
  65              	.LCFI3:
  66              		.cfi_def_cfa_offset 8
  67              		.cfi_offset 7, -8
  68              		.cfi_offset 14, -4
  69 0002 84B0     		sub	sp, sp, #16
  70              	.LCFI4:
  71              		.cfi_def_cfa_offset 24
  72 0004 00AF     		add	r7, sp, #0
  73              	.LCFI5:
  74              		.cfi_def_cfa_register 7
  75 0006 F860     		str	r0, [r7, #12]
  76 0008 B960     		str	r1, [r7, #8]
  77 000a 7A60     		str	r2, [r7, #4]
  66:.\Generated_Source\PSoC4/cyfitter_cfg.c **** 	(void)memcpy(dest, src, n);
  78              		.loc 1 66 0
  79 000c F968     		ldr	r1, [r7, #12]
  80 000e BA68     		ldr	r2, [r7, #8]
  81 0010 7B68     		ldr	r3, [r7, #4]
  82 0012 081C     		mov	r0, r1
  83 0014 111C     		mov	r1, r2
  84 0016 1A1C     		mov	r2, r3
  85 0018 FFF7FEFF 		bl	memcpy
  67:.\Generated_Source\PSoC4/cyfitter_cfg.c **** }
  86              		.loc 1 67 0
  87 001c BD46     		mov	sp, r7
  88 001e 04B0     		add	sp, sp, #16
  89              		@ sp needed for prologue
  90 0020 80BD     		pop	{r7, pc}
  91              		.cfi_endproc
  92              	.LFE1:
  93              		.size	CYCONFIGCPY, .-CYCONFIGCPY
  94 0022 C046     		.section	.text.CYCONFIGCPYCODE,"ax",%progbits
  95              		.align	2
  96              		.code	16
  97              		.thumb_func
  98              		.type	CYCONFIGCPYCODE, %function
  99              	CYCONFIGCPYCODE:
 100              	.LFB2:
  68:.\Generated_Source\PSoC4/cyfitter_cfg.c **** CY_CFG_UNUSED
  69:.\Generated_Source\PSoC4/cyfitter_cfg.c **** static void CYCONFIGCPYCODE(void *dest, const void *src, size_t n);
  70:.\Generated_Source\PSoC4/cyfitter_cfg.c **** CY_CFG_UNUSED
  71:.\Generated_Source\PSoC4/cyfitter_cfg.c **** static void CYCONFIGCPYCODE(void *dest, const void *src, size_t n)
ARM GAS  C:\Users\Sam\AppData\Local\Temp\cc0DAe3G.s 			page 4


  72:.\Generated_Source\PSoC4/cyfitter_cfg.c **** {
 101              		.loc 1 72 0
 102              		.cfi_startproc
 103 0000 80B5     		push	{r7, lr}
 104              	.LCFI6:
 105              		.cfi_def_cfa_offset 8
 106              		.cfi_offset 7, -8
 107              		.cfi_offset 14, -4
 108 0002 84B0     		sub	sp, sp, #16
 109              	.LCFI7:
 110              		.cfi_def_cfa_offset 24
 111 0004 00AF     		add	r7, sp, #0
 112              	.LCFI8:
 113              		.cfi_def_cfa_register 7
 114 0006 F860     		str	r0, [r7, #12]
 115 0008 B960     		str	r1, [r7, #8]
 116 000a 7A60     		str	r2, [r7, #4]
  73:.\Generated_Source\PSoC4/cyfitter_cfg.c **** 	(void)memcpy(dest, src, n);
 117              		.loc 1 73 0
 118 000c F968     		ldr	r1, [r7, #12]
 119 000e BA68     		ldr	r2, [r7, #8]
 120 0010 7B68     		ldr	r3, [r7, #4]
 121 0012 081C     		mov	r0, r1
 122 0014 111C     		mov	r1, r2
 123 0016 1A1C     		mov	r2, r3
 124 0018 FFF7FEFF 		bl	memcpy
  74:.\Generated_Source\PSoC4/cyfitter_cfg.c **** }
 125              		.loc 1 74 0
 126 001c BD46     		mov	sp, r7
 127 001e 04B0     		add	sp, sp, #16
 128              		@ sp needed for prologue
 129 0020 80BD     		pop	{r7, pc}
 130              		.cfi_endproc
 131              	.LFE2:
 132              		.size	CYCONFIGCPYCODE, .-CYCONFIGCPYCODE
 133 0022 C046     		.section	.psocinit,"ax",%progbits
 134              		.align	2
 135              		.code	16
 136              		.thumb_func
 137              		.type	SetIMOBGTrims, %function
 138              	SetIMOBGTrims:
 139              	.LFB3:
  75:.\Generated_Source\PSoC4/cyfitter_cfg.c **** 
  76:.\Generated_Source\PSoC4/cyfitter_cfg.c **** 
  77:.\Generated_Source\PSoC4/cyfitter_cfg.c **** 
  78:.\Generated_Source\PSoC4/cyfitter_cfg.c **** /* Clock startup error codes                                                   */
  79:.\Generated_Source\PSoC4/cyfitter_cfg.c **** #define CYCLOCKSTART_NO_ERROR    0u
  80:.\Generated_Source\PSoC4/cyfitter_cfg.c **** #define CYCLOCKSTART_XTAL_ERROR  1u
  81:.\Generated_Source\PSoC4/cyfitter_cfg.c **** #define CYCLOCKSTART_32KHZ_ERROR 2u
  82:.\Generated_Source\PSoC4/cyfitter_cfg.c **** #define CYCLOCKSTART_PLL_ERROR   3u
  83:.\Generated_Source\PSoC4/cyfitter_cfg.c **** 
  84:.\Generated_Source\PSoC4/cyfitter_cfg.c **** #ifdef CY_NEED_CYCLOCKSTARTUPERROR
  85:.\Generated_Source\PSoC4/cyfitter_cfg.c **** /*******************************************************************************
  86:.\Generated_Source\PSoC4/cyfitter_cfg.c **** * Function Name: CyClockStartupError
  87:.\Generated_Source\PSoC4/cyfitter_cfg.c **** ********************************************************************************
  88:.\Generated_Source\PSoC4/cyfitter_cfg.c **** * Summary:
  89:.\Generated_Source\PSoC4/cyfitter_cfg.c **** *  If an error is encountered during clock configuration (crystal startup error,
ARM GAS  C:\Users\Sam\AppData\Local\Temp\cc0DAe3G.s 			page 5


  90:.\Generated_Source\PSoC4/cyfitter_cfg.c **** *  PLL lock error, etc.), the system will end up here.  Unless reimplemented by
  91:.\Generated_Source\PSoC4/cyfitter_cfg.c **** *  the customer, this function will stop in an infinite loop.
  92:.\Generated_Source\PSoC4/cyfitter_cfg.c **** *
  93:.\Generated_Source\PSoC4/cyfitter_cfg.c **** * Parameters:
  94:.\Generated_Source\PSoC4/cyfitter_cfg.c **** *   void
  95:.\Generated_Source\PSoC4/cyfitter_cfg.c **** *
  96:.\Generated_Source\PSoC4/cyfitter_cfg.c **** * Return:
  97:.\Generated_Source\PSoC4/cyfitter_cfg.c **** *   void
  98:.\Generated_Source\PSoC4/cyfitter_cfg.c **** *
  99:.\Generated_Source\PSoC4/cyfitter_cfg.c **** *******************************************************************************/
 100:.\Generated_Source\PSoC4/cyfitter_cfg.c **** CY_CFG_UNUSED
 101:.\Generated_Source\PSoC4/cyfitter_cfg.c **** static void CyClockStartupError(uint8 errorCode);
 102:.\Generated_Source\PSoC4/cyfitter_cfg.c **** CY_CFG_UNUSED
 103:.\Generated_Source\PSoC4/cyfitter_cfg.c **** static void CyClockStartupError(uint8 errorCode)
 104:.\Generated_Source\PSoC4/cyfitter_cfg.c **** {
 105:.\Generated_Source\PSoC4/cyfitter_cfg.c ****     /* To remove the compiler warning if errorCode not used.                */
 106:.\Generated_Source\PSoC4/cyfitter_cfg.c ****     errorCode = errorCode;
 107:.\Generated_Source\PSoC4/cyfitter_cfg.c **** 
 108:.\Generated_Source\PSoC4/cyfitter_cfg.c ****     /* `#START CyClockStartupError` */
 109:.\Generated_Source\PSoC4/cyfitter_cfg.c **** 
 110:.\Generated_Source\PSoC4/cyfitter_cfg.c ****     /* If we have a clock startup error (bad MHz crystal, PLL lock, etc.),  */
 111:.\Generated_Source\PSoC4/cyfitter_cfg.c ****     /* we will end up here to allow the customer to implement something to  */
 112:.\Generated_Source\PSoC4/cyfitter_cfg.c ****     /* deal with the clock condition.                                       */
 113:.\Generated_Source\PSoC4/cyfitter_cfg.c **** 
 114:.\Generated_Source\PSoC4/cyfitter_cfg.c ****     /* `#END` */
 115:.\Generated_Source\PSoC4/cyfitter_cfg.c **** 
 116:.\Generated_Source\PSoC4/cyfitter_cfg.c ****     /* If nothing else, stop here since the clocks have not started         */
 117:.\Generated_Source\PSoC4/cyfitter_cfg.c ****     /* correctly.                                                           */
 118:.\Generated_Source\PSoC4/cyfitter_cfg.c ****     while(1) {}
 119:.\Generated_Source\PSoC4/cyfitter_cfg.c **** }
 120:.\Generated_Source\PSoC4/cyfitter_cfg.c **** #endif
 121:.\Generated_Source\PSoC4/cyfitter_cfg.c **** 
 122:.\Generated_Source\PSoC4/cyfitter_cfg.c **** 
 123:.\Generated_Source\PSoC4/cyfitter_cfg.c **** /*******************************************************************************
 124:.\Generated_Source\PSoC4/cyfitter_cfg.c **** * Function Name: SetIMOBGTrims
 125:.\Generated_Source\PSoC4/cyfitter_cfg.c **** ********************************************************************************
 126:.\Generated_Source\PSoC4/cyfitter_cfg.c **** *
 127:.\Generated_Source\PSoC4/cyfitter_cfg.c **** * Summary:
 128:.\Generated_Source\PSoC4/cyfitter_cfg.c **** *   Performs the configuration of the bandgap trim for the IMO based on the given
 129:.\Generated_Source\PSoC4/cyfitter_cfg.c **** *   expected frequency of the IMO. 
 130:.\Generated_Source\PSoC4/cyfitter_cfg.c **** *
 131:.\Generated_Source\PSoC4/cyfitter_cfg.c **** * Parameters:
 132:.\Generated_Source\PSoC4/cyfitter_cfg.c **** *   imoFreq: Frequency for operation of the IMO.
 133:.\Generated_Source\PSoC4/cyfitter_cfg.c **** *
 134:.\Generated_Source\PSoC4/cyfitter_cfg.c **** * Return:
 135:.\Generated_Source\PSoC4/cyfitter_cfg.c **** *   void
 136:.\Generated_Source\PSoC4/cyfitter_cfg.c **** *
 137:.\Generated_Source\PSoC4/cyfitter_cfg.c **** *******************************************************************************/
 138:.\Generated_Source\PSoC4/cyfitter_cfg.c **** static void SetIMOBGTrims(uint8 imoFreq);
 139:.\Generated_Source\PSoC4/cyfitter_cfg.c **** CY_CFG_SECTION
 140:.\Generated_Source\PSoC4/cyfitter_cfg.c **** static void SetIMOBGTrims(uint8 imoFreq)
 141:.\Generated_Source\PSoC4/cyfitter_cfg.c **** {
 140              		.loc 1 141 0
 141              		.cfi_startproc
 142 0000 80B5     		push	{r7, lr}
 143              	.LCFI9:
 144              		.cfi_def_cfa_offset 8
ARM GAS  C:\Users\Sam\AppData\Local\Temp\cc0DAe3G.s 			page 6


 145              		.cfi_offset 7, -8
 146              		.cfi_offset 14, -4
 147 0002 84B0     		sub	sp, sp, #16
 148              	.LCFI10:
 149              		.cfi_def_cfa_offset 24
 150 0004 00AF     		add	r7, sp, #0
 151              	.LCFI11:
 152              		.cfi_def_cfa_register 7
 153 0006 021C     		mov	r2, r0
 154 0008 FB1D     		add	r3, r7, #7
 155 000a 1A70     		strb	r2, [r3]
 142:.\Generated_Source\PSoC4/cyfitter_cfg.c **** 	CYPACKED typedef struct {
 143:.\Generated_Source\PSoC4/cyfitter_cfg.c **** 		uint8 freq;
 144:.\Generated_Source\PSoC4/cyfitter_cfg.c **** 		uint8 absolute;
 145:.\Generated_Source\PSoC4/cyfitter_cfg.c **** 		uint8 tmpco;
 146:.\Generated_Source\PSoC4/cyfitter_cfg.c **** 	} CYPACKED_ATTR imo_trim_entry_t;
 147:.\Generated_Source\PSoC4/cyfitter_cfg.c **** 
 148:.\Generated_Source\PSoC4/cyfitter_cfg.c **** 	CYPACKED typedef struct {
 149:.\Generated_Source\PSoC4/cyfitter_cfg.c **** 		imo_trim_entry_t entries[4];
 150:.\Generated_Source\PSoC4/cyfitter_cfg.c **** 	} CYPACKED_ATTR imo_trim_table_t;
 151:.\Generated_Source\PSoC4/cyfitter_cfg.c **** 
 152:.\Generated_Source\PSoC4/cyfitter_cfg.c **** 	static const imo_trim_table_t *imo_trim_table = (const imo_trim_table_t *)CYREG_SFLASH_IMO_MAXF0;
 153:.\Generated_Source\PSoC4/cyfitter_cfg.c **** 	static const uint32 IMO_TRIM_FREQ_TABLE_ENTRIES = sizeof(imo_trim_table->entries)/sizeof(imo_trim_
 154:.\Generated_Source\PSoC4/cyfitter_cfg.c **** 
 155:.\Generated_Source\PSoC4/cyfitter_cfg.c **** 	int32 imoTrimIndex;
 156:.\Generated_Source\PSoC4/cyfitter_cfg.c **** 	uint8 setAbs;
 157:.\Generated_Source\PSoC4/cyfitter_cfg.c **** 	uint8 setTmpCo;
 158:.\Generated_Source\PSoC4/cyfitter_cfg.c **** 
 159:.\Generated_Source\PSoC4/cyfitter_cfg.c **** 	/* Traverse the SFLASH IMO frequency-dependent bandgap trim table to
 160:.\Generated_Source\PSoC4/cyfitter_cfg.c **** 	 * locate the appropriate value to trim the IMO bandgap based on freq. */
 161:.\Generated_Source\PSoC4/cyfitter_cfg.c **** 	setAbs = CY_GET_REG8((const void *)CYREG_SFLASH_IMO_ABS4);
 156              		.loc 1 161 0
 157 000c 224A     		ldr	r2, .L8
 158 000e 3B1C     		mov	r3, r7
 159 0010 0B33     		add	r3, r3, #11
 160 0012 1278     		ldrb	r2, [r2]
 161 0014 1A70     		strb	r2, [r3]
 162:.\Generated_Source\PSoC4/cyfitter_cfg.c **** 	setTmpCo = CY_GET_REG8((const void *)CYREG_SFLASH_IMO_TMPCO4);
 162              		.loc 1 162 0
 163 0016 214A     		ldr	r2, .L8+4
 164 0018 3B1C     		mov	r3, r7
 165 001a 0A33     		add	r3, r3, #10
 166 001c 1278     		ldrb	r2, [r2]
 167 001e 1A70     		strb	r2, [r3]
 163:.\Generated_Source\PSoC4/cyfitter_cfg.c **** 	for (imoTrimIndex = ((int32)IMO_TRIM_FREQ_TABLE_ENTRIES)-1;
 168              		.loc 1 163 0
 169 0020 1F4B     		ldr	r3, .L8+8
 170 0022 1B68     		ldr	r3, [r3]
 171 0024 013B     		sub	r3, r3, #1
 172 0026 FB60     		str	r3, [r7, #12]
 173 0028 1AE0     		b	.L5
 174              	.L7:
 164:.\Generated_Source\PSoC4/cyfitter_cfg.c **** 	     (imoTrimIndex >= 0) && (imoFreq <= imo_trim_table->entries[imoTrimIndex].freq);
 165:.\Generated_Source\PSoC4/cyfitter_cfg.c **** 	     imoTrimIndex--)
 166:.\Generated_Source\PSoC4/cyfitter_cfg.c **** 	{
 167:.\Generated_Source\PSoC4/cyfitter_cfg.c **** 		setAbs = imo_trim_table->entries[imoTrimIndex].absolute;
 175              		.loc 1 167 0
ARM GAS  C:\Users\Sam\AppData\Local\Temp\cc0DAe3G.s 			page 7


 176 002a 1E4B     		ldr	r3, .L8+12
 177 002c 1868     		ldr	r0, [r3]
 178 002e 391C     		mov	r1, r7
 179 0030 0B31     		add	r1, r1, #11
 180 0032 FA68     		ldr	r2, [r7, #12]
 181 0034 131C     		mov	r3, r2
 182 0036 5B00     		lsl	r3, r3, #1
 183 0038 9B18     		add	r3, r3, r2
 184 003a C318     		add	r3, r0, r3
 185 003c 0133     		add	r3, r3, #1
 186 003e 1B78     		ldrb	r3, [r3]
 187 0040 0B70     		strb	r3, [r1]
 168:.\Generated_Source\PSoC4/cyfitter_cfg.c **** 		setTmpCo = imo_trim_table->entries[imoTrimIndex].tmpco;
 188              		.loc 1 168 0
 189 0042 184B     		ldr	r3, .L8+12
 190 0044 1868     		ldr	r0, [r3]
 191 0046 391C     		mov	r1, r7
 192 0048 0A31     		add	r1, r1, #10
 193 004a FA68     		ldr	r2, [r7, #12]
 194 004c 131C     		mov	r3, r2
 195 004e 5B00     		lsl	r3, r3, #1
 196 0050 9B18     		add	r3, r3, r2
 197 0052 C318     		add	r3, r0, r3
 198 0054 0233     		add	r3, r3, #2
 199 0056 1B78     		ldrb	r3, [r3]
 200 0058 0B70     		strb	r3, [r1]
 165:.\Generated_Source\PSoC4/cyfitter_cfg.c **** 	     imoTrimIndex--)
 201              		.loc 1 165 0
 202 005a FB68     		ldr	r3, [r7, #12]
 203 005c 013B     		sub	r3, r3, #1
 204 005e FB60     		str	r3, [r7, #12]
 205              	.L5:
 163:.\Generated_Source\PSoC4/cyfitter_cfg.c **** 	for (imoTrimIndex = ((int32)IMO_TRIM_FREQ_TABLE_ENTRIES)-1;
 206              		.loc 1 163 0 discriminator 1
 207 0060 FB68     		ldr	r3, [r7, #12]
 208 0062 002B     		cmp	r3, #0
 209 0064 0ADB     		blt	.L6
 164:.\Generated_Source\PSoC4/cyfitter_cfg.c **** 	     (imoTrimIndex >= 0) && (imoFreq <= imo_trim_table->entries[imoTrimIndex].freq);
 210              		.loc 1 164 0
 211 0066 0F4B     		ldr	r3, .L8+12
 212 0068 1968     		ldr	r1, [r3]
 213 006a FA68     		ldr	r2, [r7, #12]
 214 006c 131C     		mov	r3, r2
 215 006e 5B00     		lsl	r3, r3, #1
 216 0070 9B18     		add	r3, r3, r2
 217 0072 5B5C     		ldrb	r3, [r3, r1]
 218 0074 FA1D     		add	r2, r7, #7
 219 0076 1278     		ldrb	r2, [r2]
 220 0078 9A42     		cmp	r2, r3
 221 007a D6D9     		bls	.L7
 222              	.L6:
 169:.\Generated_Source\PSoC4/cyfitter_cfg.c **** 	}
 170:.\Generated_Source\PSoC4/cyfitter_cfg.c **** 
 171:.\Generated_Source\PSoC4/cyfitter_cfg.c **** 	CY_SET_REG32((void *)CYREG_PWR_BG_TRIM4, setAbs);
 223              		.loc 1 171 0
 224 007c 0A4B     		ldr	r3, .L8+16
 225 007e 3A1C     		mov	r2, r7
ARM GAS  C:\Users\Sam\AppData\Local\Temp\cc0DAe3G.s 			page 8


 226 0080 0B32     		add	r2, r2, #11
 227 0082 1278     		ldrb	r2, [r2]
 228 0084 1A60     		str	r2, [r3]
 172:.\Generated_Source\PSoC4/cyfitter_cfg.c **** 	CY_SET_REG32((void *)CYREG_PWR_BG_TRIM5, setTmpCo);
 229              		.loc 1 172 0
 230 0086 094B     		ldr	r3, .L8+20
 231 0088 3A1C     		mov	r2, r7
 232 008a 0A32     		add	r2, r2, #10
 233 008c 1278     		ldrb	r2, [r2]
 234 008e 1A60     		str	r2, [r3]
 173:.\Generated_Source\PSoC4/cyfitter_cfg.c **** }
 235              		.loc 1 173 0
 236 0090 BD46     		mov	sp, r7
 237 0092 04B0     		add	sp, sp, #16
 238              		@ sp needed for prologue
 239 0094 80BD     		pop	{r7, pc}
 240              	.L9:
 241 0096 C046     		.align	2
 242              	.L8:
 243 0098 CCF1FF0F 		.word	268431820
 244 009c CDF1FF0F 		.word	268431821
 245 00a0 0C000000 		.word	IMO_TRIM_FREQ_TABLE_ENTRIES.4621
 246 00a4 00000000 		.word	imo_trim_table.4620
 247 00a8 1CFF0B40 		.word	1074528028
 248 00ac 20FF0B40 		.word	1074528032
 249              		.cfi_endproc
 250              	.LFE3:
 251              		.size	SetIMOBGTrims, .-SetIMOBGTrims
 252              		.align	2
 253              		.code	16
 254              		.thumb_func
 255              		.type	ClockSetup, %function
 256              	ClockSetup:
 257              	.LFB4:
 174:.\Generated_Source\PSoC4/cyfitter_cfg.c **** 
 175:.\Generated_Source\PSoC4/cyfitter_cfg.c **** 
 176:.\Generated_Source\PSoC4/cyfitter_cfg.c **** 
 177:.\Generated_Source\PSoC4/cyfitter_cfg.c **** /*******************************************************************************
 178:.\Generated_Source\PSoC4/cyfitter_cfg.c **** * Function Name: ClockSetup
 179:.\Generated_Source\PSoC4/cyfitter_cfg.c **** ********************************************************************************
 180:.\Generated_Source\PSoC4/cyfitter_cfg.c **** *
 181:.\Generated_Source\PSoC4/cyfitter_cfg.c **** * Summary:
 182:.\Generated_Source\PSoC4/cyfitter_cfg.c **** *   Performs the initialization of all of the clocks in the device based on the
 183:.\Generated_Source\PSoC4/cyfitter_cfg.c **** *   settings in the Clock tab of the DWR.  This includes enabling the requested
 184:.\Generated_Source\PSoC4/cyfitter_cfg.c **** *   clocks and setting the necessary dividers to produce the desired frequency. 
 185:.\Generated_Source\PSoC4/cyfitter_cfg.c **** *
 186:.\Generated_Source\PSoC4/cyfitter_cfg.c **** * Parameters:
 187:.\Generated_Source\PSoC4/cyfitter_cfg.c **** *   void
 188:.\Generated_Source\PSoC4/cyfitter_cfg.c **** *
 189:.\Generated_Source\PSoC4/cyfitter_cfg.c **** * Return:
 190:.\Generated_Source\PSoC4/cyfitter_cfg.c **** *   void
 191:.\Generated_Source\PSoC4/cyfitter_cfg.c **** *
 192:.\Generated_Source\PSoC4/cyfitter_cfg.c **** *******************************************************************************/
 193:.\Generated_Source\PSoC4/cyfitter_cfg.c **** static void ClockSetup(void);
 194:.\Generated_Source\PSoC4/cyfitter_cfg.c **** CY_CFG_SECTION
 195:.\Generated_Source\PSoC4/cyfitter_cfg.c **** static void ClockSetup(void)
 196:.\Generated_Source\PSoC4/cyfitter_cfg.c **** {
ARM GAS  C:\Users\Sam\AppData\Local\Temp\cc0DAe3G.s 			page 9


 258              		.loc 1 196 0
 259              		.cfi_startproc
 260 00b0 80B5     		push	{r7, lr}
 261              	.LCFI12:
 262              		.cfi_def_cfa_offset 8
 263              		.cfi_offset 7, -8
 264              		.cfi_offset 14, -4
 265 00b2 00AF     		add	r7, sp, #0
 266              	.LCFI13:
 267              		.cfi_def_cfa_register 7
 197:.\Generated_Source\PSoC4/cyfitter_cfg.c **** 	/* Enable HALF_EN before trimming for the flash accelerator. */
 198:.\Generated_Source\PSoC4/cyfitter_cfg.c **** 	CY_SET_REG32((void CYXDATA *)(CYREG_CLK_SELECT), (CY_GET_REG32((void *)CYREG_CLK_SELECT) | 0x00040
 268              		.loc 1 198 0
 269 00b4 194B     		ldr	r3, .L11
 270 00b6 194A     		ldr	r2, .L11
 271 00b8 1268     		ldr	r2, [r2]
 272 00ba 8021     		mov	r1, #128
 273 00bc C902     		lsl	r1, r1, #11
 274 00be 0A43     		orr	r2, r1
 275 00c0 1A60     		str	r2, [r3]
 199:.\Generated_Source\PSoC4/cyfitter_cfg.c **** 
 200:.\Generated_Source\PSoC4/cyfitter_cfg.c **** 	/* Trim IMO BG based on desired frequency. */
 201:.\Generated_Source\PSoC4/cyfitter_cfg.c **** 	SetIMOBGTrims(24u);
 276              		.loc 1 201 0
 277 00c2 1820     		mov	r0, #24
 278 00c4 FFF79CFF 		bl	SetIMOBGTrims
 202:.\Generated_Source\PSoC4/cyfitter_cfg.c **** 
 203:.\Generated_Source\PSoC4/cyfitter_cfg.c **** 	/* Going less than or equal to 24MHz, so update the clock speed then adjust trim value. */
 204:.\Generated_Source\PSoC4/cyfitter_cfg.c **** 	CY_SET_REG32((void CYXDATA *)(CYREG_CLK_IMO_TRIM2), (25u));
 279              		.loc 1 204 0
 280 00c8 154B     		ldr	r3, .L11+4
 281 00ca 1922     		mov	r2, #25
 282 00cc 1A60     		str	r2, [r3]
 205:.\Generated_Source\PSoC4/cyfitter_cfg.c **** 	CyDelayCycles(5u);
 283              		.loc 1 205 0
 284 00ce 0520     		mov	r0, #5
 285 00d0 FFF7FEFF 		bl	CyDelayCycles
 206:.\Generated_Source\PSoC4/cyfitter_cfg.c **** 	CY_SET_REG32((void CYXDATA *)(CYREG_CLK_IMO_TRIM1), (CY_GET_REG8((void *)CYREG_SFLASH_IMO_TRIM21))
 286              		.loc 1 206 0
 287 00d4 134B     		ldr	r3, .L11+8
 288 00d6 144A     		ldr	r2, .L11+12
 289 00d8 1278     		ldrb	r2, [r2]
 290 00da D2B2     		uxtb	r2, r2
 291 00dc 1A60     		str	r2, [r3]
 207:.\Generated_Source\PSoC4/cyfitter_cfg.c **** 	CyDelayUs(5u);
 292              		.loc 1 207 0
 293 00de 0520     		mov	r0, #5
 294 00e0 FFF7FEFF 		bl	CyDelayUs
 208:.\Generated_Source\PSoC4/cyfitter_cfg.c **** 
 209:.\Generated_Source\PSoC4/cyfitter_cfg.c **** 	/* Disable HALF_EN since it is not required at this IMO frequency. */
 210:.\Generated_Source\PSoC4/cyfitter_cfg.c **** 	CY_SET_REG32((void CYXDATA *)(CYREG_CLK_SELECT), (CY_GET_REG32((void *)CYREG_CLK_SELECT) & 0xFFFBF
 295              		.loc 1 210 0
 296 00e4 0D4B     		ldr	r3, .L11
 297 00e6 0D4A     		ldr	r2, .L11
 298 00e8 1168     		ldr	r1, [r2]
 299 00ea 104A     		ldr	r2, .L11+16
 300 00ec 0A40     		and	r2, r1
ARM GAS  C:\Users\Sam\AppData\Local\Temp\cc0DAe3G.s 			page 10


 301 00ee 1A60     		str	r2, [r3]
 211:.\Generated_Source\PSoC4/cyfitter_cfg.c **** 
 212:.\Generated_Source\PSoC4/cyfitter_cfg.c **** 	/* CYDEV_CLK_SELECT00 Starting address: CYDEV_CLK_SELECT00 */
 213:.\Generated_Source\PSoC4/cyfitter_cfg.c **** 	CY_SET_XTND_REG32((void CYFAR *)(CYREG_CLK_SELECT02), 0x00000020u);
 302              		.loc 1 213 0
 303 00f0 0F4B     		ldr	r3, .L11+20
 304 00f2 2022     		mov	r2, #32
 305 00f4 1A60     		str	r2, [r3]
 214:.\Generated_Source\PSoC4/cyfitter_cfg.c **** 	CY_SET_XTND_REG32((void CYFAR *)(CYREG_CLK_SELECT03), 0x00000010u);
 306              		.loc 1 214 0
 307 00f6 0F4B     		ldr	r3, .L11+24
 308 00f8 1022     		mov	r2, #16
 309 00fa 1A60     		str	r2, [r3]
 215:.\Generated_Source\PSoC4/cyfitter_cfg.c **** 
 216:.\Generated_Source\PSoC4/cyfitter_cfg.c **** 	/* CYDEV_CLK_IMO_CONFIG Starting address: CYDEV_CLK_IMO_CONFIG */
 217:.\Generated_Source\PSoC4/cyfitter_cfg.c **** 	CY_SET_XTND_REG32((void CYFAR *)(CYREG_CLK_IMO_CONFIG), 0x80000000u);
 310              		.loc 1 217 0
 311 00fc 0E4B     		ldr	r3, .L11+28
 312 00fe 8022     		mov	r2, #128
 313 0100 1206     		lsl	r2, r2, #24
 314 0102 1A60     		str	r2, [r3]
 218:.\Generated_Source\PSoC4/cyfitter_cfg.c **** 
 219:.\Generated_Source\PSoC4/cyfitter_cfg.c **** 	/* CYDEV_CLK_ILO_CONFIG Starting address: CYDEV_CLK_ILO_CONFIG */
 220:.\Generated_Source\PSoC4/cyfitter_cfg.c **** 	CY_SET_XTND_REG32((void CYFAR *)(CYREG_CLK_ILO_CONFIG), 0x80000000u);
 315              		.loc 1 220 0
 316 0104 0D4B     		ldr	r3, .L11+32
 317 0106 8022     		mov	r2, #128
 318 0108 1206     		lsl	r2, r2, #24
 319 010a 1A60     		str	r2, [r3]
 221:.\Generated_Source\PSoC4/cyfitter_cfg.c **** 
 222:.\Generated_Source\PSoC4/cyfitter_cfg.c **** 	/* CYDEV_CLK_DIVIDER_A00 Starting address: CYDEV_CLK_DIVIDER_A00 */
 223:.\Generated_Source\PSoC4/cyfitter_cfg.c **** 	CY_SET_XTND_REG32((void CYFAR *)(CYREG_CLK_DIVIDER_A00), 0x8000000Eu);
 320              		.loc 1 223 0
 321 010c 0C4B     		ldr	r3, .L11+36
 322 010e 0D4A     		ldr	r2, .L11+40
 323 0110 1A60     		str	r2, [r3]
 224:.\Generated_Source\PSoC4/cyfitter_cfg.c **** 
 225:.\Generated_Source\PSoC4/cyfitter_cfg.c **** 	/* CYDEV_CLK_DIVIDER_B00 Starting address: CYDEV_CLK_DIVIDER_B00 */
 226:.\Generated_Source\PSoC4/cyfitter_cfg.c **** 	CY_SET_XTND_REG32((void CYFAR *)(CYREG_CLK_DIVIDER_B00), 0x80000067u);
 324              		.loc 1 226 0
 325 0112 0D4B     		ldr	r3, .L11+44
 326 0114 0D4A     		ldr	r2, .L11+48
 327 0116 1A60     		str	r2, [r3]
 227:.\Generated_Source\PSoC4/cyfitter_cfg.c **** 
 228:.\Generated_Source\PSoC4/cyfitter_cfg.c **** }
 328              		.loc 1 228 0
 329 0118 BD46     		mov	sp, r7
 330              		@ sp needed for prologue
 331 011a 80BD     		pop	{r7, pc}
 332              	.L12:
 333              		.align	2
 334              	.L11:
 335 011c 00010B40 		.word	1074462976
 336 0120 2CFF0B40 		.word	1074528044
 337 0124 28FF0B40 		.word	1074528040
 338 0128 E5F1FF0F 		.word	268431845
 339 012c FFFFFBFF 		.word	-262145
ARM GAS  C:\Users\Sam\AppData\Local\Temp\cc0DAe3G.s 			page 11


 340 0130 08020240 		.word	1073873416
 341 0134 0C020240 		.word	1073873420
 342 0138 08010B40 		.word	1074462984
 343 013c 04010B40 		.word	1074462980
 344 0140 00000240 		.word	1073872896
 345 0144 0E000080 		.word	-2147483634
 346 0148 40000240 		.word	1073872960
 347 014c 67000080 		.word	-2147483545
 348              		.cfi_endproc
 349              	.LFE4:
 350              		.size	ClockSetup, .-ClockSetup
 351              		.section	.text.AnalogSetDefault,"ax",%progbits
 352              		.align	2
 353              		.code	16
 354              		.thumb_func
 355              		.type	AnalogSetDefault, %function
 356              	AnalogSetDefault:
 357              	.LFB5:
 229:.\Generated_Source\PSoC4/cyfitter_cfg.c **** 
 230:.\Generated_Source\PSoC4/cyfitter_cfg.c **** 
 231:.\Generated_Source\PSoC4/cyfitter_cfg.c **** /* Analog API Functions */
 232:.\Generated_Source\PSoC4/cyfitter_cfg.c **** 
 233:.\Generated_Source\PSoC4/cyfitter_cfg.c **** 
 234:.\Generated_Source\PSoC4/cyfitter_cfg.c **** /*******************************************************************************
 235:.\Generated_Source\PSoC4/cyfitter_cfg.c **** * Function Name: AnalogSetDefault
 236:.\Generated_Source\PSoC4/cyfitter_cfg.c **** ********************************************************************************
 237:.\Generated_Source\PSoC4/cyfitter_cfg.c **** *
 238:.\Generated_Source\PSoC4/cyfitter_cfg.c **** * Summary:
 239:.\Generated_Source\PSoC4/cyfitter_cfg.c **** *  Sets up the analog portions of the chip to default values based on chip
 240:.\Generated_Source\PSoC4/cyfitter_cfg.c **** *  configuration options from the project.
 241:.\Generated_Source\PSoC4/cyfitter_cfg.c **** *
 242:.\Generated_Source\PSoC4/cyfitter_cfg.c **** * Parameters:
 243:.\Generated_Source\PSoC4/cyfitter_cfg.c **** *  void
 244:.\Generated_Source\PSoC4/cyfitter_cfg.c **** *
 245:.\Generated_Source\PSoC4/cyfitter_cfg.c **** * Return:
 246:.\Generated_Source\PSoC4/cyfitter_cfg.c **** *  void
 247:.\Generated_Source\PSoC4/cyfitter_cfg.c **** *
 248:.\Generated_Source\PSoC4/cyfitter_cfg.c **** *******************************************************************************/
 249:.\Generated_Source\PSoC4/cyfitter_cfg.c **** static void AnalogSetDefault(void);
 250:.\Generated_Source\PSoC4/cyfitter_cfg.c **** static void AnalogSetDefault(void)
 251:.\Generated_Source\PSoC4/cyfitter_cfg.c **** {
 358              		.loc 1 251 0
 359              		.cfi_startproc
 360 0000 80B5     		push	{r7, lr}
 361              	.LCFI14:
 362              		.cfi_def_cfa_offset 8
 363              		.cfi_offset 7, -8
 364              		.cfi_offset 14, -4
 365 0002 00AF     		add	r7, sp, #0
 366              	.LCFI15:
 367              		.cfi_def_cfa_register 7
 252:.\Generated_Source\PSoC4/cyfitter_cfg.c **** }
 368              		.loc 1 252 0
 369 0004 BD46     		mov	sp, r7
 370              		@ sp needed for prologue
 371 0006 80BD     		pop	{r7, pc}
 372              		.cfi_endproc
ARM GAS  C:\Users\Sam\AppData\Local\Temp\cc0DAe3G.s 			page 12


 373              	.LFE5:
 374              		.size	AnalogSetDefault, .-AnalogSetDefault
 375              		.section	.psocinit
 376              		.align	2
 377              		.global	cyfitter_cfg
 378              		.code	16
 379              		.thumb_func
 380              		.type	cyfitter_cfg, %function
 381              	cyfitter_cfg:
 382              	.LFB6:
 253:.\Generated_Source\PSoC4/cyfitter_cfg.c **** 
 254:.\Generated_Source\PSoC4/cyfitter_cfg.c **** #define CY_AMUX_UNUSED CYREG_CM0_ROM_DWT
 255:.\Generated_Source\PSoC4/cyfitter_cfg.c **** 
 256:.\Generated_Source\PSoC4/cyfitter_cfg.c **** 
 257:.\Generated_Source\PSoC4/cyfitter_cfg.c **** /*******************************************************************************
 258:.\Generated_Source\PSoC4/cyfitter_cfg.c **** * Function Name: cyfitter_cfg
 259:.\Generated_Source\PSoC4/cyfitter_cfg.c **** ********************************************************************************
 260:.\Generated_Source\PSoC4/cyfitter_cfg.c **** * Summary:
 261:.\Generated_Source\PSoC4/cyfitter_cfg.c **** *  This function is called by the start-up code for the selected device. It
 262:.\Generated_Source\PSoC4/cyfitter_cfg.c **** *  performs all of the necessary device configuration based on the design
 263:.\Generated_Source\PSoC4/cyfitter_cfg.c **** *  settings.  This includes settings from the Design Wide Resources (DWR) such
 264:.\Generated_Source\PSoC4/cyfitter_cfg.c **** *  as Clocks and Pins as well as any component configuration that is necessary.
 265:.\Generated_Source\PSoC4/cyfitter_cfg.c **** *
 266:.\Generated_Source\PSoC4/cyfitter_cfg.c **** * Parameters:  
 267:.\Generated_Source\PSoC4/cyfitter_cfg.c **** *   void
 268:.\Generated_Source\PSoC4/cyfitter_cfg.c **** *
 269:.\Generated_Source\PSoC4/cyfitter_cfg.c **** * Return:
 270:.\Generated_Source\PSoC4/cyfitter_cfg.c **** *   void
 271:.\Generated_Source\PSoC4/cyfitter_cfg.c **** *
 272:.\Generated_Source\PSoC4/cyfitter_cfg.c **** *******************************************************************************/
 273:.\Generated_Source\PSoC4/cyfitter_cfg.c **** CY_CFG_SECTION
 274:.\Generated_Source\PSoC4/cyfitter_cfg.c **** void cyfitter_cfg(void)
 275:.\Generated_Source\PSoC4/cyfitter_cfg.c **** {
 383              		.loc 1 275 0
 384              		.cfi_startproc
 385 0150 80B5     		push	{r7, lr}
 386              	.LCFI16:
 387              		.cfi_def_cfa_offset 8
 388              		.cfi_offset 7, -8
 389              		.cfi_offset 14, -4
 390 0152 82B0     		sub	sp, sp, #8
 391              	.LCFI17:
 392              		.cfi_def_cfa_offset 16
 393 0154 00AF     		add	r7, sp, #0
 394              	.LCFI18:
 395              		.cfi_def_cfa_register 7
 276:.\Generated_Source\PSoC4/cyfitter_cfg.c **** 	/* Disable interrupts by default. Let user enable if/when they want. */
 277:.\Generated_Source\PSoC4/cyfitter_cfg.c **** 	CyGlobalIntDisable;
 396              		.loc 1 277 0
 397              	@ 277 ".\Generated_Source\PSoC4\cyfitter_cfg.c" 1
 398 0156 72B6     		CPSID   i
 399              	@ 0 "" 2
 400              		.code	16
 401              	.LBB2:
 278:.\Generated_Source\PSoC4/cyfitter_cfg.c **** 
 279:.\Generated_Source\PSoC4/cyfitter_cfg.c **** 	{
 280:.\Generated_Source\PSoC4/cyfitter_cfg.c **** 
ARM GAS  C:\Users\Sam\AppData\Local\Temp\cc0DAe3G.s 			page 13


 281:.\Generated_Source\PSoC4/cyfitter_cfg.c **** 		CYPACKED typedef struct {
 282:.\Generated_Source\PSoC4/cyfitter_cfg.c **** 			void CYFAR *address;
 283:.\Generated_Source\PSoC4/cyfitter_cfg.c **** 			uint16 size;
 284:.\Generated_Source\PSoC4/cyfitter_cfg.c **** 		} CYPACKED_ATTR cfg_memset_t;
 285:.\Generated_Source\PSoC4/cyfitter_cfg.c **** 
 286:.\Generated_Source\PSoC4/cyfitter_cfg.c **** 		static const cfg_memset_t CYCODE cfg_memset_list [] = {
 287:.\Generated_Source\PSoC4/cyfitter_cfg.c **** 			/* address, size */
 288:.\Generated_Source\PSoC4/cyfitter_cfg.c **** 			{(void CYFAR *)(CYDEV_UDB_P0_U0_BASE), 1024u},
 289:.\Generated_Source\PSoC4/cyfitter_cfg.c **** 			{(void CYFAR *)(CYDEV_UDB_DSI0_BASE), 1024u},
 290:.\Generated_Source\PSoC4/cyfitter_cfg.c **** 		};
 291:.\Generated_Source\PSoC4/cyfitter_cfg.c **** 
 292:.\Generated_Source\PSoC4/cyfitter_cfg.c **** 		uint8 CYDATA i;
 293:.\Generated_Source\PSoC4/cyfitter_cfg.c **** 
 294:.\Generated_Source\PSoC4/cyfitter_cfg.c **** 		/* Zero out critical memory blocks before beginning configuration */
 295:.\Generated_Source\PSoC4/cyfitter_cfg.c **** 		for (i = 0u; i < (sizeof(cfg_memset_list)/sizeof(cfg_memset_list[0])); i++)
 402              		.loc 1 295 0
 403 0158 FB1D     		add	r3, r7, #7
 404 015a 0022     		mov	r2, #0
 405 015c 1A70     		strb	r2, [r3]
 406 015e 23E0     		b	.L15
 407              	.L16:
 408              	.LBB3:
 296:.\Generated_Source\PSoC4/cyfitter_cfg.c **** 		{
 297:.\Generated_Source\PSoC4/cyfitter_cfg.c **** 			const cfg_memset_t CYCODE * CYDATA ms = &cfg_memset_list[i];
 409              		.loc 1 297 0 discriminator 2
 410 0160 FB1D     		add	r3, r7, #7
 411 0162 1A78     		ldrb	r2, [r3]
 412 0164 131C     		mov	r3, r2
 413 0166 5B00     		lsl	r3, r3, #1
 414 0168 9B18     		add	r3, r3, r2
 415 016a 5B00     		lsl	r3, r3, #1
 416 016c 2F4A     		ldr	r2, .L17
 417 016e 9B18     		add	r3, r3, r2
 418 0170 3B60     		str	r3, [r7]
 298:.\Generated_Source\PSoC4/cyfitter_cfg.c **** 			CYMEMZERO(ms->address, (uint32)(ms->size));
 419              		.loc 1 298 0 discriminator 2
 420 0172 3B68     		ldr	r3, [r7]
 421 0174 1A78     		ldrb	r2, [r3]
 422 0176 5978     		ldrb	r1, [r3, #1]
 423 0178 0902     		lsl	r1, r1, #8
 424 017a 0A43     		orr	r2, r1
 425 017c 9978     		ldrb	r1, [r3, #2]
 426 017e 0904     		lsl	r1, r1, #16
 427 0180 0A43     		orr	r2, r1
 428 0182 DB78     		ldrb	r3, [r3, #3]
 429 0184 1B06     		lsl	r3, r3, #24
 430 0186 1343     		orr	r3, r2
 431 0188 1A1C     		mov	r2, r3
 432 018a 3B68     		ldr	r3, [r7]
 433 018c 1979     		ldrb	r1, [r3, #4]
 434 018e 5B79     		ldrb	r3, [r3, #5]
 435 0190 1B02     		lsl	r3, r3, #8
 436 0192 0B43     		orr	r3, r1
 437 0194 9BB2     		uxth	r3, r3
 438 0196 101C     		mov	r0, r2
 439 0198 191C     		mov	r1, r3
 440 019a FFF7FEFF 		bl	CYMEMZERO
ARM GAS  C:\Users\Sam\AppData\Local\Temp\cc0DAe3G.s 			page 14


 441              	.LBE3:
 295:.\Generated_Source\PSoC4/cyfitter_cfg.c **** 		for (i = 0u; i < (sizeof(cfg_memset_list)/sizeof(cfg_memset_list[0])); i++)
 442              		.loc 1 295 0 discriminator 2
 443 019e FB1D     		add	r3, r7, #7
 444 01a0 FA1D     		add	r2, r7, #7
 445 01a2 1278     		ldrb	r2, [r2]
 446 01a4 0132     		add	r2, r2, #1
 447 01a6 1A70     		strb	r2, [r3]
 448              	.L15:
 295:.\Generated_Source\PSoC4/cyfitter_cfg.c **** 		for (i = 0u; i < (sizeof(cfg_memset_list)/sizeof(cfg_memset_list[0])); i++)
 449              		.loc 1 295 0 is_stmt 0 discriminator 1
 450 01a8 FB1D     		add	r3, r7, #7
 451 01aa 1B78     		ldrb	r3, [r3]
 452 01ac 012B     		cmp	r3, #1
 453 01ae D7D9     		bls	.L16
 299:.\Generated_Source\PSoC4/cyfitter_cfg.c **** 		}
 300:.\Generated_Source\PSoC4/cyfitter_cfg.c **** 
 301:.\Generated_Source\PSoC4/cyfitter_cfg.c **** 		/* HSIOM Starting address: CYDEV_HSIOM_BASE */
 302:.\Generated_Source\PSoC4/cyfitter_cfg.c **** 		CY_SET_XTND_REG32((void CYFAR *)(CYDEV_HSIOM_BASE), 0x00EE0000u);
 454              		.loc 1 302 0 is_stmt 1
 455 01b0 1F4B     		ldr	r3, .L17+4
 456 01b2 EE22     		mov	r2, #238
 457 01b4 1204     		lsl	r2, r2, #16
 458 01b6 1A60     		str	r2, [r3]
 303:.\Generated_Source\PSoC4/cyfitter_cfg.c **** 		CY_SET_XTND_REG32((void CYFAR *)(CYREG_HSIOM_PORT_SEL3), 0x0000EE00u);
 459              		.loc 1 303 0
 460 01b8 1E4B     		ldr	r3, .L17+8
 461 01ba EE22     		mov	r2, #238
 462 01bc 1202     		lsl	r2, r2, #8
 463 01be 1A60     		str	r2, [r3]
 304:.\Generated_Source\PSoC4/cyfitter_cfg.c **** 		CY_SET_XTND_REG32((void CYFAR *)(CYREG_HSIOM_PORT_SEL4), 0x00000099u);
 464              		.loc 1 304 0
 465 01c0 1D4B     		ldr	r3, .L17+12
 466 01c2 9922     		mov	r2, #153
 467 01c4 1A60     		str	r2, [r3]
 305:.\Generated_Source\PSoC4/cyfitter_cfg.c **** 
 306:.\Generated_Source\PSoC4/cyfitter_cfg.c **** 		/* IOPINS0_0 Starting address: CYDEV_PRT0_DR */
 307:.\Generated_Source\PSoC4/cyfitter_cfg.c **** 		CY_SET_XTND_REG32((void CYFAR *)(CYREG_PRT0_DR), 0x00000030u);
 468              		.loc 1 307 0
 469 01c6 1D4B     		ldr	r3, .L17+16
 470 01c8 3022     		mov	r2, #48
 471 01ca 1A60     		str	r2, [r3]
 308:.\Generated_Source\PSoC4/cyfitter_cfg.c **** 		CY_SET_XTND_REG32((void CYFAR *)(CYREG_PRT0_PC), 0x00024000u);
 472              		.loc 1 308 0
 473 01cc 1C4B     		ldr	r3, .L17+20
 474 01ce 9022     		mov	r2, #144
 475 01d0 9202     		lsl	r2, r2, #10
 476 01d2 1A60     		str	r2, [r3]
 309:.\Generated_Source\PSoC4/cyfitter_cfg.c **** 
 310:.\Generated_Source\PSoC4/cyfitter_cfg.c **** 		/* IOPINS0_3 Starting address: CYDEV_PRT3_DR */
 311:.\Generated_Source\PSoC4/cyfitter_cfg.c **** 		CY_SET_XTND_REG32((void CYFAR *)(CYREG_PRT3_PC), 0x00000D80u);
 477              		.loc 1 311 0
 478 01d4 1B4B     		ldr	r3, .L17+24
 479 01d6 D822     		mov	r2, #216
 480 01d8 1201     		lsl	r2, r2, #4
 481 01da 1A60     		str	r2, [r3]
 312:.\Generated_Source\PSoC4/cyfitter_cfg.c **** 
ARM GAS  C:\Users\Sam\AppData\Local\Temp\cc0DAe3G.s 			page 15


 313:.\Generated_Source\PSoC4/cyfitter_cfg.c **** 		/* IOPINS0_4 Starting address: CYDEV_PRT4_DR */
 314:.\Generated_Source\PSoC4/cyfitter_cfg.c **** 		CY_SET_XTND_REG32((void CYFAR *)(CYREG_PRT4_DR), 0x00000002u);
 482              		.loc 1 314 0
 483 01dc 1A4B     		ldr	r3, .L17+28
 484 01de 0222     		mov	r2, #2
 485 01e0 1A60     		str	r2, [r3]
 315:.\Generated_Source\PSoC4/cyfitter_cfg.c **** 		CY_SET_XTND_REG32((void CYFAR *)(CYREG_PRT4_PC), 0x00000031u);
 486              		.loc 1 315 0
 487 01e2 1A4B     		ldr	r3, .L17+32
 488 01e4 3122     		mov	r2, #49
 489 01e6 1A60     		str	r2, [r3]
 316:.\Generated_Source\PSoC4/cyfitter_cfg.c **** 		CY_SET_XTND_REG32((void CYFAR *)(CYREG_PRT4_PC2), 0x00000002u);
 490              		.loc 1 316 0
 491 01e8 194B     		ldr	r3, .L17+36
 492 01ea 0222     		mov	r2, #2
 493 01ec 1A60     		str	r2, [r3]
 317:.\Generated_Source\PSoC4/cyfitter_cfg.c **** 
 318:.\Generated_Source\PSoC4/cyfitter_cfg.c **** 		/* UDB_PA_0 Starting address: CYDEV_UDB_PA0_BASE */
 319:.\Generated_Source\PSoC4/cyfitter_cfg.c **** 		CY_SET_XTND_REG32((void CYFAR *)(CYDEV_UDB_PA0_BASE), 0x00990000u);
 494              		.loc 1 319 0
 495 01ee 194B     		ldr	r3, .L17+40
 496 01f0 9922     		mov	r2, #153
 497 01f2 1204     		lsl	r2, r2, #16
 498 01f4 1A60     		str	r2, [r3]
 320:.\Generated_Source\PSoC4/cyfitter_cfg.c **** 
 321:.\Generated_Source\PSoC4/cyfitter_cfg.c **** 		/* UDB_PA_3 Starting address: CYDEV_UDB_PA3_BASE */
 322:.\Generated_Source\PSoC4/cyfitter_cfg.c **** 		CY_SET_XTND_REG32((void CYFAR *)(CYDEV_UDB_PA3_BASE), 0x00990000u);
 499              		.loc 1 322 0
 500 01f6 184B     		ldr	r3, .L17+44
 501 01f8 9922     		mov	r2, #153
 502 01fa 1204     		lsl	r2, r2, #16
 503 01fc 1A60     		str	r2, [r3]
 323:.\Generated_Source\PSoC4/cyfitter_cfg.c **** 
 324:.\Generated_Source\PSoC4/cyfitter_cfg.c **** 		/* Enable digital routing */
 325:.\Generated_Source\PSoC4/cyfitter_cfg.c **** 		CY_SET_XTND_REG8((void *)CYREG_UDB_UDBIF_BANK_CTL, CY_GET_XTND_REG8((void *)CYREG_UDB_UDBIF_BANK_
 504              		.loc 1 325 0
 505 01fe 174B     		ldr	r3, .L17+48
 506 0200 164A     		ldr	r2, .L17+48
 507 0202 1278     		ldrb	r2, [r2]
 508 0204 D2B2     		uxtb	r2, r2
 509 0206 0221     		mov	r1, #2
 510 0208 0A43     		orr	r2, r1
 511 020a D2B2     		uxtb	r2, r2
 512 020c 1A70     		strb	r2, [r3]
 326:.\Generated_Source\PSoC4/cyfitter_cfg.c **** 
 327:.\Generated_Source\PSoC4/cyfitter_cfg.c **** 		/* Enable UDB array */
 328:.\Generated_Source\PSoC4/cyfitter_cfg.c **** 		CY_SET_XTND_REG8((void *)CYREG_UDB_UDBIF_BANK_CTL, CY_GET_XTND_REG8((void *)CYREG_UDB_UDBIF_BANK_
 513              		.loc 1 328 0
 514 020e 134B     		ldr	r3, .L17+48
 515 0210 124A     		ldr	r2, .L17+48
 516 0212 1278     		ldrb	r2, [r2]
 517 0214 D2B2     		uxtb	r2, r2
 518 0216 0621     		mov	r1, #6
 519 0218 0A43     		orr	r2, r1
 520 021a D2B2     		uxtb	r2, r2
 521 021c 1A70     		strb	r2, [r3]
 522              	.LBE2:
ARM GAS  C:\Users\Sam\AppData\Local\Temp\cc0DAe3G.s 			page 16


 329:.\Generated_Source\PSoC4/cyfitter_cfg.c **** 	}
 330:.\Generated_Source\PSoC4/cyfitter_cfg.c **** 
 331:.\Generated_Source\PSoC4/cyfitter_cfg.c **** 	/* Setup clocks based on selections from Clock DWR */
 332:.\Generated_Source\PSoC4/cyfitter_cfg.c **** 	ClockSetup();
 523              		.loc 1 332 0
 524 021e FFF747FF 		bl	ClockSetup
 333:.\Generated_Source\PSoC4/cyfitter_cfg.c **** 
 334:.\Generated_Source\PSoC4/cyfitter_cfg.c **** 	/* Perform basic analog initialization to defaults */
 335:.\Generated_Source\PSoC4/cyfitter_cfg.c **** 	AnalogSetDefault();
 525              		.loc 1 335 0
 526 0222 FFF7FEFF 		bl	AnalogSetDefault
 336:.\Generated_Source\PSoC4/cyfitter_cfg.c **** 
 337:.\Generated_Source\PSoC4/cyfitter_cfg.c **** }
 527              		.loc 1 337 0
 528 0226 BD46     		mov	sp, r7
 529 0228 02B0     		add	sp, sp, #8
 530              		@ sp needed for prologue
 531 022a 80BD     		pop	{r7, pc}
 532              	.L18:
 533              		.align	2
 534              	.L17:
 535 022c 00000000 		.word	cfg_memset_list.4645
 536 0230 00000140 		.word	1073807360
 537 0234 0C000140 		.word	1073807372
 538 0238 10000140 		.word	1073807376
 539 023c 00000440 		.word	1074003968
 540 0240 08000440 		.word	1074003976
 541 0244 08030440 		.word	1074004744
 542 0248 00040440 		.word	1074004992
 543 024c 08040440 		.word	1074005000
 544 0250 18040440 		.word	1074005016
 545 0254 00500F40 		.word	1074745344
 546 0258 30500F40 		.word	1074745392
 547 025c 00700F40 		.word	1074753536
 548              		.cfi_endproc
 549              	.LFE6:
 550              		.size	cyfitter_cfg, .-cyfitter_cfg
 551              		.section	.rodata
 552              		.align	2
 553              		.type	cfg_memset_list.4645, %object
 554              		.size	cfg_memset_list.4645, 12
 555              	cfg_memset_list.4645:
 556 0000 00300F40 		.word	1074737152
 557 0004 0004     		.short	1024
 558 0006 00400F40 		.4byte	1074741248
 559 000a 0004     		.short	1024
 560              		.align	2
 561              		.type	IMO_TRIM_FREQ_TABLE_ENTRIES.4621, %object
 562              		.size	IMO_TRIM_FREQ_TABLE_ENTRIES.4621, 4
 563              	IMO_TRIM_FREQ_TABLE_ENTRIES.4621:
 564 000c 04000000 		.word	4
 565              		.data
 566              		.align	2
 567              		.type	imo_trim_table.4620, %object
 568              		.size	imo_trim_table.4620, 4
 569              	imo_trim_table.4620:
 570 0000 C0F1FF0F 		.word	268431808
ARM GAS  C:\Users\Sam\AppData\Local\Temp\cc0DAe3G.s 			page 17


 571              		.text
 572              	.Letext0:
 573              		.file 2 "c:\\program files (x86)\\cypress\\psoc creator\\3.0\\psoc creator\\import\\gnu_cs\\arm\\4
 574              		.file 3 "./Generated_Source/PSoC4/cytypes.h"
 575              		.section	.debug_info,"",%progbits
 576              	.Ldebug_info0:
 577 0000 69030000 		.4byte	0x369
 578 0004 0200     		.2byte	0x2
 579 0006 00000000 		.4byte	.Ldebug_abbrev0
 580 000a 04       		.byte	0x4
 581 000b 01       		.uleb128 0x1
 582 000c BE010000 		.4byte	.LASF43
 583 0010 01       		.byte	0x1
 584 0011 5D010000 		.4byte	.LASF44
 585 0015 56020000 		.4byte	.LASF45
 586 0019 00000000 		.4byte	.Ldebug_ranges0+0
 587 001d 00000000 		.4byte	0
 588 0021 00000000 		.4byte	0
 589 0025 00000000 		.4byte	.Ldebug_line0
 590 0029 02       		.uleb128 0x2
 591 002a 01       		.byte	0x1
 592 002b 06       		.byte	0x6
 593 002c 2E020000 		.4byte	.LASF0
 594 0030 02       		.uleb128 0x2
 595 0031 01       		.byte	0x1
 596 0032 08       		.byte	0x8
 597 0033 BF000000 		.4byte	.LASF1
 598 0037 02       		.uleb128 0x2
 599 0038 02       		.byte	0x2
 600 0039 05       		.byte	0x5
 601 003a 63000000 		.4byte	.LASF2
 602 003e 02       		.uleb128 0x2
 603 003f 02       		.byte	0x2
 604 0040 07       		.byte	0x7
 605 0041 50000000 		.4byte	.LASF3
 606 0045 03       		.uleb128 0x3
 607 0046 04       		.byte	0x4
 608 0047 05       		.byte	0x5
 609 0048 696E7400 		.ascii	"int\000"
 610 004c 02       		.uleb128 0x2
 611 004d 04       		.byte	0x4
 612 004e 07       		.byte	0x7
 613 004f 06010000 		.4byte	.LASF4
 614 0053 02       		.uleb128 0x2
 615 0054 08       		.byte	0x8
 616 0055 05       		.byte	0x5
 617 0056 97010000 		.4byte	.LASF5
 618 005a 02       		.uleb128 0x2
 619 005b 08       		.byte	0x8
 620 005c 07       		.byte	0x7
 621 005d 28010000 		.4byte	.LASF6
 622 0061 02       		.uleb128 0x2
 623 0062 04       		.byte	0x4
 624 0063 05       		.byte	0x5
 625 0064 16020000 		.4byte	.LASF7
 626 0068 02       		.uleb128 0x2
 627 0069 04       		.byte	0x4
ARM GAS  C:\Users\Sam\AppData\Local\Temp\cc0DAe3G.s 			page 18


 628 006a 07       		.byte	0x7
 629 006b 85010000 		.4byte	.LASF8
 630 006f 04       		.uleb128 0x4
 631 0070 04       		.byte	0x4
 632 0071 02       		.uleb128 0x2
 633 0072 04       		.byte	0x4
 634 0073 07       		.byte	0x7
 635 0074 9D000000 		.4byte	.LASF9
 636 0078 02       		.uleb128 0x2
 637 0079 01       		.byte	0x1
 638 007a 08       		.byte	0x8
 639 007b A5010000 		.4byte	.LASF10
 640 007f 05       		.uleb128 0x5
 641 0080 06000000 		.4byte	.LASF11
 642 0084 02       		.byte	0x2
 643 0085 D5       		.byte	0xd5
 644 0086 4C000000 		.4byte	0x4c
 645 008a 05       		.uleb128 0x5
 646 008b B8010000 		.4byte	.LASF12
 647 008f 03       		.byte	0x3
 648 0090 5B       		.byte	0x5b
 649 0091 30000000 		.4byte	0x30
 650 0095 05       		.uleb128 0x5
 651 0096 F8000000 		.4byte	.LASF13
 652 009a 03       		.byte	0x3
 653 009b 5C       		.byte	0x5c
 654 009c 3E000000 		.4byte	0x3e
 655 00a0 05       		.uleb128 0x5
 656 00a1 FF000000 		.4byte	.LASF14
 657 00a5 03       		.byte	0x3
 658 00a6 5D       		.byte	0x5d
 659 00a7 71000000 		.4byte	0x71
 660 00ab 05       		.uleb128 0x5
 661 00ac AF000000 		.4byte	.LASF15
 662 00b0 03       		.byte	0x3
 663 00b1 60       		.byte	0x60
 664 00b2 61000000 		.4byte	0x61
 665 00b6 02       		.uleb128 0x2
 666 00b7 04       		.byte	0x4
 667 00b8 04       		.byte	0x4
 668 00b9 7B000000 		.4byte	.LASF16
 669 00bd 02       		.uleb128 0x2
 670 00be 08       		.byte	0x8
 671 00bf 04       		.byte	0x4
 672 00c0 CD000000 		.4byte	.LASF17
 673 00c4 05       		.uleb128 0x5
 674 00c5 98000000 		.4byte	.LASF18
 675 00c9 03       		.byte	0x3
 676 00ca F0       		.byte	0xf0
 677 00cb CF000000 		.4byte	0xcf
 678 00cf 06       		.uleb128 0x6
 679 00d0 8A000000 		.4byte	0x8a
 680 00d4 05       		.uleb128 0x5
 681 00d5 00000000 		.4byte	.LASF19
 682 00d9 03       		.byte	0x3
 683 00da F2       		.byte	0xf2
 684 00db DF000000 		.4byte	0xdf
ARM GAS  C:\Users\Sam\AppData\Local\Temp\cc0DAe3G.s 			page 19


 685 00df 06       		.uleb128 0x6
 686 00e0 A0000000 		.4byte	0xa0
 687 00e4 07       		.uleb128 0x7
 688 00e5 B5000000 		.4byte	.LASF20
 689 00e9 01       		.byte	0x1
 690 00ea 39       		.byte	0x39
 691 00eb 01       		.byte	0x1
 692 00ec 00000000 		.4byte	.LFB0
 693 00f0 1E000000 		.4byte	.LFE0
 694 00f4 00000000 		.4byte	.LLST0
 695 00f8 01       		.byte	0x1
 696 00f9 16010000 		.4byte	0x116
 697 00fd 08       		.uleb128 0x8
 698 00fe 7300     		.ascii	"s\000"
 699 0100 01       		.byte	0x1
 700 0101 39       		.byte	0x39
 701 0102 6F000000 		.4byte	0x6f
 702 0106 02       		.byte	0x2
 703 0107 91       		.byte	0x91
 704 0108 74       		.sleb128 -12
 705 0109 08       		.uleb128 0x8
 706 010a 6E00     		.ascii	"n\000"
 707 010c 01       		.byte	0x1
 708 010d 39       		.byte	0x39
 709 010e 7F000000 		.4byte	0x7f
 710 0112 02       		.byte	0x2
 711 0113 91       		.byte	0x91
 712 0114 70       		.sleb128 -16
 713 0115 00       		.byte	0
 714 0116 07       		.uleb128 0x7
 715 0117 4A020000 		.4byte	.LASF21
 716 011b 01       		.byte	0x1
 717 011c 40       		.byte	0x40
 718 011d 01       		.byte	0x1
 719 011e 00000000 		.4byte	.LFB1
 720 0122 22000000 		.4byte	.LFE1
 721 0126 38000000 		.4byte	.LLST1
 722 012a 01       		.byte	0x1
 723 012b 58010000 		.4byte	0x158
 724 012f 09       		.uleb128 0x9
 725 0130 8E000000 		.4byte	.LASF22
 726 0134 01       		.byte	0x1
 727 0135 40       		.byte	0x40
 728 0136 6F000000 		.4byte	0x6f
 729 013a 02       		.byte	0x2
 730 013b 91       		.byte	0x91
 731 013c 74       		.sleb128 -12
 732 013d 08       		.uleb128 0x8
 733 013e 73726300 		.ascii	"src\000"
 734 0142 01       		.byte	0x1
 735 0143 40       		.byte	0x40
 736 0144 58010000 		.4byte	0x158
 737 0148 02       		.byte	0x2
 738 0149 91       		.byte	0x91
 739 014a 70       		.sleb128 -16
 740 014b 08       		.uleb128 0x8
 741 014c 6E00     		.ascii	"n\000"
ARM GAS  C:\Users\Sam\AppData\Local\Temp\cc0DAe3G.s 			page 20


 742 014e 01       		.byte	0x1
 743 014f 40       		.byte	0x40
 744 0150 7F000000 		.4byte	0x7f
 745 0154 02       		.byte	0x2
 746 0155 91       		.byte	0x91
 747 0156 6C       		.sleb128 -20
 748 0157 00       		.byte	0
 749 0158 0A       		.uleb128 0xa
 750 0159 04       		.byte	0x4
 751 015a 5E010000 		.4byte	0x15e
 752 015e 0B       		.uleb128 0xb
 753 015f 07       		.uleb128 0x7
 754 0160 3A020000 		.4byte	.LASF23
 755 0164 01       		.byte	0x1
 756 0165 47       		.byte	0x47
 757 0166 01       		.byte	0x1
 758 0167 00000000 		.4byte	.LFB2
 759 016b 22000000 		.4byte	.LFE2
 760 016f 70000000 		.4byte	.LLST2
 761 0173 01       		.byte	0x1
 762 0174 A1010000 		.4byte	0x1a1
 763 0178 09       		.uleb128 0x9
 764 0179 8E000000 		.4byte	.LASF22
 765 017d 01       		.byte	0x1
 766 017e 47       		.byte	0x47
 767 017f 6F000000 		.4byte	0x6f
 768 0183 02       		.byte	0x2
 769 0184 91       		.byte	0x91
 770 0185 74       		.sleb128 -12
 771 0186 08       		.uleb128 0x8
 772 0187 73726300 		.ascii	"src\000"
 773 018b 01       		.byte	0x1
 774 018c 47       		.byte	0x47
 775 018d 58010000 		.4byte	0x158
 776 0191 02       		.byte	0x2
 777 0192 91       		.byte	0x91
 778 0193 70       		.sleb128 -16
 779 0194 08       		.uleb128 0x8
 780 0195 6E00     		.ascii	"n\000"
 781 0197 01       		.byte	0x1
 782 0198 47       		.byte	0x47
 783 0199 7F000000 		.4byte	0x7f
 784 019d 02       		.byte	0x2
 785 019e 91       		.byte	0x91
 786 019f 6C       		.sleb128 -20
 787 01a0 00       		.byte	0
 788 01a1 0C       		.uleb128 0xc
 789 01a2 6D000000 		.4byte	.LASF24
 790 01a6 01       		.byte	0x1
 791 01a7 8C       		.byte	0x8c
 792 01a8 01       		.byte	0x1
 793 01a9 00000000 		.4byte	.LFB3
 794 01ad B0000000 		.4byte	.LFE3
 795 01b1 A8000000 		.4byte	.LLST3
 796 01b5 01       		.byte	0x1
 797 01b6 90020000 		.4byte	0x290
 798 01ba 09       		.uleb128 0x9
ARM GAS  C:\Users\Sam\AppData\Local\Temp\cc0DAe3G.s 			page 21


 799 01bb D4000000 		.4byte	.LASF25
 800 01bf 01       		.byte	0x1
 801 01c0 8C       		.byte	0x8c
 802 01c1 8A000000 		.4byte	0x8a
 803 01c5 02       		.byte	0x2
 804 01c6 91       		.byte	0x91
 805 01c7 6F       		.sleb128 -17
 806 01c8 0D       		.uleb128 0xd
 807 01c9 03       		.byte	0x3
 808 01ca 01       		.byte	0x1
 809 01cb 8E       		.byte	0x8e
 810 01cc FB010000 		.4byte	0x1fb
 811 01d0 0E       		.uleb128 0xe
 812 01d1 B3010000 		.4byte	.LASF26
 813 01d5 01       		.byte	0x1
 814 01d6 8F       		.byte	0x8f
 815 01d7 8A000000 		.4byte	0x8a
 816 01db 02       		.byte	0x2
 817 01dc 23       		.byte	0x23
 818 01dd 00       		.uleb128 0
 819 01de 0E       		.uleb128 0xe
 820 01df AA010000 		.4byte	.LASF27
 821 01e3 01       		.byte	0x1
 822 01e4 90       		.byte	0x90
 823 01e5 8A000000 		.4byte	0x8a
 824 01e9 02       		.byte	0x2
 825 01ea 23       		.byte	0x23
 826 01eb 01       		.uleb128 0x1
 827 01ec 0E       		.uleb128 0xe
 828 01ed 4A000000 		.4byte	.LASF28
 829 01f1 01       		.byte	0x1
 830 01f2 91       		.byte	0x91
 831 01f3 8A000000 		.4byte	0x8a
 832 01f7 02       		.byte	0x2
 833 01f8 23       		.byte	0x23
 834 01f9 02       		.uleb128 0x2
 835 01fa 00       		.byte	0
 836 01fb 05       		.uleb128 0x5
 837 01fc 1E000000 		.4byte	.LASF29
 838 0200 01       		.byte	0x1
 839 0201 92       		.byte	0x92
 840 0202 C8010000 		.4byte	0x1c8
 841 0206 0D       		.uleb128 0xd
 842 0207 0C       		.byte	0xc
 843 0208 01       		.byte	0x1
 844 0209 94       		.byte	0x94
 845 020a 2D020000 		.4byte	0x22d
 846 020e 0F       		.uleb128 0xf
 847 020f FB010000 		.4byte	0x1fb
 848 0213 1E020000 		.4byte	0x21e
 849 0217 10       		.uleb128 0x10
 850 0218 68000000 		.4byte	0x68
 851 021c 03       		.byte	0x3
 852 021d 00       		.byte	0
 853 021e 0E       		.uleb128 0xe
 854 021f 1F020000 		.4byte	.LASF30
 855 0223 01       		.byte	0x1
ARM GAS  C:\Users\Sam\AppData\Local\Temp\cc0DAe3G.s 			page 22


 856 0224 95       		.byte	0x95
 857 0225 0E020000 		.4byte	0x20e
 858 0229 02       		.byte	0x2
 859 022a 23       		.byte	0x23
 860 022b 00       		.uleb128 0
 861 022c 00       		.byte	0
 862 022d 05       		.uleb128 0x5
 863 022e 3F010000 		.4byte	.LASF31
 864 0232 01       		.byte	0x1
 865 0233 96       		.byte	0x96
 866 0234 06020000 		.4byte	0x206
 867 0238 11       		.uleb128 0x11
 868 0239 07020000 		.4byte	.LASF32
 869 023d 01       		.byte	0x1
 870 023e 98       		.byte	0x98
 871 023f 49020000 		.4byte	0x249
 872 0243 05       		.byte	0x5
 873 0244 03       		.byte	0x3
 874 0245 00000000 		.4byte	imo_trim_table.4620
 875 0249 0A       		.uleb128 0xa
 876 024a 04       		.byte	0x4
 877 024b 4F020000 		.4byte	0x24f
 878 024f 12       		.uleb128 0x12
 879 0250 2D020000 		.4byte	0x22d
 880 0254 11       		.uleb128 0x11
 881 0255 DC000000 		.4byte	.LASF33
 882 0259 01       		.byte	0x1
 883 025a 99       		.byte	0x99
 884 025b 90020000 		.4byte	0x290
 885 025f 05       		.byte	0x5
 886 0260 03       		.byte	0x3
 887 0261 0C000000 		.4byte	IMO_TRIM_FREQ_TABLE_ENTRIES.4621
 888 0265 11       		.uleb128 0x11
 889 0266 81000000 		.4byte	.LASF34
 890 026a 01       		.byte	0x1
 891 026b 9B       		.byte	0x9b
 892 026c AB000000 		.4byte	0xab
 893 0270 02       		.byte	0x2
 894 0271 91       		.byte	0x91
 895 0272 74       		.sleb128 -12
 896 0273 11       		.uleb128 0x11
 897 0274 27020000 		.4byte	.LASF35
 898 0278 01       		.byte	0x1
 899 0279 9C       		.byte	0x9c
 900 027a 8A000000 		.4byte	0x8a
 901 027e 02       		.byte	0x2
 902 027f 91       		.byte	0x91
 903 0280 73       		.sleb128 -13
 904 0281 11       		.uleb128 0x11
 905 0282 8E010000 		.4byte	.LASF36
 906 0286 01       		.byte	0x1
 907 0287 9D       		.byte	0x9d
 908 0288 8A000000 		.4byte	0x8a
 909 028c 02       		.byte	0x2
 910 028d 91       		.byte	0x91
 911 028e 72       		.sleb128 -14
 912 028f 00       		.byte	0
ARM GAS  C:\Users\Sam\AppData\Local\Temp\cc0DAe3G.s 			page 23


 913 0290 12       		.uleb128 0x12
 914 0291 A0000000 		.4byte	0xa0
 915 0295 13       		.uleb128 0x13
 916 0296 3F000000 		.4byte	.LASF37
 917 029a 01       		.byte	0x1
 918 029b C3       		.byte	0xc3
 919 029c 01       		.byte	0x1
 920 029d B0000000 		.4byte	.LFB4
 921 02a1 50010000 		.4byte	.LFE4
 922 02a5 E0000000 		.4byte	.LLST4
 923 02a9 01       		.byte	0x1
 924 02aa 14       		.uleb128 0x14
 925 02ab 0D000000 		.4byte	.LASF38
 926 02af 01       		.byte	0x1
 927 02b0 FA       		.byte	0xfa
 928 02b1 01       		.byte	0x1
 929 02b2 00000000 		.4byte	.LFB5
 930 02b6 08000000 		.4byte	.LFE5
 931 02ba 0C010000 		.4byte	.LLST5
 932 02be 01       		.byte	0x1
 933 02bf 15       		.uleb128 0x15
 934 02c0 01       		.byte	0x1
 935 02c1 13010000 		.4byte	.LASF46
 936 02c5 01       		.byte	0x1
 937 02c6 1201     		.2byte	0x112
 938 02c8 01       		.byte	0x1
 939 02c9 50010000 		.4byte	.LFB6
 940 02cd 60020000 		.4byte	.LFE6
 941 02d1 38010000 		.4byte	.LLST6
 942 02d5 01       		.byte	0x1
 943 02d6 16       		.uleb128 0x16
 944 02d7 58010000 		.4byte	.LBB2
 945 02db 1E020000 		.4byte	.LBE2
 946 02df 17       		.uleb128 0x17
 947 02e0 06       		.byte	0x6
 948 02e1 01       		.byte	0x1
 949 02e2 1901     		.2byte	0x119
 950 02e4 07030000 		.4byte	0x307
 951 02e8 18       		.uleb128 0x18
 952 02e9 20010000 		.4byte	.LASF39
 953 02ed 01       		.byte	0x1
 954 02ee 1A01     		.2byte	0x11a
 955 02f0 6F000000 		.4byte	0x6f
 956 02f4 02       		.byte	0x2
 957 02f5 23       		.byte	0x23
 958 02f6 00       		.uleb128 0
 959 02f7 18       		.uleb128 0x18
 960 02f8 93000000 		.4byte	.LASF40
 961 02fc 01       		.byte	0x1
 962 02fd 1B01     		.2byte	0x11b
 963 02ff 95000000 		.4byte	0x95
 964 0303 02       		.byte	0x2
 965 0304 23       		.byte	0x23
 966 0305 04       		.uleb128 0x4
 967 0306 00       		.byte	0
 968 0307 19       		.uleb128 0x19
 969 0308 50010000 		.4byte	.LASF41
ARM GAS  C:\Users\Sam\AppData\Local\Temp\cc0DAe3G.s 			page 24


 970 030c 01       		.byte	0x1
 971 030d 1C01     		.2byte	0x11c
 972 030f DF020000 		.4byte	0x2df
 973 0313 0F       		.uleb128 0xf
 974 0314 07030000 		.4byte	0x307
 975 0318 23030000 		.4byte	0x323
 976 031c 10       		.uleb128 0x10
 977 031d 68000000 		.4byte	0x68
 978 0321 01       		.byte	0x1
 979 0322 00       		.byte	0
 980 0323 1A       		.uleb128 0x1a
 981 0324 2F000000 		.4byte	.LASF42
 982 0328 01       		.byte	0x1
 983 0329 1E01     		.2byte	0x11e
 984 032b 35030000 		.4byte	0x335
 985 032f 05       		.byte	0x5
 986 0330 03       		.byte	0x3
 987 0331 00000000 		.4byte	cfg_memset_list.4645
 988 0335 12       		.uleb128 0x12
 989 0336 13030000 		.4byte	0x313
 990 033a 1B       		.uleb128 0x1b
 991 033b 6900     		.ascii	"i\000"
 992 033d 01       		.byte	0x1
 993 033e 2401     		.2byte	0x124
 994 0340 8A000000 		.4byte	0x8a
 995 0344 02       		.byte	0x2
 996 0345 91       		.byte	0x91
 997 0346 77       		.sleb128 -9
 998 0347 16       		.uleb128 0x16
 999 0348 60010000 		.4byte	.LBB3
 1000 034c 9E010000 		.4byte	.LBE3
 1001 0350 1B       		.uleb128 0x1b
 1002 0351 6D7300   		.ascii	"ms\000"
 1003 0354 01       		.byte	0x1
 1004 0355 2901     		.2byte	0x129
 1005 0357 5E030000 		.4byte	0x35e
 1006 035b 02       		.byte	0x2
 1007 035c 91       		.byte	0x91
 1008 035d 70       		.sleb128 -16
 1009 035e 0A       		.uleb128 0xa
 1010 035f 04       		.byte	0x4
 1011 0360 64030000 		.4byte	0x364
 1012 0364 12       		.uleb128 0x12
 1013 0365 07030000 		.4byte	0x307
 1014 0369 00       		.byte	0
 1015 036a 00       		.byte	0
 1016 036b 00       		.byte	0
 1017 036c 00       		.byte	0
 1018              		.section	.debug_abbrev,"",%progbits
 1019              	.Ldebug_abbrev0:
 1020 0000 01       		.uleb128 0x1
 1021 0001 11       		.uleb128 0x11
 1022 0002 01       		.byte	0x1
 1023 0003 25       		.uleb128 0x25
 1024 0004 0E       		.uleb128 0xe
 1025 0005 13       		.uleb128 0x13
 1026 0006 0B       		.uleb128 0xb
ARM GAS  C:\Users\Sam\AppData\Local\Temp\cc0DAe3G.s 			page 25


 1027 0007 03       		.uleb128 0x3
 1028 0008 0E       		.uleb128 0xe
 1029 0009 1B       		.uleb128 0x1b
 1030 000a 0E       		.uleb128 0xe
 1031 000b 55       		.uleb128 0x55
 1032 000c 06       		.uleb128 0x6
 1033 000d 11       		.uleb128 0x11
 1034 000e 01       		.uleb128 0x1
 1035 000f 52       		.uleb128 0x52
 1036 0010 01       		.uleb128 0x1
 1037 0011 10       		.uleb128 0x10
 1038 0012 06       		.uleb128 0x6
 1039 0013 00       		.byte	0
 1040 0014 00       		.byte	0
 1041 0015 02       		.uleb128 0x2
 1042 0016 24       		.uleb128 0x24
 1043 0017 00       		.byte	0
 1044 0018 0B       		.uleb128 0xb
 1045 0019 0B       		.uleb128 0xb
 1046 001a 3E       		.uleb128 0x3e
 1047 001b 0B       		.uleb128 0xb
 1048 001c 03       		.uleb128 0x3
 1049 001d 0E       		.uleb128 0xe
 1050 001e 00       		.byte	0
 1051 001f 00       		.byte	0
 1052 0020 03       		.uleb128 0x3
 1053 0021 24       		.uleb128 0x24
 1054 0022 00       		.byte	0
 1055 0023 0B       		.uleb128 0xb
 1056 0024 0B       		.uleb128 0xb
 1057 0025 3E       		.uleb128 0x3e
 1058 0026 0B       		.uleb128 0xb
 1059 0027 03       		.uleb128 0x3
 1060 0028 08       		.uleb128 0x8
 1061 0029 00       		.byte	0
 1062 002a 00       		.byte	0
 1063 002b 04       		.uleb128 0x4
 1064 002c 0F       		.uleb128 0xf
 1065 002d 00       		.byte	0
 1066 002e 0B       		.uleb128 0xb
 1067 002f 0B       		.uleb128 0xb
 1068 0030 00       		.byte	0
 1069 0031 00       		.byte	0
 1070 0032 05       		.uleb128 0x5
 1071 0033 16       		.uleb128 0x16
 1072 0034 00       		.byte	0
 1073 0035 03       		.uleb128 0x3
 1074 0036 0E       		.uleb128 0xe
 1075 0037 3A       		.uleb128 0x3a
 1076 0038 0B       		.uleb128 0xb
 1077 0039 3B       		.uleb128 0x3b
 1078 003a 0B       		.uleb128 0xb
 1079 003b 49       		.uleb128 0x49
 1080 003c 13       		.uleb128 0x13
 1081 003d 00       		.byte	0
 1082 003e 00       		.byte	0
 1083 003f 06       		.uleb128 0x6
ARM GAS  C:\Users\Sam\AppData\Local\Temp\cc0DAe3G.s 			page 26


 1084 0040 35       		.uleb128 0x35
 1085 0041 00       		.byte	0
 1086 0042 49       		.uleb128 0x49
 1087 0043 13       		.uleb128 0x13
 1088 0044 00       		.byte	0
 1089 0045 00       		.byte	0
 1090 0046 07       		.uleb128 0x7
 1091 0047 2E       		.uleb128 0x2e
 1092 0048 01       		.byte	0x1
 1093 0049 03       		.uleb128 0x3
 1094 004a 0E       		.uleb128 0xe
 1095 004b 3A       		.uleb128 0x3a
 1096 004c 0B       		.uleb128 0xb
 1097 004d 3B       		.uleb128 0x3b
 1098 004e 0B       		.uleb128 0xb
 1099 004f 27       		.uleb128 0x27
 1100 0050 0C       		.uleb128 0xc
 1101 0051 11       		.uleb128 0x11
 1102 0052 01       		.uleb128 0x1
 1103 0053 12       		.uleb128 0x12
 1104 0054 01       		.uleb128 0x1
 1105 0055 40       		.uleb128 0x40
 1106 0056 06       		.uleb128 0x6
 1107 0057 9642     		.uleb128 0x2116
 1108 0059 0C       		.uleb128 0xc
 1109 005a 01       		.uleb128 0x1
 1110 005b 13       		.uleb128 0x13
 1111 005c 00       		.byte	0
 1112 005d 00       		.byte	0
 1113 005e 08       		.uleb128 0x8
 1114 005f 05       		.uleb128 0x5
 1115 0060 00       		.byte	0
 1116 0061 03       		.uleb128 0x3
 1117 0062 08       		.uleb128 0x8
 1118 0063 3A       		.uleb128 0x3a
 1119 0064 0B       		.uleb128 0xb
 1120 0065 3B       		.uleb128 0x3b
 1121 0066 0B       		.uleb128 0xb
 1122 0067 49       		.uleb128 0x49
 1123 0068 13       		.uleb128 0x13
 1124 0069 02       		.uleb128 0x2
 1125 006a 0A       		.uleb128 0xa
 1126 006b 00       		.byte	0
 1127 006c 00       		.byte	0
 1128 006d 09       		.uleb128 0x9
 1129 006e 05       		.uleb128 0x5
 1130 006f 00       		.byte	0
 1131 0070 03       		.uleb128 0x3
 1132 0071 0E       		.uleb128 0xe
 1133 0072 3A       		.uleb128 0x3a
 1134 0073 0B       		.uleb128 0xb
 1135 0074 3B       		.uleb128 0x3b
 1136 0075 0B       		.uleb128 0xb
 1137 0076 49       		.uleb128 0x49
 1138 0077 13       		.uleb128 0x13
 1139 0078 02       		.uleb128 0x2
 1140 0079 0A       		.uleb128 0xa
ARM GAS  C:\Users\Sam\AppData\Local\Temp\cc0DAe3G.s 			page 27


 1141 007a 00       		.byte	0
 1142 007b 00       		.byte	0
 1143 007c 0A       		.uleb128 0xa
 1144 007d 0F       		.uleb128 0xf
 1145 007e 00       		.byte	0
 1146 007f 0B       		.uleb128 0xb
 1147 0080 0B       		.uleb128 0xb
 1148 0081 49       		.uleb128 0x49
 1149 0082 13       		.uleb128 0x13
 1150 0083 00       		.byte	0
 1151 0084 00       		.byte	0
 1152 0085 0B       		.uleb128 0xb
 1153 0086 26       		.uleb128 0x26
 1154 0087 00       		.byte	0
 1155 0088 00       		.byte	0
 1156 0089 00       		.byte	0
 1157 008a 0C       		.uleb128 0xc
 1158 008b 2E       		.uleb128 0x2e
 1159 008c 01       		.byte	0x1
 1160 008d 03       		.uleb128 0x3
 1161 008e 0E       		.uleb128 0xe
 1162 008f 3A       		.uleb128 0x3a
 1163 0090 0B       		.uleb128 0xb
 1164 0091 3B       		.uleb128 0x3b
 1165 0092 0B       		.uleb128 0xb
 1166 0093 27       		.uleb128 0x27
 1167 0094 0C       		.uleb128 0xc
 1168 0095 11       		.uleb128 0x11
 1169 0096 01       		.uleb128 0x1
 1170 0097 12       		.uleb128 0x12
 1171 0098 01       		.uleb128 0x1
 1172 0099 40       		.uleb128 0x40
 1173 009a 06       		.uleb128 0x6
 1174 009b 9742     		.uleb128 0x2117
 1175 009d 0C       		.uleb128 0xc
 1176 009e 01       		.uleb128 0x1
 1177 009f 13       		.uleb128 0x13
 1178 00a0 00       		.byte	0
 1179 00a1 00       		.byte	0
 1180 00a2 0D       		.uleb128 0xd
 1181 00a3 13       		.uleb128 0x13
 1182 00a4 01       		.byte	0x1
 1183 00a5 0B       		.uleb128 0xb
 1184 00a6 0B       		.uleb128 0xb
 1185 00a7 3A       		.uleb128 0x3a
 1186 00a8 0B       		.uleb128 0xb
 1187 00a9 3B       		.uleb128 0x3b
 1188 00aa 0B       		.uleb128 0xb
 1189 00ab 01       		.uleb128 0x1
 1190 00ac 13       		.uleb128 0x13
 1191 00ad 00       		.byte	0
 1192 00ae 00       		.byte	0
 1193 00af 0E       		.uleb128 0xe
 1194 00b0 0D       		.uleb128 0xd
 1195 00b1 00       		.byte	0
 1196 00b2 03       		.uleb128 0x3
 1197 00b3 0E       		.uleb128 0xe
ARM GAS  C:\Users\Sam\AppData\Local\Temp\cc0DAe3G.s 			page 28


 1198 00b4 3A       		.uleb128 0x3a
 1199 00b5 0B       		.uleb128 0xb
 1200 00b6 3B       		.uleb128 0x3b
 1201 00b7 0B       		.uleb128 0xb
 1202 00b8 49       		.uleb128 0x49
 1203 00b9 13       		.uleb128 0x13
 1204 00ba 38       		.uleb128 0x38
 1205 00bb 0A       		.uleb128 0xa
 1206 00bc 00       		.byte	0
 1207 00bd 00       		.byte	0
 1208 00be 0F       		.uleb128 0xf
 1209 00bf 01       		.uleb128 0x1
 1210 00c0 01       		.byte	0x1
 1211 00c1 49       		.uleb128 0x49
 1212 00c2 13       		.uleb128 0x13
 1213 00c3 01       		.uleb128 0x1
 1214 00c4 13       		.uleb128 0x13
 1215 00c5 00       		.byte	0
 1216 00c6 00       		.byte	0
 1217 00c7 10       		.uleb128 0x10
 1218 00c8 21       		.uleb128 0x21
 1219 00c9 00       		.byte	0
 1220 00ca 49       		.uleb128 0x49
 1221 00cb 13       		.uleb128 0x13
 1222 00cc 2F       		.uleb128 0x2f
 1223 00cd 0B       		.uleb128 0xb
 1224 00ce 00       		.byte	0
 1225 00cf 00       		.byte	0
 1226 00d0 11       		.uleb128 0x11
 1227 00d1 34       		.uleb128 0x34
 1228 00d2 00       		.byte	0
 1229 00d3 03       		.uleb128 0x3
 1230 00d4 0E       		.uleb128 0xe
 1231 00d5 3A       		.uleb128 0x3a
 1232 00d6 0B       		.uleb128 0xb
 1233 00d7 3B       		.uleb128 0x3b
 1234 00d8 0B       		.uleb128 0xb
 1235 00d9 49       		.uleb128 0x49
 1236 00da 13       		.uleb128 0x13
 1237 00db 02       		.uleb128 0x2
 1238 00dc 0A       		.uleb128 0xa
 1239 00dd 00       		.byte	0
 1240 00de 00       		.byte	0
 1241 00df 12       		.uleb128 0x12
 1242 00e0 26       		.uleb128 0x26
 1243 00e1 00       		.byte	0
 1244 00e2 49       		.uleb128 0x49
 1245 00e3 13       		.uleb128 0x13
 1246 00e4 00       		.byte	0
 1247 00e5 00       		.byte	0
 1248 00e6 13       		.uleb128 0x13
 1249 00e7 2E       		.uleb128 0x2e
 1250 00e8 00       		.byte	0
 1251 00e9 03       		.uleb128 0x3
 1252 00ea 0E       		.uleb128 0xe
 1253 00eb 3A       		.uleb128 0x3a
 1254 00ec 0B       		.uleb128 0xb
ARM GAS  C:\Users\Sam\AppData\Local\Temp\cc0DAe3G.s 			page 29


 1255 00ed 3B       		.uleb128 0x3b
 1256 00ee 0B       		.uleb128 0xb
 1257 00ef 27       		.uleb128 0x27
 1258 00f0 0C       		.uleb128 0xc
 1259 00f1 11       		.uleb128 0x11
 1260 00f2 01       		.uleb128 0x1
 1261 00f3 12       		.uleb128 0x12
 1262 00f4 01       		.uleb128 0x1
 1263 00f5 40       		.uleb128 0x40
 1264 00f6 06       		.uleb128 0x6
 1265 00f7 9642     		.uleb128 0x2116
 1266 00f9 0C       		.uleb128 0xc
 1267 00fa 00       		.byte	0
 1268 00fb 00       		.byte	0
 1269 00fc 14       		.uleb128 0x14
 1270 00fd 2E       		.uleb128 0x2e
 1271 00fe 00       		.byte	0
 1272 00ff 03       		.uleb128 0x3
 1273 0100 0E       		.uleb128 0xe
 1274 0101 3A       		.uleb128 0x3a
 1275 0102 0B       		.uleb128 0xb
 1276 0103 3B       		.uleb128 0x3b
 1277 0104 0B       		.uleb128 0xb
 1278 0105 27       		.uleb128 0x27
 1279 0106 0C       		.uleb128 0xc
 1280 0107 11       		.uleb128 0x11
 1281 0108 01       		.uleb128 0x1
 1282 0109 12       		.uleb128 0x12
 1283 010a 01       		.uleb128 0x1
 1284 010b 40       		.uleb128 0x40
 1285 010c 06       		.uleb128 0x6
 1286 010d 9742     		.uleb128 0x2117
 1287 010f 0C       		.uleb128 0xc
 1288 0110 00       		.byte	0
 1289 0111 00       		.byte	0
 1290 0112 15       		.uleb128 0x15
 1291 0113 2E       		.uleb128 0x2e
 1292 0114 01       		.byte	0x1
 1293 0115 3F       		.uleb128 0x3f
 1294 0116 0C       		.uleb128 0xc
 1295 0117 03       		.uleb128 0x3
 1296 0118 0E       		.uleb128 0xe
 1297 0119 3A       		.uleb128 0x3a
 1298 011a 0B       		.uleb128 0xb
 1299 011b 3B       		.uleb128 0x3b
 1300 011c 05       		.uleb128 0x5
 1301 011d 27       		.uleb128 0x27
 1302 011e 0C       		.uleb128 0xc
 1303 011f 11       		.uleb128 0x11
 1304 0120 01       		.uleb128 0x1
 1305 0121 12       		.uleb128 0x12
 1306 0122 01       		.uleb128 0x1
 1307 0123 40       		.uleb128 0x40
 1308 0124 06       		.uleb128 0x6
 1309 0125 9642     		.uleb128 0x2116
 1310 0127 0C       		.uleb128 0xc
 1311 0128 00       		.byte	0
ARM GAS  C:\Users\Sam\AppData\Local\Temp\cc0DAe3G.s 			page 30


 1312 0129 00       		.byte	0
 1313 012a 16       		.uleb128 0x16
 1314 012b 0B       		.uleb128 0xb
 1315 012c 01       		.byte	0x1
 1316 012d 11       		.uleb128 0x11
 1317 012e 01       		.uleb128 0x1
 1318 012f 12       		.uleb128 0x12
 1319 0130 01       		.uleb128 0x1
 1320 0131 00       		.byte	0
 1321 0132 00       		.byte	0
 1322 0133 17       		.uleb128 0x17
 1323 0134 13       		.uleb128 0x13
 1324 0135 01       		.byte	0x1
 1325 0136 0B       		.uleb128 0xb
 1326 0137 0B       		.uleb128 0xb
 1327 0138 3A       		.uleb128 0x3a
 1328 0139 0B       		.uleb128 0xb
 1329 013a 3B       		.uleb128 0x3b
 1330 013b 05       		.uleb128 0x5
 1331 013c 01       		.uleb128 0x1
 1332 013d 13       		.uleb128 0x13
 1333 013e 00       		.byte	0
 1334 013f 00       		.byte	0
 1335 0140 18       		.uleb128 0x18
 1336 0141 0D       		.uleb128 0xd
 1337 0142 00       		.byte	0
 1338 0143 03       		.uleb128 0x3
 1339 0144 0E       		.uleb128 0xe
 1340 0145 3A       		.uleb128 0x3a
 1341 0146 0B       		.uleb128 0xb
 1342 0147 3B       		.uleb128 0x3b
 1343 0148 05       		.uleb128 0x5
 1344 0149 49       		.uleb128 0x49
 1345 014a 13       		.uleb128 0x13
 1346 014b 38       		.uleb128 0x38
 1347 014c 0A       		.uleb128 0xa
 1348 014d 00       		.byte	0
 1349 014e 00       		.byte	0
 1350 014f 19       		.uleb128 0x19
 1351 0150 16       		.uleb128 0x16
 1352 0151 00       		.byte	0
 1353 0152 03       		.uleb128 0x3
 1354 0153 0E       		.uleb128 0xe
 1355 0154 3A       		.uleb128 0x3a
 1356 0155 0B       		.uleb128 0xb
 1357 0156 3B       		.uleb128 0x3b
 1358 0157 05       		.uleb128 0x5
 1359 0158 49       		.uleb128 0x49
 1360 0159 13       		.uleb128 0x13
 1361 015a 00       		.byte	0
 1362 015b 00       		.byte	0
 1363 015c 1A       		.uleb128 0x1a
 1364 015d 34       		.uleb128 0x34
 1365 015e 00       		.byte	0
 1366 015f 03       		.uleb128 0x3
 1367 0160 0E       		.uleb128 0xe
 1368 0161 3A       		.uleb128 0x3a
ARM GAS  C:\Users\Sam\AppData\Local\Temp\cc0DAe3G.s 			page 31


 1369 0162 0B       		.uleb128 0xb
 1370 0163 3B       		.uleb128 0x3b
 1371 0164 05       		.uleb128 0x5
 1372 0165 49       		.uleb128 0x49
 1373 0166 13       		.uleb128 0x13
 1374 0167 02       		.uleb128 0x2
 1375 0168 0A       		.uleb128 0xa
 1376 0169 00       		.byte	0
 1377 016a 00       		.byte	0
 1378 016b 1B       		.uleb128 0x1b
 1379 016c 34       		.uleb128 0x34
 1380 016d 00       		.byte	0
 1381 016e 03       		.uleb128 0x3
 1382 016f 08       		.uleb128 0x8
 1383 0170 3A       		.uleb128 0x3a
 1384 0171 0B       		.uleb128 0xb
 1385 0172 3B       		.uleb128 0x3b
 1386 0173 05       		.uleb128 0x5
 1387 0174 49       		.uleb128 0x49
 1388 0175 13       		.uleb128 0x13
 1389 0176 02       		.uleb128 0x2
 1390 0177 0A       		.uleb128 0xa
 1391 0178 00       		.byte	0
 1392 0179 00       		.byte	0
 1393 017a 00       		.byte	0
 1394              		.section	.debug_loc,"",%progbits
 1395              	.Ldebug_loc0:
 1396              	.LLST0:
 1397 0000 00000000 		.4byte	.LFB0
 1398 0004 02000000 		.4byte	.LCFI0
 1399 0008 0200     		.2byte	0x2
 1400 000a 7D       		.byte	0x7d
 1401 000b 00       		.sleb128 0
 1402 000c 02000000 		.4byte	.LCFI0
 1403 0010 04000000 		.4byte	.LCFI1
 1404 0014 0200     		.2byte	0x2
 1405 0016 7D       		.byte	0x7d
 1406 0017 08       		.sleb128 8
 1407 0018 04000000 		.4byte	.LCFI1
 1408 001c 06000000 		.4byte	.LCFI2
 1409 0020 0200     		.2byte	0x2
 1410 0022 7D       		.byte	0x7d
 1411 0023 10       		.sleb128 16
 1412 0024 06000000 		.4byte	.LCFI2
 1413 0028 1E000000 		.4byte	.LFE0
 1414 002c 0200     		.2byte	0x2
 1415 002e 77       		.byte	0x77
 1416 002f 10       		.sleb128 16
 1417 0030 00000000 		.4byte	0
 1418 0034 00000000 		.4byte	0
 1419              	.LLST1:
 1420 0038 00000000 		.4byte	.LFB1
 1421 003c 02000000 		.4byte	.LCFI3
 1422 0040 0200     		.2byte	0x2
 1423 0042 7D       		.byte	0x7d
 1424 0043 00       		.sleb128 0
 1425 0044 02000000 		.4byte	.LCFI3
ARM GAS  C:\Users\Sam\AppData\Local\Temp\cc0DAe3G.s 			page 32


 1426 0048 04000000 		.4byte	.LCFI4
 1427 004c 0200     		.2byte	0x2
 1428 004e 7D       		.byte	0x7d
 1429 004f 08       		.sleb128 8
 1430 0050 04000000 		.4byte	.LCFI4
 1431 0054 06000000 		.4byte	.LCFI5
 1432 0058 0200     		.2byte	0x2
 1433 005a 7D       		.byte	0x7d
 1434 005b 18       		.sleb128 24
 1435 005c 06000000 		.4byte	.LCFI5
 1436 0060 22000000 		.4byte	.LFE1
 1437 0064 0200     		.2byte	0x2
 1438 0066 77       		.byte	0x77
 1439 0067 18       		.sleb128 24
 1440 0068 00000000 		.4byte	0
 1441 006c 00000000 		.4byte	0
 1442              	.LLST2:
 1443 0070 00000000 		.4byte	.LFB2
 1444 0074 02000000 		.4byte	.LCFI6
 1445 0078 0200     		.2byte	0x2
 1446 007a 7D       		.byte	0x7d
 1447 007b 00       		.sleb128 0
 1448 007c 02000000 		.4byte	.LCFI6
 1449 0080 04000000 		.4byte	.LCFI7
 1450 0084 0200     		.2byte	0x2
 1451 0086 7D       		.byte	0x7d
 1452 0087 08       		.sleb128 8
 1453 0088 04000000 		.4byte	.LCFI7
 1454 008c 06000000 		.4byte	.LCFI8
 1455 0090 0200     		.2byte	0x2
 1456 0092 7D       		.byte	0x7d
 1457 0093 18       		.sleb128 24
 1458 0094 06000000 		.4byte	.LCFI8
 1459 0098 22000000 		.4byte	.LFE2
 1460 009c 0200     		.2byte	0x2
 1461 009e 77       		.byte	0x77
 1462 009f 18       		.sleb128 24
 1463 00a0 00000000 		.4byte	0
 1464 00a4 00000000 		.4byte	0
 1465              	.LLST3:
 1466 00a8 00000000 		.4byte	.LFB3
 1467 00ac 02000000 		.4byte	.LCFI9
 1468 00b0 0200     		.2byte	0x2
 1469 00b2 7D       		.byte	0x7d
 1470 00b3 00       		.sleb128 0
 1471 00b4 02000000 		.4byte	.LCFI9
 1472 00b8 04000000 		.4byte	.LCFI10
 1473 00bc 0200     		.2byte	0x2
 1474 00be 7D       		.byte	0x7d
 1475 00bf 08       		.sleb128 8
 1476 00c0 04000000 		.4byte	.LCFI10
 1477 00c4 06000000 		.4byte	.LCFI11
 1478 00c8 0200     		.2byte	0x2
 1479 00ca 7D       		.byte	0x7d
 1480 00cb 18       		.sleb128 24
 1481 00cc 06000000 		.4byte	.LCFI11
 1482 00d0 B0000000 		.4byte	.LFE3
ARM GAS  C:\Users\Sam\AppData\Local\Temp\cc0DAe3G.s 			page 33


 1483 00d4 0200     		.2byte	0x2
 1484 00d6 77       		.byte	0x77
 1485 00d7 18       		.sleb128 24
 1486 00d8 00000000 		.4byte	0
 1487 00dc 00000000 		.4byte	0
 1488              	.LLST4:
 1489 00e0 B0000000 		.4byte	.LFB4
 1490 00e4 B2000000 		.4byte	.LCFI12
 1491 00e8 0200     		.2byte	0x2
 1492 00ea 7D       		.byte	0x7d
 1493 00eb 00       		.sleb128 0
 1494 00ec B2000000 		.4byte	.LCFI12
 1495 00f0 B4000000 		.4byte	.LCFI13
 1496 00f4 0200     		.2byte	0x2
 1497 00f6 7D       		.byte	0x7d
 1498 00f7 08       		.sleb128 8
 1499 00f8 B4000000 		.4byte	.LCFI13
 1500 00fc 50010000 		.4byte	.LFE4
 1501 0100 0200     		.2byte	0x2
 1502 0102 77       		.byte	0x77
 1503 0103 08       		.sleb128 8
 1504 0104 00000000 		.4byte	0
 1505 0108 00000000 		.4byte	0
 1506              	.LLST5:
 1507 010c 00000000 		.4byte	.LFB5
 1508 0110 02000000 		.4byte	.LCFI14
 1509 0114 0200     		.2byte	0x2
 1510 0116 7D       		.byte	0x7d
 1511 0117 00       		.sleb128 0
 1512 0118 02000000 		.4byte	.LCFI14
 1513 011c 04000000 		.4byte	.LCFI15
 1514 0120 0200     		.2byte	0x2
 1515 0122 7D       		.byte	0x7d
 1516 0123 08       		.sleb128 8
 1517 0124 04000000 		.4byte	.LCFI15
 1518 0128 08000000 		.4byte	.LFE5
 1519 012c 0200     		.2byte	0x2
 1520 012e 77       		.byte	0x77
 1521 012f 08       		.sleb128 8
 1522 0130 00000000 		.4byte	0
 1523 0134 00000000 		.4byte	0
 1524              	.LLST6:
 1525 0138 50010000 		.4byte	.LFB6
 1526 013c 52010000 		.4byte	.LCFI16
 1527 0140 0200     		.2byte	0x2
 1528 0142 7D       		.byte	0x7d
 1529 0143 00       		.sleb128 0
 1530 0144 52010000 		.4byte	.LCFI16
 1531 0148 54010000 		.4byte	.LCFI17
 1532 014c 0200     		.2byte	0x2
 1533 014e 7D       		.byte	0x7d
 1534 014f 08       		.sleb128 8
 1535 0150 54010000 		.4byte	.LCFI17
 1536 0154 56010000 		.4byte	.LCFI18
 1537 0158 0200     		.2byte	0x2
 1538 015a 7D       		.byte	0x7d
 1539 015b 10       		.sleb128 16
ARM GAS  C:\Users\Sam\AppData\Local\Temp\cc0DAe3G.s 			page 34


 1540 015c 56010000 		.4byte	.LCFI18
 1541 0160 60020000 		.4byte	.LFE6
 1542 0164 0200     		.2byte	0x2
 1543 0166 77       		.byte	0x77
 1544 0167 10       		.sleb128 16
 1545 0168 00000000 		.4byte	0
 1546 016c 00000000 		.4byte	0
 1547              		.section	.debug_aranges,"",%progbits
 1548 0000 4C000000 		.4byte	0x4c
 1549 0004 0200     		.2byte	0x2
 1550 0006 00000000 		.4byte	.Ldebug_info0
 1551 000a 04       		.byte	0x4
 1552 000b 00       		.byte	0
 1553 000c 0000     		.2byte	0
 1554 000e 0000     		.2byte	0
 1555 0010 00000000 		.4byte	.LFB0
 1556 0014 1E000000 		.4byte	.LFE0-.LFB0
 1557 0018 00000000 		.4byte	.LFB1
 1558 001c 22000000 		.4byte	.LFE1-.LFB1
 1559 0020 00000000 		.4byte	.LFB2
 1560 0024 22000000 		.4byte	.LFE2-.LFB2
 1561 0028 00000000 		.4byte	.LFB3
 1562 002c B0000000 		.4byte	.LFE3-.LFB3
 1563 0030 B0000000 		.4byte	.LFB4
 1564 0034 A0000000 		.4byte	.LFE4-.LFB4
 1565 0038 00000000 		.4byte	.LFB5
 1566 003c 08000000 		.4byte	.LFE5-.LFB5
 1567 0040 50010000 		.4byte	.LFB6
 1568 0044 10010000 		.4byte	.LFE6-.LFB6
 1569 0048 00000000 		.4byte	0
 1570 004c 00000000 		.4byte	0
 1571              		.section	.debug_ranges,"",%progbits
 1572              	.Ldebug_ranges0:
 1573 0000 00000000 		.4byte	.LFB0
 1574 0004 1E000000 		.4byte	.LFE0
 1575 0008 00000000 		.4byte	.LFB1
 1576 000c 22000000 		.4byte	.LFE1
 1577 0010 00000000 		.4byte	.LFB2
 1578 0014 22000000 		.4byte	.LFE2
 1579 0018 00000000 		.4byte	.LFB3
 1580 001c B0000000 		.4byte	.LFE3
 1581 0020 B0000000 		.4byte	.LFB4
 1582 0024 50010000 		.4byte	.LFE4
 1583 0028 00000000 		.4byte	.LFB5
 1584 002c 08000000 		.4byte	.LFE5
 1585 0030 50010000 		.4byte	.LFB6
 1586 0034 60020000 		.4byte	.LFE6
 1587 0038 00000000 		.4byte	0
 1588 003c 00000000 		.4byte	0
 1589              		.section	.debug_line,"",%progbits
 1590              	.Ldebug_line0:
 1591 0000 84010000 		.section	.debug_str,"MS",%progbits,1
 1591      0200D700 
 1591      00000201 
 1591      FB0E0D00 
 1591      01010101 
 1592              	.LASF19:
ARM GAS  C:\Users\Sam\AppData\Local\Temp\cc0DAe3G.s 			page 35


 1593 0000 72656733 		.ascii	"reg32\000"
 1593      3200
 1594              	.LASF11:
 1595 0006 73697A65 		.ascii	"size_t\000"
 1595      5F7400
 1596              	.LASF38:
 1597 000d 416E616C 		.ascii	"AnalogSetDefault\000"
 1597      6F675365 
 1597      74446566 
 1597      61756C74 
 1597      00
 1598              	.LASF29:
 1599 001e 696D6F5F 		.ascii	"imo_trim_entry_t\000"
 1599      7472696D 
 1599      5F656E74 
 1599      72795F74 
 1599      00
 1600              	.LASF42:
 1601 002f 6366675F 		.ascii	"cfg_memset_list\000"
 1601      6D656D73 
 1601      65745F6C 
 1601      69737400 
 1602              	.LASF37:
 1603 003f 436C6F63 		.ascii	"ClockSetup\000"
 1603      6B536574 
 1603      757000
 1604              	.LASF28:
 1605 004a 746D7063 		.ascii	"tmpco\000"
 1605      6F00
 1606              	.LASF3:
 1607 0050 73686F72 		.ascii	"short unsigned int\000"
 1607      7420756E 
 1607      7369676E 
 1607      65642069 
 1607      6E7400
 1608              	.LASF2:
 1609 0063 73686F72 		.ascii	"short int\000"
 1609      7420696E 
 1609      7400
 1610              	.LASF24:
 1611 006d 53657449 		.ascii	"SetIMOBGTrims\000"
 1611      4D4F4247 
 1611      5472696D 
 1611      7300
 1612              	.LASF16:
 1613 007b 666C6F61 		.ascii	"float\000"
 1613      7400
 1614              	.LASF34:
 1615 0081 696D6F54 		.ascii	"imoTrimIndex\000"
 1615      72696D49 
 1615      6E646578 
 1615      00
 1616              	.LASF22:
 1617 008e 64657374 		.ascii	"dest\000"
 1617      00
 1618              	.LASF40:
 1619 0093 73697A65 		.ascii	"size\000"
ARM GAS  C:\Users\Sam\AppData\Local\Temp\cc0DAe3G.s 			page 36


 1619      00
 1620              	.LASF18:
 1621 0098 72656738 		.ascii	"reg8\000"
 1621      00
 1622              	.LASF9:
 1623 009d 6C6F6E67 		.ascii	"long unsigned int\000"
 1623      20756E73 
 1623      69676E65 
 1623      6420696E 
 1623      7400
 1624              	.LASF15:
 1625 00af 696E7433 		.ascii	"int32\000"
 1625      3200
 1626              	.LASF20:
 1627 00b5 43594D45 		.ascii	"CYMEMZERO\000"
 1627      4D5A4552 
 1627      4F00
 1628              	.LASF1:
 1629 00bf 756E7369 		.ascii	"unsigned char\000"
 1629      676E6564 
 1629      20636861 
 1629      7200
 1630              	.LASF17:
 1631 00cd 646F7562 		.ascii	"double\000"
 1631      6C6500
 1632              	.LASF25:
 1633 00d4 696D6F46 		.ascii	"imoFreq\000"
 1633      72657100 
 1634              	.LASF33:
 1635 00dc 494D4F5F 		.ascii	"IMO_TRIM_FREQ_TABLE_ENTRIES\000"
 1635      5452494D 
 1635      5F465245 
 1635      515F5441 
 1635      424C455F 
 1636              	.LASF13:
 1637 00f8 75696E74 		.ascii	"uint16\000"
 1637      313600
 1638              	.LASF14:
 1639 00ff 75696E74 		.ascii	"uint32\000"
 1639      333200
 1640              	.LASF4:
 1641 0106 756E7369 		.ascii	"unsigned int\000"
 1641      676E6564 
 1641      20696E74 
 1641      00
 1642              	.LASF46:
 1643 0113 63796669 		.ascii	"cyfitter_cfg\000"
 1643      74746572 
 1643      5F636667 
 1643      00
 1644              	.LASF39:
 1645 0120 61646472 		.ascii	"address\000"
 1645      65737300 
 1646              	.LASF6:
 1647 0128 6C6F6E67 		.ascii	"long long unsigned int\000"
 1647      206C6F6E 
 1647      6720756E 
ARM GAS  C:\Users\Sam\AppData\Local\Temp\cc0DAe3G.s 			page 37


 1647      7369676E 
 1647      65642069 
 1648              	.LASF31:
 1649 013f 696D6F5F 		.ascii	"imo_trim_table_t\000"
 1649      7472696D 
 1649      5F746162 
 1649      6C655F74 
 1649      00
 1650              	.LASF41:
 1651 0150 6366675F 		.ascii	"cfg_memset_t\000"
 1651      6D656D73 
 1651      65745F74 
 1651      00
 1652              	.LASF44:
 1653 015d 2E5C4765 		.ascii	".\\Generated_Source\\PSoC4\\cyfitter_cfg.c\000"
 1653      6E657261 
 1653      7465645F 
 1653      536F7572 
 1653      63655C50 
 1654              	.LASF8:
 1655 0185 73697A65 		.ascii	"sizetype\000"
 1655      74797065 
 1655      00
 1656              	.LASF36:
 1657 018e 73657454 		.ascii	"setTmpCo\000"
 1657      6D70436F 
 1657      00
 1658              	.LASF5:
 1659 0197 6C6F6E67 		.ascii	"long long int\000"
 1659      206C6F6E 
 1659      6720696E 
 1659      7400
 1660              	.LASF10:
 1661 01a5 63686172 		.ascii	"char\000"
 1661      00
 1662              	.LASF27:
 1663 01aa 6162736F 		.ascii	"absolute\000"
 1663      6C757465 
 1663      00
 1664              	.LASF26:
 1665 01b3 66726571 		.ascii	"freq\000"
 1665      00
 1666              	.LASF12:
 1667 01b8 75696E74 		.ascii	"uint8\000"
 1667      3800
 1668              	.LASF43:
 1669 01be 474E5520 		.ascii	"GNU C 4.7.3 20130312 (release) [ARM/embedded-4_7-br"
 1669      4320342E 
 1669      372E3320 
 1669      32303133 
 1669      30333132 
 1670 01f1 616E6368 		.ascii	"anch revision 196615]\000"
 1670      20726576 
 1670      6973696F 
 1670      6E203139 
 1670      36363135 
 1671              	.LASF32:
ARM GAS  C:\Users\Sam\AppData\Local\Temp\cc0DAe3G.s 			page 38


 1672 0207 696D6F5F 		.ascii	"imo_trim_table\000"
 1672      7472696D 
 1672      5F746162 
 1672      6C6500
 1673              	.LASF7:
 1674 0216 6C6F6E67 		.ascii	"long int\000"
 1674      20696E74 
 1674      00
 1675              	.LASF30:
 1676 021f 656E7472 		.ascii	"entries\000"
 1676      69657300 
 1677              	.LASF35:
 1678 0227 73657441 		.ascii	"setAbs\000"
 1678      627300
 1679              	.LASF0:
 1680 022e 7369676E 		.ascii	"signed char\000"
 1680      65642063 
 1680      68617200 
 1681              	.LASF23:
 1682 023a 4359434F 		.ascii	"CYCONFIGCPYCODE\000"
 1682      4E464947 
 1682      43505943 
 1682      4F444500 
 1683              	.LASF21:
 1684 024a 4359434F 		.ascii	"CYCONFIGCPY\000"
 1684      4E464947 
 1684      43505900 
 1685              	.LASF45:
 1686 0256 433A5C55 		.ascii	"C:\\Users\\Sam\\Documents\\GitHub\\MPU-6050\\Exampl"
 1686      73657273 
 1686      5C53616D 
 1686      5C446F63 
 1686      756D656E 
 1687 0283 65735C33 		.ascii	"es\\3 MPU-6050-PSoC-GetAngles\\MPU-6050-PSoC-GetGs."
 1687      204D5055 
 1687      2D363035 
 1687      302D5053 
 1687      6F432D47 
 1688 02b4 63796473 		.ascii	"cydsn\000"
 1688      6E00
 1689              		.ident	"GCC: (GNU Tools for ARM Embedded Processors) 4.7.3 20130312 (release) [ARM/embedded-4_7-br
