--------------- Build Started: 07/20/2014 12:44:02 Project: MPU-6050-PSoC-GetGs, Configuration: ARM GCC 4.7.3 Debug ---------------
cydsfit.exe "-.appdatapath" "C:\Users\Sam\AppData\Local\Cypress Semiconductor\PSoC Creator\3.0" "-.fdsnotice" "-.fdswarpdepfile=warp_dependencies.txt" "-.fdselabdepfile=elab_dependencies.txt" "-.fdsbldfile=generated_files.txt" "-p" "C:\Users\Sam\Documents\GitHub\MPU-6050\Examples\3 MPU-6050-PSoC-GetAngles\MPU-6050-PSoC-GetGs.cydsn\MPU-6050-PSoC-GetGs.cyprj" "-d" "CY8C4245AXI-483" "-s" "C:\Users\Sam\Documents\GitHub\MPU-6050\Examples\3 MPU-6050-PSoC-GetAngles\MPU-6050-PSoC-GetGs.cydsn\Generated_Source\PSoC4" "--" "-yv2" "-v3" "-ygs" "-q10" "-o2" "-.fftcfgtype=LE"
Elaborating Design...
HDL Generation ...
Synthesis ...
Place and Route ...
Tech mapping ...
Info: mpr.M0037: Unused pieces of the design have been optimized out. See the Tech mapping section of the report file for details. (App=cydsfit)
Analog Placement ...
Analog Routing ...
Analog Code Generation ...
Digital Placement ...
Digital Routing ...
Bitstream Generation ...
Static timing analysis ...
API Generation ...
Dependency Generation ...
Clean Temporary Files ...
arm-none-eabi-gcc.exe -I. -I./Generated_Source/PSoC4 -Wno-main -mcpu=cortex-m0 -mthumb -Wall -g -D DEBUG -Wa,-alh=.\CortexM0\ARM_GCC_473\Debug\main.lst -ffunction-sections -c .\main.c -o .\CortexM0\ARM_GCC_473\Debug\main.o
arm-none-eabi-gcc.exe -I. -I./Generated_Source/PSoC4 -Wno-main -mcpu=cortex-m0 -mthumb -Wall -g -D DEBUG -Wa,-alh=.\CortexM0\ARM_GCC_473\Debug\i2cFunctions.lst -ffunction-sections -c .\i2cFunctions.c -o .\CortexM0\ARM_GCC_473\Debug\i2cFunctions.o
arm-none-eabi-gcc.exe -I. -I./Generated_Source/PSoC4 -Wno-main -mcpu=cortex-m0 -mthumb -Wall -g -D DEBUG -Wa,-alh=.\CortexM0\ARM_GCC_473\Debug\mpu6050.lst -ffunction-sections -c .\mpu6050.c -o .\CortexM0\ARM_GCC_473\Debug\mpu6050.o
arm-none-eabi-gcc.exe -I. -I./Generated_Source/PSoC4 -Wno-main -mcpu=cortex-m0 -mthumb -Wall -g -D DEBUG -Wa,-alh=.\CortexM0\ARM_GCC_473\Debug\cyfitter_cfg.lst -ffunction-sections -c .\Generated_Source\PSoC4\cyfitter_cfg.c -o .\CortexM0\ARM_GCC_473\Debug\cyfitter_cfg.o
arm-none-eabi-gcc.exe -I. -I./Generated_Source/PSoC4 -Wno-main -mcpu=cortex-m0 -mthumb -Wall -g -D DEBUG -Wa,-alh=.\CortexM0\ARM_GCC_473\Debug\cymetadata.lst -ffunction-sections -c .\Generated_Source\PSoC4\cymetadata.c -o .\CortexM0\ARM_GCC_473\Debug\cymetadata.o
arm-none-eabi-gcc.exe -I. -I./Generated_Source/PSoC4 -Wno-main -mcpu=cortex-m0 -mthumb -Wall -g -D DEBUG -Wa,-alh=.\CortexM0\ARM_GCC_473\Debug\I2C_MPU6050.lst -ffunction-sections -c .\Generated_Source\PSoC4\I2C_MPU6050.c -o .\CortexM0\ARM_GCC_473\Debug\I2C_MPU6050.o
arm-none-eabi-gcc.exe -I. -I./Generated_Source/PSoC4 -Wno-main -mcpu=cortex-m0 -mthumb -Wall -g -D DEBUG -Wa,-alh=.\CortexM0\ARM_GCC_473\Debug\I2C_MPU6050_I2C_INT.lst -ffunction-sections -c .\Generated_Source\PSoC4\I2C_MPU6050_I2C_INT.c -o .\CortexM0\ARM_GCC_473\Debug\I2C_MPU6050_I2C_INT.o
arm-none-eabi-gcc.exe -I. -I./Generated_Source/PSoC4 -Wno-main -mcpu=cortex-m0 -mthumb -Wall -g -D DEBUG -Wa,-alh=.\CortexM0\ARM_GCC_473\Debug\I2C_MPU6050_I2C.lst -ffunction-sections -c .\Generated_Source\PSoC4\I2C_MPU6050_I2C.c -o .\CortexM0\ARM_GCC_473\Debug\I2C_MPU6050_I2C.o
arm-none-eabi-gcc.exe -I. -I./Generated_Source/PSoC4 -Wno-main -mcpu=cortex-m0 -mthumb -Wall -g -D DEBUG -Wa,-alh=.\CortexM0\ARM_GCC_473\Debug\I2C_MPU6050_I2C_BOOT.lst -ffunction-sections -c .\Generated_Source\PSoC4\I2C_MPU6050_I2C_BOOT.c -o .\CortexM0\ARM_GCC_473\Debug\I2C_MPU6050_I2C_BOOT.o
arm-none-eabi-gcc.exe -I. -I./Generated_Source/PSoC4 -Wno-main -mcpu=cortex-m0 -mthumb -Wall -g -D DEBUG -Wa,-alh=.\CortexM0\ARM_GCC_473\Debug\I2C_MPU6050_I2C_MASTER.lst -ffunction-sections -c .\Generated_Source\PSoC4\I2C_MPU6050_I2C_MASTER.c -o .\CortexM0\ARM_GCC_473\Debug\I2C_MPU6050_I2C_MASTER.o
arm-none-eabi-gcc.exe -I. -I./Generated_Source/PSoC4 -Wno-main -mcpu=cortex-m0 -mthumb -Wall -g -D DEBUG -Wa,-alh=.\CortexM0\ARM_GCC_473\Debug\I2C_MPU6050_PM.lst -ffunction-sections -c .\Generated_Source\PSoC4\I2C_MPU6050_PM.c -o .\CortexM0\ARM_GCC_473\Debug\I2C_MPU6050_PM.o
arm-none-eabi-gcc.exe -I. -I./Generated_Source/PSoC4 -Wno-main -mcpu=cortex-m0 -mthumb -Wall -g -D DEBUG -Wa,-alh=.\CortexM0\ARM_GCC_473\Debug\I2C_MPU6050_BOOT.lst -ffunction-sections -c .\Generated_Source\PSoC4\I2C_MPU6050_BOOT.c -o .\CortexM0\ARM_GCC_473\Debug\I2C_MPU6050_BOOT.o
arm-none-eabi-gcc.exe -I. -I./Generated_Source/PSoC4 -Wno-main -mcpu=cortex-m0 -mthumb -Wall -g -D DEBUG -Wa,-alh=.\CortexM0\ARM_GCC_473\Debug\SERIAL.lst -ffunction-sections -c .\Generated_Source\PSoC4\SERIAL.c -o .\CortexM0\ARM_GCC_473\Debug\SERIAL.o
arm-none-eabi-gcc.exe -I. -I./Generated_Source/PSoC4 -Wno-main -mcpu=cortex-m0 -mthumb -Wall -g -D DEBUG -Wa,-alh=.\CortexM0\ARM_GCC_473\Debug\SERIAL_SPI_UART.lst -ffunction-sections -c .\Generated_Source\PSoC4\SERIAL_SPI_UART.c -o .\CortexM0\ARM_GCC_473\Debug\SERIAL_SPI_UART.o
arm-none-eabi-gcc.exe -I. -I./Generated_Source/PSoC4 -Wno-main -mcpu=cortex-m0 -mthumb -Wall -g -D DEBUG -Wa,-alh=.\CortexM0\ARM_GCC_473\Debug\SERIAL_SPI_UART_INT.lst -ffunction-sections -c .\Generated_Source\PSoC4\SERIAL_SPI_UART_INT.c -o .\CortexM0\ARM_GCC_473\Debug\SERIAL_SPI_UART_INT.o
arm-none-eabi-gcc.exe -I. -I./Generated_Source/PSoC4 -Wno-main -mcpu=cortex-m0 -mthumb -Wall -g -D DEBUG -Wa,-alh=.\CortexM0\ARM_GCC_473\Debug\SERIAL_PM.lst -ffunction-sections -c .\Generated_Source\PSoC4\SERIAL_PM.c -o .\CortexM0\ARM_GCC_473\Debug\SERIAL_PM.o
arm-none-eabi-gcc.exe -I. -I./Generated_Source/PSoC4 -Wno-main -mcpu=cortex-m0 -mthumb -Wall -g -D DEBUG -Wa,-alh=.\CortexM0\ARM_GCC_473\Debug\SERIAL_UART.lst -ffunction-sections -c .\Generated_Source\PSoC4\SERIAL_UART.c -o .\CortexM0\ARM_GCC_473\Debug\SERIAL_UART.o
arm-none-eabi-gcc.exe -I. -I./Generated_Source/PSoC4 -Wno-main -mcpu=cortex-m0 -mthumb -Wall -g -D DEBUG -Wa,-alh=.\CortexM0\ARM_GCC_473\Debug\SERIAL_BOOT.lst -ffunction-sections -c .\Generated_Source\PSoC4\SERIAL_BOOT.c -o .\CortexM0\ARM_GCC_473\Debug\SERIAL_BOOT.o
arm-none-eabi-gcc.exe -I. -I./Generated_Source/PSoC4 -Wno-main -mcpu=cortex-m0 -mthumb -Wall -g -D DEBUG -Wa,-alh=.\CortexM0\ARM_GCC_473\Debug\SERIAL_UART_BOOT.lst -ffunction-sections -c .\Generated_Source\PSoC4\SERIAL_UART_BOOT.c -o .\CortexM0\ARM_GCC_473\Debug\SERIAL_UART_BOOT.o
arm-none-eabi-gcc.exe -I. -I./Generated_Source/PSoC4 -Wno-main -mcpu=cortex-m0 -mthumb -Wall -g -D DEBUG -Wa,-alh=.\CortexM0\ARM_GCC_473\Debug\I2C_MPU6050_sda.lst -ffunction-sections -c .\Generated_Source\PSoC4\I2C_MPU6050_sda.c -o .\CortexM0\ARM_GCC_473\Debug\I2C_MPU6050_sda.o
arm-none-eabi-gcc.exe -I. -I./Generated_Source/PSoC4 -Wno-main -mcpu=cortex-m0 -mthumb -Wall -g -D DEBUG -Wa,-alh=.\CortexM0\ARM_GCC_473\Debug\I2C_MPU6050_scl.lst -ffunction-sections -c .\Generated_Source\PSoC4\I2C_MPU6050_scl.c -o .\CortexM0\ARM_GCC_473\Debug\I2C_MPU6050_scl.o
arm-none-eabi-gcc.exe -I. -I./Generated_Source/PSoC4 -Wno-main -mcpu=cortex-m0 -mthumb -Wall -g -D DEBUG -Wa,-alh=.\CortexM0\ARM_GCC_473\Debug\SERIAL_tx.lst -ffunction-sections -c .\Generated_Source\PSoC4\SERIAL_tx.c -o .\CortexM0\ARM_GCC_473\Debug\SERIAL_tx.o
arm-none-eabi-gcc.exe -I. -I./Generated_Source/PSoC4 -Wno-main -mcpu=cortex-m0 -mthumb -Wall -g -D DEBUG -Wa,-alh=.\CortexM0\ARM_GCC_473\Debug\SERIAL_rx.lst -ffunction-sections -c .\Generated_Source\PSoC4\SERIAL_rx.c -o .\CortexM0\ARM_GCC_473\Debug\SERIAL_rx.o
arm-none-eabi-gcc.exe -I. -I./Generated_Source/PSoC4 -Wno-main -mcpu=cortex-m0 -mthumb -Wall -g -D DEBUG -Wa,-alh=.\CortexM0\ARM_GCC_473\Debug\Cm0Start.lst -ffunction-sections -c .\Generated_Source\PSoC4\Cm0Start.c -o .\CortexM0\ARM_GCC_473\Debug\Cm0Start.o
arm-none-eabi-as.exe -I. -I./Generated_Source/PSoC4 -mcpu=cortex-m0 -mthumb -g -alh=.\CortexM0\ARM_GCC_473\Debug/CyBootAsmGnu.lst -o .\CortexM0\ARM_GCC_473\Debug\CyBootAsmGnu.o .\Generated_Source\PSoC4\CyBootAsmGnu.s
arm-none-eabi-gcc.exe -I. -I./Generated_Source/PSoC4 -Wno-main -mcpu=cortex-m0 -mthumb -Wall -g -D DEBUG -Wa,-alh=.\CortexM0\ARM_GCC_473\Debug\CyFlash.lst -ffunction-sections -c .\Generated_Source\PSoC4\CyFlash.c -o .\CortexM0\ARM_GCC_473\Debug\CyFlash.o
arm-none-eabi-gcc.exe -I. -I./Generated_Source/PSoC4 -Wno-main -mcpu=cortex-m0 -mthumb -Wall -g -D DEBUG -Wa,-alh=.\CortexM0\ARM_GCC_473\Debug\CyLib.lst -ffunction-sections -c .\Generated_Source\PSoC4\CyLib.c -o .\CortexM0\ARM_GCC_473\Debug\CyLib.o
arm-none-eabi-gcc.exe -I. -I./Generated_Source/PSoC4 -Wno-main -mcpu=cortex-m0 -mthumb -Wall -g -D DEBUG -Wa,-alh=.\CortexM0\ARM_GCC_473\Debug\cyPm.lst -ffunction-sections -c .\Generated_Source\PSoC4\cyPm.c -o .\CortexM0\ARM_GCC_473\Debug\cyPm.o
arm-none-eabi-gcc.exe -I. -I./Generated_Source/PSoC4 -Wno-main -mcpu=cortex-m0 -mthumb -Wall -g -D DEBUG -Wa,-alh=.\CortexM0\ARM_GCC_473\Debug\cyutils.lst -ffunction-sections -c .\Generated_Source\PSoC4\cyutils.c -o .\CortexM0\ARM_GCC_473\Debug\cyutils.o
arm-none-eabi-ar.exe -rs .\CortexM0\ARM_GCC_473\Debug\MPU-6050-PSoC-GetGs.a .\CortexM0\ARM_GCC_473\Debug\cyfitter_cfg.o .\CortexM0\ARM_GCC_473\Debug\I2C_MPU6050.o .\CortexM0\ARM_GCC_473\Debug\I2C_MPU6050_I2C_INT.o .\CortexM0\ARM_GCC_473\Debug\I2C_MPU6050_I2C.o .\CortexM0\ARM_GCC_473\Debug\I2C_MPU6050_I2C_BOOT.o .\CortexM0\ARM_GCC_473\Debug\I2C_MPU6050_I2C_MASTER.o .\CortexM0\ARM_GCC_473\Debug\I2C_MPU6050_PM.o .\CortexM0\ARM_GCC_473\Debug\I2C_MPU6050_BOOT.o .\CortexM0\ARM_GCC_473\Debug\SERIAL.o .\CortexM0\ARM_GCC_473\Debug\SERIAL_SPI_UART.o .\CortexM0\ARM_GCC_473\Debug\SERIAL_SPI_UART_INT.o .\CortexM0\ARM_GCC_473\Debug\SERIAL_PM.o .\CortexM0\ARM_GCC_473\Debug\SERIAL_UART.o .\CortexM0\ARM_GCC_473\Debug\SERIAL_BOOT.o .\CortexM0\ARM_GCC_473\Debug\SERIAL_UART_BOOT.o .\CortexM0\ARM_GCC_473\Debug\I2C_MPU6050_sda.o .\CortexM0\ARM_GCC_473\Debug\I2C_MPU6050_scl.o .\CortexM0\ARM_GCC_473\Debug\SERIAL_tx.o .\CortexM0\ARM_GCC_473\Debug\SERIAL_rx.o .\CortexM0\ARM_GCC_473\Debug\CyBootAsmGnu.o .\CortexM0\ARM_GCC_473\Debug\CyFlash.o .\CortexM0\ARM_GCC_473\Debug\CyLib.o .\CortexM0\ARM_GCC_473\Debug\cyPm.o .\CortexM0\ARM_GCC_473\Debug\cyutils.o
arm-none-eabi-ar.exe: creating .\CortexM0\ARM_GCC_473\Debug\MPU-6050-PSoC-GetGs.a
arm-none-eabi-gcc.exe -mthumb -march=armv6-m -T .\Generated_Source\PSoC4\cm0gcc.ld -g -Wl,-Map,.\CortexM0\ARM_GCC_473\Debug\MPU-6050-PSoC-GetGs.map -specs=nano.specs -Wl,--gc-sections -u _printf_float -Wl,--start-group -o .\CortexM0\ARM_GCC_473\Debug\MPU-6050-PSoC-GetGs.elf .\CortexM0\ARM_GCC_473\Debug\main.o .\CortexM0\ARM_GCC_473\Debug\i2cFunctions.o .\CortexM0\ARM_GCC_473\Debug\mpu6050.o .\CortexM0\ARM_GCC_473\Debug\cymetadata.o .\CortexM0\ARM_GCC_473\Debug\Cm0Start.o .\CortexM0\ARM_GCC_473\Debug\MPU-6050-PSoC-GetGs.a "C:\Program Files (x86)\Cypress\PSoC Creator\3.0\PSoC Creator\psoc\content\cycomponentlibrary\CyComponentLibrary.cylib\CortexM0\ARM_GCC_473\Debug\CyComponentLibrary.a" -Wl,--end-group
cyelftool.exe -C "C:\Users\Sam\Documents\GitHub\MPU-6050\Examples\3 MPU-6050-PSoC-GetAngles\MPU-6050-PSoC-GetGs.cydsn\CortexM0\ARM_GCC_473\Debug\MPU-6050-PSoC-GetGs.elf" --flash_size 32768 --flash_row_size 128
cyelftool.exe -S "C:\Users\Sam\Documents\GitHub\MPU-6050\Examples\3 MPU-6050-PSoC-GetAngles\MPU-6050-PSoC-GetGs.cydsn\CortexM0\ARM_GCC_473\Debug\MPU-6050-PSoC-GetGs.elf"
Flash used: 28520 of 32768 bytes (87.0 %).
SRAM used: 2060 of 4096 bytes (50.3 %).
--------------- Build Succeeded: 07/20/2014 12:44:39 ---------------
