ARM GAS  C:\Users\Sam\AppData\Local\Temp\ccLdAMM0.s 			page 1


   1              		.cpu cortex-m0
   2              		.fpu softvfp
   3              		.eabi_attribute 20, 1
   4              		.eabi_attribute 21, 1
   5              		.eabi_attribute 23, 3
   6              		.eabi_attribute 24, 1
   7              		.eabi_attribute 25, 1
   8              		.eabi_attribute 26, 1
   9              		.eabi_attribute 30, 6
  10              		.eabi_attribute 34, 0
  11              		.eabi_attribute 18, 4
  12              		.code	16
  13              		.file	"cyfitter_cfg.c"
  14              		.text
  15              	.Ltext0:
  16              		.cfi_sections	.debug_frame
  17              		.section	.text.CYMEMZERO,"ax",%progbits
  18              		.align	2
  19              		.code	16
  20              		.thumb_func
  21              		.type	CYMEMZERO, %function
  22              	CYMEMZERO:
  23              	.LFB0:
  24              		.file 1 ".\\Generated_Source\\PSoC4\\cyfitter_cfg.c"
   1:.\Generated_Source\PSoC4/cyfitter_cfg.c **** /*******************************************************************************
   2:.\Generated_Source\PSoC4/cyfitter_cfg.c **** * FILENAME: cyfitter_cfg.c
   3:.\Generated_Source\PSoC4/cyfitter_cfg.c **** * PSoC Creator 3.0 Component Pack 7
   4:.\Generated_Source\PSoC4/cyfitter_cfg.c **** *
   5:.\Generated_Source\PSoC4/cyfitter_cfg.c **** * Description:
   6:.\Generated_Source\PSoC4/cyfitter_cfg.c **** * This file is automatically generated by PSoC Creator with device 
   7:.\Generated_Source\PSoC4/cyfitter_cfg.c **** * initialization code.  Except for the user defined sections in
   8:.\Generated_Source\PSoC4/cyfitter_cfg.c **** * CyClockStartupError(), this file should not be modified.
   9:.\Generated_Source\PSoC4/cyfitter_cfg.c **** *
  10:.\Generated_Source\PSoC4/cyfitter_cfg.c **** ********************************************************************************
  11:.\Generated_Source\PSoC4/cyfitter_cfg.c **** * Copyright 2013, Cypress Semiconductor Corporation.  All rights reserved.
  12:.\Generated_Source\PSoC4/cyfitter_cfg.c **** * You may use this file only in accordance with the license, terms, conditions, 
  13:.\Generated_Source\PSoC4/cyfitter_cfg.c **** * disclaimers, and limitations in the end user license agreement accompanying 
  14:.\Generated_Source\PSoC4/cyfitter_cfg.c **** * the software package with which this file was provided.
  15:.\Generated_Source\PSoC4/cyfitter_cfg.c **** ********************************************************************************/
  16:.\Generated_Source\PSoC4/cyfitter_cfg.c **** 
  17:.\Generated_Source\PSoC4/cyfitter_cfg.c **** #include <string.h>
  18:.\Generated_Source\PSoC4/cyfitter_cfg.c **** #include <cytypes.h>
  19:.\Generated_Source\PSoC4/cyfitter_cfg.c **** #include <cydevice_trm.h>
  20:.\Generated_Source\PSoC4/cyfitter_cfg.c **** #include <cyfitter.h>
  21:.\Generated_Source\PSoC4/cyfitter_cfg.c **** #include <CyLib.h>
  22:.\Generated_Source\PSoC4/cyfitter_cfg.c **** #include <cyfitter_cfg.h>
  23:.\Generated_Source\PSoC4/cyfitter_cfg.c **** 
  24:.\Generated_Source\PSoC4/cyfitter_cfg.c **** 
  25:.\Generated_Source\PSoC4/cyfitter_cfg.c **** #if defined(__GNUC__) || defined(__ARMCC_VERSION)
  26:.\Generated_Source\PSoC4/cyfitter_cfg.c ****     #define CYPACKED 
  27:.\Generated_Source\PSoC4/cyfitter_cfg.c ****     #define CYPACKED_ATTR __attribute__ ((packed))
  28:.\Generated_Source\PSoC4/cyfitter_cfg.c ****     #define CYALIGNED __attribute__ ((aligned))
  29:.\Generated_Source\PSoC4/cyfitter_cfg.c ****     #define CY_CFG_UNUSED __attribute__ ((unused))
  30:.\Generated_Source\PSoC4/cyfitter_cfg.c ****     #define CY_CFG_SECTION __attribute__ ((section(".psocinit")))
  31:.\Generated_Source\PSoC4/cyfitter_cfg.c ****     
  32:.\Generated_Source\PSoC4/cyfitter_cfg.c ****     #if defined(__ARMCC_VERSION)
  33:.\Generated_Source\PSoC4/cyfitter_cfg.c ****         #define CY_CFG_MEMORY_BARRIER() __memory_changed()
ARM GAS  C:\Users\Sam\AppData\Local\Temp\ccLdAMM0.s 			page 2


  34:.\Generated_Source\PSoC4/cyfitter_cfg.c ****     #else
  35:.\Generated_Source\PSoC4/cyfitter_cfg.c ****         #define CY_CFG_MEMORY_BARRIER() __sync_synchronize()
  36:.\Generated_Source\PSoC4/cyfitter_cfg.c ****     #endif
  37:.\Generated_Source\PSoC4/cyfitter_cfg.c ****     
  38:.\Generated_Source\PSoC4/cyfitter_cfg.c **** #elif defined(__ICCARM__)
  39:.\Generated_Source\PSoC4/cyfitter_cfg.c ****     #include <intrinsics.h>
  40:.\Generated_Source\PSoC4/cyfitter_cfg.c **** 
  41:.\Generated_Source\PSoC4/cyfitter_cfg.c ****     #define CYPACKED __packed
  42:.\Generated_Source\PSoC4/cyfitter_cfg.c ****     #define CYPACKED_ATTR 
  43:.\Generated_Source\PSoC4/cyfitter_cfg.c ****     #define CYALIGNED _Pragma("data_alignment=4")
  44:.\Generated_Source\PSoC4/cyfitter_cfg.c ****     #define CY_CFG_UNUSED _Pragma("diag_suppress=Pe177")
  45:.\Generated_Source\PSoC4/cyfitter_cfg.c ****     #define CY_CFG_SECTION _Pragma("location=\".psocinit\"")
  46:.\Generated_Source\PSoC4/cyfitter_cfg.c ****     
  47:.\Generated_Source\PSoC4/cyfitter_cfg.c ****     #define CY_CFG_MEMORY_BARRIER() __DMB()
  48:.\Generated_Source\PSoC4/cyfitter_cfg.c ****     
  49:.\Generated_Source\PSoC4/cyfitter_cfg.c **** #else
  50:.\Generated_Source\PSoC4/cyfitter_cfg.c ****     #error Unsupported toolchain
  51:.\Generated_Source\PSoC4/cyfitter_cfg.c **** #endif
  52:.\Generated_Source\PSoC4/cyfitter_cfg.c **** 
  53:.\Generated_Source\PSoC4/cyfitter_cfg.c **** 
  54:.\Generated_Source\PSoC4/cyfitter_cfg.c **** CY_CFG_UNUSED
  55:.\Generated_Source\PSoC4/cyfitter_cfg.c **** static void CYMEMZERO(void *s, size_t n);
  56:.\Generated_Source\PSoC4/cyfitter_cfg.c **** CY_CFG_UNUSED
  57:.\Generated_Source\PSoC4/cyfitter_cfg.c **** static void CYMEMZERO(void *s, size_t n)
  58:.\Generated_Source\PSoC4/cyfitter_cfg.c **** {
  25              		.loc 1 58 0
  26              		.cfi_startproc
  27 0000 80B5     		push	{r7, lr}
  28              	.LCFI0:
  29              		.cfi_def_cfa_offset 8
  30              		.cfi_offset 7, -8
  31              		.cfi_offset 14, -4
  32 0002 82B0     		sub	sp, sp, #8
  33              	.LCFI1:
  34              		.cfi_def_cfa_offset 16
  35 0004 00AF     		add	r7, sp, #0
  36              	.LCFI2:
  37              		.cfi_def_cfa_register 7
  38 0006 7860     		str	r0, [r7, #4]
  39 0008 3960     		str	r1, [r7]
  59:.\Generated_Source\PSoC4/cyfitter_cfg.c **** 	(void)memset(s, 0, n);
  40              		.loc 1 59 0
  41 000a 7A68     		ldr	r2, [r7, #4]
  42 000c 3B68     		ldr	r3, [r7]
  43 000e 101C     		mov	r0, r2
  44 0010 0021     		mov	r1, #0
  45 0012 1A1C     		mov	r2, r3
  46 0014 FFF7FEFF 		bl	memset
  60:.\Generated_Source\PSoC4/cyfitter_cfg.c **** }
  47              		.loc 1 60 0
  48 0018 BD46     		mov	sp, r7
  49 001a 02B0     		add	sp, sp, #8
  50              		@ sp needed for prologue
  51 001c 80BD     		pop	{r7, pc}
  52              		.cfi_endproc
  53              	.LFE0:
  54              		.size	CYMEMZERO, .-CYMEMZERO
ARM GAS  C:\Users\Sam\AppData\Local\Temp\ccLdAMM0.s 			page 3


  55 001e C046     		.section	.text.CYCONFIGCPY,"ax",%progbits
  56              		.align	2
  57              		.code	16
  58              		.thumb_func
  59              		.type	CYCONFIGCPY, %function
  60              	CYCONFIGCPY:
  61              	.LFB1:
  61:.\Generated_Source\PSoC4/cyfitter_cfg.c **** CY_CFG_UNUSED
  62:.\Generated_Source\PSoC4/cyfitter_cfg.c **** static void CYCONFIGCPY(void *dest, const void *src, size_t n);
  63:.\Generated_Source\PSoC4/cyfitter_cfg.c **** CY_CFG_UNUSED
  64:.\Generated_Source\PSoC4/cyfitter_cfg.c **** static void CYCONFIGCPY(void *dest, const void *src, size_t n)
  65:.\Generated_Source\PSoC4/cyfitter_cfg.c **** {
  62              		.loc 1 65 0
  63              		.cfi_startproc
  64 0000 80B5     		push	{r7, lr}
  65              	.LCFI3:
  66              		.cfi_def_cfa_offset 8
  67              		.cfi_offset 7, -8
  68              		.cfi_offset 14, -4
  69 0002 84B0     		sub	sp, sp, #16
  70              	.LCFI4:
  71              		.cfi_def_cfa_offset 24
  72 0004 00AF     		add	r7, sp, #0
  73              	.LCFI5:
  74              		.cfi_def_cfa_register 7
  75 0006 F860     		str	r0, [r7, #12]
  76 0008 B960     		str	r1, [r7, #8]
  77 000a 7A60     		str	r2, [r7, #4]
  66:.\Generated_Source\PSoC4/cyfitter_cfg.c **** 	(void)memcpy(dest, src, n);
  78              		.loc 1 66 0
  79 000c F968     		ldr	r1, [r7, #12]
  80 000e BA68     		ldr	r2, [r7, #8]
  81 0010 7B68     		ldr	r3, [r7, #4]
  82 0012 081C     		mov	r0, r1
  83 0014 111C     		mov	r1, r2
  84 0016 1A1C     		mov	r2, r3
  85 0018 FFF7FEFF 		bl	memcpy
  67:.\Generated_Source\PSoC4/cyfitter_cfg.c **** }
  86              		.loc 1 67 0
  87 001c BD46     		mov	sp, r7
  88 001e 04B0     		add	sp, sp, #16
  89              		@ sp needed for prologue
  90 0020 80BD     		pop	{r7, pc}
  91              		.cfi_endproc
  92              	.LFE1:
  93              		.size	CYCONFIGCPY, .-CYCONFIGCPY
  94 0022 C046     		.section	.text.CYCONFIGCPYCODE,"ax",%progbits
  95              		.align	2
  96              		.code	16
  97              		.thumb_func
  98              		.type	CYCONFIGCPYCODE, %function
  99              	CYCONFIGCPYCODE:
 100              	.LFB2:
  68:.\Generated_Source\PSoC4/cyfitter_cfg.c **** CY_CFG_UNUSED
  69:.\Generated_Source\PSoC4/cyfitter_cfg.c **** static void CYCONFIGCPYCODE(void *dest, const void *src, size_t n);
  70:.\Generated_Source\PSoC4/cyfitter_cfg.c **** CY_CFG_UNUSED
  71:.\Generated_Source\PSoC4/cyfitter_cfg.c **** static void CYCONFIGCPYCODE(void *dest, const void *src, size_t n)
ARM GAS  C:\Users\Sam\AppData\Local\Temp\ccLdAMM0.s 			page 4


  72:.\Generated_Source\PSoC4/cyfitter_cfg.c **** {
 101              		.loc 1 72 0
 102              		.cfi_startproc
 103 0000 80B5     		push	{r7, lr}
 104              	.LCFI6:
 105              		.cfi_def_cfa_offset 8
 106              		.cfi_offset 7, -8
 107              		.cfi_offset 14, -4
 108 0002 84B0     		sub	sp, sp, #16
 109              	.LCFI7:
 110              		.cfi_def_cfa_offset 24
 111 0004 00AF     		add	r7, sp, #0
 112              	.LCFI8:
 113              		.cfi_def_cfa_register 7
 114 0006 F860     		str	r0, [r7, #12]
 115 0008 B960     		str	r1, [r7, #8]
 116 000a 7A60     		str	r2, [r7, #4]
  73:.\Generated_Source\PSoC4/cyfitter_cfg.c **** 	(void)memcpy(dest, src, n);
 117              		.loc 1 73 0
 118 000c F968     		ldr	r1, [r7, #12]
 119 000e BA68     		ldr	r2, [r7, #8]
 120 0010 7B68     		ldr	r3, [r7, #4]
 121 0012 081C     		mov	r0, r1
 122 0014 111C     		mov	r1, r2
 123 0016 1A1C     		mov	r2, r3
 124 0018 FFF7FEFF 		bl	memcpy
  74:.\Generated_Source\PSoC4/cyfitter_cfg.c **** }
 125              		.loc 1 74 0
 126 001c BD46     		mov	sp, r7
 127 001e 04B0     		add	sp, sp, #16
 128              		@ sp needed for prologue
 129 0020 80BD     		pop	{r7, pc}
 130              		.cfi_endproc
 131              	.LFE2:
 132              		.size	CYCONFIGCPYCODE, .-CYCONFIGCPYCODE
 133 0022 C046     		.section	.psocinit,"ax",%progbits
 134              		.align	2
 135              		.code	16
 136              		.thumb_func
 137              		.type	SetIMOBGTrims, %function
 138              	SetIMOBGTrims:
 139              	.LFB3:
  75:.\Generated_Source\PSoC4/cyfitter_cfg.c **** 
  76:.\Generated_Source\PSoC4/cyfitter_cfg.c **** 
  77:.\Generated_Source\PSoC4/cyfitter_cfg.c **** 
  78:.\Generated_Source\PSoC4/cyfitter_cfg.c **** /* Clock startup error codes                                                   */
  79:.\Generated_Source\PSoC4/cyfitter_cfg.c **** #define CYCLOCKSTART_NO_ERROR    0u
  80:.\Generated_Source\PSoC4/cyfitter_cfg.c **** #define CYCLOCKSTART_XTAL_ERROR  1u
  81:.\Generated_Source\PSoC4/cyfitter_cfg.c **** #define CYCLOCKSTART_32KHZ_ERROR 2u
  82:.\Generated_Source\PSoC4/cyfitter_cfg.c **** #define CYCLOCKSTART_PLL_ERROR   3u
  83:.\Generated_Source\PSoC4/cyfitter_cfg.c **** 
  84:.\Generated_Source\PSoC4/cyfitter_cfg.c **** #ifdef CY_NEED_CYCLOCKSTARTUPERROR
  85:.\Generated_Source\PSoC4/cyfitter_cfg.c **** /*******************************************************************************
  86:.\Generated_Source\PSoC4/cyfitter_cfg.c **** * Function Name: CyClockStartupError
  87:.\Generated_Source\PSoC4/cyfitter_cfg.c **** ********************************************************************************
  88:.\Generated_Source\PSoC4/cyfitter_cfg.c **** * Summary:
  89:.\Generated_Source\PSoC4/cyfitter_cfg.c **** *  If an error is encountered during clock configuration (crystal startup error,
ARM GAS  C:\Users\Sam\AppData\Local\Temp\ccLdAMM0.s 			page 5


  90:.\Generated_Source\PSoC4/cyfitter_cfg.c **** *  PLL lock error, etc.), the system will end up here.  Unless reimplemented by
  91:.\Generated_Source\PSoC4/cyfitter_cfg.c **** *  the customer, this function will stop in an infinite loop.
  92:.\Generated_Source\PSoC4/cyfitter_cfg.c **** *
  93:.\Generated_Source\PSoC4/cyfitter_cfg.c **** * Parameters:
  94:.\Generated_Source\PSoC4/cyfitter_cfg.c **** *   void
  95:.\Generated_Source\PSoC4/cyfitter_cfg.c **** *
  96:.\Generated_Source\PSoC4/cyfitter_cfg.c **** * Return:
  97:.\Generated_Source\PSoC4/cyfitter_cfg.c **** *   void
  98:.\Generated_Source\PSoC4/cyfitter_cfg.c **** *
  99:.\Generated_Source\PSoC4/cyfitter_cfg.c **** *******************************************************************************/
 100:.\Generated_Source\PSoC4/cyfitter_cfg.c **** CY_CFG_UNUSED
 101:.\Generated_Source\PSoC4/cyfitter_cfg.c **** static void CyClockStartupError(uint8 errorCode);
 102:.\Generated_Source\PSoC4/cyfitter_cfg.c **** CY_CFG_UNUSED
 103:.\Generated_Source\PSoC4/cyfitter_cfg.c **** static void CyClockStartupError(uint8 errorCode)
 104:.\Generated_Source\PSoC4/cyfitter_cfg.c **** {
 105:.\Generated_Source\PSoC4/cyfitter_cfg.c ****     /* To remove the compiler warning if errorCode not used.                */
 106:.\Generated_Source\PSoC4/cyfitter_cfg.c ****     errorCode = errorCode;
 107:.\Generated_Source\PSoC4/cyfitter_cfg.c **** 
 108:.\Generated_Source\PSoC4/cyfitter_cfg.c ****     /* `#START CyClockStartupError` */
 109:.\Generated_Source\PSoC4/cyfitter_cfg.c **** 
 110:.\Generated_Source\PSoC4/cyfitter_cfg.c ****     /* If we have a clock startup error (bad MHz crystal, PLL lock, etc.),  */
 111:.\Generated_Source\PSoC4/cyfitter_cfg.c ****     /* we will end up here to allow the customer to implement something to  */
 112:.\Generated_Source\PSoC4/cyfitter_cfg.c ****     /* deal with the clock condition.                                       */
 113:.\Generated_Source\PSoC4/cyfitter_cfg.c **** 
 114:.\Generated_Source\PSoC4/cyfitter_cfg.c ****     /* `#END` */
 115:.\Generated_Source\PSoC4/cyfitter_cfg.c **** 
 116:.\Generated_Source\PSoC4/cyfitter_cfg.c ****     /* If nothing else, stop here since the clocks have not started         */
 117:.\Generated_Source\PSoC4/cyfitter_cfg.c ****     /* correctly.                                                           */
 118:.\Generated_Source\PSoC4/cyfitter_cfg.c ****     while(1) {}
 119:.\Generated_Source\PSoC4/cyfitter_cfg.c **** }
 120:.\Generated_Source\PSoC4/cyfitter_cfg.c **** #endif
 121:.\Generated_Source\PSoC4/cyfitter_cfg.c **** 
 122:.\Generated_Source\PSoC4/cyfitter_cfg.c **** 
 123:.\Generated_Source\PSoC4/cyfitter_cfg.c **** /*******************************************************************************
 124:.\Generated_Source\PSoC4/cyfitter_cfg.c **** * Function Name: SetIMOBGTrims
 125:.\Generated_Source\PSoC4/cyfitter_cfg.c **** ********************************************************************************
 126:.\Generated_Source\PSoC4/cyfitter_cfg.c **** *
 127:.\Generated_Source\PSoC4/cyfitter_cfg.c **** * Summary:
 128:.\Generated_Source\PSoC4/cyfitter_cfg.c **** *   Performs the configuration of the bandgap trim for the IMO based on the given
 129:.\Generated_Source\PSoC4/cyfitter_cfg.c **** *   expected frequency of the IMO. 
 130:.\Generated_Source\PSoC4/cyfitter_cfg.c **** *
 131:.\Generated_Source\PSoC4/cyfitter_cfg.c **** * Parameters:
 132:.\Generated_Source\PSoC4/cyfitter_cfg.c **** *   imoFreq: Frequency for operation of the IMO.
 133:.\Generated_Source\PSoC4/cyfitter_cfg.c **** *
 134:.\Generated_Source\PSoC4/cyfitter_cfg.c **** * Return:
 135:.\Generated_Source\PSoC4/cyfitter_cfg.c **** *   void
 136:.\Generated_Source\PSoC4/cyfitter_cfg.c **** *
 137:.\Generated_Source\PSoC4/cyfitter_cfg.c **** *******************************************************************************/
 138:.\Generated_Source\PSoC4/cyfitter_cfg.c **** static void SetIMOBGTrims(uint8 imoFreq);
 139:.\Generated_Source\PSoC4/cyfitter_cfg.c **** CY_CFG_SECTION
 140:.\Generated_Source\PSoC4/cyfitter_cfg.c **** static void SetIMOBGTrims(uint8 imoFreq)
 141:.\Generated_Source\PSoC4/cyfitter_cfg.c **** {
 140              		.loc 1 141 0
 141              		.cfi_startproc
 142 0000 80B5     		push	{r7, lr}
 143              	.LCFI9:
 144              		.cfi_def_cfa_offset 8
ARM GAS  C:\Users\Sam\AppData\Local\Temp\ccLdAMM0.s 			page 6


 145              		.cfi_offset 7, -8
 146              		.cfi_offset 14, -4
 147 0002 84B0     		sub	sp, sp, #16
 148              	.LCFI10:
 149              		.cfi_def_cfa_offset 24
 150 0004 00AF     		add	r7, sp, #0
 151              	.LCFI11:
 152              		.cfi_def_cfa_register 7
 153 0006 021C     		mov	r2, r0
 154 0008 FB1D     		add	r3, r7, #7
 155 000a 1A70     		strb	r2, [r3]
 142:.\Generated_Source\PSoC4/cyfitter_cfg.c **** 	CYPACKED typedef struct {
 143:.\Generated_Source\PSoC4/cyfitter_cfg.c **** 		uint8 freq;
 144:.\Generated_Source\PSoC4/cyfitter_cfg.c **** 		uint8 absolute;
 145:.\Generated_Source\PSoC4/cyfitter_cfg.c **** 		uint8 tmpco;
 146:.\Generated_Source\PSoC4/cyfitter_cfg.c **** 	} CYPACKED_ATTR imo_trim_entry_t;
 147:.\Generated_Source\PSoC4/cyfitter_cfg.c **** 
 148:.\Generated_Source\PSoC4/cyfitter_cfg.c **** 	CYPACKED typedef struct {
 149:.\Generated_Source\PSoC4/cyfitter_cfg.c **** 		imo_trim_entry_t entries[4];
 150:.\Generated_Source\PSoC4/cyfitter_cfg.c **** 	} CYPACKED_ATTR imo_trim_table_t;
 151:.\Generated_Source\PSoC4/cyfitter_cfg.c **** 
 152:.\Generated_Source\PSoC4/cyfitter_cfg.c **** 	static const imo_trim_table_t *imo_trim_table = (const imo_trim_table_t *)CYREG_SFLASH_IMO_MAXF0;
 153:.\Generated_Source\PSoC4/cyfitter_cfg.c **** 	static const uint32 IMO_TRIM_FREQ_TABLE_ENTRIES = sizeof(imo_trim_table->entries)/sizeof(imo_trim_
 154:.\Generated_Source\PSoC4/cyfitter_cfg.c **** 
 155:.\Generated_Source\PSoC4/cyfitter_cfg.c **** 	int32 imoTrimIndex;
 156:.\Generated_Source\PSoC4/cyfitter_cfg.c **** 	uint8 setAbs;
 157:.\Generated_Source\PSoC4/cyfitter_cfg.c **** 	uint8 setTmpCo;
 158:.\Generated_Source\PSoC4/cyfitter_cfg.c **** 
 159:.\Generated_Source\PSoC4/cyfitter_cfg.c **** 	/* Traverse the SFLASH IMO frequency-dependent bandgap trim table to
 160:.\Generated_Source\PSoC4/cyfitter_cfg.c **** 	 * locate the appropriate value to trim the IMO bandgap based on freq. */
 161:.\Generated_Source\PSoC4/cyfitter_cfg.c **** 	setAbs = CY_GET_REG8((const void *)CYREG_SFLASH_IMO_ABS4);
 156              		.loc 1 161 0
 157 000c 224A     		ldr	r2, .L8
 158 000e 3B1C     		mov	r3, r7
 159 0010 0B33     		add	r3, r3, #11
 160 0012 1278     		ldrb	r2, [r2]
 161 0014 1A70     		strb	r2, [r3]
 162:.\Generated_Source\PSoC4/cyfitter_cfg.c **** 	setTmpCo = CY_GET_REG8((const void *)CYREG_SFLASH_IMO_TMPCO4);
 162              		.loc 1 162 0
 163 0016 214A     		ldr	r2, .L8+4
 164 0018 3B1C     		mov	r3, r7
 165 001a 0A33     		add	r3, r3, #10
 166 001c 1278     		ldrb	r2, [r2]
 167 001e 1A70     		strb	r2, [r3]
 163:.\Generated_Source\PSoC4/cyfitter_cfg.c **** 	for (imoTrimIndex = ((int32)IMO_TRIM_FREQ_TABLE_ENTRIES)-1;
 168              		.loc 1 163 0
 169 0020 1F4B     		ldr	r3, .L8+8
 170 0022 1B68     		ldr	r3, [r3]
 171 0024 013B     		sub	r3, r3, #1
 172 0026 FB60     		str	r3, [r7, #12]
 173 0028 1AE0     		b	.L5
 174              	.L7:
 164:.\Generated_Source\PSoC4/cyfitter_cfg.c **** 	     (imoTrimIndex >= 0) && (imoFreq <= imo_trim_table->entries[imoTrimIndex].freq);
 165:.\Generated_Source\PSoC4/cyfitter_cfg.c **** 	     imoTrimIndex--)
 166:.\Generated_Source\PSoC4/cyfitter_cfg.c **** 	{
 167:.\Generated_Source\PSoC4/cyfitter_cfg.c **** 		setAbs = imo_trim_table->entries[imoTrimIndex].absolute;
 175              		.loc 1 167 0
ARM GAS  C:\Users\Sam\AppData\Local\Temp\ccLdAMM0.s 			page 7


 176 002a 1E4B     		ldr	r3, .L8+12
 177 002c 1868     		ldr	r0, [r3]
 178 002e 391C     		mov	r1, r7
 179 0030 0B31     		add	r1, r1, #11
 180 0032 FA68     		ldr	r2, [r7, #12]
 181 0034 131C     		mov	r3, r2
 182 0036 5B00     		lsl	r3, r3, #1
 183 0038 9B18     		add	r3, r3, r2
 184 003a C318     		add	r3, r0, r3
 185 003c 0133     		add	r3, r3, #1
 186 003e 1B78     		ldrb	r3, [r3]
 187 0040 0B70     		strb	r3, [r1]
 168:.\Generated_Source\PSoC4/cyfitter_cfg.c **** 		setTmpCo = imo_trim_table->entries[imoTrimIndex].tmpco;
 188              		.loc 1 168 0
 189 0042 184B     		ldr	r3, .L8+12
 190 0044 1868     		ldr	r0, [r3]
 191 0046 391C     		mov	r1, r7
 192 0048 0A31     		add	r1, r1, #10
 193 004a FA68     		ldr	r2, [r7, #12]
 194 004c 131C     		mov	r3, r2
 195 004e 5B00     		lsl	r3, r3, #1
 196 0050 9B18     		add	r3, r3, r2
 197 0052 C318     		add	r3, r0, r3
 198 0054 0233     		add	r3, r3, #2
 199 0056 1B78     		ldrb	r3, [r3]
 200 0058 0B70     		strb	r3, [r1]
 165:.\Generated_Source\PSoC4/cyfitter_cfg.c **** 	     imoTrimIndex--)
 201              		.loc 1 165 0
 202 005a FB68     		ldr	r3, [r7, #12]
 203 005c 013B     		sub	r3, r3, #1
 204 005e FB60     		str	r3, [r7, #12]
 205              	.L5:
 163:.\Generated_Source\PSoC4/cyfitter_cfg.c **** 	for (imoTrimIndex = ((int32)IMO_TRIM_FREQ_TABLE_ENTRIES)-1;
 206              		.loc 1 163 0 discriminator 1
 207 0060 FB68     		ldr	r3, [r7, #12]
 208 0062 002B     		cmp	r3, #0
 209 0064 0ADB     		blt	.L6
 164:.\Generated_Source\PSoC4/cyfitter_cfg.c **** 	     (imoTrimIndex >= 0) && (imoFreq <= imo_trim_table->entries[imoTrimIndex].freq);
 210              		.loc 1 164 0
 211 0066 0F4B     		ldr	r3, .L8+12
 212 0068 1968     		ldr	r1, [r3]
 213 006a FA68     		ldr	r2, [r7, #12]
 214 006c 131C     		mov	r3, r2
 215 006e 5B00     		lsl	r3, r3, #1
 216 0070 9B18     		add	r3, r3, r2
 217 0072 5B5C     		ldrb	r3, [r3, r1]
 218 0074 FA1D     		add	r2, r7, #7
 219 0076 1278     		ldrb	r2, [r2]
 220 0078 9A42     		cmp	r2, r3
 221 007a D6D9     		bls	.L7
 222              	.L6:
 169:.\Generated_Source\PSoC4/cyfitter_cfg.c **** 	}
 170:.\Generated_Source\PSoC4/cyfitter_cfg.c **** 
 171:.\Generated_Source\PSoC4/cyfitter_cfg.c **** 	CY_SET_REG32((void *)CYREG_PWR_BG_TRIM4, setAbs);
 223              		.loc 1 171 0
 224 007c 0A4B     		ldr	r3, .L8+16
 225 007e 3A1C     		mov	r2, r7
ARM GAS  C:\Users\Sam\AppData\Local\Temp\ccLdAMM0.s 			page 8


 226 0080 0B32     		add	r2, r2, #11
 227 0082 1278     		ldrb	r2, [r2]
 228 0084 1A60     		str	r2, [r3]
 172:.\Generated_Source\PSoC4/cyfitter_cfg.c **** 	CY_SET_REG32((void *)CYREG_PWR_BG_TRIM5, setTmpCo);
 229              		.loc 1 172 0
 230 0086 094B     		ldr	r3, .L8+20
 231 0088 3A1C     		mov	r2, r7
 232 008a 0A32     		add	r2, r2, #10
 233 008c 1278     		ldrb	r2, [r2]
 234 008e 1A60     		str	r2, [r3]
 173:.\Generated_Source\PSoC4/cyfitter_cfg.c **** }
 235              		.loc 1 173 0
 236 0090 BD46     		mov	sp, r7
 237 0092 04B0     		add	sp, sp, #16
 238              		@ sp needed for prologue
 239 0094 80BD     		pop	{r7, pc}
 240              	.L9:
 241 0096 C046     		.align	2
 242              	.L8:
 243 0098 CCF1FF0F 		.word	268431820
 244 009c CDF1FF0F 		.word	268431821
 245 00a0 0C000000 		.word	IMO_TRIM_FREQ_TABLE_ENTRIES.4619
 246 00a4 00000000 		.word	imo_trim_table.4618
 247 00a8 1CFF0B40 		.word	1074528028
 248 00ac 20FF0B40 		.word	1074528032
 249              		.cfi_endproc
 250              	.LFE3:
 251              		.size	SetIMOBGTrims, .-SetIMOBGTrims
 252              		.align	2
 253              		.code	16
 254              		.thumb_func
 255              		.type	ClockSetup, %function
 256              	ClockSetup:
 257              	.LFB4:
 174:.\Generated_Source\PSoC4/cyfitter_cfg.c **** 
 175:.\Generated_Source\PSoC4/cyfitter_cfg.c **** 
 176:.\Generated_Source\PSoC4/cyfitter_cfg.c **** 
 177:.\Generated_Source\PSoC4/cyfitter_cfg.c **** /*******************************************************************************
 178:.\Generated_Source\PSoC4/cyfitter_cfg.c **** * Function Name: ClockSetup
 179:.\Generated_Source\PSoC4/cyfitter_cfg.c **** ********************************************************************************
 180:.\Generated_Source\PSoC4/cyfitter_cfg.c **** *
 181:.\Generated_Source\PSoC4/cyfitter_cfg.c **** * Summary:
 182:.\Generated_Source\PSoC4/cyfitter_cfg.c **** *   Performs the initialization of all of the clocks in the device based on the
 183:.\Generated_Source\PSoC4/cyfitter_cfg.c **** *   settings in the Clock tab of the DWR.  This includes enabling the requested
 184:.\Generated_Source\PSoC4/cyfitter_cfg.c **** *   clocks and setting the necessary dividers to produce the desired frequency. 
 185:.\Generated_Source\PSoC4/cyfitter_cfg.c **** *
 186:.\Generated_Source\PSoC4/cyfitter_cfg.c **** * Parameters:
 187:.\Generated_Source\PSoC4/cyfitter_cfg.c **** *   void
 188:.\Generated_Source\PSoC4/cyfitter_cfg.c **** *
 189:.\Generated_Source\PSoC4/cyfitter_cfg.c **** * Return:
 190:.\Generated_Source\PSoC4/cyfitter_cfg.c **** *   void
 191:.\Generated_Source\PSoC4/cyfitter_cfg.c **** *
 192:.\Generated_Source\PSoC4/cyfitter_cfg.c **** *******************************************************************************/
 193:.\Generated_Source\PSoC4/cyfitter_cfg.c **** static void ClockSetup(void);
 194:.\Generated_Source\PSoC4/cyfitter_cfg.c **** CY_CFG_SECTION
 195:.\Generated_Source\PSoC4/cyfitter_cfg.c **** static void ClockSetup(void)
 196:.\Generated_Source\PSoC4/cyfitter_cfg.c **** {
ARM GAS  C:\Users\Sam\AppData\Local\Temp\ccLdAMM0.s 			page 9


 258              		.loc 1 196 0
 259              		.cfi_startproc
 260 00b0 80B5     		push	{r7, lr}
 261              	.LCFI12:
 262              		.cfi_def_cfa_offset 8
 263              		.cfi_offset 7, -8
 264              		.cfi_offset 14, -4
 265 00b2 00AF     		add	r7, sp, #0
 266              	.LCFI13:
 267              		.cfi_def_cfa_register 7
 197:.\Generated_Source\PSoC4/cyfitter_cfg.c **** 	/* Enable HALF_EN before trimming for the flash accelerator. */
 198:.\Generated_Source\PSoC4/cyfitter_cfg.c **** 	CY_SET_REG32((void CYXDATA *)(CYREG_CLK_SELECT), (CY_GET_REG32((void *)CYREG_CLK_SELECT) | 0x00040
 268              		.loc 1 198 0
 269 00b4 184B     		ldr	r3, .L11
 270 00b6 184A     		ldr	r2, .L11
 271 00b8 1268     		ldr	r2, [r2]
 272 00ba 8021     		mov	r1, #128
 273 00bc C902     		lsl	r1, r1, #11
 274 00be 0A43     		orr	r2, r1
 275 00c0 1A60     		str	r2, [r3]
 199:.\Generated_Source\PSoC4/cyfitter_cfg.c **** 
 200:.\Generated_Source\PSoC4/cyfitter_cfg.c **** 	/* Trim IMO BG based on desired frequency. */
 201:.\Generated_Source\PSoC4/cyfitter_cfg.c **** 	SetIMOBGTrims(24u);
 276              		.loc 1 201 0
 277 00c2 1820     		mov	r0, #24
 278 00c4 FFF79CFF 		bl	SetIMOBGTrims
 202:.\Generated_Source\PSoC4/cyfitter_cfg.c **** 
 203:.\Generated_Source\PSoC4/cyfitter_cfg.c **** 	/* Going less than or equal to 24MHz, so update the clock speed then adjust trim value. */
 204:.\Generated_Source\PSoC4/cyfitter_cfg.c **** 	CY_SET_REG32((void CYXDATA *)(CYREG_CLK_IMO_TRIM2), (25u));
 279              		.loc 1 204 0
 280 00c8 144B     		ldr	r3, .L11+4
 281 00ca 1922     		mov	r2, #25
 282 00cc 1A60     		str	r2, [r3]
 205:.\Generated_Source\PSoC4/cyfitter_cfg.c **** 	CyDelayCycles(5u);
 283              		.loc 1 205 0
 284 00ce 0520     		mov	r0, #5
 285 00d0 FFF7FEFF 		bl	CyDelayCycles
 206:.\Generated_Source\PSoC4/cyfitter_cfg.c **** 	CY_SET_REG32((void CYXDATA *)(CYREG_CLK_IMO_TRIM1), (CY_GET_REG8((void *)CYREG_SFLASH_IMO_TRIM21))
 286              		.loc 1 206 0
 287 00d4 124B     		ldr	r3, .L11+8
 288 00d6 134A     		ldr	r2, .L11+12
 289 00d8 1278     		ldrb	r2, [r2]
 290 00da D2B2     		uxtb	r2, r2
 291 00dc 1A60     		str	r2, [r3]
 207:.\Generated_Source\PSoC4/cyfitter_cfg.c **** 	CyDelayUs(5u);
 292              		.loc 1 207 0
 293 00de 0520     		mov	r0, #5
 294 00e0 FFF7FEFF 		bl	CyDelayUs
 208:.\Generated_Source\PSoC4/cyfitter_cfg.c **** 
 209:.\Generated_Source\PSoC4/cyfitter_cfg.c **** 	/* Disable HALF_EN since it is not required at this IMO frequency. */
 210:.\Generated_Source\PSoC4/cyfitter_cfg.c **** 	CY_SET_REG32((void CYXDATA *)(CYREG_CLK_SELECT), (CY_GET_REG32((void *)CYREG_CLK_SELECT) & 0xFFFBF
 295              		.loc 1 210 0
 296 00e4 0C4B     		ldr	r3, .L11
 297 00e6 0C4A     		ldr	r2, .L11
 298 00e8 1168     		ldr	r1, [r2]
 299 00ea 0F4A     		ldr	r2, .L11+16
 300 00ec 0A40     		and	r2, r1
ARM GAS  C:\Users\Sam\AppData\Local\Temp\ccLdAMM0.s 			page 10


 301 00ee 1A60     		str	r2, [r3]
 211:.\Generated_Source\PSoC4/cyfitter_cfg.c **** 
 212:.\Generated_Source\PSoC4/cyfitter_cfg.c **** 	/* CYDEV_CLK_SELECT00 Starting address: CYDEV_CLK_SELECT00 */
 213:.\Generated_Source\PSoC4/cyfitter_cfg.c **** 	CY_SET_XTND_REG32((void CYFAR *)(CYREG_CLK_SELECT02), 0x00000010u);
 302              		.loc 1 213 0
 303 00f0 0E4B     		ldr	r3, .L11+20
 304 00f2 1022     		mov	r2, #16
 305 00f4 1A60     		str	r2, [r3]
 214:.\Generated_Source\PSoC4/cyfitter_cfg.c **** 	CY_SET_XTND_REG32((void CYFAR *)(CYREG_CLK_SELECT03), 0x00000010u);
 306              		.loc 1 214 0
 307 00f6 0E4B     		ldr	r3, .L11+24
 308 00f8 1022     		mov	r2, #16
 309 00fa 1A60     		str	r2, [r3]
 215:.\Generated_Source\PSoC4/cyfitter_cfg.c **** 
 216:.\Generated_Source\PSoC4/cyfitter_cfg.c **** 	/* CYDEV_CLK_IMO_CONFIG Starting address: CYDEV_CLK_IMO_CONFIG */
 217:.\Generated_Source\PSoC4/cyfitter_cfg.c **** 	CY_SET_XTND_REG32((void CYFAR *)(CYREG_CLK_IMO_CONFIG), 0x80000000u);
 310              		.loc 1 217 0
 311 00fc 0D4B     		ldr	r3, .L11+28
 312 00fe 8022     		mov	r2, #128
 313 0100 1206     		lsl	r2, r2, #24
 314 0102 1A60     		str	r2, [r3]
 218:.\Generated_Source\PSoC4/cyfitter_cfg.c **** 
 219:.\Generated_Source\PSoC4/cyfitter_cfg.c **** 	/* CYDEV_CLK_ILO_CONFIG Starting address: CYDEV_CLK_ILO_CONFIG */
 220:.\Generated_Source\PSoC4/cyfitter_cfg.c **** 	CY_SET_XTND_REG32((void CYFAR *)(CYREG_CLK_ILO_CONFIG), 0x80000000u);
 315              		.loc 1 220 0
 316 0104 0C4B     		ldr	r3, .L11+32
 317 0106 8022     		mov	r2, #128
 318 0108 1206     		lsl	r2, r2, #24
 319 010a 1A60     		str	r2, [r3]
 221:.\Generated_Source\PSoC4/cyfitter_cfg.c **** 
 222:.\Generated_Source\PSoC4/cyfitter_cfg.c **** 	/* CYDEV_CLK_DIVIDER_A00 Starting address: CYDEV_CLK_DIVIDER_A00 */
 223:.\Generated_Source\PSoC4/cyfitter_cfg.c **** 	CY_SET_XTND_REG32((void CYFAR *)(CYREG_CLK_DIVIDER_A00), 0x800000CFu);
 320              		.loc 1 223 0
 321 010c 0B4B     		ldr	r3, .L11+36
 322 010e 0C4A     		ldr	r2, .L11+40
 323 0110 1A60     		str	r2, [r3]
 224:.\Generated_Source\PSoC4/cyfitter_cfg.c **** 
 225:.\Generated_Source\PSoC4/cyfitter_cfg.c **** }
 324              		.loc 1 225 0
 325 0112 BD46     		mov	sp, r7
 326              		@ sp needed for prologue
 327 0114 80BD     		pop	{r7, pc}
 328              	.L12:
 329 0116 C046     		.align	2
 330              	.L11:
 331 0118 00010B40 		.word	1074462976
 332 011c 2CFF0B40 		.word	1074528044
 333 0120 28FF0B40 		.word	1074528040
 334 0124 E5F1FF0F 		.word	268431845
 335 0128 FFFFFBFF 		.word	-262145
 336 012c 08020240 		.word	1073873416
 337 0130 0C020240 		.word	1073873420
 338 0134 08010B40 		.word	1074462984
 339 0138 04010B40 		.word	1074462980
 340 013c 00000240 		.word	1073872896
 341 0140 CF000080 		.word	-2147483441
 342              		.cfi_endproc
ARM GAS  C:\Users\Sam\AppData\Local\Temp\ccLdAMM0.s 			page 11


 343              	.LFE4:
 344              		.size	ClockSetup, .-ClockSetup
 345              		.section	.text.AnalogSetDefault,"ax",%progbits
 346              		.align	2
 347              		.code	16
 348              		.thumb_func
 349              		.type	AnalogSetDefault, %function
 350              	AnalogSetDefault:
 351              	.LFB5:
 226:.\Generated_Source\PSoC4/cyfitter_cfg.c **** 
 227:.\Generated_Source\PSoC4/cyfitter_cfg.c **** 
 228:.\Generated_Source\PSoC4/cyfitter_cfg.c **** /* Analog API Functions */
 229:.\Generated_Source\PSoC4/cyfitter_cfg.c **** 
 230:.\Generated_Source\PSoC4/cyfitter_cfg.c **** 
 231:.\Generated_Source\PSoC4/cyfitter_cfg.c **** /*******************************************************************************
 232:.\Generated_Source\PSoC4/cyfitter_cfg.c **** * Function Name: AnalogSetDefault
 233:.\Generated_Source\PSoC4/cyfitter_cfg.c **** ********************************************************************************
 234:.\Generated_Source\PSoC4/cyfitter_cfg.c **** *
 235:.\Generated_Source\PSoC4/cyfitter_cfg.c **** * Summary:
 236:.\Generated_Source\PSoC4/cyfitter_cfg.c **** *  Sets up the analog portions of the chip to default values based on chip
 237:.\Generated_Source\PSoC4/cyfitter_cfg.c **** *  configuration options from the project.
 238:.\Generated_Source\PSoC4/cyfitter_cfg.c **** *
 239:.\Generated_Source\PSoC4/cyfitter_cfg.c **** * Parameters:
 240:.\Generated_Source\PSoC4/cyfitter_cfg.c **** *  void
 241:.\Generated_Source\PSoC4/cyfitter_cfg.c **** *
 242:.\Generated_Source\PSoC4/cyfitter_cfg.c **** * Return:
 243:.\Generated_Source\PSoC4/cyfitter_cfg.c **** *  void
 244:.\Generated_Source\PSoC4/cyfitter_cfg.c **** *
 245:.\Generated_Source\PSoC4/cyfitter_cfg.c **** *******************************************************************************/
 246:.\Generated_Source\PSoC4/cyfitter_cfg.c **** static void AnalogSetDefault(void);
 247:.\Generated_Source\PSoC4/cyfitter_cfg.c **** static void AnalogSetDefault(void)
 248:.\Generated_Source\PSoC4/cyfitter_cfg.c **** {
 352              		.loc 1 248 0
 353              		.cfi_startproc
 354 0000 80B5     		push	{r7, lr}
 355              	.LCFI14:
 356              		.cfi_def_cfa_offset 8
 357              		.cfi_offset 7, -8
 358              		.cfi_offset 14, -4
 359 0002 00AF     		add	r7, sp, #0
 360              	.LCFI15:
 361              		.cfi_def_cfa_register 7
 249:.\Generated_Source\PSoC4/cyfitter_cfg.c **** }
 362              		.loc 1 249 0
 363 0004 BD46     		mov	sp, r7
 364              		@ sp needed for prologue
 365 0006 80BD     		pop	{r7, pc}
 366              		.cfi_endproc
 367              	.LFE5:
 368              		.size	AnalogSetDefault, .-AnalogSetDefault
 369              		.section	.psocinit
 370              		.align	2
 371              		.global	cyfitter_cfg
 372              		.code	16
 373              		.thumb_func
 374              		.type	cyfitter_cfg, %function
 375              	cyfitter_cfg:
ARM GAS  C:\Users\Sam\AppData\Local\Temp\ccLdAMM0.s 			page 12


 376              	.LFB6:
 250:.\Generated_Source\PSoC4/cyfitter_cfg.c **** 
 251:.\Generated_Source\PSoC4/cyfitter_cfg.c **** #define CY_AMUX_UNUSED CYREG_CM0_ROM_DWT
 252:.\Generated_Source\PSoC4/cyfitter_cfg.c **** 
 253:.\Generated_Source\PSoC4/cyfitter_cfg.c **** 
 254:.\Generated_Source\PSoC4/cyfitter_cfg.c **** /*******************************************************************************
 255:.\Generated_Source\PSoC4/cyfitter_cfg.c **** * Function Name: cyfitter_cfg
 256:.\Generated_Source\PSoC4/cyfitter_cfg.c **** ********************************************************************************
 257:.\Generated_Source\PSoC4/cyfitter_cfg.c **** * Summary:
 258:.\Generated_Source\PSoC4/cyfitter_cfg.c **** *  This function is called by the start-up code for the selected device. It
 259:.\Generated_Source\PSoC4/cyfitter_cfg.c **** *  performs all of the necessary device configuration based on the design
 260:.\Generated_Source\PSoC4/cyfitter_cfg.c **** *  settings.  This includes settings from the Design Wide Resources (DWR) such
 261:.\Generated_Source\PSoC4/cyfitter_cfg.c **** *  as Clocks and Pins as well as any component configuration that is necessary.
 262:.\Generated_Source\PSoC4/cyfitter_cfg.c **** *
 263:.\Generated_Source\PSoC4/cyfitter_cfg.c **** * Parameters:  
 264:.\Generated_Source\PSoC4/cyfitter_cfg.c **** *   void
 265:.\Generated_Source\PSoC4/cyfitter_cfg.c **** *
 266:.\Generated_Source\PSoC4/cyfitter_cfg.c **** * Return:
 267:.\Generated_Source\PSoC4/cyfitter_cfg.c **** *   void
 268:.\Generated_Source\PSoC4/cyfitter_cfg.c **** *
 269:.\Generated_Source\PSoC4/cyfitter_cfg.c **** *******************************************************************************/
 270:.\Generated_Source\PSoC4/cyfitter_cfg.c **** CY_CFG_SECTION
 271:.\Generated_Source\PSoC4/cyfitter_cfg.c **** void cyfitter_cfg(void)
 272:.\Generated_Source\PSoC4/cyfitter_cfg.c **** {
 377              		.loc 1 272 0
 378              		.cfi_startproc
 379 0144 80B5     		push	{r7, lr}
 380              	.LCFI16:
 381              		.cfi_def_cfa_offset 8
 382              		.cfi_offset 7, -8
 383              		.cfi_offset 14, -4
 384 0146 82B0     		sub	sp, sp, #8
 385              	.LCFI17:
 386              		.cfi_def_cfa_offset 16
 387 0148 00AF     		add	r7, sp, #0
 388              	.LCFI18:
 389              		.cfi_def_cfa_register 7
 273:.\Generated_Source\PSoC4/cyfitter_cfg.c **** 	/* Disable interrupts by default. Let user enable if/when they want. */
 274:.\Generated_Source\PSoC4/cyfitter_cfg.c **** 	CyGlobalIntDisable;
 390              		.loc 1 274 0
 391              	@ 274 ".\Generated_Source\PSoC4\cyfitter_cfg.c" 1
 392 014a 72B6     		CPSID   i
 393              	@ 0 "" 2
 394              		.code	16
 395              	.LBB2:
 275:.\Generated_Source\PSoC4/cyfitter_cfg.c **** 
 276:.\Generated_Source\PSoC4/cyfitter_cfg.c **** 	{
 277:.\Generated_Source\PSoC4/cyfitter_cfg.c **** 
 278:.\Generated_Source\PSoC4/cyfitter_cfg.c **** 		CYPACKED typedef struct {
 279:.\Generated_Source\PSoC4/cyfitter_cfg.c **** 			void CYFAR *address;
 280:.\Generated_Source\PSoC4/cyfitter_cfg.c **** 			uint16 size;
 281:.\Generated_Source\PSoC4/cyfitter_cfg.c **** 		} CYPACKED_ATTR cfg_memset_t;
 282:.\Generated_Source\PSoC4/cyfitter_cfg.c **** 
 283:.\Generated_Source\PSoC4/cyfitter_cfg.c **** 		static const cfg_memset_t CYCODE cfg_memset_list [] = {
 284:.\Generated_Source\PSoC4/cyfitter_cfg.c **** 			/* address, size */
 285:.\Generated_Source\PSoC4/cyfitter_cfg.c **** 			{(void CYFAR *)(CYDEV_UDB_P0_U0_BASE), 1024u},
 286:.\Generated_Source\PSoC4/cyfitter_cfg.c **** 			{(void CYFAR *)(CYDEV_UDB_DSI0_BASE), 1024u},
ARM GAS  C:\Users\Sam\AppData\Local\Temp\ccLdAMM0.s 			page 13


 287:.\Generated_Source\PSoC4/cyfitter_cfg.c **** 		};
 288:.\Generated_Source\PSoC4/cyfitter_cfg.c **** 
 289:.\Generated_Source\PSoC4/cyfitter_cfg.c **** 		uint8 CYDATA i;
 290:.\Generated_Source\PSoC4/cyfitter_cfg.c **** 
 291:.\Generated_Source\PSoC4/cyfitter_cfg.c **** 		/* Zero out critical memory blocks before beginning configuration */
 292:.\Generated_Source\PSoC4/cyfitter_cfg.c **** 		for (i = 0u; i < (sizeof(cfg_memset_list)/sizeof(cfg_memset_list[0])); i++)
 396              		.loc 1 292 0
 397 014c FB1D     		add	r3, r7, #7
 398 014e 0022     		mov	r2, #0
 399 0150 1A70     		strb	r2, [r3]
 400 0152 23E0     		b	.L15
 401              	.L16:
 402              	.LBB3:
 293:.\Generated_Source\PSoC4/cyfitter_cfg.c **** 		{
 294:.\Generated_Source\PSoC4/cyfitter_cfg.c **** 			const cfg_memset_t CYCODE * CYDATA ms = &cfg_memset_list[i];
 403              		.loc 1 294 0 discriminator 2
 404 0154 FB1D     		add	r3, r7, #7
 405 0156 1A78     		ldrb	r2, [r3]
 406 0158 131C     		mov	r3, r2
 407 015a 5B00     		lsl	r3, r3, #1
 408 015c 9B18     		add	r3, r3, r2
 409 015e 5B00     		lsl	r3, r3, #1
 410 0160 294A     		ldr	r2, .L17
 411 0162 9B18     		add	r3, r3, r2
 412 0164 3B60     		str	r3, [r7]
 295:.\Generated_Source\PSoC4/cyfitter_cfg.c **** 			CYMEMZERO(ms->address, (uint32)(ms->size));
 413              		.loc 1 295 0 discriminator 2
 414 0166 3B68     		ldr	r3, [r7]
 415 0168 1A78     		ldrb	r2, [r3]
 416 016a 5978     		ldrb	r1, [r3, #1]
 417 016c 0902     		lsl	r1, r1, #8
 418 016e 0A43     		orr	r2, r1
 419 0170 9978     		ldrb	r1, [r3, #2]
 420 0172 0904     		lsl	r1, r1, #16
 421 0174 0A43     		orr	r2, r1
 422 0176 DB78     		ldrb	r3, [r3, #3]
 423 0178 1B06     		lsl	r3, r3, #24
 424 017a 1343     		orr	r3, r2
 425 017c 1A1C     		mov	r2, r3
 426 017e 3B68     		ldr	r3, [r7]
 427 0180 1979     		ldrb	r1, [r3, #4]
 428 0182 5B79     		ldrb	r3, [r3, #5]
 429 0184 1B02     		lsl	r3, r3, #8
 430 0186 0B43     		orr	r3, r1
 431 0188 9BB2     		uxth	r3, r3
 432 018a 101C     		mov	r0, r2
 433 018c 191C     		mov	r1, r3
 434 018e FFF7FEFF 		bl	CYMEMZERO
 435              	.LBE3:
 292:.\Generated_Source\PSoC4/cyfitter_cfg.c **** 		for (i = 0u; i < (sizeof(cfg_memset_list)/sizeof(cfg_memset_list[0])); i++)
 436              		.loc 1 292 0 discriminator 2
 437 0192 FB1D     		add	r3, r7, #7
 438 0194 FA1D     		add	r2, r7, #7
 439 0196 1278     		ldrb	r2, [r2]
 440 0198 0132     		add	r2, r2, #1
 441 019a 1A70     		strb	r2, [r3]
 442              	.L15:
ARM GAS  C:\Users\Sam\AppData\Local\Temp\ccLdAMM0.s 			page 14


 292:.\Generated_Source\PSoC4/cyfitter_cfg.c **** 		for (i = 0u; i < (sizeof(cfg_memset_list)/sizeof(cfg_memset_list[0])); i++)
 443              		.loc 1 292 0 is_stmt 0 discriminator 1
 444 019c FB1D     		add	r3, r7, #7
 445 019e 1B78     		ldrb	r3, [r3]
 446 01a0 012B     		cmp	r3, #1
 447 01a2 D7D9     		bls	.L16
 296:.\Generated_Source\PSoC4/cyfitter_cfg.c **** 		}
 297:.\Generated_Source\PSoC4/cyfitter_cfg.c **** 
 298:.\Generated_Source\PSoC4/cyfitter_cfg.c **** 		/* HSIOM Starting address: CYDEV_HSIOM_BASE */
 299:.\Generated_Source\PSoC4/cyfitter_cfg.c **** 		CY_SET_XTND_REG32((void CYFAR *)(CYDEV_HSIOM_BASE), 0x00990000u);
 448              		.loc 1 299 0 is_stmt 1
 449 01a4 194B     		ldr	r3, .L17+4
 450 01a6 9922     		mov	r2, #153
 451 01a8 1204     		lsl	r2, r2, #16
 452 01aa 1A60     		str	r2, [r3]
 300:.\Generated_Source\PSoC4/cyfitter_cfg.c **** 		CY_SET_XTND_REG32((void CYFAR *)(CYREG_HSIOM_PORT_SEL3), 0x0000EE00u);
 453              		.loc 1 300 0
 454 01ac 184B     		ldr	r3, .L17+8
 455 01ae EE22     		mov	r2, #238
 456 01b0 1202     		lsl	r2, r2, #8
 457 01b2 1A60     		str	r2, [r3]
 301:.\Generated_Source\PSoC4/cyfitter_cfg.c **** 
 302:.\Generated_Source\PSoC4/cyfitter_cfg.c **** 		/* IOPINS0_0 Starting address: CYDEV_PRT0_DR */
 303:.\Generated_Source\PSoC4/cyfitter_cfg.c **** 		CY_SET_XTND_REG32((void CYFAR *)(CYREG_PRT0_DR), 0x00000020u);
 458              		.loc 1 303 0
 459 01b4 174B     		ldr	r3, .L17+12
 460 01b6 2022     		mov	r2, #32
 461 01b8 1A60     		str	r2, [r3]
 304:.\Generated_Source\PSoC4/cyfitter_cfg.c **** 		CY_SET_XTND_REG32((void CYFAR *)(CYREG_PRT0_PC), 0x00031D80u);
 462              		.loc 1 304 0
 463 01ba 174B     		ldr	r3, .L17+16
 464 01bc 174A     		ldr	r2, .L17+20
 465 01be 1A60     		str	r2, [r3]
 305:.\Generated_Source\PSoC4/cyfitter_cfg.c **** 
 306:.\Generated_Source\PSoC4/cyfitter_cfg.c **** 		/* IOPINS0_3 Starting address: CYDEV_PRT3_DR */
 307:.\Generated_Source\PSoC4/cyfitter_cfg.c **** 		CY_SET_XTND_REG32((void CYFAR *)(CYREG_PRT3_PC), 0x00000D80u);
 466              		.loc 1 307 0
 467 01c0 174B     		ldr	r3, .L17+24
 468 01c2 D822     		mov	r2, #216
 469 01c4 1201     		lsl	r2, r2, #4
 470 01c6 1A60     		str	r2, [r3]
 308:.\Generated_Source\PSoC4/cyfitter_cfg.c **** 
 309:.\Generated_Source\PSoC4/cyfitter_cfg.c **** 		/* UDB_PA_0 Starting address: CYDEV_UDB_PA0_BASE */
 310:.\Generated_Source\PSoC4/cyfitter_cfg.c **** 		CY_SET_XTND_REG32((void CYFAR *)(CYDEV_UDB_PA0_BASE), 0x00990000u);
 471              		.loc 1 310 0
 472 01c8 164B     		ldr	r3, .L17+28
 473 01ca 9922     		mov	r2, #153
 474 01cc 1204     		lsl	r2, r2, #16
 475 01ce 1A60     		str	r2, [r3]
 311:.\Generated_Source\PSoC4/cyfitter_cfg.c **** 
 312:.\Generated_Source\PSoC4/cyfitter_cfg.c **** 		/* UDB_PA_3 Starting address: CYDEV_UDB_PA3_BASE */
 313:.\Generated_Source\PSoC4/cyfitter_cfg.c **** 		CY_SET_XTND_REG32((void CYFAR *)(CYDEV_UDB_PA3_BASE), 0x00990000u);
 476              		.loc 1 313 0
 477 01d0 154B     		ldr	r3, .L17+32
 478 01d2 9922     		mov	r2, #153
 479 01d4 1204     		lsl	r2, r2, #16
 480 01d6 1A60     		str	r2, [r3]
ARM GAS  C:\Users\Sam\AppData\Local\Temp\ccLdAMM0.s 			page 15


 314:.\Generated_Source\PSoC4/cyfitter_cfg.c **** 
 315:.\Generated_Source\PSoC4/cyfitter_cfg.c **** 		/* Enable digital routing */
 316:.\Generated_Source\PSoC4/cyfitter_cfg.c **** 		CY_SET_XTND_REG8((void *)CYREG_UDB_UDBIF_BANK_CTL, CY_GET_XTND_REG8((void *)CYREG_UDB_UDBIF_BANK_
 481              		.loc 1 316 0
 482 01d8 144B     		ldr	r3, .L17+36
 483 01da 144A     		ldr	r2, .L17+36
 484 01dc 1278     		ldrb	r2, [r2]
 485 01de D2B2     		uxtb	r2, r2
 486 01e0 0221     		mov	r1, #2
 487 01e2 0A43     		orr	r2, r1
 488 01e4 D2B2     		uxtb	r2, r2
 489 01e6 1A70     		strb	r2, [r3]
 317:.\Generated_Source\PSoC4/cyfitter_cfg.c **** 
 318:.\Generated_Source\PSoC4/cyfitter_cfg.c **** 		/* Enable UDB array */
 319:.\Generated_Source\PSoC4/cyfitter_cfg.c **** 		CY_SET_XTND_REG8((void *)CYREG_UDB_UDBIF_BANK_CTL, CY_GET_XTND_REG8((void *)CYREG_UDB_UDBIF_BANK_
 490              		.loc 1 319 0
 491 01e8 104B     		ldr	r3, .L17+36
 492 01ea 104A     		ldr	r2, .L17+36
 493 01ec 1278     		ldrb	r2, [r2]
 494 01ee D2B2     		uxtb	r2, r2
 495 01f0 0621     		mov	r1, #6
 496 01f2 0A43     		orr	r2, r1
 497 01f4 D2B2     		uxtb	r2, r2
 498 01f6 1A70     		strb	r2, [r3]
 499              	.LBE2:
 320:.\Generated_Source\PSoC4/cyfitter_cfg.c **** 	}
 321:.\Generated_Source\PSoC4/cyfitter_cfg.c **** 
 322:.\Generated_Source\PSoC4/cyfitter_cfg.c **** 	/* Setup clocks based on selections from Clock DWR */
 323:.\Generated_Source\PSoC4/cyfitter_cfg.c **** 	ClockSetup();
 500              		.loc 1 323 0
 501 01f8 FFF75AFF 		bl	ClockSetup
 324:.\Generated_Source\PSoC4/cyfitter_cfg.c **** 
 325:.\Generated_Source\PSoC4/cyfitter_cfg.c **** 	/* Perform basic analog initialization to defaults */
 326:.\Generated_Source\PSoC4/cyfitter_cfg.c **** 	AnalogSetDefault();
 502              		.loc 1 326 0
 503 01fc FFF7FEFF 		bl	AnalogSetDefault
 327:.\Generated_Source\PSoC4/cyfitter_cfg.c **** 
 328:.\Generated_Source\PSoC4/cyfitter_cfg.c **** }
 504              		.loc 1 328 0
 505 0200 BD46     		mov	sp, r7
 506 0202 02B0     		add	sp, sp, #8
 507              		@ sp needed for prologue
 508 0204 80BD     		pop	{r7, pc}
 509              	.L18:
 510 0206 C046     		.align	2
 511              	.L17:
 512 0208 00000000 		.word	cfg_memset_list.4643
 513 020c 00000140 		.word	1073807360
 514 0210 0C000140 		.word	1073807372
 515 0214 00000440 		.word	1074003968
 516 0218 08000440 		.word	1074003976
 517 021c 801D0300 		.word	204160
 518 0220 08030440 		.word	1074004744
 519 0224 00500F40 		.word	1074745344
 520 0228 30500F40 		.word	1074745392
 521 022c 00700F40 		.word	1074753536
 522              		.cfi_endproc
ARM GAS  C:\Users\Sam\AppData\Local\Temp\ccLdAMM0.s 			page 16


 523              	.LFE6:
 524              		.size	cyfitter_cfg, .-cyfitter_cfg
 525              		.section	.rodata
 526              		.align	2
 527              		.type	cfg_memset_list.4643, %object
 528              		.size	cfg_memset_list.4643, 12
 529              	cfg_memset_list.4643:
 530 0000 00300F40 		.word	1074737152
 531 0004 0004     		.short	1024
 532 0006 00400F40 		.4byte	1074741248
 533 000a 0004     		.short	1024
 534              		.align	2
 535              		.type	IMO_TRIM_FREQ_TABLE_ENTRIES.4619, %object
 536              		.size	IMO_TRIM_FREQ_TABLE_ENTRIES.4619, 4
 537              	IMO_TRIM_FREQ_TABLE_ENTRIES.4619:
 538 000c 04000000 		.word	4
 539              		.data
 540              		.align	2
 541              		.type	imo_trim_table.4618, %object
 542              		.size	imo_trim_table.4618, 4
 543              	imo_trim_table.4618:
 544 0000 C0F1FF0F 		.word	268431808
 545              		.text
 546              	.Letext0:
 547              		.file 2 "c:\\program files (x86)\\cypress\\psoc creator\\3.0\\psoc creator\\import\\gnu_cs\\arm\\4
 548              		.file 3 "./Generated_Source/PSoC4/cytypes.h"
 549              		.section	.debug_info,"",%progbits
 550              	.Ldebug_info0:
 551 0000 69030000 		.4byte	0x369
 552 0004 0200     		.2byte	0x2
 553 0006 00000000 		.4byte	.Ldebug_abbrev0
 554 000a 04       		.byte	0x4
 555 000b 01       		.uleb128 0x1
 556 000c 25020000 		.4byte	.LASF43
 557 0010 01       		.byte	0x1
 558 0011 C4010000 		.4byte	.LASF44
 559 0015 EE000000 		.4byte	.LASF45
 560 0019 00000000 		.4byte	.Ldebug_ranges0+0
 561 001d 00000000 		.4byte	0
 562 0021 00000000 		.4byte	0
 563 0025 00000000 		.4byte	.Ldebug_line0
 564 0029 02       		.uleb128 0x2
 565 002a 01       		.byte	0x1
 566 002b 06       		.byte	0x6
 567 002c 9F020000 		.4byte	.LASF0
 568 0030 02       		.uleb128 0x2
 569 0031 01       		.byte	0x1
 570 0032 08       		.byte	0x8
 571 0033 D1000000 		.4byte	.LASF1
 572 0037 02       		.uleb128 0x2
 573 0038 02       		.byte	0x2
 574 0039 05       		.byte	0x5
 575 003a 6E020000 		.4byte	.LASF2
 576 003e 02       		.uleb128 0x2
 577 003f 02       		.byte	0x2
 578 0040 07       		.byte	0x7
 579 0041 50000000 		.4byte	.LASF3
ARM GAS  C:\Users\Sam\AppData\Local\Temp\ccLdAMM0.s 			page 17


 580 0045 03       		.uleb128 0x3
 581 0046 04       		.byte	0x4
 582 0047 05       		.byte	0x5
 583 0048 696E7400 		.ascii	"int\000"
 584 004c 02       		.uleb128 0x2
 585 004d 04       		.byte	0x4
 586 004e 07       		.byte	0x7
 587 004f 6D010000 		.4byte	.LASF4
 588 0053 02       		.uleb128 0x2
 589 0054 08       		.byte	0x8
 590 0055 05       		.byte	0x5
 591 0056 FE010000 		.4byte	.LASF5
 592 005a 02       		.uleb128 0x2
 593 005b 08       		.byte	0x8
 594 005c 07       		.byte	0x7
 595 005d 8F010000 		.4byte	.LASF6
 596 0061 02       		.uleb128 0x2
 597 0062 04       		.byte	0x4
 598 0063 05       		.byte	0x5
 599 0064 87020000 		.4byte	.LASF7
 600 0068 02       		.uleb128 0x2
 601 0069 04       		.byte	0x4
 602 006a 07       		.byte	0x7
 603 006b EC010000 		.4byte	.LASF8
 604 006f 04       		.uleb128 0x4
 605 0070 04       		.byte	0x4
 606 0071 02       		.uleb128 0x2
 607 0072 04       		.byte	0x4
 608 0073 07       		.byte	0x7
 609 0074 AF000000 		.4byte	.LASF9
 610 0078 02       		.uleb128 0x2
 611 0079 01       		.byte	0x1
 612 007a 08       		.byte	0x8
 613 007b 0C020000 		.4byte	.LASF10
 614 007f 05       		.uleb128 0x5
 615 0080 06000000 		.4byte	.LASF11
 616 0084 02       		.byte	0x2
 617 0085 D5       		.byte	0xd5
 618 0086 4C000000 		.4byte	0x4c
 619 008a 05       		.uleb128 0x5
 620 008b 1F020000 		.4byte	.LASF12
 621 008f 03       		.byte	0x3
 622 0090 5B       		.byte	0x5b
 623 0091 30000000 		.4byte	0x30
 624 0095 05       		.uleb128 0x5
 625 0096 5F010000 		.4byte	.LASF13
 626 009a 03       		.byte	0x3
 627 009b 5C       		.byte	0x5c
 628 009c 3E000000 		.4byte	0x3e
 629 00a0 05       		.uleb128 0x5
 630 00a1 66010000 		.4byte	.LASF14
 631 00a5 03       		.byte	0x3
 632 00a6 5D       		.byte	0x5d
 633 00a7 71000000 		.4byte	0x71
 634 00ab 05       		.uleb128 0x5
 635 00ac C1000000 		.4byte	.LASF15
 636 00b0 03       		.byte	0x3
ARM GAS  C:\Users\Sam\AppData\Local\Temp\ccLdAMM0.s 			page 18


 637 00b1 60       		.byte	0x60
 638 00b2 61000000 		.4byte	0x61
 639 00b6 02       		.uleb128 0x2
 640 00b7 04       		.byte	0x4
 641 00b8 04       		.byte	0x4
 642 00b9 8D000000 		.4byte	.LASF16
 643 00bd 02       		.uleb128 0x2
 644 00be 08       		.byte	0x8
 645 00bf 04       		.byte	0x4
 646 00c0 DF000000 		.4byte	.LASF17
 647 00c4 05       		.uleb128 0x5
 648 00c5 AA000000 		.4byte	.LASF18
 649 00c9 03       		.byte	0x3
 650 00ca F0       		.byte	0xf0
 651 00cb CF000000 		.4byte	0xcf
 652 00cf 06       		.uleb128 0x6
 653 00d0 8A000000 		.4byte	0x8a
 654 00d4 05       		.uleb128 0x5
 655 00d5 00000000 		.4byte	.LASF19
 656 00d9 03       		.byte	0x3
 657 00da F2       		.byte	0xf2
 658 00db DF000000 		.4byte	0xdf
 659 00df 06       		.uleb128 0x6
 660 00e0 A0000000 		.4byte	0xa0
 661 00e4 07       		.uleb128 0x7
 662 00e5 C7000000 		.4byte	.LASF20
 663 00e9 01       		.byte	0x1
 664 00ea 39       		.byte	0x39
 665 00eb 01       		.byte	0x1
 666 00ec 00000000 		.4byte	.LFB0
 667 00f0 1E000000 		.4byte	.LFE0
 668 00f4 00000000 		.4byte	.LLST0
 669 00f8 01       		.byte	0x1
 670 00f9 16010000 		.4byte	0x116
 671 00fd 08       		.uleb128 0x8
 672 00fe 7300     		.ascii	"s\000"
 673 0100 01       		.byte	0x1
 674 0101 39       		.byte	0x39
 675 0102 6F000000 		.4byte	0x6f
 676 0106 02       		.byte	0x2
 677 0107 91       		.byte	0x91
 678 0108 74       		.sleb128 -12
 679 0109 08       		.uleb128 0x8
 680 010a 6E00     		.ascii	"n\000"
 681 010c 01       		.byte	0x1
 682 010d 39       		.byte	0x39
 683 010e 7F000000 		.4byte	0x7f
 684 0112 02       		.byte	0x2
 685 0113 91       		.byte	0x91
 686 0114 70       		.sleb128 -16
 687 0115 00       		.byte	0
 688 0116 07       		.uleb128 0x7
 689 0117 BB020000 		.4byte	.LASF21
 690 011b 01       		.byte	0x1
 691 011c 40       		.byte	0x40
 692 011d 01       		.byte	0x1
 693 011e 00000000 		.4byte	.LFB1
ARM GAS  C:\Users\Sam\AppData\Local\Temp\ccLdAMM0.s 			page 19


 694 0122 22000000 		.4byte	.LFE1
 695 0126 38000000 		.4byte	.LLST1
 696 012a 01       		.byte	0x1
 697 012b 58010000 		.4byte	0x158
 698 012f 09       		.uleb128 0x9
 699 0130 A0000000 		.4byte	.LASF22
 700 0134 01       		.byte	0x1
 701 0135 40       		.byte	0x40
 702 0136 6F000000 		.4byte	0x6f
 703 013a 02       		.byte	0x2
 704 013b 91       		.byte	0x91
 705 013c 74       		.sleb128 -12
 706 013d 08       		.uleb128 0x8
 707 013e 73726300 		.ascii	"src\000"
 708 0142 01       		.byte	0x1
 709 0143 40       		.byte	0x40
 710 0144 58010000 		.4byte	0x158
 711 0148 02       		.byte	0x2
 712 0149 91       		.byte	0x91
 713 014a 70       		.sleb128 -16
 714 014b 08       		.uleb128 0x8
 715 014c 6E00     		.ascii	"n\000"
 716 014e 01       		.byte	0x1
 717 014f 40       		.byte	0x40
 718 0150 7F000000 		.4byte	0x7f
 719 0154 02       		.byte	0x2
 720 0155 91       		.byte	0x91
 721 0156 6C       		.sleb128 -20
 722 0157 00       		.byte	0
 723 0158 0A       		.uleb128 0xa
 724 0159 04       		.byte	0x4
 725 015a 5E010000 		.4byte	0x15e
 726 015e 0B       		.uleb128 0xb
 727 015f 07       		.uleb128 0x7
 728 0160 AB020000 		.4byte	.LASF23
 729 0164 01       		.byte	0x1
 730 0165 47       		.byte	0x47
 731 0166 01       		.byte	0x1
 732 0167 00000000 		.4byte	.LFB2
 733 016b 22000000 		.4byte	.LFE2
 734 016f 70000000 		.4byte	.LLST2
 735 0173 01       		.byte	0x1
 736 0174 A1010000 		.4byte	0x1a1
 737 0178 09       		.uleb128 0x9
 738 0179 A0000000 		.4byte	.LASF22
 739 017d 01       		.byte	0x1
 740 017e 47       		.byte	0x47
 741 017f 6F000000 		.4byte	0x6f
 742 0183 02       		.byte	0x2
 743 0184 91       		.byte	0x91
 744 0185 74       		.sleb128 -12
 745 0186 08       		.uleb128 0x8
 746 0187 73726300 		.ascii	"src\000"
 747 018b 01       		.byte	0x1
 748 018c 47       		.byte	0x47
 749 018d 58010000 		.4byte	0x158
 750 0191 02       		.byte	0x2
ARM GAS  C:\Users\Sam\AppData\Local\Temp\ccLdAMM0.s 			page 20


 751 0192 91       		.byte	0x91
 752 0193 70       		.sleb128 -16
 753 0194 08       		.uleb128 0x8
 754 0195 6E00     		.ascii	"n\000"
 755 0197 01       		.byte	0x1
 756 0198 47       		.byte	0x47
 757 0199 7F000000 		.4byte	0x7f
 758 019d 02       		.byte	0x2
 759 019e 91       		.byte	0x91
 760 019f 6C       		.sleb128 -20
 761 01a0 00       		.byte	0
 762 01a1 0C       		.uleb128 0xc
 763 01a2 7F000000 		.4byte	.LASF24
 764 01a6 01       		.byte	0x1
 765 01a7 8C       		.byte	0x8c
 766 01a8 01       		.byte	0x1
 767 01a9 00000000 		.4byte	.LFB3
 768 01ad B0000000 		.4byte	.LFE3
 769 01b1 A8000000 		.4byte	.LLST3
 770 01b5 01       		.byte	0x1
 771 01b6 90020000 		.4byte	0x290
 772 01ba 09       		.uleb128 0x9
 773 01bb E6000000 		.4byte	.LASF25
 774 01bf 01       		.byte	0x1
 775 01c0 8C       		.byte	0x8c
 776 01c1 8A000000 		.4byte	0x8a
 777 01c5 02       		.byte	0x2
 778 01c6 91       		.byte	0x91
 779 01c7 6F       		.sleb128 -17
 780 01c8 0D       		.uleb128 0xd
 781 01c9 03       		.byte	0x3
 782 01ca 01       		.byte	0x1
 783 01cb 8E       		.byte	0x8e
 784 01cc FB010000 		.4byte	0x1fb
 785 01d0 0E       		.uleb128 0xe
 786 01d1 1A020000 		.4byte	.LASF26
 787 01d5 01       		.byte	0x1
 788 01d6 8F       		.byte	0x8f
 789 01d7 8A000000 		.4byte	0x8a
 790 01db 02       		.byte	0x2
 791 01dc 23       		.byte	0x23
 792 01dd 00       		.uleb128 0
 793 01de 0E       		.uleb128 0xe
 794 01df 11020000 		.4byte	.LASF27
 795 01e3 01       		.byte	0x1
 796 01e4 90       		.byte	0x90
 797 01e5 8A000000 		.4byte	0x8a
 798 01e9 02       		.byte	0x2
 799 01ea 23       		.byte	0x23
 800 01eb 01       		.uleb128 0x1
 801 01ec 0E       		.uleb128 0xe
 802 01ed 4A000000 		.4byte	.LASF28
 803 01f1 01       		.byte	0x1
 804 01f2 91       		.byte	0x91
 805 01f3 8A000000 		.4byte	0x8a
 806 01f7 02       		.byte	0x2
 807 01f8 23       		.byte	0x23
ARM GAS  C:\Users\Sam\AppData\Local\Temp\ccLdAMM0.s 			page 21


 808 01f9 02       		.uleb128 0x2
 809 01fa 00       		.byte	0
 810 01fb 05       		.uleb128 0x5
 811 01fc 1E000000 		.4byte	.LASF29
 812 0200 01       		.byte	0x1
 813 0201 92       		.byte	0x92
 814 0202 C8010000 		.4byte	0x1c8
 815 0206 0D       		.uleb128 0xd
 816 0207 0C       		.byte	0xc
 817 0208 01       		.byte	0x1
 818 0209 94       		.byte	0x94
 819 020a 2D020000 		.4byte	0x22d
 820 020e 0F       		.uleb128 0xf
 821 020f FB010000 		.4byte	0x1fb
 822 0213 1E020000 		.4byte	0x21e
 823 0217 10       		.uleb128 0x10
 824 0218 68000000 		.4byte	0x68
 825 021c 03       		.byte	0x3
 826 021d 00       		.byte	0
 827 021e 0E       		.uleb128 0xe
 828 021f 90020000 		.4byte	.LASF30
 829 0223 01       		.byte	0x1
 830 0224 95       		.byte	0x95
 831 0225 0E020000 		.4byte	0x20e
 832 0229 02       		.byte	0x2
 833 022a 23       		.byte	0x23
 834 022b 00       		.uleb128 0
 835 022c 00       		.byte	0
 836 022d 05       		.uleb128 0x5
 837 022e A6010000 		.4byte	.LASF31
 838 0232 01       		.byte	0x1
 839 0233 96       		.byte	0x96
 840 0234 06020000 		.4byte	0x206
 841 0238 11       		.uleb128 0x11
 842 0239 78020000 		.4byte	.LASF32
 843 023d 01       		.byte	0x1
 844 023e 98       		.byte	0x98
 845 023f 49020000 		.4byte	0x249
 846 0243 05       		.byte	0x5
 847 0244 03       		.byte	0x3
 848 0245 00000000 		.4byte	imo_trim_table.4618
 849 0249 0A       		.uleb128 0xa
 850 024a 04       		.byte	0x4
 851 024b 4F020000 		.4byte	0x24f
 852 024f 12       		.uleb128 0x12
 853 0250 2D020000 		.4byte	0x22d
 854 0254 11       		.uleb128 0x11
 855 0255 63000000 		.4byte	.LASF33
 856 0259 01       		.byte	0x1
 857 025a 99       		.byte	0x99
 858 025b 90020000 		.4byte	0x290
 859 025f 05       		.byte	0x5
 860 0260 03       		.byte	0x3
 861 0261 0C000000 		.4byte	IMO_TRIM_FREQ_TABLE_ENTRIES.4619
 862 0265 11       		.uleb128 0x11
 863 0266 93000000 		.4byte	.LASF34
 864 026a 01       		.byte	0x1
ARM GAS  C:\Users\Sam\AppData\Local\Temp\ccLdAMM0.s 			page 22


 865 026b 9B       		.byte	0x9b
 866 026c AB000000 		.4byte	0xab
 867 0270 02       		.byte	0x2
 868 0271 91       		.byte	0x91
 869 0272 74       		.sleb128 -12
 870 0273 11       		.uleb128 0x11
 871 0274 98020000 		.4byte	.LASF35
 872 0278 01       		.byte	0x1
 873 0279 9C       		.byte	0x9c
 874 027a 8A000000 		.4byte	0x8a
 875 027e 02       		.byte	0x2
 876 027f 91       		.byte	0x91
 877 0280 73       		.sleb128 -13
 878 0281 11       		.uleb128 0x11
 879 0282 F5010000 		.4byte	.LASF36
 880 0286 01       		.byte	0x1
 881 0287 9D       		.byte	0x9d
 882 0288 8A000000 		.4byte	0x8a
 883 028c 02       		.byte	0x2
 884 028d 91       		.byte	0x91
 885 028e 72       		.sleb128 -14
 886 028f 00       		.byte	0
 887 0290 12       		.uleb128 0x12
 888 0291 A0000000 		.4byte	0xa0
 889 0295 13       		.uleb128 0x13
 890 0296 3F000000 		.4byte	.LASF37
 891 029a 01       		.byte	0x1
 892 029b C3       		.byte	0xc3
 893 029c 01       		.byte	0x1
 894 029d B0000000 		.4byte	.LFB4
 895 02a1 44010000 		.4byte	.LFE4
 896 02a5 E0000000 		.4byte	.LLST4
 897 02a9 01       		.byte	0x1
 898 02aa 14       		.uleb128 0x14
 899 02ab 0D000000 		.4byte	.LASF38
 900 02af 01       		.byte	0x1
 901 02b0 F7       		.byte	0xf7
 902 02b1 01       		.byte	0x1
 903 02b2 00000000 		.4byte	.LFB5
 904 02b6 08000000 		.4byte	.LFE5
 905 02ba 0C010000 		.4byte	.LLST5
 906 02be 01       		.byte	0x1
 907 02bf 15       		.uleb128 0x15
 908 02c0 01       		.byte	0x1
 909 02c1 7A010000 		.4byte	.LASF46
 910 02c5 01       		.byte	0x1
 911 02c6 0F01     		.2byte	0x10f
 912 02c8 01       		.byte	0x1
 913 02c9 44010000 		.4byte	.LFB6
 914 02cd 30020000 		.4byte	.LFE6
 915 02d1 38010000 		.4byte	.LLST6
 916 02d5 01       		.byte	0x1
 917 02d6 16       		.uleb128 0x16
 918 02d7 4C010000 		.4byte	.LBB2
 919 02db F8010000 		.4byte	.LBE2
 920 02df 17       		.uleb128 0x17
 921 02e0 06       		.byte	0x6
ARM GAS  C:\Users\Sam\AppData\Local\Temp\ccLdAMM0.s 			page 23


 922 02e1 01       		.byte	0x1
 923 02e2 1601     		.2byte	0x116
 924 02e4 07030000 		.4byte	0x307
 925 02e8 18       		.uleb128 0x18
 926 02e9 87010000 		.4byte	.LASF39
 927 02ed 01       		.byte	0x1
 928 02ee 1701     		.2byte	0x117
 929 02f0 6F000000 		.4byte	0x6f
 930 02f4 02       		.byte	0x2
 931 02f5 23       		.byte	0x23
 932 02f6 00       		.uleb128 0
 933 02f7 18       		.uleb128 0x18
 934 02f8 A5000000 		.4byte	.LASF40
 935 02fc 01       		.byte	0x1
 936 02fd 1801     		.2byte	0x118
 937 02ff 95000000 		.4byte	0x95
 938 0303 02       		.byte	0x2
 939 0304 23       		.byte	0x23
 940 0305 04       		.uleb128 0x4
 941 0306 00       		.byte	0
 942 0307 19       		.uleb128 0x19
 943 0308 B7010000 		.4byte	.LASF41
 944 030c 01       		.byte	0x1
 945 030d 1901     		.2byte	0x119
 946 030f DF020000 		.4byte	0x2df
 947 0313 0F       		.uleb128 0xf
 948 0314 07030000 		.4byte	0x307
 949 0318 23030000 		.4byte	0x323
 950 031c 10       		.uleb128 0x10
 951 031d 68000000 		.4byte	0x68
 952 0321 01       		.byte	0x1
 953 0322 00       		.byte	0
 954 0323 1A       		.uleb128 0x1a
 955 0324 2F000000 		.4byte	.LASF42
 956 0328 01       		.byte	0x1
 957 0329 1B01     		.2byte	0x11b
 958 032b 35030000 		.4byte	0x335
 959 032f 05       		.byte	0x5
 960 0330 03       		.byte	0x3
 961 0331 00000000 		.4byte	cfg_memset_list.4643
 962 0335 12       		.uleb128 0x12
 963 0336 13030000 		.4byte	0x313
 964 033a 1B       		.uleb128 0x1b
 965 033b 6900     		.ascii	"i\000"
 966 033d 01       		.byte	0x1
 967 033e 2101     		.2byte	0x121
 968 0340 8A000000 		.4byte	0x8a
 969 0344 02       		.byte	0x2
 970 0345 91       		.byte	0x91
 971 0346 77       		.sleb128 -9
 972 0347 16       		.uleb128 0x16
 973 0348 54010000 		.4byte	.LBB3
 974 034c 92010000 		.4byte	.LBE3
 975 0350 1B       		.uleb128 0x1b
 976 0351 6D7300   		.ascii	"ms\000"
 977 0354 01       		.byte	0x1
 978 0355 2601     		.2byte	0x126
ARM GAS  C:\Users\Sam\AppData\Local\Temp\ccLdAMM0.s 			page 24


 979 0357 5E030000 		.4byte	0x35e
 980 035b 02       		.byte	0x2
 981 035c 91       		.byte	0x91
 982 035d 70       		.sleb128 -16
 983 035e 0A       		.uleb128 0xa
 984 035f 04       		.byte	0x4
 985 0360 64030000 		.4byte	0x364
 986 0364 12       		.uleb128 0x12
 987 0365 07030000 		.4byte	0x307
 988 0369 00       		.byte	0
 989 036a 00       		.byte	0
 990 036b 00       		.byte	0
 991 036c 00       		.byte	0
 992              		.section	.debug_abbrev,"",%progbits
 993              	.Ldebug_abbrev0:
 994 0000 01       		.uleb128 0x1
 995 0001 11       		.uleb128 0x11
 996 0002 01       		.byte	0x1
 997 0003 25       		.uleb128 0x25
 998 0004 0E       		.uleb128 0xe
 999 0005 13       		.uleb128 0x13
 1000 0006 0B       		.uleb128 0xb
 1001 0007 03       		.uleb128 0x3
 1002 0008 0E       		.uleb128 0xe
 1003 0009 1B       		.uleb128 0x1b
 1004 000a 0E       		.uleb128 0xe
 1005 000b 55       		.uleb128 0x55
 1006 000c 06       		.uleb128 0x6
 1007 000d 11       		.uleb128 0x11
 1008 000e 01       		.uleb128 0x1
 1009 000f 52       		.uleb128 0x52
 1010 0010 01       		.uleb128 0x1
 1011 0011 10       		.uleb128 0x10
 1012 0012 06       		.uleb128 0x6
 1013 0013 00       		.byte	0
 1014 0014 00       		.byte	0
 1015 0015 02       		.uleb128 0x2
 1016 0016 24       		.uleb128 0x24
 1017 0017 00       		.byte	0
 1018 0018 0B       		.uleb128 0xb
 1019 0019 0B       		.uleb128 0xb
 1020 001a 3E       		.uleb128 0x3e
 1021 001b 0B       		.uleb128 0xb
 1022 001c 03       		.uleb128 0x3
 1023 001d 0E       		.uleb128 0xe
 1024 001e 00       		.byte	0
 1025 001f 00       		.byte	0
 1026 0020 03       		.uleb128 0x3
 1027 0021 24       		.uleb128 0x24
 1028 0022 00       		.byte	0
 1029 0023 0B       		.uleb128 0xb
 1030 0024 0B       		.uleb128 0xb
 1031 0025 3E       		.uleb128 0x3e
 1032 0026 0B       		.uleb128 0xb
 1033 0027 03       		.uleb128 0x3
 1034 0028 08       		.uleb128 0x8
 1035 0029 00       		.byte	0
ARM GAS  C:\Users\Sam\AppData\Local\Temp\ccLdAMM0.s 			page 25


 1036 002a 00       		.byte	0
 1037 002b 04       		.uleb128 0x4
 1038 002c 0F       		.uleb128 0xf
 1039 002d 00       		.byte	0
 1040 002e 0B       		.uleb128 0xb
 1041 002f 0B       		.uleb128 0xb
 1042 0030 00       		.byte	0
 1043 0031 00       		.byte	0
 1044 0032 05       		.uleb128 0x5
 1045 0033 16       		.uleb128 0x16
 1046 0034 00       		.byte	0
 1047 0035 03       		.uleb128 0x3
 1048 0036 0E       		.uleb128 0xe
 1049 0037 3A       		.uleb128 0x3a
 1050 0038 0B       		.uleb128 0xb
 1051 0039 3B       		.uleb128 0x3b
 1052 003a 0B       		.uleb128 0xb
 1053 003b 49       		.uleb128 0x49
 1054 003c 13       		.uleb128 0x13
 1055 003d 00       		.byte	0
 1056 003e 00       		.byte	0
 1057 003f 06       		.uleb128 0x6
 1058 0040 35       		.uleb128 0x35
 1059 0041 00       		.byte	0
 1060 0042 49       		.uleb128 0x49
 1061 0043 13       		.uleb128 0x13
 1062 0044 00       		.byte	0
 1063 0045 00       		.byte	0
 1064 0046 07       		.uleb128 0x7
 1065 0047 2E       		.uleb128 0x2e
 1066 0048 01       		.byte	0x1
 1067 0049 03       		.uleb128 0x3
 1068 004a 0E       		.uleb128 0xe
 1069 004b 3A       		.uleb128 0x3a
 1070 004c 0B       		.uleb128 0xb
 1071 004d 3B       		.uleb128 0x3b
 1072 004e 0B       		.uleb128 0xb
 1073 004f 27       		.uleb128 0x27
 1074 0050 0C       		.uleb128 0xc
 1075 0051 11       		.uleb128 0x11
 1076 0052 01       		.uleb128 0x1
 1077 0053 12       		.uleb128 0x12
 1078 0054 01       		.uleb128 0x1
 1079 0055 40       		.uleb128 0x40
 1080 0056 06       		.uleb128 0x6
 1081 0057 9642     		.uleb128 0x2116
 1082 0059 0C       		.uleb128 0xc
 1083 005a 01       		.uleb128 0x1
 1084 005b 13       		.uleb128 0x13
 1085 005c 00       		.byte	0
 1086 005d 00       		.byte	0
 1087 005e 08       		.uleb128 0x8
 1088 005f 05       		.uleb128 0x5
 1089 0060 00       		.byte	0
 1090 0061 03       		.uleb128 0x3
 1091 0062 08       		.uleb128 0x8
 1092 0063 3A       		.uleb128 0x3a
ARM GAS  C:\Users\Sam\AppData\Local\Temp\ccLdAMM0.s 			page 26


 1093 0064 0B       		.uleb128 0xb
 1094 0065 3B       		.uleb128 0x3b
 1095 0066 0B       		.uleb128 0xb
 1096 0067 49       		.uleb128 0x49
 1097 0068 13       		.uleb128 0x13
 1098 0069 02       		.uleb128 0x2
 1099 006a 0A       		.uleb128 0xa
 1100 006b 00       		.byte	0
 1101 006c 00       		.byte	0
 1102 006d 09       		.uleb128 0x9
 1103 006e 05       		.uleb128 0x5
 1104 006f 00       		.byte	0
 1105 0070 03       		.uleb128 0x3
 1106 0071 0E       		.uleb128 0xe
 1107 0072 3A       		.uleb128 0x3a
 1108 0073 0B       		.uleb128 0xb
 1109 0074 3B       		.uleb128 0x3b
 1110 0075 0B       		.uleb128 0xb
 1111 0076 49       		.uleb128 0x49
 1112 0077 13       		.uleb128 0x13
 1113 0078 02       		.uleb128 0x2
 1114 0079 0A       		.uleb128 0xa
 1115 007a 00       		.byte	0
 1116 007b 00       		.byte	0
 1117 007c 0A       		.uleb128 0xa
 1118 007d 0F       		.uleb128 0xf
 1119 007e 00       		.byte	0
 1120 007f 0B       		.uleb128 0xb
 1121 0080 0B       		.uleb128 0xb
 1122 0081 49       		.uleb128 0x49
 1123 0082 13       		.uleb128 0x13
 1124 0083 00       		.byte	0
 1125 0084 00       		.byte	0
 1126 0085 0B       		.uleb128 0xb
 1127 0086 26       		.uleb128 0x26
 1128 0087 00       		.byte	0
 1129 0088 00       		.byte	0
 1130 0089 00       		.byte	0
 1131 008a 0C       		.uleb128 0xc
 1132 008b 2E       		.uleb128 0x2e
 1133 008c 01       		.byte	0x1
 1134 008d 03       		.uleb128 0x3
 1135 008e 0E       		.uleb128 0xe
 1136 008f 3A       		.uleb128 0x3a
 1137 0090 0B       		.uleb128 0xb
 1138 0091 3B       		.uleb128 0x3b
 1139 0092 0B       		.uleb128 0xb
 1140 0093 27       		.uleb128 0x27
 1141 0094 0C       		.uleb128 0xc
 1142 0095 11       		.uleb128 0x11
 1143 0096 01       		.uleb128 0x1
 1144 0097 12       		.uleb128 0x12
 1145 0098 01       		.uleb128 0x1
 1146 0099 40       		.uleb128 0x40
 1147 009a 06       		.uleb128 0x6
 1148 009b 9742     		.uleb128 0x2117
 1149 009d 0C       		.uleb128 0xc
ARM GAS  C:\Users\Sam\AppData\Local\Temp\ccLdAMM0.s 			page 27


 1150 009e 01       		.uleb128 0x1
 1151 009f 13       		.uleb128 0x13
 1152 00a0 00       		.byte	0
 1153 00a1 00       		.byte	0
 1154 00a2 0D       		.uleb128 0xd
 1155 00a3 13       		.uleb128 0x13
 1156 00a4 01       		.byte	0x1
 1157 00a5 0B       		.uleb128 0xb
 1158 00a6 0B       		.uleb128 0xb
 1159 00a7 3A       		.uleb128 0x3a
 1160 00a8 0B       		.uleb128 0xb
 1161 00a9 3B       		.uleb128 0x3b
 1162 00aa 0B       		.uleb128 0xb
 1163 00ab 01       		.uleb128 0x1
 1164 00ac 13       		.uleb128 0x13
 1165 00ad 00       		.byte	0
 1166 00ae 00       		.byte	0
 1167 00af 0E       		.uleb128 0xe
 1168 00b0 0D       		.uleb128 0xd
 1169 00b1 00       		.byte	0
 1170 00b2 03       		.uleb128 0x3
 1171 00b3 0E       		.uleb128 0xe
 1172 00b4 3A       		.uleb128 0x3a
 1173 00b5 0B       		.uleb128 0xb
 1174 00b6 3B       		.uleb128 0x3b
 1175 00b7 0B       		.uleb128 0xb
 1176 00b8 49       		.uleb128 0x49
 1177 00b9 13       		.uleb128 0x13
 1178 00ba 38       		.uleb128 0x38
 1179 00bb 0A       		.uleb128 0xa
 1180 00bc 00       		.byte	0
 1181 00bd 00       		.byte	0
 1182 00be 0F       		.uleb128 0xf
 1183 00bf 01       		.uleb128 0x1
 1184 00c0 01       		.byte	0x1
 1185 00c1 49       		.uleb128 0x49
 1186 00c2 13       		.uleb128 0x13
 1187 00c3 01       		.uleb128 0x1
 1188 00c4 13       		.uleb128 0x13
 1189 00c5 00       		.byte	0
 1190 00c6 00       		.byte	0
 1191 00c7 10       		.uleb128 0x10
 1192 00c8 21       		.uleb128 0x21
 1193 00c9 00       		.byte	0
 1194 00ca 49       		.uleb128 0x49
 1195 00cb 13       		.uleb128 0x13
 1196 00cc 2F       		.uleb128 0x2f
 1197 00cd 0B       		.uleb128 0xb
 1198 00ce 00       		.byte	0
 1199 00cf 00       		.byte	0
 1200 00d0 11       		.uleb128 0x11
 1201 00d1 34       		.uleb128 0x34
 1202 00d2 00       		.byte	0
 1203 00d3 03       		.uleb128 0x3
 1204 00d4 0E       		.uleb128 0xe
 1205 00d5 3A       		.uleb128 0x3a
 1206 00d6 0B       		.uleb128 0xb
ARM GAS  C:\Users\Sam\AppData\Local\Temp\ccLdAMM0.s 			page 28


 1207 00d7 3B       		.uleb128 0x3b
 1208 00d8 0B       		.uleb128 0xb
 1209 00d9 49       		.uleb128 0x49
 1210 00da 13       		.uleb128 0x13
 1211 00db 02       		.uleb128 0x2
 1212 00dc 0A       		.uleb128 0xa
 1213 00dd 00       		.byte	0
 1214 00de 00       		.byte	0
 1215 00df 12       		.uleb128 0x12
 1216 00e0 26       		.uleb128 0x26
 1217 00e1 00       		.byte	0
 1218 00e2 49       		.uleb128 0x49
 1219 00e3 13       		.uleb128 0x13
 1220 00e4 00       		.byte	0
 1221 00e5 00       		.byte	0
 1222 00e6 13       		.uleb128 0x13
 1223 00e7 2E       		.uleb128 0x2e
 1224 00e8 00       		.byte	0
 1225 00e9 03       		.uleb128 0x3
 1226 00ea 0E       		.uleb128 0xe
 1227 00eb 3A       		.uleb128 0x3a
 1228 00ec 0B       		.uleb128 0xb
 1229 00ed 3B       		.uleb128 0x3b
 1230 00ee 0B       		.uleb128 0xb
 1231 00ef 27       		.uleb128 0x27
 1232 00f0 0C       		.uleb128 0xc
 1233 00f1 11       		.uleb128 0x11
 1234 00f2 01       		.uleb128 0x1
 1235 00f3 12       		.uleb128 0x12
 1236 00f4 01       		.uleb128 0x1
 1237 00f5 40       		.uleb128 0x40
 1238 00f6 06       		.uleb128 0x6
 1239 00f7 9642     		.uleb128 0x2116
 1240 00f9 0C       		.uleb128 0xc
 1241 00fa 00       		.byte	0
 1242 00fb 00       		.byte	0
 1243 00fc 14       		.uleb128 0x14
 1244 00fd 2E       		.uleb128 0x2e
 1245 00fe 00       		.byte	0
 1246 00ff 03       		.uleb128 0x3
 1247 0100 0E       		.uleb128 0xe
 1248 0101 3A       		.uleb128 0x3a
 1249 0102 0B       		.uleb128 0xb
 1250 0103 3B       		.uleb128 0x3b
 1251 0104 0B       		.uleb128 0xb
 1252 0105 27       		.uleb128 0x27
 1253 0106 0C       		.uleb128 0xc
 1254 0107 11       		.uleb128 0x11
 1255 0108 01       		.uleb128 0x1
 1256 0109 12       		.uleb128 0x12
 1257 010a 01       		.uleb128 0x1
 1258 010b 40       		.uleb128 0x40
 1259 010c 06       		.uleb128 0x6
 1260 010d 9742     		.uleb128 0x2117
 1261 010f 0C       		.uleb128 0xc
 1262 0110 00       		.byte	0
 1263 0111 00       		.byte	0
ARM GAS  C:\Users\Sam\AppData\Local\Temp\ccLdAMM0.s 			page 29


 1264 0112 15       		.uleb128 0x15
 1265 0113 2E       		.uleb128 0x2e
 1266 0114 01       		.byte	0x1
 1267 0115 3F       		.uleb128 0x3f
 1268 0116 0C       		.uleb128 0xc
 1269 0117 03       		.uleb128 0x3
 1270 0118 0E       		.uleb128 0xe
 1271 0119 3A       		.uleb128 0x3a
 1272 011a 0B       		.uleb128 0xb
 1273 011b 3B       		.uleb128 0x3b
 1274 011c 05       		.uleb128 0x5
 1275 011d 27       		.uleb128 0x27
 1276 011e 0C       		.uleb128 0xc
 1277 011f 11       		.uleb128 0x11
 1278 0120 01       		.uleb128 0x1
 1279 0121 12       		.uleb128 0x12
 1280 0122 01       		.uleb128 0x1
 1281 0123 40       		.uleb128 0x40
 1282 0124 06       		.uleb128 0x6
 1283 0125 9642     		.uleb128 0x2116
 1284 0127 0C       		.uleb128 0xc
 1285 0128 00       		.byte	0
 1286 0129 00       		.byte	0
 1287 012a 16       		.uleb128 0x16
 1288 012b 0B       		.uleb128 0xb
 1289 012c 01       		.byte	0x1
 1290 012d 11       		.uleb128 0x11
 1291 012e 01       		.uleb128 0x1
 1292 012f 12       		.uleb128 0x12
 1293 0130 01       		.uleb128 0x1
 1294 0131 00       		.byte	0
 1295 0132 00       		.byte	0
 1296 0133 17       		.uleb128 0x17
 1297 0134 13       		.uleb128 0x13
 1298 0135 01       		.byte	0x1
 1299 0136 0B       		.uleb128 0xb
 1300 0137 0B       		.uleb128 0xb
 1301 0138 3A       		.uleb128 0x3a
 1302 0139 0B       		.uleb128 0xb
 1303 013a 3B       		.uleb128 0x3b
 1304 013b 05       		.uleb128 0x5
 1305 013c 01       		.uleb128 0x1
 1306 013d 13       		.uleb128 0x13
 1307 013e 00       		.byte	0
 1308 013f 00       		.byte	0
 1309 0140 18       		.uleb128 0x18
 1310 0141 0D       		.uleb128 0xd
 1311 0142 00       		.byte	0
 1312 0143 03       		.uleb128 0x3
 1313 0144 0E       		.uleb128 0xe
 1314 0145 3A       		.uleb128 0x3a
 1315 0146 0B       		.uleb128 0xb
 1316 0147 3B       		.uleb128 0x3b
 1317 0148 05       		.uleb128 0x5
 1318 0149 49       		.uleb128 0x49
 1319 014a 13       		.uleb128 0x13
 1320 014b 38       		.uleb128 0x38
ARM GAS  C:\Users\Sam\AppData\Local\Temp\ccLdAMM0.s 			page 30


 1321 014c 0A       		.uleb128 0xa
 1322 014d 00       		.byte	0
 1323 014e 00       		.byte	0
 1324 014f 19       		.uleb128 0x19
 1325 0150 16       		.uleb128 0x16
 1326 0151 00       		.byte	0
 1327 0152 03       		.uleb128 0x3
 1328 0153 0E       		.uleb128 0xe
 1329 0154 3A       		.uleb128 0x3a
 1330 0155 0B       		.uleb128 0xb
 1331 0156 3B       		.uleb128 0x3b
 1332 0157 05       		.uleb128 0x5
 1333 0158 49       		.uleb128 0x49
 1334 0159 13       		.uleb128 0x13
 1335 015a 00       		.byte	0
 1336 015b 00       		.byte	0
 1337 015c 1A       		.uleb128 0x1a
 1338 015d 34       		.uleb128 0x34
 1339 015e 00       		.byte	0
 1340 015f 03       		.uleb128 0x3
 1341 0160 0E       		.uleb128 0xe
 1342 0161 3A       		.uleb128 0x3a
 1343 0162 0B       		.uleb128 0xb
 1344 0163 3B       		.uleb128 0x3b
 1345 0164 05       		.uleb128 0x5
 1346 0165 49       		.uleb128 0x49
 1347 0166 13       		.uleb128 0x13
 1348 0167 02       		.uleb128 0x2
 1349 0168 0A       		.uleb128 0xa
 1350 0169 00       		.byte	0
 1351 016a 00       		.byte	0
 1352 016b 1B       		.uleb128 0x1b
 1353 016c 34       		.uleb128 0x34
 1354 016d 00       		.byte	0
 1355 016e 03       		.uleb128 0x3
 1356 016f 08       		.uleb128 0x8
 1357 0170 3A       		.uleb128 0x3a
 1358 0171 0B       		.uleb128 0xb
 1359 0172 3B       		.uleb128 0x3b
 1360 0173 05       		.uleb128 0x5
 1361 0174 49       		.uleb128 0x49
 1362 0175 13       		.uleb128 0x13
 1363 0176 02       		.uleb128 0x2
 1364 0177 0A       		.uleb128 0xa
 1365 0178 00       		.byte	0
 1366 0179 00       		.byte	0
 1367 017a 00       		.byte	0
 1368              		.section	.debug_loc,"",%progbits
 1369              	.Ldebug_loc0:
 1370              	.LLST0:
 1371 0000 00000000 		.4byte	.LFB0
 1372 0004 02000000 		.4byte	.LCFI0
 1373 0008 0200     		.2byte	0x2
 1374 000a 7D       		.byte	0x7d
 1375 000b 00       		.sleb128 0
 1376 000c 02000000 		.4byte	.LCFI0
 1377 0010 04000000 		.4byte	.LCFI1
ARM GAS  C:\Users\Sam\AppData\Local\Temp\ccLdAMM0.s 			page 31


 1378 0014 0200     		.2byte	0x2
 1379 0016 7D       		.byte	0x7d
 1380 0017 08       		.sleb128 8
 1381 0018 04000000 		.4byte	.LCFI1
 1382 001c 06000000 		.4byte	.LCFI2
 1383 0020 0200     		.2byte	0x2
 1384 0022 7D       		.byte	0x7d
 1385 0023 10       		.sleb128 16
 1386 0024 06000000 		.4byte	.LCFI2
 1387 0028 1E000000 		.4byte	.LFE0
 1388 002c 0200     		.2byte	0x2
 1389 002e 77       		.byte	0x77
 1390 002f 10       		.sleb128 16
 1391 0030 00000000 		.4byte	0
 1392 0034 00000000 		.4byte	0
 1393              	.LLST1:
 1394 0038 00000000 		.4byte	.LFB1
 1395 003c 02000000 		.4byte	.LCFI3
 1396 0040 0200     		.2byte	0x2
 1397 0042 7D       		.byte	0x7d
 1398 0043 00       		.sleb128 0
 1399 0044 02000000 		.4byte	.LCFI3
 1400 0048 04000000 		.4byte	.LCFI4
 1401 004c 0200     		.2byte	0x2
 1402 004e 7D       		.byte	0x7d
 1403 004f 08       		.sleb128 8
 1404 0050 04000000 		.4byte	.LCFI4
 1405 0054 06000000 		.4byte	.LCFI5
 1406 0058 0200     		.2byte	0x2
 1407 005a 7D       		.byte	0x7d
 1408 005b 18       		.sleb128 24
 1409 005c 06000000 		.4byte	.LCFI5
 1410 0060 22000000 		.4byte	.LFE1
 1411 0064 0200     		.2byte	0x2
 1412 0066 77       		.byte	0x77
 1413 0067 18       		.sleb128 24
 1414 0068 00000000 		.4byte	0
 1415 006c 00000000 		.4byte	0
 1416              	.LLST2:
 1417 0070 00000000 		.4byte	.LFB2
 1418 0074 02000000 		.4byte	.LCFI6
 1419 0078 0200     		.2byte	0x2
 1420 007a 7D       		.byte	0x7d
 1421 007b 00       		.sleb128 0
 1422 007c 02000000 		.4byte	.LCFI6
 1423 0080 04000000 		.4byte	.LCFI7
 1424 0084 0200     		.2byte	0x2
 1425 0086 7D       		.byte	0x7d
 1426 0087 08       		.sleb128 8
 1427 0088 04000000 		.4byte	.LCFI7
 1428 008c 06000000 		.4byte	.LCFI8
 1429 0090 0200     		.2byte	0x2
 1430 0092 7D       		.byte	0x7d
 1431 0093 18       		.sleb128 24
 1432 0094 06000000 		.4byte	.LCFI8
 1433 0098 22000000 		.4byte	.LFE2
 1434 009c 0200     		.2byte	0x2
ARM GAS  C:\Users\Sam\AppData\Local\Temp\ccLdAMM0.s 			page 32


 1435 009e 77       		.byte	0x77
 1436 009f 18       		.sleb128 24
 1437 00a0 00000000 		.4byte	0
 1438 00a4 00000000 		.4byte	0
 1439              	.LLST3:
 1440 00a8 00000000 		.4byte	.LFB3
 1441 00ac 02000000 		.4byte	.LCFI9
 1442 00b0 0200     		.2byte	0x2
 1443 00b2 7D       		.byte	0x7d
 1444 00b3 00       		.sleb128 0
 1445 00b4 02000000 		.4byte	.LCFI9
 1446 00b8 04000000 		.4byte	.LCFI10
 1447 00bc 0200     		.2byte	0x2
 1448 00be 7D       		.byte	0x7d
 1449 00bf 08       		.sleb128 8
 1450 00c0 04000000 		.4byte	.LCFI10
 1451 00c4 06000000 		.4byte	.LCFI11
 1452 00c8 0200     		.2byte	0x2
 1453 00ca 7D       		.byte	0x7d
 1454 00cb 18       		.sleb128 24
 1455 00cc 06000000 		.4byte	.LCFI11
 1456 00d0 B0000000 		.4byte	.LFE3
 1457 00d4 0200     		.2byte	0x2
 1458 00d6 77       		.byte	0x77
 1459 00d7 18       		.sleb128 24
 1460 00d8 00000000 		.4byte	0
 1461 00dc 00000000 		.4byte	0
 1462              	.LLST4:
 1463 00e0 B0000000 		.4byte	.LFB4
 1464 00e4 B2000000 		.4byte	.LCFI12
 1465 00e8 0200     		.2byte	0x2
 1466 00ea 7D       		.byte	0x7d
 1467 00eb 00       		.sleb128 0
 1468 00ec B2000000 		.4byte	.LCFI12
 1469 00f0 B4000000 		.4byte	.LCFI13
 1470 00f4 0200     		.2byte	0x2
 1471 00f6 7D       		.byte	0x7d
 1472 00f7 08       		.sleb128 8
 1473 00f8 B4000000 		.4byte	.LCFI13
 1474 00fc 44010000 		.4byte	.LFE4
 1475 0100 0200     		.2byte	0x2
 1476 0102 77       		.byte	0x77
 1477 0103 08       		.sleb128 8
 1478 0104 00000000 		.4byte	0
 1479 0108 00000000 		.4byte	0
 1480              	.LLST5:
 1481 010c 00000000 		.4byte	.LFB5
 1482 0110 02000000 		.4byte	.LCFI14
 1483 0114 0200     		.2byte	0x2
 1484 0116 7D       		.byte	0x7d
 1485 0117 00       		.sleb128 0
 1486 0118 02000000 		.4byte	.LCFI14
 1487 011c 04000000 		.4byte	.LCFI15
 1488 0120 0200     		.2byte	0x2
 1489 0122 7D       		.byte	0x7d
 1490 0123 08       		.sleb128 8
 1491 0124 04000000 		.4byte	.LCFI15
ARM GAS  C:\Users\Sam\AppData\Local\Temp\ccLdAMM0.s 			page 33


 1492 0128 08000000 		.4byte	.LFE5
 1493 012c 0200     		.2byte	0x2
 1494 012e 77       		.byte	0x77
 1495 012f 08       		.sleb128 8
 1496 0130 00000000 		.4byte	0
 1497 0134 00000000 		.4byte	0
 1498              	.LLST6:
 1499 0138 44010000 		.4byte	.LFB6
 1500 013c 46010000 		.4byte	.LCFI16
 1501 0140 0200     		.2byte	0x2
 1502 0142 7D       		.byte	0x7d
 1503 0143 00       		.sleb128 0
 1504 0144 46010000 		.4byte	.LCFI16
 1505 0148 48010000 		.4byte	.LCFI17
 1506 014c 0200     		.2byte	0x2
 1507 014e 7D       		.byte	0x7d
 1508 014f 08       		.sleb128 8
 1509 0150 48010000 		.4byte	.LCFI17
 1510 0154 4A010000 		.4byte	.LCFI18
 1511 0158 0200     		.2byte	0x2
 1512 015a 7D       		.byte	0x7d
 1513 015b 10       		.sleb128 16
 1514 015c 4A010000 		.4byte	.LCFI18
 1515 0160 30020000 		.4byte	.LFE6
 1516 0164 0200     		.2byte	0x2
 1517 0166 77       		.byte	0x77
 1518 0167 10       		.sleb128 16
 1519 0168 00000000 		.4byte	0
 1520 016c 00000000 		.4byte	0
 1521              		.section	.debug_aranges,"",%progbits
 1522 0000 4C000000 		.4byte	0x4c
 1523 0004 0200     		.2byte	0x2
 1524 0006 00000000 		.4byte	.Ldebug_info0
 1525 000a 04       		.byte	0x4
 1526 000b 00       		.byte	0
 1527 000c 0000     		.2byte	0
 1528 000e 0000     		.2byte	0
 1529 0010 00000000 		.4byte	.LFB0
 1530 0014 1E000000 		.4byte	.LFE0-.LFB0
 1531 0018 00000000 		.4byte	.LFB1
 1532 001c 22000000 		.4byte	.LFE1-.LFB1
 1533 0020 00000000 		.4byte	.LFB2
 1534 0024 22000000 		.4byte	.LFE2-.LFB2
 1535 0028 00000000 		.4byte	.LFB3
 1536 002c B0000000 		.4byte	.LFE3-.LFB3
 1537 0030 B0000000 		.4byte	.LFB4
 1538 0034 94000000 		.4byte	.LFE4-.LFB4
 1539 0038 00000000 		.4byte	.LFB5
 1540 003c 08000000 		.4byte	.LFE5-.LFB5
 1541 0040 44010000 		.4byte	.LFB6
 1542 0044 EC000000 		.4byte	.LFE6-.LFB6
 1543 0048 00000000 		.4byte	0
 1544 004c 00000000 		.4byte	0
 1545              		.section	.debug_ranges,"",%progbits
 1546              	.Ldebug_ranges0:
 1547 0000 00000000 		.4byte	.LFB0
 1548 0004 1E000000 		.4byte	.LFE0
ARM GAS  C:\Users\Sam\AppData\Local\Temp\ccLdAMM0.s 			page 34


 1549 0008 00000000 		.4byte	.LFB1
 1550 000c 22000000 		.4byte	.LFE1
 1551 0010 00000000 		.4byte	.LFB2
 1552 0014 22000000 		.4byte	.LFE2
 1553 0018 00000000 		.4byte	.LFB3
 1554 001c B0000000 		.4byte	.LFE3
 1555 0020 B0000000 		.4byte	.LFB4
 1556 0024 44010000 		.4byte	.LFE4
 1557 0028 00000000 		.4byte	.LFB5
 1558 002c 08000000 		.4byte	.LFE5
 1559 0030 44010000 		.4byte	.LFB6
 1560 0034 30020000 		.4byte	.LFE6
 1561 0038 00000000 		.4byte	0
 1562 003c 00000000 		.4byte	0
 1563              		.section	.debug_line,"",%progbits
 1564              	.Ldebug_line0:
 1565 0000 7F010000 		.section	.debug_str,"MS",%progbits,1
 1565      0200D700 
 1565      00000201 
 1565      FB0E0D00 
 1565      01010101 
 1566              	.LASF19:
 1567 0000 72656733 		.ascii	"reg32\000"
 1567      3200
 1568              	.LASF11:
 1569 0006 73697A65 		.ascii	"size_t\000"
 1569      5F7400
 1570              	.LASF38:
 1571 000d 416E616C 		.ascii	"AnalogSetDefault\000"
 1571      6F675365 
 1571      74446566 
 1571      61756C74 
 1571      00
 1572              	.LASF29:
 1573 001e 696D6F5F 		.ascii	"imo_trim_entry_t\000"
 1573      7472696D 
 1573      5F656E74 
 1573      72795F74 
 1573      00
 1574              	.LASF42:
 1575 002f 6366675F 		.ascii	"cfg_memset_list\000"
 1575      6D656D73 
 1575      65745F6C 
 1575      69737400 
 1576              	.LASF37:
 1577 003f 436C6F63 		.ascii	"ClockSetup\000"
 1577      6B536574 
 1577      757000
 1578              	.LASF28:
 1579 004a 746D7063 		.ascii	"tmpco\000"
 1579      6F00
 1580              	.LASF3:
 1581 0050 73686F72 		.ascii	"short unsigned int\000"
 1581      7420756E 
 1581      7369676E 
 1581      65642069 
 1581      6E7400
ARM GAS  C:\Users\Sam\AppData\Local\Temp\ccLdAMM0.s 			page 35


 1582              	.LASF33:
 1583 0063 494D4F5F 		.ascii	"IMO_TRIM_FREQ_TABLE_ENTRIES\000"
 1583      5452494D 
 1583      5F465245 
 1583      515F5441 
 1583      424C455F 
 1584              	.LASF24:
 1585 007f 53657449 		.ascii	"SetIMOBGTrims\000"
 1585      4D4F4247 
 1585      5472696D 
 1585      7300
 1586              	.LASF16:
 1587 008d 666C6F61 		.ascii	"float\000"
 1587      7400
 1588              	.LASF34:
 1589 0093 696D6F54 		.ascii	"imoTrimIndex\000"
 1589      72696D49 
 1589      6E646578 
 1589      00
 1590              	.LASF22:
 1591 00a0 64657374 		.ascii	"dest\000"
 1591      00
 1592              	.LASF40:
 1593 00a5 73697A65 		.ascii	"size\000"
 1593      00
 1594              	.LASF18:
 1595 00aa 72656738 		.ascii	"reg8\000"
 1595      00
 1596              	.LASF9:
 1597 00af 6C6F6E67 		.ascii	"long unsigned int\000"
 1597      20756E73 
 1597      69676E65 
 1597      6420696E 
 1597      7400
 1598              	.LASF15:
 1599 00c1 696E7433 		.ascii	"int32\000"
 1599      3200
 1600              	.LASF20:
 1601 00c7 43594D45 		.ascii	"CYMEMZERO\000"
 1601      4D5A4552 
 1601      4F00
 1602              	.LASF1:
 1603 00d1 756E7369 		.ascii	"unsigned char\000"
 1603      676E6564 
 1603      20636861 
 1603      7200
 1604              	.LASF17:
 1605 00df 646F7562 		.ascii	"double\000"
 1605      6C6500
 1606              	.LASF25:
 1607 00e6 696D6F46 		.ascii	"imoFreq\000"
 1607      72657100 
 1608              	.LASF45:
 1609 00ee 433A5C55 		.ascii	"C:\\Users\\Sam\\Dropbox\\Work\\2014\\PSoC 4 Modbus "
 1609      73657273 
 1609      5C53616D 
 1609      5C44726F 
ARM GAS  C:\Users\Sam\AppData\Local\Temp\ccLdAMM0.s 			page 36


 1609      70626F78 
 1610 011b 536C6176 		.ascii	"Slave\\PSoC 4 Pioneer Modbus Slave\\PSoC 4 Pioneer "
 1610      655C5053 
 1610      6F432034 
 1610      2050696F 
 1610      6E656572 
 1611 014c 4D6F6462 		.ascii	"Modbus Slave.cydsn\000"
 1611      75732053 
 1611      6C617665 
 1611      2E637964 
 1611      736E00
 1612              	.LASF13:
 1613 015f 75696E74 		.ascii	"uint16\000"
 1613      313600
 1614              	.LASF14:
 1615 0166 75696E74 		.ascii	"uint32\000"
 1615      333200
 1616              	.LASF4:
 1617 016d 756E7369 		.ascii	"unsigned int\000"
 1617      676E6564 
 1617      20696E74 
 1617      00
 1618              	.LASF46:
 1619 017a 63796669 		.ascii	"cyfitter_cfg\000"
 1619      74746572 
 1619      5F636667 
 1619      00
 1620              	.LASF39:
 1621 0187 61646472 		.ascii	"address\000"
 1621      65737300 
 1622              	.LASF6:
 1623 018f 6C6F6E67 		.ascii	"long long unsigned int\000"
 1623      206C6F6E 
 1623      6720756E 
 1623      7369676E 
 1623      65642069 
 1624              	.LASF31:
 1625 01a6 696D6F5F 		.ascii	"imo_trim_table_t\000"
 1625      7472696D 
 1625      5F746162 
 1625      6C655F74 
 1625      00
 1626              	.LASF41:
 1627 01b7 6366675F 		.ascii	"cfg_memset_t\000"
 1627      6D656D73 
 1627      65745F74 
 1627      00
 1628              	.LASF44:
 1629 01c4 2E5C4765 		.ascii	".\\Generated_Source\\PSoC4\\cyfitter_cfg.c\000"
 1629      6E657261 
 1629      7465645F 
 1629      536F7572 
 1629      63655C50 
 1630              	.LASF8:
 1631 01ec 73697A65 		.ascii	"sizetype\000"
 1631      74797065 
 1631      00
ARM GAS  C:\Users\Sam\AppData\Local\Temp\ccLdAMM0.s 			page 37


 1632              	.LASF36:
 1633 01f5 73657454 		.ascii	"setTmpCo\000"
 1633      6D70436F 
 1633      00
 1634              	.LASF5:
 1635 01fe 6C6F6E67 		.ascii	"long long int\000"
 1635      206C6F6E 
 1635      6720696E 
 1635      7400
 1636              	.LASF10:
 1637 020c 63686172 		.ascii	"char\000"
 1637      00
 1638              	.LASF27:
 1639 0211 6162736F 		.ascii	"absolute\000"
 1639      6C757465 
 1639      00
 1640              	.LASF26:
 1641 021a 66726571 		.ascii	"freq\000"
 1641      00
 1642              	.LASF12:
 1643 021f 75696E74 		.ascii	"uint8\000"
 1643      3800
 1644              	.LASF43:
 1645 0225 474E5520 		.ascii	"GNU C 4.7.3 20130312 (release) [ARM/embedded-4_7-br"
 1645      4320342E 
 1645      372E3320 
 1645      32303133 
 1645      30333132 
 1646 0258 616E6368 		.ascii	"anch revision 196615]\000"
 1646      20726576 
 1646      6973696F 
 1646      6E203139 
 1646      36363135 
 1647              	.LASF2:
 1648 026e 73686F72 		.ascii	"short int\000"
 1648      7420696E 
 1648      7400
 1649              	.LASF32:
 1650 0278 696D6F5F 		.ascii	"imo_trim_table\000"
 1650      7472696D 
 1650      5F746162 
 1650      6C6500
 1651              	.LASF7:
 1652 0287 6C6F6E67 		.ascii	"long int\000"
 1652      20696E74 
 1652      00
 1653              	.LASF30:
 1654 0290 656E7472 		.ascii	"entries\000"
 1654      69657300 
 1655              	.LASF35:
 1656 0298 73657441 		.ascii	"setAbs\000"
 1656      627300
 1657              	.LASF0:
 1658 029f 7369676E 		.ascii	"signed char\000"
 1658      65642063 
 1658      68617200 
 1659              	.LASF23:
ARM GAS  C:\Users\Sam\AppData\Local\Temp\ccLdAMM0.s 			page 38


 1660 02ab 4359434F 		.ascii	"CYCONFIGCPYCODE\000"
 1660      4E464947 
 1660      43505943 
 1660      4F444500 
 1661              	.LASF21:
 1662 02bb 4359434F 		.ascii	"CYCONFIGCPY\000"
 1662      4E464947 
 1662      43505900 
 1663              		.ident	"GCC: (GNU Tools for ARM Embedded Processors) 4.7.3 20130312 (release) [ARM/embedded-4_7-br
