ARM GAS  C:\Users\Sam\AppData\Local\Temp\ccGxIM3P.s 			page 1


   1              		.cpu cortex-m0
   2              		.fpu softvfp
   3              		.eabi_attribute 20, 1
   4              		.eabi_attribute 21, 1
   5              		.eabi_attribute 23, 3
   6              		.eabi_attribute 24, 1
   7              		.eabi_attribute 25, 1
   8              		.eabi_attribute 26, 1
   9              		.eabi_attribute 30, 6
  10              		.eabi_attribute 34, 0
  11              		.eabi_attribute 18, 4
  12              		.code	16
  13              		.file	"UART_RX_ISR.c"
  14              		.text
  15              	.Ltext0:
  16              		.cfi_sections	.debug_frame
  17              		.section	.text.UART_RX_ISR_Start,"ax",%progbits
  18              		.align	2
  19              		.global	UART_RX_ISR_Start
  20              		.code	16
  21              		.thumb_func
  22              		.type	UART_RX_ISR_Start, %function
  23              	UART_RX_ISR_Start:
  24              	.LFB0:
  25              		.file 1 ".\\Generated_Source\\PSoC4\\UART_RX_ISR.c"
   1:.\Generated_Source\PSoC4/UART_RX_ISR.c **** /*******************************************************************************
   2:.\Generated_Source\PSoC4/UART_RX_ISR.c **** * File Name: UART_RX_ISR.c  
   3:.\Generated_Source\PSoC4/UART_RX_ISR.c **** * Version 1.70
   4:.\Generated_Source\PSoC4/UART_RX_ISR.c **** *
   5:.\Generated_Source\PSoC4/UART_RX_ISR.c **** *  Description:
   6:.\Generated_Source\PSoC4/UART_RX_ISR.c **** *   API for controlling the state of an interrupt.
   7:.\Generated_Source\PSoC4/UART_RX_ISR.c **** *
   8:.\Generated_Source\PSoC4/UART_RX_ISR.c **** *
   9:.\Generated_Source\PSoC4/UART_RX_ISR.c **** *  Note:
  10:.\Generated_Source\PSoC4/UART_RX_ISR.c **** *
  11:.\Generated_Source\PSoC4/UART_RX_ISR.c **** ********************************************************************************
  12:.\Generated_Source\PSoC4/UART_RX_ISR.c **** * Copyright 2008-2012, Cypress Semiconductor Corporation.  All rights reserved.
  13:.\Generated_Source\PSoC4/UART_RX_ISR.c **** * You may use this file only in accordance with the license, terms, conditions, 
  14:.\Generated_Source\PSoC4/UART_RX_ISR.c **** * disclaimers, and limitations in the end user license agreement accompanying 
  15:.\Generated_Source\PSoC4/UART_RX_ISR.c **** * the software package with which this file was provided.
  16:.\Generated_Source\PSoC4/UART_RX_ISR.c **** *******************************************************************************/
  17:.\Generated_Source\PSoC4/UART_RX_ISR.c **** 
  18:.\Generated_Source\PSoC4/UART_RX_ISR.c **** 
  19:.\Generated_Source\PSoC4/UART_RX_ISR.c **** #include <cydevice_trm.h>
  20:.\Generated_Source\PSoC4/UART_RX_ISR.c **** #include <CyLib.h>
  21:.\Generated_Source\PSoC4/UART_RX_ISR.c **** #include <UART_RX_ISR.h>
  22:.\Generated_Source\PSoC4/UART_RX_ISR.c **** 
  23:.\Generated_Source\PSoC4/UART_RX_ISR.c **** #if !defined(UART_RX_ISR__REMOVED) /* Check for removal by optimization */
  24:.\Generated_Source\PSoC4/UART_RX_ISR.c **** 
  25:.\Generated_Source\PSoC4/UART_RX_ISR.c **** /*******************************************************************************
  26:.\Generated_Source\PSoC4/UART_RX_ISR.c **** *  Place your includes, defines and code here 
  27:.\Generated_Source\PSoC4/UART_RX_ISR.c **** ********************************************************************************/
  28:.\Generated_Source\PSoC4/UART_RX_ISR.c **** /* `#START UART_RX_ISR_intc` */
  29:.\Generated_Source\PSoC4/UART_RX_ISR.c ****     #include <UART.h>
  30:.\Generated_Source\PSoC4/UART_RX_ISR.c ****     extern uint8 flag;
  31:.\Generated_Source\PSoC4/UART_RX_ISR.c **** /* `#END` */
  32:.\Generated_Source\PSoC4/UART_RX_ISR.c **** 
ARM GAS  C:\Users\Sam\AppData\Local\Temp\ccGxIM3P.s 			page 2


  33:.\Generated_Source\PSoC4/UART_RX_ISR.c **** extern cyisraddress CyRamVectors[CYINT_IRQ_BASE + CY_NUM_INTERRUPTS];
  34:.\Generated_Source\PSoC4/UART_RX_ISR.c **** 
  35:.\Generated_Source\PSoC4/UART_RX_ISR.c **** /* Declared in startup, used to set unused interrupts to. */
  36:.\Generated_Source\PSoC4/UART_RX_ISR.c **** CY_ISR_PROTO(IntDefaultHandler);
  37:.\Generated_Source\PSoC4/UART_RX_ISR.c **** 
  38:.\Generated_Source\PSoC4/UART_RX_ISR.c **** 
  39:.\Generated_Source\PSoC4/UART_RX_ISR.c **** /*******************************************************************************
  40:.\Generated_Source\PSoC4/UART_RX_ISR.c **** * Function Name: UART_RX_ISR_Start
  41:.\Generated_Source\PSoC4/UART_RX_ISR.c **** ********************************************************************************
  42:.\Generated_Source\PSoC4/UART_RX_ISR.c **** *
  43:.\Generated_Source\PSoC4/UART_RX_ISR.c **** * Summary:
  44:.\Generated_Source\PSoC4/UART_RX_ISR.c **** *  Set up the interrupt and enable it.
  45:.\Generated_Source\PSoC4/UART_RX_ISR.c **** *
  46:.\Generated_Source\PSoC4/UART_RX_ISR.c **** * Parameters:  
  47:.\Generated_Source\PSoC4/UART_RX_ISR.c **** *   None
  48:.\Generated_Source\PSoC4/UART_RX_ISR.c **** *
  49:.\Generated_Source\PSoC4/UART_RX_ISR.c **** * Return:
  50:.\Generated_Source\PSoC4/UART_RX_ISR.c **** *   None
  51:.\Generated_Source\PSoC4/UART_RX_ISR.c **** *
  52:.\Generated_Source\PSoC4/UART_RX_ISR.c **** *******************************************************************************/
  53:.\Generated_Source\PSoC4/UART_RX_ISR.c **** void UART_RX_ISR_Start(void)
  54:.\Generated_Source\PSoC4/UART_RX_ISR.c **** {
  26              		.loc 1 54 0
  27              		.cfi_startproc
  28 0000 80B5     		push	{r7, lr}
  29              	.LCFI0:
  30              		.cfi_def_cfa_offset 8
  31              		.cfi_offset 7, -8
  32              		.cfi_offset 14, -4
  33 0002 00AF     		add	r7, sp, #0
  34              	.LCFI1:
  35              		.cfi_def_cfa_register 7
  55:.\Generated_Source\PSoC4/UART_RX_ISR.c ****     /* For all we know the interrupt is active. */
  56:.\Generated_Source\PSoC4/UART_RX_ISR.c ****     UART_RX_ISR_Disable();
  36              		.loc 1 56 0
  37 0004 FFF7FEFF 		bl	UART_RX_ISR_Disable
  57:.\Generated_Source\PSoC4/UART_RX_ISR.c **** 
  58:.\Generated_Source\PSoC4/UART_RX_ISR.c ****     /* Set the ISR to point to the UART_RX_ISR Interrupt. */
  59:.\Generated_Source\PSoC4/UART_RX_ISR.c ****     UART_RX_ISR_SetVector(&UART_RX_ISR_Interrupt);
  38              		.loc 1 59 0
  39 0008 054B     		ldr	r3, .L2
  40 000a 181C     		mov	r0, r3
  41 000c FFF7FEFF 		bl	UART_RX_ISR_SetVector
  60:.\Generated_Source\PSoC4/UART_RX_ISR.c **** 
  61:.\Generated_Source\PSoC4/UART_RX_ISR.c ****     /* Set the priority. */
  62:.\Generated_Source\PSoC4/UART_RX_ISR.c ****     UART_RX_ISR_SetPriority((uint8)UART_RX_ISR_INTC_PRIOR_NUMBER);
  42              		.loc 1 62 0
  43 0010 0320     		mov	r0, #3
  44 0012 FFF7FEFF 		bl	UART_RX_ISR_SetPriority
  63:.\Generated_Source\PSoC4/UART_RX_ISR.c **** 
  64:.\Generated_Source\PSoC4/UART_RX_ISR.c ****     /* Enable it. */
  65:.\Generated_Source\PSoC4/UART_RX_ISR.c ****     UART_RX_ISR_Enable();
  45              		.loc 1 65 0
  46 0016 FFF7FEFF 		bl	UART_RX_ISR_Enable
  66:.\Generated_Source\PSoC4/UART_RX_ISR.c **** }
  47              		.loc 1 66 0
  48 001a BD46     		mov	sp, r7
ARM GAS  C:\Users\Sam\AppData\Local\Temp\ccGxIM3P.s 			page 3


  49              		@ sp needed for prologue
  50 001c 80BD     		pop	{r7, pc}
  51              	.L3:
  52 001e C046     		.align	2
  53              	.L2:
  54 0020 00000000 		.word	UART_RX_ISR_Interrupt
  55              		.cfi_endproc
  56              	.LFE0:
  57              		.size	UART_RX_ISR_Start, .-UART_RX_ISR_Start
  58              		.section	.text.UART_RX_ISR_StartEx,"ax",%progbits
  59              		.align	2
  60              		.global	UART_RX_ISR_StartEx
  61              		.code	16
  62              		.thumb_func
  63              		.type	UART_RX_ISR_StartEx, %function
  64              	UART_RX_ISR_StartEx:
  65              	.LFB1:
  67:.\Generated_Source\PSoC4/UART_RX_ISR.c **** 
  68:.\Generated_Source\PSoC4/UART_RX_ISR.c **** 
  69:.\Generated_Source\PSoC4/UART_RX_ISR.c **** /*******************************************************************************
  70:.\Generated_Source\PSoC4/UART_RX_ISR.c **** * Function Name: UART_RX_ISR_StartEx
  71:.\Generated_Source\PSoC4/UART_RX_ISR.c **** ********************************************************************************
  72:.\Generated_Source\PSoC4/UART_RX_ISR.c **** *
  73:.\Generated_Source\PSoC4/UART_RX_ISR.c **** * Summary:
  74:.\Generated_Source\PSoC4/UART_RX_ISR.c **** *  Set up the interrupt and enable it.
  75:.\Generated_Source\PSoC4/UART_RX_ISR.c **** *
  76:.\Generated_Source\PSoC4/UART_RX_ISR.c **** * Parameters:  
  77:.\Generated_Source\PSoC4/UART_RX_ISR.c **** *   address: Address of the ISR to set in the interrupt vector table.
  78:.\Generated_Source\PSoC4/UART_RX_ISR.c **** *
  79:.\Generated_Source\PSoC4/UART_RX_ISR.c **** * Return:
  80:.\Generated_Source\PSoC4/UART_RX_ISR.c **** *   None
  81:.\Generated_Source\PSoC4/UART_RX_ISR.c **** *
  82:.\Generated_Source\PSoC4/UART_RX_ISR.c **** *******************************************************************************/
  83:.\Generated_Source\PSoC4/UART_RX_ISR.c **** void UART_RX_ISR_StartEx(cyisraddress address)
  84:.\Generated_Source\PSoC4/UART_RX_ISR.c **** {
  66              		.loc 1 84 0
  67              		.cfi_startproc
  68 0000 80B5     		push	{r7, lr}
  69              	.LCFI2:
  70              		.cfi_def_cfa_offset 8
  71              		.cfi_offset 7, -8
  72              		.cfi_offset 14, -4
  73 0002 82B0     		sub	sp, sp, #8
  74              	.LCFI3:
  75              		.cfi_def_cfa_offset 16
  76 0004 00AF     		add	r7, sp, #0
  77              	.LCFI4:
  78              		.cfi_def_cfa_register 7
  79 0006 7860     		str	r0, [r7, #4]
  85:.\Generated_Source\PSoC4/UART_RX_ISR.c ****     /* For all we know the interrupt is active. */
  86:.\Generated_Source\PSoC4/UART_RX_ISR.c ****     UART_RX_ISR_Disable();
  80              		.loc 1 86 0
  81 0008 FFF7FEFF 		bl	UART_RX_ISR_Disable
  87:.\Generated_Source\PSoC4/UART_RX_ISR.c **** 
  88:.\Generated_Source\PSoC4/UART_RX_ISR.c ****     /* Set the ISR to point to the UART_RX_ISR Interrupt. */
  89:.\Generated_Source\PSoC4/UART_RX_ISR.c ****     UART_RX_ISR_SetVector(address);
  82              		.loc 1 89 0
ARM GAS  C:\Users\Sam\AppData\Local\Temp\ccGxIM3P.s 			page 4


  83 000c 7B68     		ldr	r3, [r7, #4]
  84 000e 181C     		mov	r0, r3
  85 0010 FFF7FEFF 		bl	UART_RX_ISR_SetVector
  90:.\Generated_Source\PSoC4/UART_RX_ISR.c **** 
  91:.\Generated_Source\PSoC4/UART_RX_ISR.c ****     /* Set the priority. */
  92:.\Generated_Source\PSoC4/UART_RX_ISR.c ****     UART_RX_ISR_SetPriority((uint8)UART_RX_ISR_INTC_PRIOR_NUMBER);
  86              		.loc 1 92 0
  87 0014 0320     		mov	r0, #3
  88 0016 FFF7FEFF 		bl	UART_RX_ISR_SetPriority
  93:.\Generated_Source\PSoC4/UART_RX_ISR.c **** 
  94:.\Generated_Source\PSoC4/UART_RX_ISR.c ****     /* Enable it. */
  95:.\Generated_Source\PSoC4/UART_RX_ISR.c ****     UART_RX_ISR_Enable();
  89              		.loc 1 95 0
  90 001a FFF7FEFF 		bl	UART_RX_ISR_Enable
  96:.\Generated_Source\PSoC4/UART_RX_ISR.c **** }
  91              		.loc 1 96 0
  92 001e BD46     		mov	sp, r7
  93 0020 02B0     		add	sp, sp, #8
  94              		@ sp needed for prologue
  95 0022 80BD     		pop	{r7, pc}
  96              		.cfi_endproc
  97              	.LFE1:
  98              		.size	UART_RX_ISR_StartEx, .-UART_RX_ISR_StartEx
  99              		.section	.text.UART_RX_ISR_Stop,"ax",%progbits
 100              		.align	2
 101              		.global	UART_RX_ISR_Stop
 102              		.code	16
 103              		.thumb_func
 104              		.type	UART_RX_ISR_Stop, %function
 105              	UART_RX_ISR_Stop:
 106              	.LFB2:
  97:.\Generated_Source\PSoC4/UART_RX_ISR.c **** 
  98:.\Generated_Source\PSoC4/UART_RX_ISR.c **** 
  99:.\Generated_Source\PSoC4/UART_RX_ISR.c **** /*******************************************************************************
 100:.\Generated_Source\PSoC4/UART_RX_ISR.c **** * Function Name: UART_RX_ISR_Stop
 101:.\Generated_Source\PSoC4/UART_RX_ISR.c **** ********************************************************************************
 102:.\Generated_Source\PSoC4/UART_RX_ISR.c **** *
 103:.\Generated_Source\PSoC4/UART_RX_ISR.c **** * Summary:
 104:.\Generated_Source\PSoC4/UART_RX_ISR.c **** *   Disables and removes the interrupt.
 105:.\Generated_Source\PSoC4/UART_RX_ISR.c **** *
 106:.\Generated_Source\PSoC4/UART_RX_ISR.c **** * Parameters:  
 107:.\Generated_Source\PSoC4/UART_RX_ISR.c **** *
 108:.\Generated_Source\PSoC4/UART_RX_ISR.c **** * Return:
 109:.\Generated_Source\PSoC4/UART_RX_ISR.c **** *   None
 110:.\Generated_Source\PSoC4/UART_RX_ISR.c **** *
 111:.\Generated_Source\PSoC4/UART_RX_ISR.c **** *******************************************************************************/
 112:.\Generated_Source\PSoC4/UART_RX_ISR.c **** void UART_RX_ISR_Stop(void)
 113:.\Generated_Source\PSoC4/UART_RX_ISR.c **** {
 107              		.loc 1 113 0
 108              		.cfi_startproc
 109 0000 80B5     		push	{r7, lr}
 110              	.LCFI5:
 111              		.cfi_def_cfa_offset 8
 112              		.cfi_offset 7, -8
 113              		.cfi_offset 14, -4
 114 0002 00AF     		add	r7, sp, #0
 115              	.LCFI6:
ARM GAS  C:\Users\Sam\AppData\Local\Temp\ccGxIM3P.s 			page 5


 116              		.cfi_def_cfa_register 7
 114:.\Generated_Source\PSoC4/UART_RX_ISR.c ****     /* Disable this interrupt. */
 115:.\Generated_Source\PSoC4/UART_RX_ISR.c ****     UART_RX_ISR_Disable();
 117              		.loc 1 115 0
 118 0004 FFF7FEFF 		bl	UART_RX_ISR_Disable
 116:.\Generated_Source\PSoC4/UART_RX_ISR.c **** 
 117:.\Generated_Source\PSoC4/UART_RX_ISR.c ****     /* Set the ISR to point to the passive one. */
 118:.\Generated_Source\PSoC4/UART_RX_ISR.c ****     UART_RX_ISR_SetVector(&IntDefaultHandler);
 119              		.loc 1 118 0
 120 0008 024B     		ldr	r3, .L6
 121 000a 181C     		mov	r0, r3
 122 000c FFF7FEFF 		bl	UART_RX_ISR_SetVector
 119:.\Generated_Source\PSoC4/UART_RX_ISR.c **** }
 123              		.loc 1 119 0
 124 0010 BD46     		mov	sp, r7
 125              		@ sp needed for prologue
 126 0012 80BD     		pop	{r7, pc}
 127              	.L7:
 128              		.align	2
 129              	.L6:
 130 0014 00000000 		.word	IntDefaultHandler
 131              		.cfi_endproc
 132              	.LFE2:
 133              		.size	UART_RX_ISR_Stop, .-UART_RX_ISR_Stop
 134              		.section	.text.UART_RX_ISR_Interrupt,"ax",%progbits
 135              		.align	2
 136              		.global	UART_RX_ISR_Interrupt
 137              		.code	16
 138              		.thumb_func
 139              		.type	UART_RX_ISR_Interrupt, %function
 140              	UART_RX_ISR_Interrupt:
 141              	.LFB3:
 120:.\Generated_Source\PSoC4/UART_RX_ISR.c **** 
 121:.\Generated_Source\PSoC4/UART_RX_ISR.c **** 
 122:.\Generated_Source\PSoC4/UART_RX_ISR.c **** /*******************************************************************************
 123:.\Generated_Source\PSoC4/UART_RX_ISR.c **** * Function Name: UART_RX_ISR_Interrupt
 124:.\Generated_Source\PSoC4/UART_RX_ISR.c **** ********************************************************************************
 125:.\Generated_Source\PSoC4/UART_RX_ISR.c **** *
 126:.\Generated_Source\PSoC4/UART_RX_ISR.c **** * Summary:
 127:.\Generated_Source\PSoC4/UART_RX_ISR.c **** *   The default Interrupt Service Routine for UART_RX_ISR.
 128:.\Generated_Source\PSoC4/UART_RX_ISR.c **** *
 129:.\Generated_Source\PSoC4/UART_RX_ISR.c **** *   Add custom code between the coments to keep the next version of this file
 130:.\Generated_Source\PSoC4/UART_RX_ISR.c **** *   from over writting your code.
 131:.\Generated_Source\PSoC4/UART_RX_ISR.c **** *
 132:.\Generated_Source\PSoC4/UART_RX_ISR.c **** * Parameters:  
 133:.\Generated_Source\PSoC4/UART_RX_ISR.c **** *   None
 134:.\Generated_Source\PSoC4/UART_RX_ISR.c **** *
 135:.\Generated_Source\PSoC4/UART_RX_ISR.c **** * Return:
 136:.\Generated_Source\PSoC4/UART_RX_ISR.c **** *   None
 137:.\Generated_Source\PSoC4/UART_RX_ISR.c **** *
 138:.\Generated_Source\PSoC4/UART_RX_ISR.c **** *******************************************************************************/
 139:.\Generated_Source\PSoC4/UART_RX_ISR.c **** CY_ISR(UART_RX_ISR_Interrupt)
 140:.\Generated_Source\PSoC4/UART_RX_ISR.c **** {
 142              		.loc 1 140 0
 143              		.cfi_startproc
 144 0000 80B5     		push	{r7, lr}
 145              	.LCFI7:
ARM GAS  C:\Users\Sam\AppData\Local\Temp\ccGxIM3P.s 			page 6


 146              		.cfi_def_cfa_offset 8
 147              		.cfi_offset 7, -8
 148              		.cfi_offset 14, -4
 149 0002 82B0     		sub	sp, sp, #8
 150              	.LCFI8:
 151              		.cfi_def_cfa_offset 16
 152 0004 00AF     		add	r7, sp, #0
 153              	.LCFI9:
 154              		.cfi_def_cfa_register 7
 141:.\Generated_Source\PSoC4/UART_RX_ISR.c ****     /*  Place your Interrupt code here. */
 142:.\Generated_Source\PSoC4/UART_RX_ISR.c ****     
 143:.\Generated_Source\PSoC4/UART_RX_ISR.c ****     uint32 source = 0;
 155              		.loc 1 143 0
 156 0006 0023     		mov	r3, #0
 157 0008 7B60     		str	r3, [r7, #4]
 144:.\Generated_Source\PSoC4/UART_RX_ISR.c ****     
 145:.\Generated_Source\PSoC4/UART_RX_ISR.c ****     /* `#START UART_RX_ISR_Interrupt` */
 146:.\Generated_Source\PSoC4/UART_RX_ISR.c ****     
 147:.\Generated_Source\PSoC4/UART_RX_ISR.c ****     flag = 1; 
 158              		.loc 1 147 0
 159 000a 064B     		ldr	r3, .L9
 160 000c 0122     		mov	r2, #1
 161 000e 1A70     		strb	r2, [r3]
 148:.\Generated_Source\PSoC4/UART_RX_ISR.c ****     
 149:.\Generated_Source\PSoC4/UART_RX_ISR.c ****     source = UART_GetRxInterruptSourceMasked();
 162              		.loc 1 149 0
 163 0010 054B     		ldr	r3, .L9+4
 164 0012 1B68     		ldr	r3, [r3]
 165 0014 7B60     		str	r3, [r7, #4]
 150:.\Generated_Source\PSoC4/UART_RX_ISR.c ****     UART_ClearRxInterruptSource(source);
 166              		.loc 1 150 0
 167 0016 054B     		ldr	r3, .L9+8
 168 0018 7A68     		ldr	r2, [r7, #4]
 169 001a 1A60     		str	r2, [r3]
 151:.\Generated_Source\PSoC4/UART_RX_ISR.c **** 
 152:.\Generated_Source\PSoC4/UART_RX_ISR.c ****     /* `#END` */
 153:.\Generated_Source\PSoC4/UART_RX_ISR.c **** }
 170              		.loc 1 153 0
 171 001c BD46     		mov	sp, r7
 172 001e 02B0     		add	sp, sp, #8
 173              		@ sp needed for prologue
 174 0020 80BD     		pop	{r7, pc}
 175              	.L10:
 176 0022 C046     		.align	2
 177              	.L9:
 178 0024 00000000 		.word	flag
 179 0028 CC0F0740 		.word	1074204620
 180 002c C00F0740 		.word	1074204608
 181              		.cfi_endproc
 182              	.LFE3:
 183              		.size	UART_RX_ISR_Interrupt, .-UART_RX_ISR_Interrupt
 184              		.section	.text.UART_RX_ISR_SetVector,"ax",%progbits
 185              		.align	2
 186              		.global	UART_RX_ISR_SetVector
 187              		.code	16
 188              		.thumb_func
 189              		.type	UART_RX_ISR_SetVector, %function
ARM GAS  C:\Users\Sam\AppData\Local\Temp\ccGxIM3P.s 			page 7


 190              	UART_RX_ISR_SetVector:
 191              	.LFB4:
 154:.\Generated_Source\PSoC4/UART_RX_ISR.c **** 
 155:.\Generated_Source\PSoC4/UART_RX_ISR.c **** 
 156:.\Generated_Source\PSoC4/UART_RX_ISR.c **** /*******************************************************************************
 157:.\Generated_Source\PSoC4/UART_RX_ISR.c **** * Function Name: UART_RX_ISR_SetVector
 158:.\Generated_Source\PSoC4/UART_RX_ISR.c **** ********************************************************************************
 159:.\Generated_Source\PSoC4/UART_RX_ISR.c **** *
 160:.\Generated_Source\PSoC4/UART_RX_ISR.c **** * Summary:
 161:.\Generated_Source\PSoC4/UART_RX_ISR.c **** *   Change the ISR vector for the Interrupt. Note calling UART_RX_ISR_Start
 162:.\Generated_Source\PSoC4/UART_RX_ISR.c **** *   will override any effect this method would have had. To set the vector 
 163:.\Generated_Source\PSoC4/UART_RX_ISR.c **** *   before the component has been started use UART_RX_ISR_StartEx instead.
 164:.\Generated_Source\PSoC4/UART_RX_ISR.c **** *
 165:.\Generated_Source\PSoC4/UART_RX_ISR.c **** * Parameters:
 166:.\Generated_Source\PSoC4/UART_RX_ISR.c **** *   address: Address of the ISR to set in the interrupt vector table.
 167:.\Generated_Source\PSoC4/UART_RX_ISR.c **** *
 168:.\Generated_Source\PSoC4/UART_RX_ISR.c **** * Return:
 169:.\Generated_Source\PSoC4/UART_RX_ISR.c **** *   None
 170:.\Generated_Source\PSoC4/UART_RX_ISR.c **** *
 171:.\Generated_Source\PSoC4/UART_RX_ISR.c **** *******************************************************************************/
 172:.\Generated_Source\PSoC4/UART_RX_ISR.c **** void UART_RX_ISR_SetVector(cyisraddress address)
 173:.\Generated_Source\PSoC4/UART_RX_ISR.c **** {
 192              		.loc 1 173 0
 193              		.cfi_startproc
 194 0000 80B5     		push	{r7, lr}
 195              	.LCFI10:
 196              		.cfi_def_cfa_offset 8
 197              		.cfi_offset 7, -8
 198              		.cfi_offset 14, -4
 199 0002 82B0     		sub	sp, sp, #8
 200              	.LCFI11:
 201              		.cfi_def_cfa_offset 16
 202 0004 00AF     		add	r7, sp, #0
 203              	.LCFI12:
 204              		.cfi_def_cfa_register 7
 205 0006 7860     		str	r0, [r7, #4]
 174:.\Generated_Source\PSoC4/UART_RX_ISR.c ****     CyRamVectors[CYINT_IRQ_BASE + UART_RX_ISR__INTC_NUMBER] = address;
 206              		.loc 1 174 0
 207 0008 024B     		ldr	r3, .L12
 208 000a 7A68     		ldr	r2, [r7, #4]
 209 000c DA66     		str	r2, [r3, #108]
 175:.\Generated_Source\PSoC4/UART_RX_ISR.c **** }
 210              		.loc 1 175 0
 211 000e BD46     		mov	sp, r7
 212 0010 02B0     		add	sp, sp, #8
 213              		@ sp needed for prologue
 214 0012 80BD     		pop	{r7, pc}
 215              	.L13:
 216              		.align	2
 217              	.L12:
 218 0014 00000000 		.word	CyRamVectors
 219              		.cfi_endproc
 220              	.LFE4:
 221              		.size	UART_RX_ISR_SetVector, .-UART_RX_ISR_SetVector
 222              		.section	.text.UART_RX_ISR_GetVector,"ax",%progbits
 223              		.align	2
 224              		.global	UART_RX_ISR_GetVector
ARM GAS  C:\Users\Sam\AppData\Local\Temp\ccGxIM3P.s 			page 8


 225              		.code	16
 226              		.thumb_func
 227              		.type	UART_RX_ISR_GetVector, %function
 228              	UART_RX_ISR_GetVector:
 229              	.LFB5:
 176:.\Generated_Source\PSoC4/UART_RX_ISR.c **** 
 177:.\Generated_Source\PSoC4/UART_RX_ISR.c **** 
 178:.\Generated_Source\PSoC4/UART_RX_ISR.c **** /*******************************************************************************
 179:.\Generated_Source\PSoC4/UART_RX_ISR.c **** * Function Name: UART_RX_ISR_GetVector
 180:.\Generated_Source\PSoC4/UART_RX_ISR.c **** ********************************************************************************
 181:.\Generated_Source\PSoC4/UART_RX_ISR.c **** *
 182:.\Generated_Source\PSoC4/UART_RX_ISR.c **** * Summary:
 183:.\Generated_Source\PSoC4/UART_RX_ISR.c **** *   Gets the "address" of the current ISR vector for the Interrupt.
 184:.\Generated_Source\PSoC4/UART_RX_ISR.c **** *
 185:.\Generated_Source\PSoC4/UART_RX_ISR.c **** * Parameters:
 186:.\Generated_Source\PSoC4/UART_RX_ISR.c **** *   None
 187:.\Generated_Source\PSoC4/UART_RX_ISR.c **** *
 188:.\Generated_Source\PSoC4/UART_RX_ISR.c **** * Return:
 189:.\Generated_Source\PSoC4/UART_RX_ISR.c **** *   Address of the ISR in the interrupt vector table.
 190:.\Generated_Source\PSoC4/UART_RX_ISR.c **** *
 191:.\Generated_Source\PSoC4/UART_RX_ISR.c **** *******************************************************************************/
 192:.\Generated_Source\PSoC4/UART_RX_ISR.c **** cyisraddress UART_RX_ISR_GetVector(void)
 193:.\Generated_Source\PSoC4/UART_RX_ISR.c **** {
 230              		.loc 1 193 0
 231              		.cfi_startproc
 232 0000 80B5     		push	{r7, lr}
 233              	.LCFI13:
 234              		.cfi_def_cfa_offset 8
 235              		.cfi_offset 7, -8
 236              		.cfi_offset 14, -4
 237 0002 00AF     		add	r7, sp, #0
 238              	.LCFI14:
 239              		.cfi_def_cfa_register 7
 194:.\Generated_Source\PSoC4/UART_RX_ISR.c ****     return CyRamVectors[CYINT_IRQ_BASE + UART_RX_ISR__INTC_NUMBER];
 240              		.loc 1 194 0
 241 0004 024B     		ldr	r3, .L16
 242 0006 DB6E     		ldr	r3, [r3, #108]
 195:.\Generated_Source\PSoC4/UART_RX_ISR.c **** }
 243              		.loc 1 195 0
 244 0008 181C     		mov	r0, r3
 245 000a BD46     		mov	sp, r7
 246              		@ sp needed for prologue
 247 000c 80BD     		pop	{r7, pc}
 248              	.L17:
 249 000e C046     		.align	2
 250              	.L16:
 251 0010 00000000 		.word	CyRamVectors
 252              		.cfi_endproc
 253              	.LFE5:
 254              		.size	UART_RX_ISR_GetVector, .-UART_RX_ISR_GetVector
 255              		.section	.text.UART_RX_ISR_SetPriority,"ax",%progbits
 256              		.align	2
 257              		.global	UART_RX_ISR_SetPriority
 258              		.code	16
 259              		.thumb_func
 260              		.type	UART_RX_ISR_SetPriority, %function
 261              	UART_RX_ISR_SetPriority:
ARM GAS  C:\Users\Sam\AppData\Local\Temp\ccGxIM3P.s 			page 9


 262              	.LFB6:
 196:.\Generated_Source\PSoC4/UART_RX_ISR.c **** 
 197:.\Generated_Source\PSoC4/UART_RX_ISR.c **** 
 198:.\Generated_Source\PSoC4/UART_RX_ISR.c **** /*******************************************************************************
 199:.\Generated_Source\PSoC4/UART_RX_ISR.c **** * Function Name: UART_RX_ISR_SetPriority
 200:.\Generated_Source\PSoC4/UART_RX_ISR.c **** ********************************************************************************
 201:.\Generated_Source\PSoC4/UART_RX_ISR.c **** *
 202:.\Generated_Source\PSoC4/UART_RX_ISR.c **** * Summary:
 203:.\Generated_Source\PSoC4/UART_RX_ISR.c **** *   Sets the Priority of the Interrupt. Note calling UART_RX_ISR_Start
 204:.\Generated_Source\PSoC4/UART_RX_ISR.c **** *   or UART_RX_ISR_StartEx will override any effect this method would 
 205:.\Generated_Source\PSoC4/UART_RX_ISR.c **** *   have had. This method should only be called after UART_RX_ISR_Start or 
 206:.\Generated_Source\PSoC4/UART_RX_ISR.c **** *   UART_RX_ISR_StartEx has been called. To set the initial
 207:.\Generated_Source\PSoC4/UART_RX_ISR.c **** *   priority for the component use the cydwr file in the tool.
 208:.\Generated_Source\PSoC4/UART_RX_ISR.c **** *
 209:.\Generated_Source\PSoC4/UART_RX_ISR.c **** * Parameters:
 210:.\Generated_Source\PSoC4/UART_RX_ISR.c **** *   priority: Priority of the interrupt. 0 - 3, 0 being the highest.
 211:.\Generated_Source\PSoC4/UART_RX_ISR.c **** *
 212:.\Generated_Source\PSoC4/UART_RX_ISR.c **** * Return:
 213:.\Generated_Source\PSoC4/UART_RX_ISR.c **** *   None
 214:.\Generated_Source\PSoC4/UART_RX_ISR.c **** *
 215:.\Generated_Source\PSoC4/UART_RX_ISR.c **** *******************************************************************************/
 216:.\Generated_Source\PSoC4/UART_RX_ISR.c **** void UART_RX_ISR_SetPriority(uint8 priority)
 217:.\Generated_Source\PSoC4/UART_RX_ISR.c **** {
 263              		.loc 1 217 0
 264              		.cfi_startproc
 265 0000 90B5     		push	{r4, r7, lr}
 266              	.LCFI15:
 267              		.cfi_def_cfa_offset 12
 268              		.cfi_offset 4, -12
 269              		.cfi_offset 7, -8
 270              		.cfi_offset 14, -4
 271 0002 85B0     		sub	sp, sp, #20
 272              	.LCFI16:
 273              		.cfi_def_cfa_offset 32
 274 0004 00AF     		add	r7, sp, #0
 275              	.LCFI17:
 276              		.cfi_def_cfa_register 7
 277 0006 021C     		mov	r2, r0
 278 0008 FB1D     		add	r3, r7, #7
 279 000a 1A70     		strb	r2, [r3]
 218:.\Generated_Source\PSoC4/UART_RX_ISR.c **** 	uint8 interruptState;
 219:.\Generated_Source\PSoC4/UART_RX_ISR.c ****     uint32 priorityOffset = ((UART_RX_ISR__INTC_NUMBER % 4u) * 8u) + 6u;
 280              		.loc 1 219 0
 281 000c 1E23     		mov	r3, #30
 282 000e FB60     		str	r3, [r7, #12]
 220:.\Generated_Source\PSoC4/UART_RX_ISR.c ****     
 221:.\Generated_Source\PSoC4/UART_RX_ISR.c **** 	interruptState = CyEnterCriticalSection();
 283              		.loc 1 221 0
 284 0010 3C1C     		mov	r4, r7
 285 0012 0B34     		add	r4, r4, #11
 286 0014 FFF7FEFF 		bl	CyEnterCriticalSection
 287 0018 031C     		mov	r3, r0
 288 001a 2370     		strb	r3, [r4]
 222:.\Generated_Source\PSoC4/UART_RX_ISR.c ****     *UART_RX_ISR_INTC_PRIOR = (*UART_RX_ISR_INTC_PRIOR & (uint32)(~UART_RX_ISR__INTC_PRIOR_MASK)) |
 289              		.loc 1 222 0
 290 001c 0A4B     		ldr	r3, .L19
 291 001e 0A4A     		ldr	r2, .L19
ARM GAS  C:\Users\Sam\AppData\Local\Temp\ccGxIM3P.s 			page 10


 292 0020 1268     		ldr	r2, [r2]
 293 0022 9200     		lsl	r2, r2, #2
 294 0024 9108     		lsr	r1, r2, #2
 223:.\Generated_Source\PSoC4/UART_RX_ISR.c ****                                     ((uint32)priority << priorityOffset);
 295              		.loc 1 223 0
 296 0026 FA1D     		add	r2, r7, #7
 297 0028 1078     		ldrb	r0, [r2]
 298 002a FA68     		ldr	r2, [r7, #12]
 299 002c 041C     		mov	r4, r0
 300 002e 9440     		lsl	r4, r4, r2
 301 0030 221C     		mov	r2, r4
 222:.\Generated_Source\PSoC4/UART_RX_ISR.c ****     *UART_RX_ISR_INTC_PRIOR = (*UART_RX_ISR_INTC_PRIOR & (uint32)(~UART_RX_ISR__INTC_PRIOR_MASK)) |
 302              		.loc 1 222 0
 303 0032 0A43     		orr	r2, r1
 304 0034 1A60     		str	r2, [r3]
 224:.\Generated_Source\PSoC4/UART_RX_ISR.c **** 	CyExitCriticalSection(interruptState);
 305              		.loc 1 224 0
 306 0036 3B1C     		mov	r3, r7
 307 0038 0B33     		add	r3, r3, #11
 308 003a 1B78     		ldrb	r3, [r3]
 309 003c 181C     		mov	r0, r3
 310 003e FFF7FEFF 		bl	CyExitCriticalSection
 225:.\Generated_Source\PSoC4/UART_RX_ISR.c **** }
 311              		.loc 1 225 0
 312 0042 BD46     		mov	sp, r7
 313 0044 05B0     		add	sp, sp, #20
 314              		@ sp needed for prologue
 315 0046 90BD     		pop	{r4, r7, pc}
 316              	.L20:
 317              		.align	2
 318              	.L19:
 319 0048 08E400E0 		.word	-536812536
 320              		.cfi_endproc
 321              	.LFE6:
 322              		.size	UART_RX_ISR_SetPriority, .-UART_RX_ISR_SetPriority
 323              		.section	.text.UART_RX_ISR_GetPriority,"ax",%progbits
 324              		.align	2
 325              		.global	UART_RX_ISR_GetPriority
 326              		.code	16
 327              		.thumb_func
 328              		.type	UART_RX_ISR_GetPriority, %function
 329              	UART_RX_ISR_GetPriority:
 330              	.LFB7:
 226:.\Generated_Source\PSoC4/UART_RX_ISR.c **** 
 227:.\Generated_Source\PSoC4/UART_RX_ISR.c **** 
 228:.\Generated_Source\PSoC4/UART_RX_ISR.c **** /*******************************************************************************
 229:.\Generated_Source\PSoC4/UART_RX_ISR.c **** * Function Name: UART_RX_ISR_GetPriority
 230:.\Generated_Source\PSoC4/UART_RX_ISR.c **** ********************************************************************************
 231:.\Generated_Source\PSoC4/UART_RX_ISR.c **** *
 232:.\Generated_Source\PSoC4/UART_RX_ISR.c **** * Summary:
 233:.\Generated_Source\PSoC4/UART_RX_ISR.c **** *   Gets the Priority of the Interrupt.
 234:.\Generated_Source\PSoC4/UART_RX_ISR.c **** *
 235:.\Generated_Source\PSoC4/UART_RX_ISR.c **** * Parameters:
 236:.\Generated_Source\PSoC4/UART_RX_ISR.c **** *   None
 237:.\Generated_Source\PSoC4/UART_RX_ISR.c **** *
 238:.\Generated_Source\PSoC4/UART_RX_ISR.c **** * Return:
 239:.\Generated_Source\PSoC4/UART_RX_ISR.c **** *   Priority of the interrupt. 0 - 3, 0 being the highest.
ARM GAS  C:\Users\Sam\AppData\Local\Temp\ccGxIM3P.s 			page 11


 240:.\Generated_Source\PSoC4/UART_RX_ISR.c **** *
 241:.\Generated_Source\PSoC4/UART_RX_ISR.c **** *******************************************************************************/
 242:.\Generated_Source\PSoC4/UART_RX_ISR.c **** uint8 UART_RX_ISR_GetPriority(void)
 243:.\Generated_Source\PSoC4/UART_RX_ISR.c **** {
 331              		.loc 1 243 0
 332              		.cfi_startproc
 333 0000 80B5     		push	{r7, lr}
 334              	.LCFI18:
 335              		.cfi_def_cfa_offset 8
 336              		.cfi_offset 7, -8
 337              		.cfi_offset 14, -4
 338 0002 82B0     		sub	sp, sp, #8
 339              	.LCFI19:
 340              		.cfi_def_cfa_offset 16
 341 0004 00AF     		add	r7, sp, #0
 342              	.LCFI20:
 343              		.cfi_def_cfa_register 7
 244:.\Generated_Source\PSoC4/UART_RX_ISR.c ****     uint32 priority;
 245:.\Generated_Source\PSoC4/UART_RX_ISR.c **** 	uint32 priorityOffset = ((UART_RX_ISR__INTC_NUMBER % 4u) * 8u) + 6u;
 344              		.loc 1 245 0
 345 0006 1E23     		mov	r3, #30
 346 0008 7B60     		str	r3, [r7, #4]
 246:.\Generated_Source\PSoC4/UART_RX_ISR.c **** 
 247:.\Generated_Source\PSoC4/UART_RX_ISR.c ****     priority = (*UART_RX_ISR_INTC_PRIOR & UART_RX_ISR__INTC_PRIOR_MASK) >> priorityOffset;
 347              		.loc 1 247 0
 348 000a 074B     		ldr	r3, .L23
 349 000c 1B68     		ldr	r3, [r3]
 350 000e 9B0F     		lsr	r3, r3, #30
 351 0010 9A07     		lsl	r2, r3, #30
 352 0012 7B68     		ldr	r3, [r7, #4]
 353 0014 111C     		mov	r1, r2
 354 0016 D940     		lsr	r1, r1, r3
 355 0018 0B1C     		mov	r3, r1
 356 001a 3B60     		str	r3, [r7]
 248:.\Generated_Source\PSoC4/UART_RX_ISR.c **** 
 249:.\Generated_Source\PSoC4/UART_RX_ISR.c ****     return (uint8)priority;
 357              		.loc 1 249 0
 358 001c 3B68     		ldr	r3, [r7]
 359 001e DBB2     		uxtb	r3, r3
 250:.\Generated_Source\PSoC4/UART_RX_ISR.c **** }
 360              		.loc 1 250 0
 361 0020 181C     		mov	r0, r3
 362 0022 BD46     		mov	sp, r7
 363 0024 02B0     		add	sp, sp, #8
 364              		@ sp needed for prologue
 365 0026 80BD     		pop	{r7, pc}
 366              	.L24:
 367              		.align	2
 368              	.L23:
 369 0028 08E400E0 		.word	-536812536
 370              		.cfi_endproc
 371              	.LFE7:
 372              		.size	UART_RX_ISR_GetPriority, .-UART_RX_ISR_GetPriority
 373              		.section	.text.UART_RX_ISR_Enable,"ax",%progbits
 374              		.align	2
 375              		.global	UART_RX_ISR_Enable
 376              		.code	16
ARM GAS  C:\Users\Sam\AppData\Local\Temp\ccGxIM3P.s 			page 12


 377              		.thumb_func
 378              		.type	UART_RX_ISR_Enable, %function
 379              	UART_RX_ISR_Enable:
 380              	.LFB8:
 251:.\Generated_Source\PSoC4/UART_RX_ISR.c **** 
 252:.\Generated_Source\PSoC4/UART_RX_ISR.c **** 
 253:.\Generated_Source\PSoC4/UART_RX_ISR.c **** /*******************************************************************************
 254:.\Generated_Source\PSoC4/UART_RX_ISR.c **** * Function Name: UART_RX_ISR_Enable
 255:.\Generated_Source\PSoC4/UART_RX_ISR.c **** ********************************************************************************
 256:.\Generated_Source\PSoC4/UART_RX_ISR.c **** *
 257:.\Generated_Source\PSoC4/UART_RX_ISR.c **** * Summary:
 258:.\Generated_Source\PSoC4/UART_RX_ISR.c **** *   Enables the interrupt.
 259:.\Generated_Source\PSoC4/UART_RX_ISR.c **** *
 260:.\Generated_Source\PSoC4/UART_RX_ISR.c **** * Parameters:
 261:.\Generated_Source\PSoC4/UART_RX_ISR.c **** *   None
 262:.\Generated_Source\PSoC4/UART_RX_ISR.c **** *
 263:.\Generated_Source\PSoC4/UART_RX_ISR.c **** * Return:
 264:.\Generated_Source\PSoC4/UART_RX_ISR.c **** *   None
 265:.\Generated_Source\PSoC4/UART_RX_ISR.c **** *
 266:.\Generated_Source\PSoC4/UART_RX_ISR.c **** *******************************************************************************/
 267:.\Generated_Source\PSoC4/UART_RX_ISR.c **** void UART_RX_ISR_Enable(void)
 268:.\Generated_Source\PSoC4/UART_RX_ISR.c **** {
 381              		.loc 1 268 0
 382              		.cfi_startproc
 383 0000 80B5     		push	{r7, lr}
 384              	.LCFI21:
 385              		.cfi_def_cfa_offset 8
 386              		.cfi_offset 7, -8
 387              		.cfi_offset 14, -4
 388 0002 00AF     		add	r7, sp, #0
 389              	.LCFI22:
 390              		.cfi_def_cfa_register 7
 269:.\Generated_Source\PSoC4/UART_RX_ISR.c ****     /* Enable the general interrupt. */
 270:.\Generated_Source\PSoC4/UART_RX_ISR.c ****     *UART_RX_ISR_INTC_SET_EN = UART_RX_ISR__INTC_MASK;
 391              		.loc 1 270 0
 392 0004 024B     		ldr	r3, .L26
 393 0006 8022     		mov	r2, #128
 394 0008 1201     		lsl	r2, r2, #4
 395 000a 1A60     		str	r2, [r3]
 271:.\Generated_Source\PSoC4/UART_RX_ISR.c **** }
 396              		.loc 1 271 0
 397 000c BD46     		mov	sp, r7
 398              		@ sp needed for prologue
 399 000e 80BD     		pop	{r7, pc}
 400              	.L27:
 401              		.align	2
 402              	.L26:
 403 0010 00E100E0 		.word	-536813312
 404              		.cfi_endproc
 405              	.LFE8:
 406              		.size	UART_RX_ISR_Enable, .-UART_RX_ISR_Enable
 407              		.section	.text.UART_RX_ISR_GetState,"ax",%progbits
 408              		.align	2
 409              		.global	UART_RX_ISR_GetState
 410              		.code	16
 411              		.thumb_func
 412              		.type	UART_RX_ISR_GetState, %function
ARM GAS  C:\Users\Sam\AppData\Local\Temp\ccGxIM3P.s 			page 13


 413              	UART_RX_ISR_GetState:
 414              	.LFB9:
 272:.\Generated_Source\PSoC4/UART_RX_ISR.c **** 
 273:.\Generated_Source\PSoC4/UART_RX_ISR.c **** 
 274:.\Generated_Source\PSoC4/UART_RX_ISR.c **** /*******************************************************************************
 275:.\Generated_Source\PSoC4/UART_RX_ISR.c **** * Function Name: UART_RX_ISR_GetState
 276:.\Generated_Source\PSoC4/UART_RX_ISR.c **** ********************************************************************************
 277:.\Generated_Source\PSoC4/UART_RX_ISR.c **** *
 278:.\Generated_Source\PSoC4/UART_RX_ISR.c **** * Summary:
 279:.\Generated_Source\PSoC4/UART_RX_ISR.c **** *   Gets the state (enabled, disabled) of the Interrupt.
 280:.\Generated_Source\PSoC4/UART_RX_ISR.c **** *
 281:.\Generated_Source\PSoC4/UART_RX_ISR.c **** * Parameters:
 282:.\Generated_Source\PSoC4/UART_RX_ISR.c **** *   None
 283:.\Generated_Source\PSoC4/UART_RX_ISR.c **** *
 284:.\Generated_Source\PSoC4/UART_RX_ISR.c **** * Return:
 285:.\Generated_Source\PSoC4/UART_RX_ISR.c **** *   1 if enabled, 0 if disabled.
 286:.\Generated_Source\PSoC4/UART_RX_ISR.c **** *
 287:.\Generated_Source\PSoC4/UART_RX_ISR.c **** *******************************************************************************/
 288:.\Generated_Source\PSoC4/UART_RX_ISR.c **** uint8 UART_RX_ISR_GetState(void)
 289:.\Generated_Source\PSoC4/UART_RX_ISR.c **** {
 415              		.loc 1 289 0
 416              		.cfi_startproc
 417 0000 80B5     		push	{r7, lr}
 418              	.LCFI23:
 419              		.cfi_def_cfa_offset 8
 420              		.cfi_offset 7, -8
 421              		.cfi_offset 14, -4
 422 0002 00AF     		add	r7, sp, #0
 423              	.LCFI24:
 424              		.cfi_def_cfa_register 7
 290:.\Generated_Source\PSoC4/UART_RX_ISR.c ****     /* Get the state of the general interrupt. */
 291:.\Generated_Source\PSoC4/UART_RX_ISR.c ****     return ((*UART_RX_ISR_INTC_SET_EN & (uint32)UART_RX_ISR__INTC_MASK) != 0u) ? 1u:0u;
 425              		.loc 1 291 0
 426 0004 054B     		ldr	r3, .L32
 427 0006 1A68     		ldr	r2, [r3]
 428 0008 8023     		mov	r3, #128
 429 000a 1B01     		lsl	r3, r3, #4
 430 000c 1340     		and	r3, r2
 431 000e 01D0     		beq	.L29
 432              		.loc 1 291 0 is_stmt 0 discriminator 1
 433 0010 0123     		mov	r3, #1
 434 0012 00E0     		b	.L30
 435              	.L29:
 436              		.loc 1 291 0 discriminator 2
 437 0014 0023     		mov	r3, #0
 438              	.L30:
 292:.\Generated_Source\PSoC4/UART_RX_ISR.c **** }
 439              		.loc 1 292 0 is_stmt 1 discriminator 3
 440 0016 181C     		mov	r0, r3
 441 0018 BD46     		mov	sp, r7
 442              		@ sp needed for prologue
 443 001a 80BD     		pop	{r7, pc}
 444              	.L33:
 445              		.align	2
 446              	.L32:
 447 001c 00E100E0 		.word	-536813312
 448              		.cfi_endproc
ARM GAS  C:\Users\Sam\AppData\Local\Temp\ccGxIM3P.s 			page 14


 449              	.LFE9:
 450              		.size	UART_RX_ISR_GetState, .-UART_RX_ISR_GetState
 451              		.section	.text.UART_RX_ISR_Disable,"ax",%progbits
 452              		.align	2
 453              		.global	UART_RX_ISR_Disable
 454              		.code	16
 455              		.thumb_func
 456              		.type	UART_RX_ISR_Disable, %function
 457              	UART_RX_ISR_Disable:
 458              	.LFB10:
 293:.\Generated_Source\PSoC4/UART_RX_ISR.c **** 
 294:.\Generated_Source\PSoC4/UART_RX_ISR.c **** 
 295:.\Generated_Source\PSoC4/UART_RX_ISR.c **** /*******************************************************************************
 296:.\Generated_Source\PSoC4/UART_RX_ISR.c **** * Function Name: UART_RX_ISR_Disable
 297:.\Generated_Source\PSoC4/UART_RX_ISR.c **** ********************************************************************************
 298:.\Generated_Source\PSoC4/UART_RX_ISR.c **** *
 299:.\Generated_Source\PSoC4/UART_RX_ISR.c **** * Summary:
 300:.\Generated_Source\PSoC4/UART_RX_ISR.c **** *   Disables the Interrupt.
 301:.\Generated_Source\PSoC4/UART_RX_ISR.c **** *
 302:.\Generated_Source\PSoC4/UART_RX_ISR.c **** * Parameters:
 303:.\Generated_Source\PSoC4/UART_RX_ISR.c **** *   None
 304:.\Generated_Source\PSoC4/UART_RX_ISR.c **** *
 305:.\Generated_Source\PSoC4/UART_RX_ISR.c **** * Return:
 306:.\Generated_Source\PSoC4/UART_RX_ISR.c **** *   None
 307:.\Generated_Source\PSoC4/UART_RX_ISR.c **** *
 308:.\Generated_Source\PSoC4/UART_RX_ISR.c **** *******************************************************************************/
 309:.\Generated_Source\PSoC4/UART_RX_ISR.c **** void UART_RX_ISR_Disable(void)
 310:.\Generated_Source\PSoC4/UART_RX_ISR.c **** {
 459              		.loc 1 310 0
 460              		.cfi_startproc
 461 0000 80B5     		push	{r7, lr}
 462              	.LCFI25:
 463              		.cfi_def_cfa_offset 8
 464              		.cfi_offset 7, -8
 465              		.cfi_offset 14, -4
 466 0002 00AF     		add	r7, sp, #0
 467              	.LCFI26:
 468              		.cfi_def_cfa_register 7
 311:.\Generated_Source\PSoC4/UART_RX_ISR.c ****     /* Disable the general interrupt. */
 312:.\Generated_Source\PSoC4/UART_RX_ISR.c ****     *UART_RX_ISR_INTC_CLR_EN = UART_RX_ISR__INTC_MASK;
 469              		.loc 1 312 0
 470 0004 024B     		ldr	r3, .L35
 471 0006 8022     		mov	r2, #128
 472 0008 1201     		lsl	r2, r2, #4
 473 000a 1A60     		str	r2, [r3]
 313:.\Generated_Source\PSoC4/UART_RX_ISR.c **** }
 474              		.loc 1 313 0
 475 000c BD46     		mov	sp, r7
 476              		@ sp needed for prologue
 477 000e 80BD     		pop	{r7, pc}
 478              	.L36:
 479              		.align	2
 480              	.L35:
 481 0010 80E100E0 		.word	-536813184
 482              		.cfi_endproc
 483              	.LFE10:
 484              		.size	UART_RX_ISR_Disable, .-UART_RX_ISR_Disable
ARM GAS  C:\Users\Sam\AppData\Local\Temp\ccGxIM3P.s 			page 15


 485              		.section	.text.UART_RX_ISR_SetPending,"ax",%progbits
 486              		.align	2
 487              		.global	UART_RX_ISR_SetPending
 488              		.code	16
 489              		.thumb_func
 490              		.type	UART_RX_ISR_SetPending, %function
 491              	UART_RX_ISR_SetPending:
 492              	.LFB11:
 314:.\Generated_Source\PSoC4/UART_RX_ISR.c **** 
 315:.\Generated_Source\PSoC4/UART_RX_ISR.c **** 
 316:.\Generated_Source\PSoC4/UART_RX_ISR.c **** /*******************************************************************************
 317:.\Generated_Source\PSoC4/UART_RX_ISR.c **** * Function Name: UART_RX_ISR_SetPending
 318:.\Generated_Source\PSoC4/UART_RX_ISR.c **** ********************************************************************************
 319:.\Generated_Source\PSoC4/UART_RX_ISR.c **** *
 320:.\Generated_Source\PSoC4/UART_RX_ISR.c **** * Summary:
 321:.\Generated_Source\PSoC4/UART_RX_ISR.c **** *   Causes the Interrupt to enter the pending state, a software method of
 322:.\Generated_Source\PSoC4/UART_RX_ISR.c **** *   generating the interrupt.
 323:.\Generated_Source\PSoC4/UART_RX_ISR.c **** *
 324:.\Generated_Source\PSoC4/UART_RX_ISR.c **** * Parameters:
 325:.\Generated_Source\PSoC4/UART_RX_ISR.c **** *   None
 326:.\Generated_Source\PSoC4/UART_RX_ISR.c **** *
 327:.\Generated_Source\PSoC4/UART_RX_ISR.c **** * Return:
 328:.\Generated_Source\PSoC4/UART_RX_ISR.c **** *   None
 329:.\Generated_Source\PSoC4/UART_RX_ISR.c **** *
 330:.\Generated_Source\PSoC4/UART_RX_ISR.c **** *******************************************************************************/
 331:.\Generated_Source\PSoC4/UART_RX_ISR.c **** void UART_RX_ISR_SetPending(void)
 332:.\Generated_Source\PSoC4/UART_RX_ISR.c **** {
 493              		.loc 1 332 0
 494              		.cfi_startproc
 495 0000 80B5     		push	{r7, lr}
 496              	.LCFI27:
 497              		.cfi_def_cfa_offset 8
 498              		.cfi_offset 7, -8
 499              		.cfi_offset 14, -4
 500 0002 00AF     		add	r7, sp, #0
 501              	.LCFI28:
 502              		.cfi_def_cfa_register 7
 333:.\Generated_Source\PSoC4/UART_RX_ISR.c ****     *UART_RX_ISR_INTC_SET_PD = UART_RX_ISR__INTC_MASK;
 503              		.loc 1 333 0
 504 0004 024B     		ldr	r3, .L38
 505 0006 8022     		mov	r2, #128
 506 0008 1201     		lsl	r2, r2, #4
 507 000a 1A60     		str	r2, [r3]
 334:.\Generated_Source\PSoC4/UART_RX_ISR.c **** }
 508              		.loc 1 334 0
 509 000c BD46     		mov	sp, r7
 510              		@ sp needed for prologue
 511 000e 80BD     		pop	{r7, pc}
 512              	.L39:
 513              		.align	2
 514              	.L38:
 515 0010 00E200E0 		.word	-536813056
 516              		.cfi_endproc
 517              	.LFE11:
 518              		.size	UART_RX_ISR_SetPending, .-UART_RX_ISR_SetPending
 519              		.section	.text.UART_RX_ISR_ClearPending,"ax",%progbits
 520              		.align	2
ARM GAS  C:\Users\Sam\AppData\Local\Temp\ccGxIM3P.s 			page 16


 521              		.global	UART_RX_ISR_ClearPending
 522              		.code	16
 523              		.thumb_func
 524              		.type	UART_RX_ISR_ClearPending, %function
 525              	UART_RX_ISR_ClearPending:
 526              	.LFB12:
 335:.\Generated_Source\PSoC4/UART_RX_ISR.c **** 
 336:.\Generated_Source\PSoC4/UART_RX_ISR.c **** 
 337:.\Generated_Source\PSoC4/UART_RX_ISR.c **** /*******************************************************************************
 338:.\Generated_Source\PSoC4/UART_RX_ISR.c **** * Function Name: UART_RX_ISR_ClearPending
 339:.\Generated_Source\PSoC4/UART_RX_ISR.c **** ********************************************************************************
 340:.\Generated_Source\PSoC4/UART_RX_ISR.c **** *
 341:.\Generated_Source\PSoC4/UART_RX_ISR.c **** * Summary:
 342:.\Generated_Source\PSoC4/UART_RX_ISR.c **** *   Clears a pending interrupt.
 343:.\Generated_Source\PSoC4/UART_RX_ISR.c **** *
 344:.\Generated_Source\PSoC4/UART_RX_ISR.c **** * Parameters:
 345:.\Generated_Source\PSoC4/UART_RX_ISR.c **** *   None
 346:.\Generated_Source\PSoC4/UART_RX_ISR.c **** *
 347:.\Generated_Source\PSoC4/UART_RX_ISR.c **** * Return:
 348:.\Generated_Source\PSoC4/UART_RX_ISR.c **** *   None
 349:.\Generated_Source\PSoC4/UART_RX_ISR.c **** *
 350:.\Generated_Source\PSoC4/UART_RX_ISR.c **** *******************************************************************************/
 351:.\Generated_Source\PSoC4/UART_RX_ISR.c **** void UART_RX_ISR_ClearPending(void)
 352:.\Generated_Source\PSoC4/UART_RX_ISR.c **** {
 527              		.loc 1 352 0
 528              		.cfi_startproc
 529 0000 80B5     		push	{r7, lr}
 530              	.LCFI29:
 531              		.cfi_def_cfa_offset 8
 532              		.cfi_offset 7, -8
 533              		.cfi_offset 14, -4
 534 0002 00AF     		add	r7, sp, #0
 535              	.LCFI30:
 536              		.cfi_def_cfa_register 7
 353:.\Generated_Source\PSoC4/UART_RX_ISR.c ****     *UART_RX_ISR_INTC_CLR_PD = UART_RX_ISR__INTC_MASK;
 537              		.loc 1 353 0
 538 0004 024B     		ldr	r3, .L41
 539 0006 8022     		mov	r2, #128
 540 0008 1201     		lsl	r2, r2, #4
 541 000a 1A60     		str	r2, [r3]
 354:.\Generated_Source\PSoC4/UART_RX_ISR.c **** }
 542              		.loc 1 354 0
 543 000c BD46     		mov	sp, r7
 544              		@ sp needed for prologue
 545 000e 80BD     		pop	{r7, pc}
 546              	.L42:
 547              		.align	2
 548              	.L41:
 549 0010 80E200E0 		.word	-536812928
 550              		.cfi_endproc
 551              	.LFE12:
 552              		.size	UART_RX_ISR_ClearPending, .-UART_RX_ISR_ClearPending
 553              		.text
 554              	.Letext0:
 555              		.file 2 "./Generated_Source/PSoC4/cytypes.h"
 556              		.section	.debug_info,"",%progbits
 557              	.Ldebug_info0:
ARM GAS  C:\Users\Sam\AppData\Local\Temp\ccGxIM3P.s 			page 17


 558 0000 A4020000 		.4byte	0x2a4
 559 0004 0200     		.2byte	0x2
 560 0006 00000000 		.4byte	.Ldebug_abbrev0
 561 000a 04       		.byte	0x4
 562 000b 01       		.uleb128 0x1
 563 000c 38020000 		.4byte	.LASF36
 564 0010 01       		.byte	0x1
 565 0011 EE000000 		.4byte	.LASF37
 566 0015 1C010000 		.4byte	.LASF38
 567 0019 00000000 		.4byte	.Ldebug_ranges0+0
 568 001d 00000000 		.4byte	0
 569 0021 00000000 		.4byte	0
 570 0025 00000000 		.4byte	.Ldebug_line0
 571 0029 02       		.uleb128 0x2
 572 002a 01       		.byte	0x1
 573 002b 06       		.byte	0x6
 574 002c AD020000 		.4byte	.LASF0
 575 0030 02       		.uleb128 0x2
 576 0031 01       		.byte	0x1
 577 0032 08       		.byte	0x8
 578 0033 6F000000 		.4byte	.LASF1
 579 0037 02       		.uleb128 0x2
 580 0038 02       		.byte	0x2
 581 0039 05       		.byte	0x5
 582 003a 2E020000 		.4byte	.LASF2
 583 003e 02       		.uleb128 0x2
 584 003f 02       		.byte	0x2
 585 0040 07       		.byte	0x7
 586 0041 13000000 		.4byte	.LASF3
 587 0045 02       		.uleb128 0x2
 588 0046 04       		.byte	0x4
 589 0047 05       		.byte	0x5
 590 0048 90020000 		.4byte	.LASF4
 591 004c 02       		.uleb128 0x2
 592 004d 04       		.byte	0x4
 593 004e 07       		.byte	0x7
 594 004f A3000000 		.4byte	.LASF5
 595 0053 02       		.uleb128 0x2
 596 0054 08       		.byte	0x8
 597 0055 05       		.byte	0x5
 598 0056 07020000 		.4byte	.LASF6
 599 005a 02       		.uleb128 0x2
 600 005b 08       		.byte	0x8
 601 005c 07       		.byte	0x7
 602 005d C4010000 		.4byte	.LASF7
 603 0061 03       		.uleb128 0x3
 604 0062 04       		.byte	0x4
 605 0063 05       		.byte	0x5
 606 0064 696E7400 		.ascii	"int\000"
 607 0068 02       		.uleb128 0x2
 608 0069 04       		.byte	0x4
 609 006a 07       		.byte	0x7
 610 006b AF010000 		.4byte	.LASF8
 611 006f 04       		.uleb128 0x4
 612 0070 B5000000 		.4byte	.LASF9
 613 0074 02       		.byte	0x2
 614 0075 5B       		.byte	0x5b
ARM GAS  C:\Users\Sam\AppData\Local\Temp\ccGxIM3P.s 			page 18


 615 0076 30000000 		.4byte	0x30
 616 007a 04       		.uleb128 0x4
 617 007b A3010000 		.4byte	.LASF10
 618 007f 02       		.byte	0x2
 619 0080 5D       		.byte	0x5d
 620 0081 4C000000 		.4byte	0x4c
 621 0085 02       		.uleb128 0x2
 622 0086 04       		.byte	0x4
 623 0087 04       		.byte	0x4
 624 0088 69000000 		.4byte	.LASF11
 625 008c 02       		.uleb128 0x2
 626 008d 08       		.byte	0x8
 627 008e 04       		.byte	0x4
 628 008f 15010000 		.4byte	.LASF12
 629 0093 02       		.uleb128 0x2
 630 0094 01       		.byte	0x1
 631 0095 08       		.byte	0x8
 632 0096 29020000 		.4byte	.LASF13
 633 009a 04       		.uleb128 0x4
 634 009b 00000000 		.4byte	.LASF14
 635 009f 02       		.byte	0x2
 636 00a0 F2       		.byte	0xf2
 637 00a1 A5000000 		.4byte	0xa5
 638 00a5 05       		.uleb128 0x5
 639 00a6 7A000000 		.4byte	0x7a
 640 00aa 06       		.uleb128 0x6
 641 00ab DB010000 		.4byte	.LASF15
 642 00af 02       		.byte	0x2
 643 00b0 0201     		.2byte	0x102
 644 00b2 B6000000 		.4byte	0xb6
 645 00b6 07       		.uleb128 0x7
 646 00b7 04       		.byte	0x4
 647 00b8 BC000000 		.4byte	0xbc
 648 00bc 08       		.uleb128 0x8
 649 00bd 01       		.byte	0x1
 650 00be 02       		.uleb128 0x2
 651 00bf 04       		.byte	0x4
 652 00c0 07       		.byte	0x7
 653 00c1 FE010000 		.4byte	.LASF16
 654 00c5 09       		.uleb128 0x9
 655 00c6 01       		.byte	0x1
 656 00c7 EB020000 		.4byte	.LASF17
 657 00cb 01       		.byte	0x1
 658 00cc 35       		.byte	0x35
 659 00cd 01       		.byte	0x1
 660 00ce 00000000 		.4byte	.LFB0
 661 00d2 24000000 		.4byte	.LFE0
 662 00d6 00000000 		.4byte	.LLST0
 663 00da 01       		.byte	0x1
 664 00db 0A       		.uleb128 0xa
 665 00dc 01       		.byte	0x1
 666 00dd 15020000 		.4byte	.LASF19
 667 00e1 01       		.byte	0x1
 668 00e2 53       		.byte	0x53
 669 00e3 01       		.byte	0x1
 670 00e4 00000000 		.4byte	.LFB1
 671 00e8 24000000 		.4byte	.LFE1
ARM GAS  C:\Users\Sam\AppData\Local\Temp\ccGxIM3P.s 			page 19


 672 00ec 2C000000 		.4byte	.LLST1
 673 00f0 01       		.byte	0x1
 674 00f1 04010000 		.4byte	0x104
 675 00f5 0B       		.uleb128 0xb
 676 00f6 BC010000 		.4byte	.LASF22
 677 00fa 01       		.byte	0x1
 678 00fb 53       		.byte	0x53
 679 00fc AA000000 		.4byte	0xaa
 680 0100 02       		.byte	0x2
 681 0101 91       		.byte	0x91
 682 0102 74       		.sleb128 -12
 683 0103 00       		.byte	0
 684 0104 09       		.uleb128 0x9
 685 0105 01       		.byte	0x1
 686 0106 D4000000 		.4byte	.LASF18
 687 010a 01       		.byte	0x1
 688 010b 70       		.byte	0x70
 689 010c 01       		.byte	0x1
 690 010d 00000000 		.4byte	.LFB2
 691 0111 18000000 		.4byte	.LFE2
 692 0115 64000000 		.4byte	.LLST2
 693 0119 01       		.byte	0x1
 694 011a 0C       		.uleb128 0xc
 695 011b 01       		.byte	0x1
 696 011c E8010000 		.4byte	.LASF20
 697 0120 01       		.byte	0x1
 698 0121 8B       		.byte	0x8b
 699 0122 01       		.byte	0x1
 700 0123 00000000 		.4byte	.LFB3
 701 0127 30000000 		.4byte	.LFE3
 702 012b 90000000 		.4byte	.LLST3
 703 012f 01       		.byte	0x1
 704 0130 43010000 		.4byte	0x143
 705 0134 0D       		.uleb128 0xd
 706 0135 CC020000 		.4byte	.LASF25
 707 0139 01       		.byte	0x1
 708 013a 8F       		.byte	0x8f
 709 013b 7A000000 		.4byte	0x7a
 710 013f 02       		.byte	0x2
 711 0140 91       		.byte	0x91
 712 0141 74       		.sleb128 -12
 713 0142 00       		.byte	0
 714 0143 0C       		.uleb128 0xc
 715 0144 01       		.byte	0x1
 716 0145 26000000 		.4byte	.LASF21
 717 0149 01       		.byte	0x1
 718 014a AC       		.byte	0xac
 719 014b 01       		.byte	0x1
 720 014c 00000000 		.4byte	.LFB4
 721 0150 18000000 		.4byte	.LFE4
 722 0154 C8000000 		.4byte	.LLST4
 723 0158 01       		.byte	0x1
 724 0159 6C010000 		.4byte	0x16c
 725 015d 0B       		.uleb128 0xb
 726 015e BC010000 		.4byte	.LASF22
 727 0162 01       		.byte	0x1
 728 0163 AC       		.byte	0xac
ARM GAS  C:\Users\Sam\AppData\Local\Temp\ccGxIM3P.s 			page 20


 729 0164 AA000000 		.4byte	0xaa
 730 0168 02       		.byte	0x2
 731 0169 91       		.byte	0x91
 732 016a 74       		.sleb128 -12
 733 016b 00       		.byte	0
 734 016c 0E       		.uleb128 0xe
 735 016d 01       		.byte	0x1
 736 016e 8D010000 		.4byte	.LASF29
 737 0172 01       		.byte	0x1
 738 0173 C0       		.byte	0xc0
 739 0174 01       		.byte	0x1
 740 0175 AA000000 		.4byte	0xaa
 741 0179 00000000 		.4byte	.LFB5
 742 017d 14000000 		.4byte	.LFE5
 743 0181 00010000 		.4byte	.LLST5
 744 0185 01       		.byte	0x1
 745 0186 0A       		.uleb128 0xa
 746 0187 01       		.byte	0x1
 747 0188 51000000 		.4byte	.LASF23
 748 018c 01       		.byte	0x1
 749 018d D8       		.byte	0xd8
 750 018e 01       		.byte	0x1
 751 018f 00000000 		.4byte	.LFB6
 752 0193 4C000000 		.4byte	.LFE6
 753 0197 2C010000 		.4byte	.LLST6
 754 019b 01       		.byte	0x1
 755 019c CB010000 		.4byte	0x1cb
 756 01a0 0B       		.uleb128 0xb
 757 01a1 E5000000 		.4byte	.LASF24
 758 01a5 01       		.byte	0x1
 759 01a6 D8       		.byte	0xd8
 760 01a7 6F000000 		.4byte	0x6f
 761 01ab 02       		.byte	0x2
 762 01ac 91       		.byte	0x91
 763 01ad 67       		.sleb128 -25
 764 01ae 0D       		.uleb128 0xd
 765 01af 94000000 		.4byte	.LASF26
 766 01b3 01       		.byte	0x1
 767 01b4 DA       		.byte	0xda
 768 01b5 6F000000 		.4byte	0x6f
 769 01b9 02       		.byte	0x2
 770 01ba 91       		.byte	0x91
 771 01bb 6B       		.sleb128 -21
 772 01bc 0D       		.uleb128 0xd
 773 01bd 81020000 		.4byte	.LASF27
 774 01c1 01       		.byte	0x1
 775 01c2 DB       		.byte	0xdb
 776 01c3 7A000000 		.4byte	0x7a
 777 01c7 02       		.byte	0x2
 778 01c8 91       		.byte	0x91
 779 01c9 6C       		.sleb128 -20
 780 01ca 00       		.byte	0
 781 01cb 0F       		.uleb128 0xf
 782 01cc 01       		.byte	0x1
 783 01cd D3020000 		.4byte	.LASF39
 784 01d1 01       		.byte	0x1
 785 01d2 F2       		.byte	0xf2
ARM GAS  C:\Users\Sam\AppData\Local\Temp\ccGxIM3P.s 			page 21


 786 01d3 01       		.byte	0x1
 787 01d4 6F000000 		.4byte	0x6f
 788 01d8 00000000 		.4byte	.LFB7
 789 01dc 2C000000 		.4byte	.LFE7
 790 01e0 64010000 		.4byte	.LLST7
 791 01e4 01       		.byte	0x1
 792 01e5 06020000 		.4byte	0x206
 793 01e9 0D       		.uleb128 0xd
 794 01ea E5000000 		.4byte	.LASF24
 795 01ee 01       		.byte	0x1
 796 01ef F4       		.byte	0xf4
 797 01f0 7A000000 		.4byte	0x7a
 798 01f4 02       		.byte	0x2
 799 01f5 91       		.byte	0x91
 800 01f6 70       		.sleb128 -16
 801 01f7 0D       		.uleb128 0xd
 802 01f8 81020000 		.4byte	.LASF27
 803 01fc 01       		.byte	0x1
 804 01fd F5       		.byte	0xf5
 805 01fe 7A000000 		.4byte	0x7a
 806 0202 02       		.byte	0x2
 807 0203 91       		.byte	0x91
 808 0204 74       		.sleb128 -12
 809 0205 00       		.byte	0
 810 0206 10       		.uleb128 0x10
 811 0207 01       		.byte	0x1
 812 0208 B9020000 		.4byte	.LASF28
 813 020c 01       		.byte	0x1
 814 020d 0B01     		.2byte	0x10b
 815 020f 01       		.byte	0x1
 816 0210 00000000 		.4byte	.LFB8
 817 0214 14000000 		.4byte	.LFE8
 818 0218 9C010000 		.4byte	.LLST8
 819 021c 01       		.byte	0x1
 820 021d 11       		.uleb128 0x11
 821 021e 01       		.byte	0x1
 822 021f 3C000000 		.4byte	.LASF30
 823 0223 01       		.byte	0x1
 824 0224 2001     		.2byte	0x120
 825 0226 01       		.byte	0x1
 826 0227 6F000000 		.4byte	0x6f
 827 022b 00000000 		.4byte	.LFB9
 828 022f 20000000 		.4byte	.LFE9
 829 0233 C8010000 		.4byte	.LLST9
 830 0237 01       		.byte	0x1
 831 0238 10       		.uleb128 0x10
 832 0239 01       		.byte	0x1
 833 023a 99020000 		.4byte	.LASF31
 834 023e 01       		.byte	0x1
 835 023f 3501     		.2byte	0x135
 836 0241 01       		.byte	0x1
 837 0242 00000000 		.4byte	.LFB10
 838 0246 14000000 		.4byte	.LFE10
 839 024a F4010000 		.4byte	.LLST10
 840 024e 01       		.byte	0x1
 841 024f 10       		.uleb128 0x10
 842 0250 01       		.byte	0x1
ARM GAS  C:\Users\Sam\AppData\Local\Temp\ccGxIM3P.s 			page 22


 843 0251 7D000000 		.4byte	.LASF32
 844 0255 01       		.byte	0x1
 845 0256 4B01     		.2byte	0x14b
 846 0258 01       		.byte	0x1
 847 0259 00000000 		.4byte	.LFB11
 848 025d 14000000 		.4byte	.LFE11
 849 0261 20020000 		.4byte	.LLST11
 850 0265 01       		.byte	0x1
 851 0266 10       		.uleb128 0x10
 852 0267 01       		.byte	0x1
 853 0268 BB000000 		.4byte	.LASF33
 854 026c 01       		.byte	0x1
 855 026d 5F01     		.2byte	0x15f
 856 026f 01       		.byte	0x1
 857 0270 00000000 		.4byte	.LFB12
 858 0274 14000000 		.4byte	.LFE12
 859 0278 4C020000 		.4byte	.LLST12
 860 027c 01       		.byte	0x1
 861 027d 12       		.uleb128 0x12
 862 027e AA010000 		.4byte	.LASF34
 863 0282 01       		.byte	0x1
 864 0283 1E       		.byte	0x1e
 865 0284 6F000000 		.4byte	0x6f
 866 0288 01       		.byte	0x1
 867 0289 01       		.byte	0x1
 868 028a 13       		.uleb128 0x13
 869 028b AA000000 		.4byte	0xaa
 870 028f 9A020000 		.4byte	0x29a
 871 0293 14       		.uleb128 0x14
 872 0294 BE000000 		.4byte	0xbe
 873 0298 2F       		.byte	0x2f
 874 0299 00       		.byte	0
 875 029a 12       		.uleb128 0x12
 876 029b 06000000 		.4byte	.LASF35
 877 029f 01       		.byte	0x1
 878 02a0 21       		.byte	0x21
 879 02a1 8A020000 		.4byte	0x28a
 880 02a5 01       		.byte	0x1
 881 02a6 01       		.byte	0x1
 882 02a7 00       		.byte	0
 883              		.section	.debug_abbrev,"",%progbits
 884              	.Ldebug_abbrev0:
 885 0000 01       		.uleb128 0x1
 886 0001 11       		.uleb128 0x11
 887 0002 01       		.byte	0x1
 888 0003 25       		.uleb128 0x25
 889 0004 0E       		.uleb128 0xe
 890 0005 13       		.uleb128 0x13
 891 0006 0B       		.uleb128 0xb
 892 0007 03       		.uleb128 0x3
 893 0008 0E       		.uleb128 0xe
 894 0009 1B       		.uleb128 0x1b
 895 000a 0E       		.uleb128 0xe
 896 000b 55       		.uleb128 0x55
 897 000c 06       		.uleb128 0x6
 898 000d 11       		.uleb128 0x11
 899 000e 01       		.uleb128 0x1
ARM GAS  C:\Users\Sam\AppData\Local\Temp\ccGxIM3P.s 			page 23


 900 000f 52       		.uleb128 0x52
 901 0010 01       		.uleb128 0x1
 902 0011 10       		.uleb128 0x10
 903 0012 06       		.uleb128 0x6
 904 0013 00       		.byte	0
 905 0014 00       		.byte	0
 906 0015 02       		.uleb128 0x2
 907 0016 24       		.uleb128 0x24
 908 0017 00       		.byte	0
 909 0018 0B       		.uleb128 0xb
 910 0019 0B       		.uleb128 0xb
 911 001a 3E       		.uleb128 0x3e
 912 001b 0B       		.uleb128 0xb
 913 001c 03       		.uleb128 0x3
 914 001d 0E       		.uleb128 0xe
 915 001e 00       		.byte	0
 916 001f 00       		.byte	0
 917 0020 03       		.uleb128 0x3
 918 0021 24       		.uleb128 0x24
 919 0022 00       		.byte	0
 920 0023 0B       		.uleb128 0xb
 921 0024 0B       		.uleb128 0xb
 922 0025 3E       		.uleb128 0x3e
 923 0026 0B       		.uleb128 0xb
 924 0027 03       		.uleb128 0x3
 925 0028 08       		.uleb128 0x8
 926 0029 00       		.byte	0
 927 002a 00       		.byte	0
 928 002b 04       		.uleb128 0x4
 929 002c 16       		.uleb128 0x16
 930 002d 00       		.byte	0
 931 002e 03       		.uleb128 0x3
 932 002f 0E       		.uleb128 0xe
 933 0030 3A       		.uleb128 0x3a
 934 0031 0B       		.uleb128 0xb
 935 0032 3B       		.uleb128 0x3b
 936 0033 0B       		.uleb128 0xb
 937 0034 49       		.uleb128 0x49
 938 0035 13       		.uleb128 0x13
 939 0036 00       		.byte	0
 940 0037 00       		.byte	0
 941 0038 05       		.uleb128 0x5
 942 0039 35       		.uleb128 0x35
 943 003a 00       		.byte	0
 944 003b 49       		.uleb128 0x49
 945 003c 13       		.uleb128 0x13
 946 003d 00       		.byte	0
 947 003e 00       		.byte	0
 948 003f 06       		.uleb128 0x6
 949 0040 16       		.uleb128 0x16
 950 0041 00       		.byte	0
 951 0042 03       		.uleb128 0x3
 952 0043 0E       		.uleb128 0xe
 953 0044 3A       		.uleb128 0x3a
 954 0045 0B       		.uleb128 0xb
 955 0046 3B       		.uleb128 0x3b
 956 0047 05       		.uleb128 0x5
ARM GAS  C:\Users\Sam\AppData\Local\Temp\ccGxIM3P.s 			page 24


 957 0048 49       		.uleb128 0x49
 958 0049 13       		.uleb128 0x13
 959 004a 00       		.byte	0
 960 004b 00       		.byte	0
 961 004c 07       		.uleb128 0x7
 962 004d 0F       		.uleb128 0xf
 963 004e 00       		.byte	0
 964 004f 0B       		.uleb128 0xb
 965 0050 0B       		.uleb128 0xb
 966 0051 49       		.uleb128 0x49
 967 0052 13       		.uleb128 0x13
 968 0053 00       		.byte	0
 969 0054 00       		.byte	0
 970 0055 08       		.uleb128 0x8
 971 0056 15       		.uleb128 0x15
 972 0057 00       		.byte	0
 973 0058 27       		.uleb128 0x27
 974 0059 0C       		.uleb128 0xc
 975 005a 00       		.byte	0
 976 005b 00       		.byte	0
 977 005c 09       		.uleb128 0x9
 978 005d 2E       		.uleb128 0x2e
 979 005e 00       		.byte	0
 980 005f 3F       		.uleb128 0x3f
 981 0060 0C       		.uleb128 0xc
 982 0061 03       		.uleb128 0x3
 983 0062 0E       		.uleb128 0xe
 984 0063 3A       		.uleb128 0x3a
 985 0064 0B       		.uleb128 0xb
 986 0065 3B       		.uleb128 0x3b
 987 0066 0B       		.uleb128 0xb
 988 0067 27       		.uleb128 0x27
 989 0068 0C       		.uleb128 0xc
 990 0069 11       		.uleb128 0x11
 991 006a 01       		.uleb128 0x1
 992 006b 12       		.uleb128 0x12
 993 006c 01       		.uleb128 0x1
 994 006d 40       		.uleb128 0x40
 995 006e 06       		.uleb128 0x6
 996 006f 9642     		.uleb128 0x2116
 997 0071 0C       		.uleb128 0xc
 998 0072 00       		.byte	0
 999 0073 00       		.byte	0
 1000 0074 0A       		.uleb128 0xa
 1001 0075 2E       		.uleb128 0x2e
 1002 0076 01       		.byte	0x1
 1003 0077 3F       		.uleb128 0x3f
 1004 0078 0C       		.uleb128 0xc
 1005 0079 03       		.uleb128 0x3
 1006 007a 0E       		.uleb128 0xe
 1007 007b 3A       		.uleb128 0x3a
 1008 007c 0B       		.uleb128 0xb
 1009 007d 3B       		.uleb128 0x3b
 1010 007e 0B       		.uleb128 0xb
 1011 007f 27       		.uleb128 0x27
 1012 0080 0C       		.uleb128 0xc
 1013 0081 11       		.uleb128 0x11
ARM GAS  C:\Users\Sam\AppData\Local\Temp\ccGxIM3P.s 			page 25


 1014 0082 01       		.uleb128 0x1
 1015 0083 12       		.uleb128 0x12
 1016 0084 01       		.uleb128 0x1
 1017 0085 40       		.uleb128 0x40
 1018 0086 06       		.uleb128 0x6
 1019 0087 9642     		.uleb128 0x2116
 1020 0089 0C       		.uleb128 0xc
 1021 008a 01       		.uleb128 0x1
 1022 008b 13       		.uleb128 0x13
 1023 008c 00       		.byte	0
 1024 008d 00       		.byte	0
 1025 008e 0B       		.uleb128 0xb
 1026 008f 05       		.uleb128 0x5
 1027 0090 00       		.byte	0
 1028 0091 03       		.uleb128 0x3
 1029 0092 0E       		.uleb128 0xe
 1030 0093 3A       		.uleb128 0x3a
 1031 0094 0B       		.uleb128 0xb
 1032 0095 3B       		.uleb128 0x3b
 1033 0096 0B       		.uleb128 0xb
 1034 0097 49       		.uleb128 0x49
 1035 0098 13       		.uleb128 0x13
 1036 0099 02       		.uleb128 0x2
 1037 009a 0A       		.uleb128 0xa
 1038 009b 00       		.byte	0
 1039 009c 00       		.byte	0
 1040 009d 0C       		.uleb128 0xc
 1041 009e 2E       		.uleb128 0x2e
 1042 009f 01       		.byte	0x1
 1043 00a0 3F       		.uleb128 0x3f
 1044 00a1 0C       		.uleb128 0xc
 1045 00a2 03       		.uleb128 0x3
 1046 00a3 0E       		.uleb128 0xe
 1047 00a4 3A       		.uleb128 0x3a
 1048 00a5 0B       		.uleb128 0xb
 1049 00a6 3B       		.uleb128 0x3b
 1050 00a7 0B       		.uleb128 0xb
 1051 00a8 27       		.uleb128 0x27
 1052 00a9 0C       		.uleb128 0xc
 1053 00aa 11       		.uleb128 0x11
 1054 00ab 01       		.uleb128 0x1
 1055 00ac 12       		.uleb128 0x12
 1056 00ad 01       		.uleb128 0x1
 1057 00ae 40       		.uleb128 0x40
 1058 00af 06       		.uleb128 0x6
 1059 00b0 9742     		.uleb128 0x2117
 1060 00b2 0C       		.uleb128 0xc
 1061 00b3 01       		.uleb128 0x1
 1062 00b4 13       		.uleb128 0x13
 1063 00b5 00       		.byte	0
 1064 00b6 00       		.byte	0
 1065 00b7 0D       		.uleb128 0xd
 1066 00b8 34       		.uleb128 0x34
 1067 00b9 00       		.byte	0
 1068 00ba 03       		.uleb128 0x3
 1069 00bb 0E       		.uleb128 0xe
 1070 00bc 3A       		.uleb128 0x3a
ARM GAS  C:\Users\Sam\AppData\Local\Temp\ccGxIM3P.s 			page 26


 1071 00bd 0B       		.uleb128 0xb
 1072 00be 3B       		.uleb128 0x3b
 1073 00bf 0B       		.uleb128 0xb
 1074 00c0 49       		.uleb128 0x49
 1075 00c1 13       		.uleb128 0x13
 1076 00c2 02       		.uleb128 0x2
 1077 00c3 0A       		.uleb128 0xa
 1078 00c4 00       		.byte	0
 1079 00c5 00       		.byte	0
 1080 00c6 0E       		.uleb128 0xe
 1081 00c7 2E       		.uleb128 0x2e
 1082 00c8 00       		.byte	0
 1083 00c9 3F       		.uleb128 0x3f
 1084 00ca 0C       		.uleb128 0xc
 1085 00cb 03       		.uleb128 0x3
 1086 00cc 0E       		.uleb128 0xe
 1087 00cd 3A       		.uleb128 0x3a
 1088 00ce 0B       		.uleb128 0xb
 1089 00cf 3B       		.uleb128 0x3b
 1090 00d0 0B       		.uleb128 0xb
 1091 00d1 27       		.uleb128 0x27
 1092 00d2 0C       		.uleb128 0xc
 1093 00d3 49       		.uleb128 0x49
 1094 00d4 13       		.uleb128 0x13
 1095 00d5 11       		.uleb128 0x11
 1096 00d6 01       		.uleb128 0x1
 1097 00d7 12       		.uleb128 0x12
 1098 00d8 01       		.uleb128 0x1
 1099 00d9 40       		.uleb128 0x40
 1100 00da 06       		.uleb128 0x6
 1101 00db 9742     		.uleb128 0x2117
 1102 00dd 0C       		.uleb128 0xc
 1103 00de 00       		.byte	0
 1104 00df 00       		.byte	0
 1105 00e0 0F       		.uleb128 0xf
 1106 00e1 2E       		.uleb128 0x2e
 1107 00e2 01       		.byte	0x1
 1108 00e3 3F       		.uleb128 0x3f
 1109 00e4 0C       		.uleb128 0xc
 1110 00e5 03       		.uleb128 0x3
 1111 00e6 0E       		.uleb128 0xe
 1112 00e7 3A       		.uleb128 0x3a
 1113 00e8 0B       		.uleb128 0xb
 1114 00e9 3B       		.uleb128 0x3b
 1115 00ea 0B       		.uleb128 0xb
 1116 00eb 27       		.uleb128 0x27
 1117 00ec 0C       		.uleb128 0xc
 1118 00ed 49       		.uleb128 0x49
 1119 00ee 13       		.uleb128 0x13
 1120 00ef 11       		.uleb128 0x11
 1121 00f0 01       		.uleb128 0x1
 1122 00f1 12       		.uleb128 0x12
 1123 00f2 01       		.uleb128 0x1
 1124 00f3 40       		.uleb128 0x40
 1125 00f4 06       		.uleb128 0x6
 1126 00f5 9742     		.uleb128 0x2117
 1127 00f7 0C       		.uleb128 0xc
ARM GAS  C:\Users\Sam\AppData\Local\Temp\ccGxIM3P.s 			page 27


 1128 00f8 01       		.uleb128 0x1
 1129 00f9 13       		.uleb128 0x13
 1130 00fa 00       		.byte	0
 1131 00fb 00       		.byte	0
 1132 00fc 10       		.uleb128 0x10
 1133 00fd 2E       		.uleb128 0x2e
 1134 00fe 00       		.byte	0
 1135 00ff 3F       		.uleb128 0x3f
 1136 0100 0C       		.uleb128 0xc
 1137 0101 03       		.uleb128 0x3
 1138 0102 0E       		.uleb128 0xe
 1139 0103 3A       		.uleb128 0x3a
 1140 0104 0B       		.uleb128 0xb
 1141 0105 3B       		.uleb128 0x3b
 1142 0106 05       		.uleb128 0x5
 1143 0107 27       		.uleb128 0x27
 1144 0108 0C       		.uleb128 0xc
 1145 0109 11       		.uleb128 0x11
 1146 010a 01       		.uleb128 0x1
 1147 010b 12       		.uleb128 0x12
 1148 010c 01       		.uleb128 0x1
 1149 010d 40       		.uleb128 0x40
 1150 010e 06       		.uleb128 0x6
 1151 010f 9742     		.uleb128 0x2117
 1152 0111 0C       		.uleb128 0xc
 1153 0112 00       		.byte	0
 1154 0113 00       		.byte	0
 1155 0114 11       		.uleb128 0x11
 1156 0115 2E       		.uleb128 0x2e
 1157 0116 00       		.byte	0
 1158 0117 3F       		.uleb128 0x3f
 1159 0118 0C       		.uleb128 0xc
 1160 0119 03       		.uleb128 0x3
 1161 011a 0E       		.uleb128 0xe
 1162 011b 3A       		.uleb128 0x3a
 1163 011c 0B       		.uleb128 0xb
 1164 011d 3B       		.uleb128 0x3b
 1165 011e 05       		.uleb128 0x5
 1166 011f 27       		.uleb128 0x27
 1167 0120 0C       		.uleb128 0xc
 1168 0121 49       		.uleb128 0x49
 1169 0122 13       		.uleb128 0x13
 1170 0123 11       		.uleb128 0x11
 1171 0124 01       		.uleb128 0x1
 1172 0125 12       		.uleb128 0x12
 1173 0126 01       		.uleb128 0x1
 1174 0127 40       		.uleb128 0x40
 1175 0128 06       		.uleb128 0x6
 1176 0129 9742     		.uleb128 0x2117
 1177 012b 0C       		.uleb128 0xc
 1178 012c 00       		.byte	0
 1179 012d 00       		.byte	0
 1180 012e 12       		.uleb128 0x12
 1181 012f 34       		.uleb128 0x34
 1182 0130 00       		.byte	0
 1183 0131 03       		.uleb128 0x3
 1184 0132 0E       		.uleb128 0xe
ARM GAS  C:\Users\Sam\AppData\Local\Temp\ccGxIM3P.s 			page 28


 1185 0133 3A       		.uleb128 0x3a
 1186 0134 0B       		.uleb128 0xb
 1187 0135 3B       		.uleb128 0x3b
 1188 0136 0B       		.uleb128 0xb
 1189 0137 49       		.uleb128 0x49
 1190 0138 13       		.uleb128 0x13
 1191 0139 3F       		.uleb128 0x3f
 1192 013a 0C       		.uleb128 0xc
 1193 013b 3C       		.uleb128 0x3c
 1194 013c 0C       		.uleb128 0xc
 1195 013d 00       		.byte	0
 1196 013e 00       		.byte	0
 1197 013f 13       		.uleb128 0x13
 1198 0140 01       		.uleb128 0x1
 1199 0141 01       		.byte	0x1
 1200 0142 49       		.uleb128 0x49
 1201 0143 13       		.uleb128 0x13
 1202 0144 01       		.uleb128 0x1
 1203 0145 13       		.uleb128 0x13
 1204 0146 00       		.byte	0
 1205 0147 00       		.byte	0
 1206 0148 14       		.uleb128 0x14
 1207 0149 21       		.uleb128 0x21
 1208 014a 00       		.byte	0
 1209 014b 49       		.uleb128 0x49
 1210 014c 13       		.uleb128 0x13
 1211 014d 2F       		.uleb128 0x2f
 1212 014e 0B       		.uleb128 0xb
 1213 014f 00       		.byte	0
 1214 0150 00       		.byte	0
 1215 0151 00       		.byte	0
 1216              		.section	.debug_loc,"",%progbits
 1217              	.Ldebug_loc0:
 1218              	.LLST0:
 1219 0000 00000000 		.4byte	.LFB0
 1220 0004 02000000 		.4byte	.LCFI0
 1221 0008 0200     		.2byte	0x2
 1222 000a 7D       		.byte	0x7d
 1223 000b 00       		.sleb128 0
 1224 000c 02000000 		.4byte	.LCFI0
 1225 0010 04000000 		.4byte	.LCFI1
 1226 0014 0200     		.2byte	0x2
 1227 0016 7D       		.byte	0x7d
 1228 0017 08       		.sleb128 8
 1229 0018 04000000 		.4byte	.LCFI1
 1230 001c 24000000 		.4byte	.LFE0
 1231 0020 0200     		.2byte	0x2
 1232 0022 77       		.byte	0x77
 1233 0023 08       		.sleb128 8
 1234 0024 00000000 		.4byte	0
 1235 0028 00000000 		.4byte	0
 1236              	.LLST1:
 1237 002c 00000000 		.4byte	.LFB1
 1238 0030 02000000 		.4byte	.LCFI2
 1239 0034 0200     		.2byte	0x2
 1240 0036 7D       		.byte	0x7d
 1241 0037 00       		.sleb128 0
ARM GAS  C:\Users\Sam\AppData\Local\Temp\ccGxIM3P.s 			page 29


 1242 0038 02000000 		.4byte	.LCFI2
 1243 003c 04000000 		.4byte	.LCFI3
 1244 0040 0200     		.2byte	0x2
 1245 0042 7D       		.byte	0x7d
 1246 0043 08       		.sleb128 8
 1247 0044 04000000 		.4byte	.LCFI3
 1248 0048 06000000 		.4byte	.LCFI4
 1249 004c 0200     		.2byte	0x2
 1250 004e 7D       		.byte	0x7d
 1251 004f 10       		.sleb128 16
 1252 0050 06000000 		.4byte	.LCFI4
 1253 0054 24000000 		.4byte	.LFE1
 1254 0058 0200     		.2byte	0x2
 1255 005a 77       		.byte	0x77
 1256 005b 10       		.sleb128 16
 1257 005c 00000000 		.4byte	0
 1258 0060 00000000 		.4byte	0
 1259              	.LLST2:
 1260 0064 00000000 		.4byte	.LFB2
 1261 0068 02000000 		.4byte	.LCFI5
 1262 006c 0200     		.2byte	0x2
 1263 006e 7D       		.byte	0x7d
 1264 006f 00       		.sleb128 0
 1265 0070 02000000 		.4byte	.LCFI5
 1266 0074 04000000 		.4byte	.LCFI6
 1267 0078 0200     		.2byte	0x2
 1268 007a 7D       		.byte	0x7d
 1269 007b 08       		.sleb128 8
 1270 007c 04000000 		.4byte	.LCFI6
 1271 0080 18000000 		.4byte	.LFE2
 1272 0084 0200     		.2byte	0x2
 1273 0086 77       		.byte	0x77
 1274 0087 08       		.sleb128 8
 1275 0088 00000000 		.4byte	0
 1276 008c 00000000 		.4byte	0
 1277              	.LLST3:
 1278 0090 00000000 		.4byte	.LFB3
 1279 0094 02000000 		.4byte	.LCFI7
 1280 0098 0200     		.2byte	0x2
 1281 009a 7D       		.byte	0x7d
 1282 009b 00       		.sleb128 0
 1283 009c 02000000 		.4byte	.LCFI7
 1284 00a0 04000000 		.4byte	.LCFI8
 1285 00a4 0200     		.2byte	0x2
 1286 00a6 7D       		.byte	0x7d
 1287 00a7 08       		.sleb128 8
 1288 00a8 04000000 		.4byte	.LCFI8
 1289 00ac 06000000 		.4byte	.LCFI9
 1290 00b0 0200     		.2byte	0x2
 1291 00b2 7D       		.byte	0x7d
 1292 00b3 10       		.sleb128 16
 1293 00b4 06000000 		.4byte	.LCFI9
 1294 00b8 30000000 		.4byte	.LFE3
 1295 00bc 0200     		.2byte	0x2
 1296 00be 77       		.byte	0x77
 1297 00bf 10       		.sleb128 16
 1298 00c0 00000000 		.4byte	0
ARM GAS  C:\Users\Sam\AppData\Local\Temp\ccGxIM3P.s 			page 30


 1299 00c4 00000000 		.4byte	0
 1300              	.LLST4:
 1301 00c8 00000000 		.4byte	.LFB4
 1302 00cc 02000000 		.4byte	.LCFI10
 1303 00d0 0200     		.2byte	0x2
 1304 00d2 7D       		.byte	0x7d
 1305 00d3 00       		.sleb128 0
 1306 00d4 02000000 		.4byte	.LCFI10
 1307 00d8 04000000 		.4byte	.LCFI11
 1308 00dc 0200     		.2byte	0x2
 1309 00de 7D       		.byte	0x7d
 1310 00df 08       		.sleb128 8
 1311 00e0 04000000 		.4byte	.LCFI11
 1312 00e4 06000000 		.4byte	.LCFI12
 1313 00e8 0200     		.2byte	0x2
 1314 00ea 7D       		.byte	0x7d
 1315 00eb 10       		.sleb128 16
 1316 00ec 06000000 		.4byte	.LCFI12
 1317 00f0 18000000 		.4byte	.LFE4
 1318 00f4 0200     		.2byte	0x2
 1319 00f6 77       		.byte	0x77
 1320 00f7 10       		.sleb128 16
 1321 00f8 00000000 		.4byte	0
 1322 00fc 00000000 		.4byte	0
 1323              	.LLST5:
 1324 0100 00000000 		.4byte	.LFB5
 1325 0104 02000000 		.4byte	.LCFI13
 1326 0108 0200     		.2byte	0x2
 1327 010a 7D       		.byte	0x7d
 1328 010b 00       		.sleb128 0
 1329 010c 02000000 		.4byte	.LCFI13
 1330 0110 04000000 		.4byte	.LCFI14
 1331 0114 0200     		.2byte	0x2
 1332 0116 7D       		.byte	0x7d
 1333 0117 08       		.sleb128 8
 1334 0118 04000000 		.4byte	.LCFI14
 1335 011c 14000000 		.4byte	.LFE5
 1336 0120 0200     		.2byte	0x2
 1337 0122 77       		.byte	0x77
 1338 0123 08       		.sleb128 8
 1339 0124 00000000 		.4byte	0
 1340 0128 00000000 		.4byte	0
 1341              	.LLST6:
 1342 012c 00000000 		.4byte	.LFB6
 1343 0130 02000000 		.4byte	.LCFI15
 1344 0134 0200     		.2byte	0x2
 1345 0136 7D       		.byte	0x7d
 1346 0137 00       		.sleb128 0
 1347 0138 02000000 		.4byte	.LCFI15
 1348 013c 04000000 		.4byte	.LCFI16
 1349 0140 0200     		.2byte	0x2
 1350 0142 7D       		.byte	0x7d
 1351 0143 0C       		.sleb128 12
 1352 0144 04000000 		.4byte	.LCFI16
 1353 0148 06000000 		.4byte	.LCFI17
 1354 014c 0200     		.2byte	0x2
 1355 014e 7D       		.byte	0x7d
ARM GAS  C:\Users\Sam\AppData\Local\Temp\ccGxIM3P.s 			page 31


 1356 014f 20       		.sleb128 32
 1357 0150 06000000 		.4byte	.LCFI17
 1358 0154 4C000000 		.4byte	.LFE6
 1359 0158 0200     		.2byte	0x2
 1360 015a 77       		.byte	0x77
 1361 015b 20       		.sleb128 32
 1362 015c 00000000 		.4byte	0
 1363 0160 00000000 		.4byte	0
 1364              	.LLST7:
 1365 0164 00000000 		.4byte	.LFB7
 1366 0168 02000000 		.4byte	.LCFI18
 1367 016c 0200     		.2byte	0x2
 1368 016e 7D       		.byte	0x7d
 1369 016f 00       		.sleb128 0
 1370 0170 02000000 		.4byte	.LCFI18
 1371 0174 04000000 		.4byte	.LCFI19
 1372 0178 0200     		.2byte	0x2
 1373 017a 7D       		.byte	0x7d
 1374 017b 08       		.sleb128 8
 1375 017c 04000000 		.4byte	.LCFI19
 1376 0180 06000000 		.4byte	.LCFI20
 1377 0184 0200     		.2byte	0x2
 1378 0186 7D       		.byte	0x7d
 1379 0187 10       		.sleb128 16
 1380 0188 06000000 		.4byte	.LCFI20
 1381 018c 2C000000 		.4byte	.LFE7
 1382 0190 0200     		.2byte	0x2
 1383 0192 77       		.byte	0x77
 1384 0193 10       		.sleb128 16
 1385 0194 00000000 		.4byte	0
 1386 0198 00000000 		.4byte	0
 1387              	.LLST8:
 1388 019c 00000000 		.4byte	.LFB8
 1389 01a0 02000000 		.4byte	.LCFI21
 1390 01a4 0200     		.2byte	0x2
 1391 01a6 7D       		.byte	0x7d
 1392 01a7 00       		.sleb128 0
 1393 01a8 02000000 		.4byte	.LCFI21
 1394 01ac 04000000 		.4byte	.LCFI22
 1395 01b0 0200     		.2byte	0x2
 1396 01b2 7D       		.byte	0x7d
 1397 01b3 08       		.sleb128 8
 1398 01b4 04000000 		.4byte	.LCFI22
 1399 01b8 14000000 		.4byte	.LFE8
 1400 01bc 0200     		.2byte	0x2
 1401 01be 77       		.byte	0x77
 1402 01bf 08       		.sleb128 8
 1403 01c0 00000000 		.4byte	0
 1404 01c4 00000000 		.4byte	0
 1405              	.LLST9:
 1406 01c8 00000000 		.4byte	.LFB9
 1407 01cc 02000000 		.4byte	.LCFI23
 1408 01d0 0200     		.2byte	0x2
 1409 01d2 7D       		.byte	0x7d
 1410 01d3 00       		.sleb128 0
 1411 01d4 02000000 		.4byte	.LCFI23
 1412 01d8 04000000 		.4byte	.LCFI24
ARM GAS  C:\Users\Sam\AppData\Local\Temp\ccGxIM3P.s 			page 32


 1413 01dc 0200     		.2byte	0x2
 1414 01de 7D       		.byte	0x7d
 1415 01df 08       		.sleb128 8
 1416 01e0 04000000 		.4byte	.LCFI24
 1417 01e4 20000000 		.4byte	.LFE9
 1418 01e8 0200     		.2byte	0x2
 1419 01ea 77       		.byte	0x77
 1420 01eb 08       		.sleb128 8
 1421 01ec 00000000 		.4byte	0
 1422 01f0 00000000 		.4byte	0
 1423              	.LLST10:
 1424 01f4 00000000 		.4byte	.LFB10
 1425 01f8 02000000 		.4byte	.LCFI25
 1426 01fc 0200     		.2byte	0x2
 1427 01fe 7D       		.byte	0x7d
 1428 01ff 00       		.sleb128 0
 1429 0200 02000000 		.4byte	.LCFI25
 1430 0204 04000000 		.4byte	.LCFI26
 1431 0208 0200     		.2byte	0x2
 1432 020a 7D       		.byte	0x7d
 1433 020b 08       		.sleb128 8
 1434 020c 04000000 		.4byte	.LCFI26
 1435 0210 14000000 		.4byte	.LFE10
 1436 0214 0200     		.2byte	0x2
 1437 0216 77       		.byte	0x77
 1438 0217 08       		.sleb128 8
 1439 0218 00000000 		.4byte	0
 1440 021c 00000000 		.4byte	0
 1441              	.LLST11:
 1442 0220 00000000 		.4byte	.LFB11
 1443 0224 02000000 		.4byte	.LCFI27
 1444 0228 0200     		.2byte	0x2
 1445 022a 7D       		.byte	0x7d
 1446 022b 00       		.sleb128 0
 1447 022c 02000000 		.4byte	.LCFI27
 1448 0230 04000000 		.4byte	.LCFI28
 1449 0234 0200     		.2byte	0x2
 1450 0236 7D       		.byte	0x7d
 1451 0237 08       		.sleb128 8
 1452 0238 04000000 		.4byte	.LCFI28
 1453 023c 14000000 		.4byte	.LFE11
 1454 0240 0200     		.2byte	0x2
 1455 0242 77       		.byte	0x77
 1456 0243 08       		.sleb128 8
 1457 0244 00000000 		.4byte	0
 1458 0248 00000000 		.4byte	0
 1459              	.LLST12:
 1460 024c 00000000 		.4byte	.LFB12
 1461 0250 02000000 		.4byte	.LCFI29
 1462 0254 0200     		.2byte	0x2
 1463 0256 7D       		.byte	0x7d
 1464 0257 00       		.sleb128 0
 1465 0258 02000000 		.4byte	.LCFI29
 1466 025c 04000000 		.4byte	.LCFI30
 1467 0260 0200     		.2byte	0x2
 1468 0262 7D       		.byte	0x7d
 1469 0263 08       		.sleb128 8
ARM GAS  C:\Users\Sam\AppData\Local\Temp\ccGxIM3P.s 			page 33


 1470 0264 04000000 		.4byte	.LCFI30
 1471 0268 14000000 		.4byte	.LFE12
 1472 026c 0200     		.2byte	0x2
 1473 026e 77       		.byte	0x77
 1474 026f 08       		.sleb128 8
 1475 0270 00000000 		.4byte	0
 1476 0274 00000000 		.4byte	0
 1477              		.section	.debug_aranges,"",%progbits
 1478 0000 7C000000 		.4byte	0x7c
 1479 0004 0200     		.2byte	0x2
 1480 0006 00000000 		.4byte	.Ldebug_info0
 1481 000a 04       		.byte	0x4
 1482 000b 00       		.byte	0
 1483 000c 0000     		.2byte	0
 1484 000e 0000     		.2byte	0
 1485 0010 00000000 		.4byte	.LFB0
 1486 0014 24000000 		.4byte	.LFE0-.LFB0
 1487 0018 00000000 		.4byte	.LFB1
 1488 001c 24000000 		.4byte	.LFE1-.LFB1
 1489 0020 00000000 		.4byte	.LFB2
 1490 0024 18000000 		.4byte	.LFE2-.LFB2
 1491 0028 00000000 		.4byte	.LFB3
 1492 002c 30000000 		.4byte	.LFE3-.LFB3
 1493 0030 00000000 		.4byte	.LFB4
 1494 0034 18000000 		.4byte	.LFE4-.LFB4
 1495 0038 00000000 		.4byte	.LFB5
 1496 003c 14000000 		.4byte	.LFE5-.LFB5
 1497 0040 00000000 		.4byte	.LFB6
 1498 0044 4C000000 		.4byte	.LFE6-.LFB6
 1499 0048 00000000 		.4byte	.LFB7
 1500 004c 2C000000 		.4byte	.LFE7-.LFB7
 1501 0050 00000000 		.4byte	.LFB8
 1502 0054 14000000 		.4byte	.LFE8-.LFB8
 1503 0058 00000000 		.4byte	.LFB9
 1504 005c 20000000 		.4byte	.LFE9-.LFB9
 1505 0060 00000000 		.4byte	.LFB10
 1506 0064 14000000 		.4byte	.LFE10-.LFB10
 1507 0068 00000000 		.4byte	.LFB11
 1508 006c 14000000 		.4byte	.LFE11-.LFB11
 1509 0070 00000000 		.4byte	.LFB12
 1510 0074 14000000 		.4byte	.LFE12-.LFB12
 1511 0078 00000000 		.4byte	0
 1512 007c 00000000 		.4byte	0
 1513              		.section	.debug_ranges,"",%progbits
 1514              	.Ldebug_ranges0:
 1515 0000 00000000 		.4byte	.LFB0
 1516 0004 24000000 		.4byte	.LFE0
 1517 0008 00000000 		.4byte	.LFB1
 1518 000c 24000000 		.4byte	.LFE1
 1519 0010 00000000 		.4byte	.LFB2
 1520 0014 18000000 		.4byte	.LFE2
 1521 0018 00000000 		.4byte	.LFB3
 1522 001c 30000000 		.4byte	.LFE3
 1523 0020 00000000 		.4byte	.LFB4
 1524 0024 18000000 		.4byte	.LFE4
 1525 0028 00000000 		.4byte	.LFB5
 1526 002c 14000000 		.4byte	.LFE5
ARM GAS  C:\Users\Sam\AppData\Local\Temp\ccGxIM3P.s 			page 34


 1527 0030 00000000 		.4byte	.LFB6
 1528 0034 4C000000 		.4byte	.LFE6
 1529 0038 00000000 		.4byte	.LFB7
 1530 003c 2C000000 		.4byte	.LFE7
 1531 0040 00000000 		.4byte	.LFB8
 1532 0044 14000000 		.4byte	.LFE8
 1533 0048 00000000 		.4byte	.LFB9
 1534 004c 20000000 		.4byte	.LFE9
 1535 0050 00000000 		.4byte	.LFB10
 1536 0054 14000000 		.4byte	.LFE10
 1537 0058 00000000 		.4byte	.LFB11
 1538 005c 14000000 		.4byte	.LFE11
 1539 0060 00000000 		.4byte	.LFB12
 1540 0064 14000000 		.4byte	.LFE12
 1541 0068 00000000 		.4byte	0
 1542 006c 00000000 		.4byte	0
 1543              		.section	.debug_line,"",%progbits
 1544              	.Ldebug_line0:
 1545 0000 5A010000 		.section	.debug_str,"MS",%progbits,1
 1545      02004A00 
 1545      00000201 
 1545      FB0E0D00 
 1545      01010101 
 1546              	.LASF14:
 1547 0000 72656733 		.ascii	"reg32\000"
 1547      3200
 1548              	.LASF35:
 1549 0006 43795261 		.ascii	"CyRamVectors\000"
 1549      6D566563 
 1549      746F7273 
 1549      00
 1550              	.LASF3:
 1551 0013 73686F72 		.ascii	"short unsigned int\000"
 1551      7420756E 
 1551      7369676E 
 1551      65642069 
 1551      6E7400
 1552              	.LASF21:
 1553 0026 55415254 		.ascii	"UART_RX_ISR_SetVector\000"
 1553      5F52585F 
 1553      4953525F 
 1553      53657456 
 1553      6563746F 
 1554              	.LASF30:
 1555 003c 55415254 		.ascii	"UART_RX_ISR_GetState\000"
 1555      5F52585F 
 1555      4953525F 
 1555      47657453 
 1555      74617465 
 1556              	.LASF23:
 1557 0051 55415254 		.ascii	"UART_RX_ISR_SetPriority\000"
 1557      5F52585F 
 1557      4953525F 
 1557      53657450 
 1557      72696F72 
 1558              	.LASF11:
 1559 0069 666C6F61 		.ascii	"float\000"
ARM GAS  C:\Users\Sam\AppData\Local\Temp\ccGxIM3P.s 			page 35


 1559      7400
 1560              	.LASF1:
 1561 006f 756E7369 		.ascii	"unsigned char\000"
 1561      676E6564 
 1561      20636861 
 1561      7200
 1562              	.LASF32:
 1563 007d 55415254 		.ascii	"UART_RX_ISR_SetPending\000"
 1563      5F52585F 
 1563      4953525F 
 1563      53657450 
 1563      656E6469 
 1564              	.LASF26:
 1565 0094 696E7465 		.ascii	"interruptState\000"
 1565      72727570 
 1565      74537461 
 1565      746500
 1566              	.LASF5:
 1567 00a3 6C6F6E67 		.ascii	"long unsigned int\000"
 1567      20756E73 
 1567      69676E65 
 1567      6420696E 
 1567      7400
 1568              	.LASF9:
 1569 00b5 75696E74 		.ascii	"uint8\000"
 1569      3800
 1570              	.LASF33:
 1571 00bb 55415254 		.ascii	"UART_RX_ISR_ClearPending\000"
 1571      5F52585F 
 1571      4953525F 
 1571      436C6561 
 1571      7250656E 
 1572              	.LASF18:
 1573 00d4 55415254 		.ascii	"UART_RX_ISR_Stop\000"
 1573      5F52585F 
 1573      4953525F 
 1573      53746F70 
 1573      00
 1574              	.LASF24:
 1575 00e5 7072696F 		.ascii	"priority\000"
 1575      72697479 
 1575      00
 1576              	.LASF37:
 1577 00ee 2E5C4765 		.ascii	".\\Generated_Source\\PSoC4\\UART_RX_ISR.c\000"
 1577      6E657261 
 1577      7465645F 
 1577      536F7572 
 1577      63655C50 
 1578              	.LASF12:
 1579 0115 646F7562 		.ascii	"double\000"
 1579      6C6500
 1580              	.LASF38:
 1581 011c 433A5C55 		.ascii	"C:\\Users\\Sam\\Dropbox\\Work\\2014\\PSoC 4 Modbus "
 1581      73657273 
 1581      5C53616D 
 1581      5C44726F 
 1581      70626F78 
ARM GAS  C:\Users\Sam\AppData\Local\Temp\ccGxIM3P.s 			page 36


 1582 0149 536C6176 		.ascii	"Slave\\PSoC 4 Pioneer Modbus Slave\\PSoC 4 Pioneer "
 1582      655C5053 
 1582      6F432034 
 1582      2050696F 
 1582      6E656572 
 1583 017a 4D6F6462 		.ascii	"Modbus Slave.cydsn\000"
 1583      75732053 
 1583      6C617665 
 1583      2E637964 
 1583      736E00
 1584              	.LASF29:
 1585 018d 55415254 		.ascii	"UART_RX_ISR_GetVector\000"
 1585      5F52585F 
 1585      4953525F 
 1585      47657456 
 1585      6563746F 
 1586              	.LASF10:
 1587 01a3 75696E74 		.ascii	"uint32\000"
 1587      333200
 1588              	.LASF34:
 1589 01aa 666C6167 		.ascii	"flag\000"
 1589      00
 1590              	.LASF8:
 1591 01af 756E7369 		.ascii	"unsigned int\000"
 1591      676E6564 
 1591      20696E74 
 1591      00
 1592              	.LASF22:
 1593 01bc 61646472 		.ascii	"address\000"
 1593      65737300 
 1594              	.LASF7:
 1595 01c4 6C6F6E67 		.ascii	"long long unsigned int\000"
 1595      206C6F6E 
 1595      6720756E 
 1595      7369676E 
 1595      65642069 
 1596              	.LASF15:
 1597 01db 63796973 		.ascii	"cyisraddress\000"
 1597      72616464 
 1597      72657373 
 1597      00
 1598              	.LASF20:
 1599 01e8 55415254 		.ascii	"UART_RX_ISR_Interrupt\000"
 1599      5F52585F 
 1599      4953525F 
 1599      496E7465 
 1599      72727570 
 1600              	.LASF16:
 1601 01fe 73697A65 		.ascii	"sizetype\000"
 1601      74797065 
 1601      00
 1602              	.LASF6:
 1603 0207 6C6F6E67 		.ascii	"long long int\000"
 1603      206C6F6E 
 1603      6720696E 
 1603      7400
 1604              	.LASF19:
ARM GAS  C:\Users\Sam\AppData\Local\Temp\ccGxIM3P.s 			page 37


 1605 0215 55415254 		.ascii	"UART_RX_ISR_StartEx\000"
 1605      5F52585F 
 1605      4953525F 
 1605      53746172 
 1605      74457800 
 1606              	.LASF13:
 1607 0229 63686172 		.ascii	"char\000"
 1607      00
 1608              	.LASF2:
 1609 022e 73686F72 		.ascii	"short int\000"
 1609      7420696E 
 1609      7400
 1610              	.LASF36:
 1611 0238 474E5520 		.ascii	"GNU C 4.7.3 20130312 (release) [ARM/embedded-4_7-br"
 1611      4320342E 
 1611      372E3320 
 1611      32303133 
 1611      30333132 
 1612 026b 616E6368 		.ascii	"anch revision 196615]\000"
 1612      20726576 
 1612      6973696F 
 1612      6E203139 
 1612      36363135 
 1613              	.LASF27:
 1614 0281 7072696F 		.ascii	"priorityOffset\000"
 1614      72697479 
 1614      4F666673 
 1614      657400
 1615              	.LASF4:
 1616 0290 6C6F6E67 		.ascii	"long int\000"
 1616      20696E74 
 1616      00
 1617              	.LASF31:
 1618 0299 55415254 		.ascii	"UART_RX_ISR_Disable\000"
 1618      5F52585F 
 1618      4953525F 
 1618      44697361 
 1618      626C6500 
 1619              	.LASF0:
 1620 02ad 7369676E 		.ascii	"signed char\000"
 1620      65642063 
 1620      68617200 
 1621              	.LASF28:
 1622 02b9 55415254 		.ascii	"UART_RX_ISR_Enable\000"
 1622      5F52585F 
 1622      4953525F 
 1622      456E6162 
 1622      6C6500
 1623              	.LASF25:
 1624 02cc 736F7572 		.ascii	"source\000"
 1624      636500
 1625              	.LASF39:
 1626 02d3 55415254 		.ascii	"UART_RX_ISR_GetPriority\000"
 1626      5F52585F 
 1626      4953525F 
 1626      47657450 
 1626      72696F72 
ARM GAS  C:\Users\Sam\AppData\Local\Temp\ccGxIM3P.s 			page 38


 1627              	.LASF17:
 1628 02eb 55415254 		.ascii	"UART_RX_ISR_Start\000"
 1628      5F52585F 
 1628      4953525F 
 1628      53746172 
 1628      7400
 1629              		.ident	"GCC: (GNU Tools for ARM Embedded Processors) 4.7.3 20130312 (release) [ARM/embedded-4_7-br
