ARM GAS  C:\Users\Sam\AppData\Local\Temp\ccontH6Y.s 			page 1


   1              		.cpu cortex-m0
   2              		.fpu softvfp
   3              		.eabi_attribute 20, 1
   4              		.eabi_attribute 21, 1
   5              		.eabi_attribute 23, 3
   6              		.eabi_attribute 24, 1
   7              		.eabi_attribute 25, 1
   8              		.eabi_attribute 26, 1
   9              		.eabi_attribute 30, 6
  10              		.eabi_attribute 34, 0
  11              		.eabi_attribute 18, 4
  12              		.code	16
  13              		.file	"UART_UART_BOOT.c"
  14              		.text
  15              	.Ltext0:
  16              		.cfi_sections	.debug_frame
  17              	.Letext0:
  18              		.section	.debug_info,"",%progbits
  19              	.Ldebug_info0:
  20 0000 7C000000 		.4byte	0x7c
  21 0004 0200     		.2byte	0x2
  22 0006 00000000 		.4byte	.Ldebug_abbrev0
  23 000a 04       		.byte	0x4
  24 000b 01       		.uleb128 0x1
  25 000c 29000000 		.4byte	.LASF13
  26 0010 01       		.byte	0x1
  27 0011 0C010000 		.4byte	.LASF14
  28 0015 9B000000 		.4byte	.LASF15
  29 0019 00000000 		.4byte	.Ldebug_line0
  30 001d 02       		.uleb128 0x2
  31 001e 01       		.byte	0x1
  32 001f 06       		.byte	0x6
  33 0020 5E010000 		.4byte	.LASF0
  34 0024 02       		.uleb128 0x2
  35 0025 01       		.byte	0x1
  36 0026 08       		.byte	0x8
  37 0027 1B000000 		.4byte	.LASF1
  38 002b 02       		.uleb128 0x2
  39 002c 02       		.byte	0x2
  40 002d 05       		.byte	0x5
  41 002e 70010000 		.4byte	.LASF2
  42 0032 02       		.uleb128 0x2
  43 0033 02       		.byte	0x2
  44 0034 07       		.byte	0x7
  45 0035 4B010000 		.4byte	.LASF3
  46 0039 02       		.uleb128 0x2
  47 003a 04       		.byte	0x4
  48 003b 05       		.byte	0x5
  49 003c 3B010000 		.4byte	.LASF4
  50 0040 02       		.uleb128 0x2
  51 0041 04       		.byte	0x4
  52 0042 07       		.byte	0x7
  53 0043 72000000 		.4byte	.LASF5
  54 0047 02       		.uleb128 0x2
  55 0048 08       		.byte	0x8
  56 0049 05       		.byte	0x5
  57 004a 00000000 		.4byte	.LASF6
ARM GAS  C:\Users\Sam\AppData\Local\Temp\ccontH6Y.s 			page 2


  58 004e 02       		.uleb128 0x2
  59 004f 08       		.byte	0x8
  60 0050 07       		.byte	0x7
  61 0051 84000000 		.4byte	.LASF7
  62 0055 03       		.uleb128 0x3
  63 0056 04       		.byte	0x4
  64 0057 05       		.byte	0x5
  65 0058 696E7400 		.ascii	"int\000"
  66 005c 02       		.uleb128 0x2
  67 005d 04       		.byte	0x4
  68 005e 07       		.byte	0x7
  69 005f 0E000000 		.4byte	.LASF8
  70 0063 02       		.uleb128 0x2
  71 0064 04       		.byte	0x4
  72 0065 04       		.byte	0x4
  73 0066 6A010000 		.4byte	.LASF9
  74 006a 02       		.uleb128 0x2
  75 006b 08       		.byte	0x8
  76 006c 04       		.byte	0x4
  77 006d 44010000 		.4byte	.LASF10
  78 0071 02       		.uleb128 0x2
  79 0072 01       		.byte	0x1
  80 0073 08       		.byte	0x8
  81 0074 36010000 		.4byte	.LASF11
  82 0078 02       		.uleb128 0x2
  83 0079 04       		.byte	0x4
  84 007a 07       		.byte	0x7
  85 007b 7A010000 		.4byte	.LASF12
  86 007f 00       		.byte	0
  87              		.section	.debug_abbrev,"",%progbits
  88              	.Ldebug_abbrev0:
  89 0000 01       		.uleb128 0x1
  90 0001 11       		.uleb128 0x11
  91 0002 01       		.byte	0x1
  92 0003 25       		.uleb128 0x25
  93 0004 0E       		.uleb128 0xe
  94 0005 13       		.uleb128 0x13
  95 0006 0B       		.uleb128 0xb
  96 0007 03       		.uleb128 0x3
  97 0008 0E       		.uleb128 0xe
  98 0009 1B       		.uleb128 0x1b
  99 000a 0E       		.uleb128 0xe
 100 000b 10       		.uleb128 0x10
 101 000c 06       		.uleb128 0x6
 102 000d 00       		.byte	0
 103 000e 00       		.byte	0
 104 000f 02       		.uleb128 0x2
 105 0010 24       		.uleb128 0x24
 106 0011 00       		.byte	0
 107 0012 0B       		.uleb128 0xb
 108 0013 0B       		.uleb128 0xb
 109 0014 3E       		.uleb128 0x3e
 110 0015 0B       		.uleb128 0xb
 111 0016 03       		.uleb128 0x3
 112 0017 0E       		.uleb128 0xe
 113 0018 00       		.byte	0
 114 0019 00       		.byte	0
ARM GAS  C:\Users\Sam\AppData\Local\Temp\ccontH6Y.s 			page 3


 115 001a 03       		.uleb128 0x3
 116 001b 24       		.uleb128 0x24
 117 001c 00       		.byte	0
 118 001d 0B       		.uleb128 0xb
 119 001e 0B       		.uleb128 0xb
 120 001f 3E       		.uleb128 0x3e
 121 0020 0B       		.uleb128 0xb
 122 0021 03       		.uleb128 0x3
 123 0022 08       		.uleb128 0x8
 124 0023 00       		.byte	0
 125 0024 00       		.byte	0
 126 0025 00       		.byte	0
 127              		.section	.debug_aranges,"",%progbits
 128 0000 14000000 		.4byte	0x14
 129 0004 0200     		.2byte	0x2
 130 0006 00000000 		.4byte	.Ldebug_info0
 131 000a 04       		.byte	0x4
 132 000b 00       		.byte	0
 133 000c 0000     		.2byte	0
 134 000e 0000     		.2byte	0
 135 0010 00000000 		.4byte	0
 136 0014 00000000 		.4byte	0
 137              		.section	.debug_line,"",%progbits
 138              	.Ldebug_line0:
 139 0000 19000000 		.section	.debug_str,"MS",%progbits,1
 139      02001300 
 139      00000201 
 139      FB0E0D00 
 139      01010101 
 140              	.LASF6:
 141 0000 6C6F6E67 		.ascii	"long long int\000"
 141      206C6F6E 
 141      6720696E 
 141      7400
 142              	.LASF8:
 143 000e 756E7369 		.ascii	"unsigned int\000"
 143      676E6564 
 143      20696E74 
 143      00
 144              	.LASF1:
 145 001b 756E7369 		.ascii	"unsigned char\000"
 145      676E6564 
 145      20636861 
 145      7200
 146              	.LASF13:
 147 0029 474E5520 		.ascii	"GNU C 4.7.3 20130312 (release) [ARM/embedded-4_7-br"
 147      4320342E 
 147      372E3320 
 147      32303133 
 147      30333132 
 148 005c 616E6368 		.ascii	"anch revision 196615]\000"
 148      20726576 
 148      6973696F 
 148      6E203139 
 148      36363135 
 149              	.LASF5:
 150 0072 6C6F6E67 		.ascii	"long unsigned int\000"
ARM GAS  C:\Users\Sam\AppData\Local\Temp\ccontH6Y.s 			page 4


 150      20756E73 
 150      69676E65 
 150      6420696E 
 150      7400
 151              	.LASF7:
 152 0084 6C6F6E67 		.ascii	"long long unsigned int\000"
 152      206C6F6E 
 152      6720756E 
 152      7369676E 
 152      65642069 
 153              	.LASF15:
 154 009b 433A5C55 		.ascii	"C:\\Users\\Sam\\Dropbox\\Work\\2014\\PSoC 4 Modbus "
 154      73657273 
 154      5C53616D 
 154      5C44726F 
 154      70626F78 
 155 00c8 536C6176 		.ascii	"Slave\\PSoC 4 Pioneer Modbus Slave\\PSoC 4 Pioneer "
 155      655C5053 
 155      6F432034 
 155      2050696F 
 155      6E656572 
 156 00f9 4D6F6462 		.ascii	"Modbus Slave.cydsn\000"
 156      75732053 
 156      6C617665 
 156      2E637964 
 156      736E00
 157              	.LASF14:
 158 010c 2E5C4765 		.ascii	".\\Generated_Source\\PSoC4\\UART_UART_BOOT.c\000"
 158      6E657261 
 158      7465645F 
 158      536F7572 
 158      63655C50 
 159              	.LASF11:
 160 0136 63686172 		.ascii	"char\000"
 160      00
 161              	.LASF4:
 162 013b 6C6F6E67 		.ascii	"long int\000"
 162      20696E74 
 162      00
 163              	.LASF10:
 164 0144 646F7562 		.ascii	"double\000"
 164      6C6500
 165              	.LASF3:
 166 014b 73686F72 		.ascii	"short unsigned int\000"
 166      7420756E 
 166      7369676E 
 166      65642069 
 166      6E7400
 167              	.LASF0:
 168 015e 7369676E 		.ascii	"signed char\000"
 168      65642063 
 168      68617200 
 169              	.LASF9:
 170 016a 666C6F61 		.ascii	"float\000"
 170      7400
 171              	.LASF2:
 172 0170 73686F72 		.ascii	"short int\000"
ARM GAS  C:\Users\Sam\AppData\Local\Temp\ccontH6Y.s 			page 5


 172      7420696E 
 172      7400
 173              	.LASF12:
 174 017a 73697A65 		.ascii	"sizetype\000"
 174      74797065 
 174      00
 175              		.ident	"GCC: (GNU Tools for ARM Embedded Processors) 4.7.3 20130312 (release) [ARM/embedded-4_7-br
